
Lmod is automatically replacing "intel/2020.1.217" with "gcc/10.2.0".


Inactive Modules:
  1) libfabric/1.10.1     2) openmpi/4.0.3     3) ucx/1.8.0

The following have been reloaded with a version change:
  1) gcccore/.9.3.0 => gcccore/.10.2.0


Activating Modules:
  1) libfabric/1.10.1     2) openmpi/4.0.5     3) ucx/1.9.0


Currently Loaded Modules:
  1) CCEnv           (S)      5) StdEnv/2020     (S)   9) pmix/3.1.5
  2) CCconfig                 6) gcccore/.10.2.0 (H)  10) libfabric/1.10.1
  3) gentoo/2020     (S)      7) gcc/10.2.0      (t)  11) openmpi/4.0.5    (m)
  4) imkl/2020.1.217 (math)   8) ucx/1.9.0

  Where:
   H:     Hidden Module
   S:     Module is Sticky, requires --force to unload or purge
   m:     MPI implementations / Implémentations MPI
   math:  Mathematical libraries / Bibliothèques mathématiques
   t:     Tools for development / Outils de développement

 

Current working directory: /gpfs/fs0/scratch/m/mlafond/pasr1602/library
Starting run at: Mon Mar 22 08:06:59 EDT 2021
argc: 7, threads: 8, prob : 6, filename: input/prob_4/600/00600_2 
Seed sent 
Termination achieved: nodes 4, busy 0 
fetching result from rank 1 
Center received a best result from 1, Bytes : 2108, refVal 266 
fetching result from rank 2 
solution NOT received from rank 2
fetching result from rank 3 
Center received a best result from 3, Bytes : 2100, refVal 264 
fetching result from rank 4 
Center received a best result from 4, Bytes : 2084, refVal 260 

 
 
*****************************************************
Elapsed time : 29.455 
Total number of requests : 21445 
Number of approved requests : 20702 
Number of failed requests : 743 
*****************************************************

 
 
Stream retrieved, size : 2084 
Cover size : 320 

Global pool idle time: 35.564830 seconds


argc: 7, threads: 8, prob : 6, filename: input/prob_4/600/00600_2 
rank 4 synchronised, num nodes = 4 
VC = 262......process 4, thread 1, Mon Mar 22 08:07:02 2021
rank 4 updated refValueGlobalAbsolute to 262 || 262 
rank 4, buffer size to be sent : 2092 
VC = 261......process 4, thread 7, Mon Mar 22 08:07:02 2021
rank 4 updated refValueGlobalAbsolute to 261 || 261 
rank 4, buffer size to be sent : 2088 
VC = 260......process 4, thread 4, Mon Mar 22 08:07:02 2021
rank 4 updated refValueGlobalAbsolute to 260 || 260 
rank 4, buffer size to be sent : 2084 
Exit tag received on process 4 
rank 4 sent best result, Bytes : 2084, refVal : 260
argc: 7, threads: 8, prob : 6, filename: input/prob_4/600/00600_2 
rank 1 synchronised, num nodes = 4 
VC = 267......process 1, thread 3, Mon Mar 22 08:07:02 2021
rank 1 updated refValueGlobalAbsolute to 267 || 267 
rank 1, buffer size to be sent : 2112 
VC = 266......process 1, thread 6, Mon Mar 22 08:07:02 2021
rank 1 updated refValueGlobalAbsolute to 266 || 266 
rank 1, buffer size to be sent : 2108 
Exit tag received on process 1 
rank 1 sent best result, Bytes : 2108, refVal : 266
argc: 7, threads: 8, prob : 6, filename: input/prob_4/600/00600_2 
rank 3 synchronised, num nodes = 4 
VC = 265......process 3, thread 5, Mon Mar 22 08:07:02 2021
rank 3 updated refValueGlobalAbsolute to 265 || 265 
rank 3, buffer size to be sent : 2104 
VC = 264......process 3, thread 5, Mon Mar 22 08:07:02 2021
rank 3 updated refValueGlobalAbsolute to 264 || 264 
rank 3, buffer size to be sent : 2100 
Exit tag received on process 3 
rank 3 sent best result, Bytes : 2100, refVal : 264
argc: 7, threads: 8, prob : 6, filename: input/prob_4/600/00600_2 
rank 2 synchronised, num nodes = 4 
Exit tag received on process 2 
Finishing run at: Mon Mar 22 08:07:32 EDT 2021

scontrol show jobid 5030408
JobId=5030408 JobName=00600_2_5_pro_8_thr
   UserId=pasr1602(3102120) GroupId=mlafond(6054778) MCS_label=N/A
   Priority=2130837 Nice=0 Account=def-mlafond QOS=normal
   JobState=COMPLETING Reason=None Dependency=(null)
   Requeue=0 Restarts=0 BatchFlag=1 Reboot=0 ExitCode=0:0
   RunTime=00:00:49 TimeLimit=00:20:00 TimeMin=N/A
   SubmitTime=2021-03-22T08:06:30 EligibleTime=2021-03-22T08:06:30
   AccrueTime=2021-03-22T08:06:30
   StartTime=2021-03-22T08:06:45 EndTime=2021-03-22T08:07:34 Deadline=N/A
   SuspendTime=None SecsPreSuspend=0 LastSchedEval=2021-03-22T08:06:45
   Partition=compute AllocNode:Sid=nia-login05:177265
   ReqNodeList=(null) ExcNodeList=(null)
   NodeList=nia0801
   BatchHost=nia0801
   NumNodes=1 NumCPUs=80 NumTasks=5 CPUs/Task=8 ReqB:S:C:T=0:0:*:*
   TRES=cpu=80,mem=175G,node=1,billing=40
   Socks/Node=* NtasksPerN:B:S:C=5:0:*:* CoreSpec=*
   MinCPUsNode=40 MinMemoryNode=175G MinTmpDiskNode=0
   Features=[skylake|cascade] DelayBoot=00:00:00
   OverSubscribe=NO Contiguous=0 Licenses=(null) Network=(null)
   Command=/gpfs/fs0/scratch/m/mlafond/pasr1602/library/job.sh
   WorkDir=/gpfs/fs0/scratch/m/mlafond/pasr1602/library
   StdErr=/gpfs/fs0/scratch/m/mlafond/pasr1602/library/report/00600_2_5_pro_8_thr-5030408.out
   StdIn=/dev/null
   StdOut=/gpfs/fs0/scratch/m/mlafond/pasr1602/library/report/00600_2_5_pro_8_thr-5030408.out
   Power=
   MailUser=pasr1602@usherbrooke.ca MailType=BEGIN,END,FAIL,REQUEUE

sacct -j 5030408
       JobID    JobName    Account    Elapsed  MaxVMSize     MaxRSS  SystemCPU    UserCPU ExitCode 
------------ ---------- ---------- ---------- ---------- ---------- ---------- ---------- -------- 
5030408      00600_2_5+ def-mlafo+   00:00:49                        00:07.658  11:52.865      0:0 
5030408.bat+      batch def-mlafo+   00:00:49    523860K      9228K  00:01.304  00:03.583      0:0 
5030408.ext+     extern def-mlafo+   00:00:49    138360K      1068K   00:00:00   00:00:00      0:0 
5030408.0         a.out def-mlafo+   00:00:35    812764K     93060K  00:06.353  11:49.281      0:0 
