
Lmod is automatically replacing "intel/2020.1.217" with "gcc/10.2.0".


Inactive Modules:
  1) libfabric/1.10.1     2) openmpi/4.0.3     3) ucx/1.8.0

The following have been reloaded with a version change:
  1) gcccore/.9.3.0 => gcccore/.10.2.0


Activating Modules:
  1) libfabric/1.10.1     2) openmpi/4.0.5     3) ucx/1.9.0


Currently Loaded Modules:
  1) CCEnv           (S)      5) StdEnv/2020     (S)   9) pmix/3.1.5
  2) CCconfig                 6) gcccore/.10.2.0 (H)  10) libfabric/1.10.1
  3) gentoo/2020     (S)      7) gcc/10.2.0      (t)  11) openmpi/4.0.5    (m)
  4) imkl/2020.1.217 (math)   8) ucx/1.9.0

  Where:
   H:     Hidden Module
   S:     Module is Sticky, requires --force to unload or purge
   m:     MPI implementations / Implémentations MPI
   math:  Mathematical libraries / Bibliothèques mathématiques
   t:     Tools for development / Outils de développement

 

Current working directory: /gpfs/fs0/scratch/m/mlafond/pasr1602/library
Starting run at: Mon Mar 22 08:43:11 EDT 2021
argc: 7, threads: 19, prob : 7, filename: input/prob_4/600/00600_2 
Seed sent 
Termination achieved: nodes 5, busy 0 
fetching result from rank 1 
solution NOT received from rank 1
fetching result from rank 2 
solution NOT received from rank 2
fetching result from rank 3 
Center received a best result from 3, Bytes : 2096, refVal 263 
fetching result from rank 4 
Center received a best result from 4, Bytes : 2112, refVal 267 
fetching result from rank 5 
Center received a best result from 5, Bytes : 2084, refVal 260 

 
 
*****************************************************
Elapsed time : 15.403 
Total number of requests : 26399 
Number of approved requests : 21188 
Number of failed requests : 5211 
*****************************************************

 
 
Stream retrieved, size : 2084 
Cover size : 320 

Global pool idle time: 39.460549 seconds


argc: 7, threads: 19, prob : 7, filename: input/prob_4/600/00600_2 
rank 2 synchronised, num nodes = 5 
Exit tag received on process 2 
argc: 7, threads: 19, prob : 7, filename: input/prob_4/600/00600_2 
rank 5 synchronised, num nodes = 5 
VC = 262.....process 5, thread 12, Mon Mar 22 08:43:30 2021
rank 5 updated refValueGlobalAbsolute to 262 || 262 
rank 5, buffer size to be sent : 2092 
VC = 261.....process 5, thread 17, Mon Mar 22 08:43:30 2021
rank 5 updated refValueGlobalAbsolute to 261 || 261 
rank 5, buffer size to be sent : 2088 
VC = 260.....process 5, thread 16, Mon Mar 22 08:43:30 2021
rank 5 updated refValueGlobalAbsolute to 260 || 260 
rank 5, buffer size to be sent : 2084 
Exit tag received on process 5 
rank 5 sent best result, Bytes : 2084, refVal : 260
argc: 7, threads: 19, prob : 7, filename: input/prob_4/600/00600_2 
rank 1 synchronised, num nodes = 5 
Exit tag received on process 1 
argc: 7, threads: 19, prob : 7, filename: input/prob_4/600/00600_2 
rank 3 synchronised, num nodes = 5 
VC = 265......process 3, thread 6, Mon Mar 22 08:43:30 2021
rank 3 updated refValueGlobalAbsolute to 265 || 265 
rank 3, buffer size to be sent : 2104 
VC = 264......process 3, thread 5, Mon Mar 22 08:43:30 2021
rank 3 updated refValueGlobalAbsolute to 264 || 264 
rank 3, buffer size to be sent : 2100 
VC = 263......process 3, thread 5, Mon Mar 22 08:43:30 2021
rank 3 updated refValueGlobalAbsolute to 263 || 263 
rank 3, buffer size to be sent : 2096 
Exit tag received on process 3 
rank 3 sent best result, Bytes : 2096, refVal : 263
argc: 7, threads: 19, prob : 7, filename: input/prob_4/600/00600_2 
rank 4 synchronised, num nodes = 5 
VC = 272......process 4, thread 0, Mon Mar 22 08:43:30 2021
rank 4 updated refValueGlobalAbsolute to 272 || 272 
rank 4, buffer size to be sent : 2132 
VC = 269......process 4, thread 3, Mon Mar 22 08:43:30 2021
rank 4 updated refValueGlobalAbsolute to 269 || 269 
rank 4, buffer size to be sent : 2120 
VC = 267.....process 4, thread 15, Mon Mar 22 08:43:30 2021
rank 4 updated refValueGlobalAbsolute to 267 || 267 
rank 4, buffer size to be sent : 2112 
Exit tag received on process 4 
rank 4 sent best result, Bytes : 2112, refVal : 267
Finishing run at: Mon Mar 22 08:43:46 EDT 2021

scontrol show jobid 5030682
JobId=5030682 JobName=00600_2_6_pro_19_thr
   UserId=pasr1602(3102120) GroupId=mlafond(6054778) MCS_label=N/A
   Priority=2129780 Nice=0 Account=def-mlafond QOS=normal
   JobState=COMPLETED Reason=None Dependency=(null)
   Requeue=0 Restarts=0 BatchFlag=1 Reboot=0 ExitCode=0:0
   RunTime=00:00:53 TimeLimit=00:16:00 TimeMin=N/A
   SubmitTime=2021-03-22T08:42:17 EligibleTime=2021-03-22T08:42:17
   AccrueTime=2021-03-22T08:42:17
   StartTime=2021-03-22T08:42:55 EndTime=2021-03-22T08:43:48 Deadline=N/A
   SuspendTime=None SecsPreSuspend=0 LastSchedEval=2021-03-22T08:42:55
   Partition=compute AllocNode:Sid=nia-login05:177265
   ReqNodeList=(null) ExcNodeList=(null)
   NodeList=nia[1001-1003]
   BatchHost=nia1001
   NumNodes=3 NumCPUs=240 NumTasks=6 CPUs/Task=20 ReqB:S:C:T=0:0:*:*
   TRES=cpu=240,mem=525G,node=3,billing=120
   Socks/Node=* NtasksPerN:B:S:C=2:0:*:* CoreSpec=*
   MinCPUsNode=40 MinMemoryNode=175G MinTmpDiskNode=0
   Features=[skylake|cascade] DelayBoot=00:00:00
   OverSubscribe=NO Contiguous=0 Licenses=(null) Network=(null)
   Command=/gpfs/fs0/scratch/m/mlafond/pasr1602/library/job.sh
   WorkDir=/gpfs/fs0/scratch/m/mlafond/pasr1602/library
   StdErr=/gpfs/fs0/scratch/m/mlafond/pasr1602/library/report/00600_2_6_pro_19_thr-5030682.out
   StdIn=/dev/null
   StdOut=/gpfs/fs0/scratch/m/mlafond/pasr1602/library/report/00600_2_6_pro_19_thr-5030682.out
   Power=
   MailUser=pasr1602@usherbrooke.ca MailType=BEGIN,END,FAIL,REQUEUE

sacct -j 5030682
       JobID    JobName    Account    Elapsed  MaxVMSize     MaxRSS  SystemCPU    UserCPU ExitCode 
------------ ---------- ---------- ---------- ---------- ---------- ---------- ---------- -------- 
5030682      00600_2_6+ def-mlafo+   00:00:53                        00:08.627  12:34.737      0:0 
5030682.bat+      batch def-mlafo+   00:00:53    591452K      9316K  00:01.286  00:03.614      0:0 
5030682.ext+     extern def-mlafo+   00:00:53    138360K       880K   00:00:00  00:00.001      0:0 
5030682.0         a.out def-mlafo+   00:00:25    395256K      2976K  00:07.340  12:31.121      0:0 

kernel messages produced during job executions:
[Mar22 07:26] mlx5_core 0000:06:00.0: mlx5_core_get_rsc:63:(pid 0): Async event for bogus resource 0x1ddc7
[  +0.011517] mlx5_core 0000:06:00.0: mlx5_core_get_rsc:63:(pid 0): Async event for bogus resource 0x1ddca
[  +0.011453] mlx5_core 0000:06:00.0: mlx5_core_get_rsc:63:(pid 0): Async event for bogus resource 0x1ddcb
[  +0.011405] mlx5_core 0000:06:00.0: mlx5_core_get_rsc:63:(pid 0): Async event for bogus resource 0x1ddcc
[  +0.011388] mlx5_core 0000:06:00.0: mlx5_core_get_rsc:63:(pid 0): Async event for bogus resource 0x1ddcd
[  +0.011358] mlx5_core 0000:06:00.0: mlx5_core_get_rsc:63:(pid 0): Async event for bogus resource 0x1ddce
[  +0.011336] mlx5_core 0000:06:00.0: mlx5_core_get_rsc:63:(pid 0): Async event for bogus resource 0x1ddd0
[  +0.011306] mlx5_core 0000:06:00.0: mlx5_core_get_rsc:63:(pid 0): Async event for bogus resource 0x1ddd1
[  +0.046224] mlx5_core 0000:06:00.0: mlx5_core_get_rsc:63:(pid 0): Async event for bogus resource 0x1ddab
[  +0.011276] mlx5_core 0000:06:00.0: mlx5_core_get_rsc:63:(pid 0): Async event for bogus resource 0x1ddac
[  +0.011245] mlx5_core 0000:06:00.0: mlx5_core_get_rsc:63:(pid 0): Async event for bogus resource 0x1ddaa
[  +0.011223] mlx5_core 0000:06:00.0: mlx5_core_get_rsc:63:(pid 0): Async event for bogus resource 0x1ddad
[  +0.011199] mlx5_core 0000:06:00.0: mlx5_core_get_rsc:63:(pid 0): Async event for bogus resource 0x1ddae
[  +0.011189] mlx5_core 0000:06:00.0: mlx5_core_get_rsc:63:(pid 0): Async event for bogus resource 0x1ddc5
[  +0.011185] mlx5_core 0000:06:00.0: mlx5_core_get_rsc:63:(pid 0): Async event for bogus resource 0x1ddd2
