
Lmod is automatically replacing "intel/2020.1.217" with "gcc/10.2.0".


Inactive Modules:
  1) libfabric/1.10.1     2) openmpi/4.0.3     3) ucx/1.8.0

The following have been reloaded with a version change:
  1) gcccore/.9.3.0 => gcccore/.10.2.0


Activating Modules:
  1) libfabric/1.10.1     2) openmpi/4.0.5     3) ucx/1.9.0


Currently Loaded Modules:
  1) CCconfig                 5) gcccore/.10.2.0 (H)   9) libfabric/1.10.1
  2) gentoo/2020     (S)      6) gcc/10.2.0      (t)  10) openmpi/4.0.5    (m)
  3) imkl/2020.1.217 (math)   7) ucx/1.9.0
  4) StdEnv/2020     (S)      8) pmix/3.1.5

  Where:
   H:     Hidden Module
   S:     Module is Sticky, requires --force to unload or purge
   m:     MPI implementations / Implémentations MPI
   math:  Mathematical libraries / Bibliothèques mathématiques
   t:     Tools for development / Outils de développement

 

Current working directory: /lustre03/project/6054778/pasr1602/git/library
Starting run at: Thu Apr  1 09:02:41 EDT 2021
argc: 7, threads: 4, prob : 5, filename: input/prob_4/600/0600_93 
Process 0 of 10 is on blg4119.int.ets1.calculquebec.ca
Seed sent 
Termination achieved: nodes 9, busy 0 
tasks executed by rank 1 = 71 
tasks executed by rank 2 = 84 
tasks executed by rank 3 = 161 
tasks executed by rank 4 = 81 
tasks executed by rank 5 = 41 
tasks executed by rank 6 = 91 
tasks executed by rank 7 = 56 
tasks executed by rank 8 = 45 
tasks executed by rank 9 = 16 
solution received from 1, Bytes : 2212, refVal 280 
solution received from 2, Bytes : 2160, refVal 267 
solution received from 3, Bytes : 2168, refVal 269 
solution received from 4, Bytes : 2172, refVal 270 
solution received from 5, Bytes : 2152, refVal 265 
solution received from 6, Bytes : 2164, refVal 268 
solution NOT received from rank 7
solution received from 8, Bytes : 2148, refVal 264 
solution NOT received from rank 9

 
 
*****************************************************
Elapsed time : 1515.173 
Total number of requests : 650 
Number of approved requests : 646 
Number of failed requests : 4 
*****************************************************

 
 
Stream retrieved, size : 2148 
Cover size : 327 

Global pool idle time: 3901.714837 seconds


argc: 7, threads: 4, prob : 5, filename: input/prob_4/600/0600_93 
Process 5 of 10 is on blg4119.int.ets1.calculquebec.ca
rank 5 synchronised, num nodes = 9 
VC = 266......process 5, thread 2, Thu Apr  1 09:02:43 2021
rank 5 updated refValueGlobalAbsolute to 266 || 266 
rank 5, buffer size to be sent : 2156 
VC = 265......process 5, thread 2, Thu Apr  1 09:02:43 2021
rank 5 updated refValueGlobalAbsolute to 265 || 265 
rank 5, buffer size to be sent : 2152 
Exit tag received on process 5 
argc: 7, threads: 4, prob : 5, filename: input/prob_4/600/0600_93 
Process 9 of 10 is on blg4119.int.ets1.calculquebec.ca
rank 9 synchronised, num nodes = 9 
Exit tag received on process 9 
argc: 7, threads: 4, prob : 5, filename: input/prob_4/600/0600_93 
Process 6 of 10 is on blg4119.int.ets1.calculquebec.ca
rank 6 synchronised, num nodes = 9 
VC = 268......process 6, thread 0, Thu Apr  1 09:02:43 2021
rank 6 updated refValueGlobalAbsolute to 268 || 268 
rank 6, buffer size to be sent : 2164 
Exit tag received on process 6 
argc: 7, threads: 4, prob : 5, filename: input/prob_4/600/0600_93 
Process 7 of 10 is on blg4119.int.ets1.calculquebec.ca
rank 7 synchronised, num nodes = 9 
Exit tag received on process 7 
argc: 7, threads: 4, prob : 5, filename: input/prob_4/600/0600_93 
Process 1 of 10 is on blg4119.int.ets1.calculquebec.ca
rank 1 synchronised, num nodes = 9 
VC = 280......process 1, thread 0, Thu Apr  1 09:02:43 2021
rank 1 updated refValueGlobalAbsolute to 280 || 280 
rank 1, buffer size to be sent : 2212 
Exit tag received on process 1 
argc: 7, threads: 4, prob : 5, filename: input/prob_4/600/0600_93 
Process 3 of 10 is on blg4119.int.ets1.calculquebec.ca
rank 3 synchronised, num nodes = 9 
VC = 272......process 3, thread 0, Thu Apr  1 09:02:43 2021
rank 3 updated refValueGlobalAbsolute to 272 || 272 
rank 3, buffer size to be sent : 2180 
VC = 271......process 3, thread 3, Thu Apr  1 09:02:43 2021
rank 3 updated refValueGlobalAbsolute to 271 || 271 
rank 3, buffer size to be sent : 2176 
VC = 269......process 3, thread 2, Thu Apr  1 09:02:43 2021
rank 3 updated refValueGlobalAbsolute to 269 || 269 
rank 3, buffer size to be sent : 2168 
Exit tag received on process 3 
argc: 7, threads: 4, prob : 5, filename: input/prob_4/600/0600_93 
Process 4 of 10 is on blg4119.int.ets1.calculquebec.ca
rank 4 synchronised, num nodes = 9 
VC = 270......process 4, thread 1, Thu Apr  1 09:02:43 2021
rank 4 updated refValueGlobalAbsolute to 270 || 270 
rank 4, buffer size to be sent : 2172 
Exit tag received on process 4 
argc: 7, threads: 4, prob : 5, filename: input/prob_4/600/0600_93 
Process 2 of 10 is on blg4119.int.ets1.calculquebec.ca
rank 2 synchronised, num nodes = 9 
VC = 267......process 2, thread 3, Thu Apr  1 09:02:43 2021
rank 2 updated refValueGlobalAbsolute to 267 || 267 
rank 2, buffer size to be sent : 2160 
Exit tag received on process 2 
argc: 7, threads: 4, prob : 5, filename: input/prob_4/600/0600_93 
Process 8 of 10 is on blg4119.int.ets1.calculquebec.ca
rank 8 synchronised, num nodes = 9 
VC = 264......process 8, thread 3, Thu Apr  1 09:10:25 2021
rank 8 updated refValueGlobalAbsolute to 264 || 264 
rank 8, buffer size to be sent : 2148 
Exit tag received on process 8 
Finishing run at: Thu Apr  1 09:28:07 EDT 2021
