
Lmod is automatically replacing "intel/2020.1.217" with "gcc/10.2.0".


Inactive Modules:
  1) libfabric/1.10.1     2) openmpi/4.0.3     3) ucx/1.8.0

The following have been reloaded with a version change:
  1) gcccore/.9.3.0 => gcccore/.10.2.0


Activating Modules:
  1) libfabric/1.10.1     2) openmpi/4.0.5     3) ucx/1.9.0


Currently Loaded Modules:
  1) CCconfig                 5) gcccore/.10.2.0 (H)   9) libfabric/1.10.1
  2) gentoo/2020     (S)      6) gcc/10.2.0      (t)  10) openmpi/4.0.5    (m)
  3) imkl/2020.1.217 (math)   7) ucx/1.9.0
  4) StdEnv/2020     (S)      8) pmix/3.1.5

  Where:
   H:     Hidden Module
   S:     Module is Sticky, requires --force to unload or purge
   m:     MPI implementations / Implémentations MPI
   math:  Mathematical libraries / Bibliothèques mathématiques
   t:     Tools for development / Outils de développement

 

Current working directory: /lustre03/project/6054778/pasr1602/git/library
Starting run at: Thu Apr  1 10:28:33 EDT 2021
argc: 7, threads: 4, prob : 5, filename: input/prob_4/600/0600_93 
Process 2 of 10 is on blg9126.int.ets1.calculquebec.ca
rank 2 synchronised, num nodes = 9 
Exit tag received on process 2 
argc: 7, threads: 4, prob : 5, filename: input/prob_4/600/0600_93 
Process 1 of 10 is on blg9126.int.ets1.calculquebec.ca
rank 1 synchronised, num nodes = 9 
VC = 280......process 1, thread 0, Thu Apr  1 10:28:36 2021
rank 1 updated refValueGlobalAbsolute to 280 || 280 
rank 1, buffer size to be sent : 2212 
Exit tag received on process 1 
argc: 7, threads: 4, prob : 5, filename: input/prob_4/600/0600_93 
Process 4 of 10 is on blg9126.int.ets1.calculquebec.ca
rank 4 synchronised, num nodes = 9 
Exit tag received on process 4 
argc: 7, threads: 4, prob : 5, filename: input/prob_4/600/0600_93 
Process 3 of 10 is on blg9126.int.ets1.calculquebec.ca
rank 3 synchronised, num nodes = 9 
VC = 272......process 3, thread 1, Thu Apr  1 10:28:36 2021
rank 3 updated refValueGlobalAbsolute to 272 || 272 
rank 3, buffer size to be sent : 2180 
Exit tag received on process 3 
argc: 7, threads: 4, prob : 5, filename: input/prob_4/600/0600_93 
Process 8 of 10 is on blg9126.int.ets1.calculquebec.ca
rank 8 synchronised, num nodes = 9 
VC = 268......process 8, thread 3, Thu Apr  1 10:28:36 2021
rank 8 updated refValueGlobalAbsolute to 268 || 268 
rank 8, buffer size to be sent : 2164 
VC = 267......process 8, thread 1, Thu Apr  1 10:28:36 2021
rank 8 updated refValueGlobalAbsolute to 267 || 267 
rank 8, buffer size to be sent : 2160 
Exit tag received on process 8 
argc: 7, threads: 4, prob : 5, filename: input/prob_4/600/0600_93 
Process 7 of 10 is on blg9126.int.ets1.calculquebec.ca
rank 7 synchronised, num nodes = 9 
VC = 271......process 7, thread 0, Thu Apr  1 10:28:36 2021
rank 7 updated refValueGlobalAbsolute to 271 || 271 
rank 7, buffer size to be sent : 2176 
Exit tag received on process 7 
argc: 7, threads: 4, prob : 5, filename: input/prob_4/600/0600_93 
Process 6 of 10 is on blg9126.int.ets1.calculquebec.ca
rank 6 synchronised, num nodes = 9 
VC = 264......process 6, thread 1, Thu Apr  1 10:33:50 2021
rank 6 updated refValueGlobalAbsolute to 264 || 264 
rank 6, buffer size to be sent : 2148 
Exit tag received on process 6 
argc: 7, threads: 4, prob : 5, filename: input/prob_4/600/0600_93 
Process 5 of 10 is on blg9126.int.ets1.calculquebec.ca
rank 5 synchronised, num nodes = 9 
VC = 266......process 5, thread 1, Thu Apr  1 10:28:36 2021
rank 5 updated refValueGlobalAbsolute to 266 || 266 
rank 5, buffer size to be sent : 2156 
VC = 265......process 5, thread 1, Thu Apr  1 10:28:36 2021
rank 5 updated refValueGlobalAbsolute to 265 || 265 
rank 5, buffer size to be sent : 2152 
Exit tag received on process 5 
argc: 7, threads: 4, prob : 5, filename: input/prob_4/600/0600_93 
Process 9 of 10 is on blg9126.int.ets1.calculquebec.ca
rank 9 synchronised, num nodes = 9 
Exit tag received on process 9 
argc: 7, threads: 4, prob : 5, filename: input/prob_4/600/0600_93 
Process 0 of 10 is on blg9126.int.ets1.calculquebec.ca
Seed sent 
Termination achieved: nodes 9, busy 0 
tasks executed by rank 1 = 111 
tasks executed by rank 2 = 122 
tasks executed by rank 3 = 109 
tasks executed by rank 4 = 78 
tasks executed by rank 5 = 39 
tasks executed by rank 6 = 66 
tasks executed by rank 7 = 92 
tasks executed by rank 8 = 59 
tasks executed by rank 9 = 61 
solution received from 1, Bytes : 2212, refVal 280 
solution NOT received from rank 2
solution received from 3, Bytes : 2180, refVal 272 
solution NOT received from rank 4
solution received from 5, Bytes : 2152, refVal 265 
solution received from 6, Bytes : 2148, refVal 264 
solution received from 7, Bytes : 2176, refVal 271 
solution received from 8, Bytes : 2160, refVal 267 
solution NOT received from rank 9

 
 
*****************************************************
Elapsed time : 1212.061 
Total number of requests : 990 
Number of approved requests : 737 
Number of failed requests : 253 
*****************************************************

 
 
Stream retrieved, size : 2148 
Cover size : 327 

Global pool idle time: 911.816623 seconds


Finishing run at: Thu Apr  1 10:48:56 EDT 2021
