
Lmod is automatically replacing "intel/2020.1.217" with "gcc/10.2.0".


Inactive Modules:
  1) libfabric/1.10.1     2) openmpi/4.0.3     3) ucx/1.8.0

The following have been reloaded with a version change:
  1) gcccore/.9.3.0 => gcccore/.10.2.0


Activating Modules:
  1) libfabric/1.10.1     2) openmpi/4.0.5     3) ucx/1.9.0


Currently Loaded Modules:
  1) CCEnv           (S)      5) StdEnv/2020     (S)   9) pmix/3.1.5
  2) CCconfig                 6) gcccore/.10.2.0 (H)  10) libfabric/1.10.1
  3) gentoo/2020     (S)      7) gcc/10.2.0      (t)  11) openmpi/4.0.5    (m)
  4) imkl/2020.1.217 (math)   8) ucx/1.9.0

  Where:
   H:     Hidden Module
   S:     Module is Sticky, requires --force to unload or purge
   m:     MPI implementations / Implémentations MPI
   math:  Mathematical libraries / Bibliothèques mathématiques
   t:     Tools for development / Outils de développement

 

Current working directory: /gpfs/fs0/scratch/m/mlafond/pasr1602/library
Starting run at: Mon Mar 22 08:05:04 EDT 2021
srun: Job step aborted: Waiting up to 62 seconds for job step to finish.
slurmstepd: error: *** STEP 5030404.0 ON nia0189 CANCELLED AT 2021-03-22T08:25:01 DUE TO TIME LIMIT ***
slurmstepd: error: *** JOB 5030404 ON nia0189 CANCELLED AT 2021-03-22T08:25:01 DUE TO TIME LIMIT ***

scontrol show jobid 5030404
JobId=5030404 JobName=00600_2_40_processes
   UserId=pasr1602(3102120) GroupId=mlafond(6054778) MCS_label=N/A
   Priority=2130829 Nice=0 Account=def-mlafond QOS=normal
   JobState=COMPLETING Reason=TimeLimit Dependency=(null)
   Requeue=0 Restarts=0 BatchFlag=1 Reboot=0 ExitCode=0:15
   RunTime=00:20:16 TimeLimit=00:20:00 TimeMin=N/A
   SubmitTime=2021-03-22T08:03:19 EligibleTime=2021-03-22T08:03:19
   AccrueTime=2021-03-22T08:03:19
   StartTime=2021-03-22T08:04:45 EndTime=2021-03-22T08:25:01 Deadline=N/A
   SuspendTime=None SecsPreSuspend=0 LastSchedEval=2021-03-22T08:04:45
   Partition=compute AllocNode:Sid=nia-login05:177265
   ReqNodeList=(null) ExcNodeList=(null)
   NodeList=nia0189
   BatchHost=nia0189
   NumNodes=1 NumCPUs=80 NumTasks=40 CPUs/Task=1 ReqB:S:C:T=0:0:*:*
   TRES=cpu=80,mem=175G,node=1,billing=40
   Socks/Node=* NtasksPerN:B:S:C=40:0:*:* CoreSpec=*
   MinCPUsNode=40 MinMemoryNode=175G MinTmpDiskNode=0
   Features=[skylake|cascade] DelayBoot=00:00:00
   OverSubscribe=NO Contiguous=0 Licenses=(null) Network=(null)
   Command=/gpfs/fs0/scratch/m/mlafond/pasr1602/library/job.sh
   WorkDir=/gpfs/fs0/scratch/m/mlafond/pasr1602/library
   StdErr=/gpfs/fs0/scratch/m/mlafond/pasr1602/library/report/00600_2_40_processes-5030404.out
   StdIn=/dev/null
   StdOut=/gpfs/fs0/scratch/m/mlafond/pasr1602/library/report/00600_2_40_processes-5030404.out
   Power=
   MailUser=pasr1602@usherbrooke.ca MailType=BEGIN,END,FAIL,REQUEUE

sacct -j 5030404
       JobID    JobName    Account    Elapsed  MaxVMSize     MaxRSS  SystemCPU    UserCPU ExitCode 
------------ ---------- ---------- ---------- ---------- ---------- ---------- ---------- -------- 
5030404      00600_2_4+ def-mlafo+   00:20:16                        03:02.659   12:31:30      0:0 
5030404.bat+      batch def-mlafo+   00:20:17    590424K     10260K  00:01.236  00:03.580     0:15 
5030404.ext+     extern def-mlafo+   00:20:17    138360K      1068K   00:00:00   00:00:00      0:0 
5030404.0         a.out def-mlafo+   00:20:06    520744K    110484K  03:01.422   12:31:26     0:11 
