
Lmod is automatically replacing "intel/2020.1.217" with "gcc/10.2.0".


Inactive Modules:
  1) libfabric/1.10.1     2) openmpi/4.0.3     3) ucx/1.8.0

The following have been reloaded with a version change:
  1) gcccore/.9.3.0 => gcccore/.10.2.0


Activating Modules:
  1) libfabric/1.10.1     2) openmpi/4.0.5     3) ucx/1.9.0


Currently Loaded Modules:
  1) CCEnv           (S)      5) StdEnv/2020     (S)   9) pmix/3.1.5
  2) CCconfig                 6) gcccore/.10.2.0 (H)  10) libfabric/1.10.1
  3) gentoo/2020     (S)      7) gcc/10.2.0      (t)  11) openmpi/4.0.5    (m)
  4) imkl/2020.1.217 (math)   8) ucx/1.9.0

  Where:
   H:     Hidden Module
   S:     Module is Sticky, requires --force to unload or purge
   m:     MPI implementations / Implémentations MPI
   math:  Mathematical libraries / Bibliothèques mathématiques
   t:     Tools for development / Outils de développement

 

Current working directory: /gpfs/fs0/scratch/m/mlafond/pasr1602/library
Starting run at: Tue Mar 23 19:55:13 EDT 2021
argc: 7, threads: 40, prob : 6, filename: input/prob_4/600/0600_93 
Process 0 of 5 is on nia0422.scinet.local
Seed sent 
Termination achieved: nodes 4, busy 0 
solution NOT received from rank 1
solution received from 2, Bytes : 2148, refVal 264 
solution received from 3, Bytes : 2160, refVal 267 
solution received from 4, Bytes : 2176, refVal 271 

 
 
*****************************************************
Elapsed time : 285.791 
Total number of requests : 5930 
Number of approved requests : 2268 
Number of failed requests : 3662 
*****************************************************

 
 
Stream retrieved, size : 2148 
Cover size : 327 

Global pool idle time: 14.029932 seconds


argc: 7, threads: 40, prob : 6, filename: input/prob_4/600/0600_93 
Process 4 of 5 is on nia1212.scinet.local
rank 4 synchronised, num nodes = 4 
VC = 278......process 4, thread 0, Tue Mar 23 19:55:21 2021
rank 4 updated refValueGlobalAbsolute to 278 || 278 
rank 4, buffer size to be sent : 2204 
VC = 276.....process 4, thread 34, Tue Mar 23 19:55:21 2021
rank 4 updated refValueGlobalAbsolute to 276 || 276 
rank 4, buffer size to be sent : 2196 
VC = 274.....process 4, thread 33, Tue Mar 23 19:55:21 2021
rank 4 updated refValueGlobalAbsolute to 274 || 274 
rank 4, buffer size to be sent : 2188 
VC = 273.....process 4, thread 29, Tue Mar 23 19:55:21 2021
rank 4 updated refValueGlobalAbsolute to 273 || 273 
rank 4, buffer size to be sent : 2184 
VC = 271......process 4, thread 6, Tue Mar 23 19:55:21 2021
rank 4 updated refValueGlobalAbsolute to 271 || 271 
rank 4, buffer size to be sent : 2176 
Exit tag received on process 4 
argc: 7, threads: 40, prob : 6, filename: input/prob_4/600/0600_93 
Process 3 of 5 is on nia1211.scinet.local
rank 3 synchronised, num nodes = 4 
VC = 269.....process 3, thread 18, Tue Mar 23 19:55:21 2021
rank 3 updated refValueGlobalAbsolute to 269 || 269 
rank 3, buffer size to be sent : 2168 
VC = 268......process 3, thread 8, Tue Mar 23 19:55:21 2021
rank 3 updated refValueGlobalAbsolute to 268 || 268 
rank 3, buffer size to be sent : 2164 
VC = 267.....process 3, thread 37, Tue Mar 23 19:55:21 2021
rank 3 updated refValueGlobalAbsolute to 267 || 267 
rank 3, buffer size to be sent : 2160 
Exit tag received on process 3 
argc: 7, threads: 40, prob : 6, filename: input/prob_4/600/0600_93 
Process 2 of 5 is on nia1210.scinet.local
rank 2 synchronised, num nodes = 4 
VC = 266.....process 2, thread 16, Tue Mar 23 19:55:21 2021
rank 2 updated refValueGlobalAbsolute to 266 || 266 
rank 2, buffer size to be sent : 2156 
VC = 265.....process 2, thread 16, Tue Mar 23 19:55:21 2021
rank 2 updated refValueGlobalAbsolute to 265 || 265 
rank 2, buffer size to be sent : 2152 
VC = 264.....process 2, thread 16, Tue Mar 23 19:55:23 2021
rank 2 updated refValueGlobalAbsolute to 264 || 264 
rank 2, buffer size to be sent : 2148 
Exit tag received on process 2 
argc: 7, threads: 40, prob : 6, filename: input/prob_4/600/0600_93 
Process 1 of 5 is on nia0486.scinet.local
rank 1 synchronised, num nodes = 4 
Exit tag received on process 1 
Finishing run at: Tue Mar 23 20:00:07 EDT 2021

scontrol show jobid 5037760
JobId=5037760 JobName=0600_93_5_nodes
   UserId=pasr1602(3102120) GroupId=mlafond(6054778) MCS_label=N/A
   Priority=1896554 Nice=0 Account=def-mlafond QOS=normal
   JobState=COMPLETING Reason=None Dependency=(null)
   Requeue=0 Restarts=0 BatchFlag=1 Reboot=0 ExitCode=0:0
   RunTime=00:05:09 TimeLimit=03:00:00 TimeMin=N/A
   SubmitTime=2021-03-23T19:54:58 EligibleTime=2021-03-23T19:54:58
   AccrueTime=2021-03-23T19:54:58
   StartTime=2021-03-23T19:54:58 EndTime=2021-03-23T20:00:07 Deadline=N/A
   SuspendTime=None SecsPreSuspend=0 LastSchedEval=2021-03-23T19:54:58
   Partition=compute AllocNode:Sid=nia-login02:120347
   ReqNodeList=(null) ExcNodeList=(null)
   NodeList=nia[0422,0486,1210-1212]
   BatchHost=nia0422
   NumNodes=5 NumCPUs=400 NumTasks=5 CPUs/Task=40 ReqB:S:C:T=0:0:*:*
   TRES=cpu=400,mem=875000M,node=5,billing=200
   Socks/Node=* NtasksPerN:B:S:C=1:0:*:* CoreSpec=*
   MinCPUsNode=40 MinMemoryNode=175000M MinTmpDiskNode=0
   Features=[skylake|cascade] DelayBoot=00:00:00
   OverSubscribe=NO Contiguous=0 Licenses=(null) Network=(null)
   Command=/gpfs/fs0/scratch/m/mlafond/pasr1602/library/job.sh
   WorkDir=/gpfs/fs0/scratch/m/mlafond/pasr1602/library
   StdErr=/gpfs/fs0/scratch/m/mlafond/pasr1602/library/report/0600_93_5_nodes-5037760.out
   StdIn=/dev/null
   StdOut=/gpfs/fs0/scratch/m/mlafond/pasr1602/library/report/0600_93_5_nodes-5037760.out
   Power=
   MailUser=pasr1602@usherbrooke.ca MailType=BEGIN,END,FAIL,REQUEUE

sacct -j 5037760
       JobID    JobName    Account    Elapsed  MaxVMSize     MaxRSS  SystemCPU    UserCPU ExitCode 
------------ ---------- ---------- ---------- ---------- ---------- ---------- ---------- -------- 
5037760      0600_93_5+ def-mlafo+   00:05:09                        03:17.726   12:00:07      0:0 
5037760.bat+      batch def-mlafo+   00:05:09    724584K      9348K  00:01.350  00:03.563      0:0 
5037760.ext+     extern def-mlafo+   00:05:09    138360K       880K   00:00:00  00:00.003      0:0 
5037760.0         a.out def-mlafo+   00:04:54   3234980K    444732K  03:16.374   12:00:03      0:0 

kernel messages produced during job executions:
[Mar23 18:38] mlx5_core 0000:06:00.0: mlx5_core_get_rsc:63:(pid 0): Async event for bogus resource 0x2131f
[  +0.011448] mlx5_core 0000:06:00.0: mlx5_core_get_rsc:63:(pid 0): Async event for bogus resource 0x21320
[  +0.011391] mlx5_core 0000:06:00.0: mlx5_core_get_rsc:63:(pid 0): Async event for bogus resource 0x21321
[  +0.011340] mlx5_core 0000:06:00.0: mlx5_core_get_rsc:63:(pid 0): Async event for bogus resource 0x21322
[  +0.011332] mlx5_core 0000:06:00.0: mlx5_core_get_rsc:63:(pid 0): Async event for bogus resource 0x21323
[  +0.031819] mlx5_core 0000:06:00.0: mlx5_core_get_rsc:63:(pid 0): Async event for bogus resource 0x2130f
[  +0.011339] mlx5_core 0000:06:00.0: mlx5_core_get_rsc:63:(pid 0): Async event for bogus resource 0x21310
[  +0.011324] mlx5_core 0000:06:00.0: mlx5_core_get_rsc:63:(pid 0): Async event for bogus resource 0x21311
[  +0.011318] mlx5_core 0000:06:00.0: mlx5_core_get_rsc:63:(pid 0): Async event for bogus resource 0x21312
[  +0.011318] mlx5_core 0000:06:00.0: mlx5_core_get_rsc:63:(pid 0): Async event for bogus resource 0x21313
