
Lmod is automatically replacing "intel/2020.1.217" with "gcc/10.2.0".


Inactive Modules:
  1) libfabric/1.10.1     2) openmpi/4.0.3     3) ucx/1.8.0

The following have been reloaded with a version change:
  1) gcccore/.9.3.0 => gcccore/.10.2.0


Activating Modules:
  1) libfabric/1.10.1     2) openmpi/4.0.5     3) ucx/1.9.0


Currently Loaded Modules:
  1) CCEnv           (S)      5) StdEnv/2020     (S)   9) pmix/3.1.5
  2) CCconfig                 6) gcccore/.10.2.0 (H)  10) libfabric/1.10.1
  3) gentoo/2020     (S)      7) gcc/10.2.0      (t)  11) openmpi/4.0.5    (m)
  4) imkl/2020.1.217 (math)   8) ucx/1.9.0

  Where:
   H:     Hidden Module
   S:     Module is Sticky, requires --force to unload or purge
   m:     MPI implementations / Implémentations MPI
   math:  Mathematical libraries / Bibliothèques mathématiques
   t:     Tools for development / Outils de développement

 

Current working directory: /gpfs/fs0/scratch/m/mlafond/pasr1602/library
Starting run at: Mon Mar 22 14:04:52 EDT 2021
argc: 7, threads: 40, prob : 44, filename: input/prob_4/600/0600_93 
Process 0 of 10 is on nia1577.scinet.local
Seed sent 
Termination achieved: nodes 9, busy 0 
fetching result from rank 1 
solution NOT received from rank 1
fetching result from rank 2 
solution NOT received from rank 2
fetching result from rank 3 
solution NOT received from rank 3
fetching result from rank 4 
Center received a best result from 4, Bytes : 2148, refVal 264 
fetching result from rank 5 
Center received a best result from 5, Bytes : 2184, refVal 273 
fetching result from rank 6 
Center received a best result from 6, Bytes : 2164, refVal 268 
fetching result from rank 7 
solution NOT received from rank 7
fetching result from rank 8 
solution NOT received from rank 8
fetching result from rank 9 
Center received a best result from 9, Bytes : 2176, refVal 271 

 
 
*****************************************************
Elapsed time : 464.081 
Total number of requests : 104752 
Number of approved requests : 17490 
argc: 7, threads: 40, prob : 44, filename: input/prob_4/600/0600_93 
Process 9 of 10 is on nia1935.scinet.local
rank 9 synchronised, num nodes = 9 
VC = 271.....process 9, thread 27, Mon Mar 22 14:04:58 2021
rank 9 updated refValueGlobalAbsolute to 271 || 271 
rank 9, buffer size to be sent : 2176 
Exit tag received on process 9 
rank 9 sent best result, Bytes : 2176, refVal : 271
argc: 7, threads: 40, prob : 44, filename: input/prob_4/600/0600_93 
Process 8 of 10 is on nia1934.scinet.local
rank 8 synchronised, num nodes = 9 
*********************************Deadlock reached!!
*********************************Deadlock reached!!
Exit tag received on process 8 
argc: 7, threads: 40, prob : 44, filename: input/prob_4/600/0600_93 
Process 7 of 10 is on nia1933.scinet.local
rank 7 synchronised, num nodes = 9 
*********************************Deadlock reached!!
*********************************Deadlock reached!!
Exit tag received on process 7 
argc: 7, threads: 40, prob : 44, filename: input/prob_4/600/0600_93 
Process 5 of 10 is on nia1749.scinet.local
rank 5 synchronised, num nodes = 9 
VC = 278......process 5, thread 0, Mon Mar 22 14:04:58 2021
rank 5 updated refValueGlobalAbsolute to 278 || 278 
rank 5, buffer size to be sent : 2204 
VC = 276.....process 5, thread 28, Mon Mar 22 14:04:58 2021
rank 5 updated refValueGlobalAbsolute to 276 || 276 
rank 5, buffer size to be sent : 2196 
VC = 274.....process 5, thread 25, Mon Mar 22 14:04:58 2021
rank 5 updated refValueGlobalAbsolute to 274 || 274 
rank 5, buffer size to be sent : 2188 
VC = 273......process 5, thread 8, Mon Mar 22 14:04:58 2021
rank 5 updated refValueGlobalAbsolute to 273 || 273 
rank 5, buffer size to be sent : 2184 
*********************************Deadlock reached!!
*********************************Deadlock reached!!
*********************************Deadlock reached!!
*********************************Deadlock reached!!
Exit tag received on process 5 
argc: 7, threads: 40, prob : 44, filename: input/prob_4/600/0600_93 
Process 6 of 10 is on nia1774.scinet.local
rank 6 synchronised, num nodes = 9 
VC = 269.....process 6, thread 13, Mon Mar 22 14:04:58 2021
rank 6 updated refValueGlobalAbsolute to 269 || 269 
rank 6, buffer size to be sent : 2168 
VC = 268......process 6, thread 9, Mon Mar 22 14:04:58 2021
rank 6 updated refValueGlobalAbsolute to 268 || 268 
rank 6, buffer size to be sent : 2164 
*********************************Deadlock reached!!
*********************************Deadlock reached!!
*********************************Deadlock reached!!
*********************************Deadlock reached!!
*********************************Deadlock reached!!
*********************************Deadlock reached!!
Exit tag received on process 6 
rank 6 sent best result, Bytes : 2164, refVal : 268
argc: 7, threads: 40, prob : 44, filename: input/prob_4/600/0600_93 
Process 3 of 10 is on nia1715.scinet.local
rank 3 synchronised, num nodes = 9 
*********************************Deadlock reached!!
*********************************Deadlock reached!!
*********************************Deadlock reached!!
*********************************Deadlock reached!!
*********************************Deadlock reached!!
*********************************Deadlock reached!!
*********************************Deadlock reached!!
*********************************Deadlock reached!!
*********************************Deadlock reached!!
*********************************Deadlock reached!!
*********************************Deadlock reached!!
*********************************Deadlock reached!!
*********************************Deadlock reached!!
Exit tag received on process 3 
argc: 7, threads: 40, prob : 44, filename: input/prob_4/600/0600_93 
Process 2 of 10 is on nia1711.scinet.local
rank 2 synchronised, num nodes = 9 
*********************************Deadlock reached!!
*********************************Deadlock reached!!
*********************************Deadlock reached!!
*********************************Deadlock reached!!
*********************************Deadlock reached!!
*********************************Deadlock reached!!
*********************************Deadlock reached!!
*********************************Deadlock reached!!
*********************************Deadlock reached!!
*********************************Deadlock reached!!
*********************************Deadlock reached!!
*********************************Deadlock reached!!
*********************************Deadlock reached!!
*********************************Deadlock reached!!
*********************************Deadlock reached!!
*********************************Deadlock reached!!
Number of failed requests : 87262 
*****************************************************

 
 
Stream retrieved, size : 2148 
Cover size : 327 

Global pool idle time: 174.692906 seconds


argc: 7, threads: 40, prob : 44, filename: input/prob_4/600/0600_93 
Process 1 of 10 is on nia1630.scinet.local
rank 1 synchronised, num nodes = 9 
*********************************Deadlock reached!!
*********************************Deadlock reached!!
*********************************Deadlock reached!!
*********************************Deadlock reached!!
*********************************Deadlock reached!!
*********************************Deadlock reached!!
*********************************Deadlock reached!!
*********************************Deadlock reached!!
*********************************Deadlock reached!!
*********************************Deadlock reached!!
*********************************Deadlock reached!!
*********************************Deadlock reached!!
*********************************Deadlock reached!!
*********************************Deadlock reached!!
*********************************Deadlock reached!!
*********************************Deadlock reached!!
rank 5 sent best result, Bytes : 2184, refVal : 273
*********************************Deadlock reached!!
*********************************Deadlock reached!!
*********************************Deadlock reached!!
*********************************Deadlock reached!!
*********************************Deadlock reached!!
*********************************Deadlock reached!!
*********************************Deadlock reached!!
*********************************Deadlock reached!!
*********************************Deadlock reached!!
Exit tag received on process 2 
*********************************Deadlock reached!!
*********************************Deadlock reached!!
*********************************Deadlock reached!!
*********************************Deadlock reached!!
*********************************Deadlock reached!!
*********************************Deadlock reached!!
*********************************Deadlock reached!!
*********************************Deadlock reached!!
*********************************Deadlock reached!!
*********************************Deadlock reached!!
*********************************Deadlock reached!!
*********************************Deadlock reached!!
*********************************Deadlock reached!!
*********************************Deadlock reached!!
Exit tag received on process 1 
argc: 7, threads: 40, prob : 44, filename: input/prob_4/600/0600_93 
Process 4 of 10 is on nia1718.scinet.local
rank 4 synchronised, num nodes = 9 
VC = 267......process 4, thread 4, Mon Mar 22 14:04:58 2021
rank 4 updated refValueGlobalAbsolute to 267 || 267 
rank 4, buffer size to be sent : 2160 
VC = 266.....process 4, thread 36, Mon Mar 22 14:04:58 2021
rank 4 updated refValueGlobalAbsolute to 266 || 266 
rank 4, buffer size to be sent : 2156 
VC = 265.....process 4, thread 17, Mon Mar 22 14:04:58 2021
rank 4 updated refValueGlobalAbsolute to 265 || 265 
rank 4, buffer size to be sent : 2152 
VC = 264.....process 4, thread 17, Mon Mar 22 14:05:03 2021
rank 4 updated refValueGlobalAbsolute to 264 || 264 
rank 4, buffer size to be sent : 2148 
*********************************Deadlock reached!!
*********************************Deadlock reached!!
*********************************Deadlock reached!!
Exit tag received on process 4 
rank 4 sent best result, Bytes : 2148, refVal : 264
Finishing run at: Mon Mar 22 14:12:43 EDT 2021

scontrol show jobid 5031527
JobId=5031527 JobName=0600_93
   UserId=pasr1602(3102120) GroupId=mlafond(6054778) MCS_label=N/A
   Priority=2083918 Nice=0 Account=def-mlafond QOS=normal
   JobState=COMPLETING Reason=None Dependency=(null)
   Requeue=0 Restarts=0 BatchFlag=1 Reboot=0 ExitCode=0:0
   RunTime=00:08:07 TimeLimit=01:00:00 TimeMin=N/A
   SubmitTime=2021-03-22T13:59:19 EligibleTime=2021-03-22T13:59:19
   AccrueTime=2021-03-22T13:59:19
   StartTime=2021-03-22T14:04:36 EndTime=2021-03-22T14:12:43 Deadline=N/A
   SuspendTime=None SecsPreSuspend=0 LastSchedEval=2021-03-22T14:04:36
   Partition=compute AllocNode:Sid=nia-login01:143835
   ReqNodeList=(null) ExcNodeList=(null)
   NodeList=nia[1577,1630,1711,1715,1718,1749,1774,1933-1935]
   BatchHost=nia1577
   NumNodes=10 NumCPUs=800 NumTasks=10 CPUs/Task=40 ReqB:S:C:T=0:0:*:*
   TRES=cpu=800,mem=1750000M,node=10,billing=400
   Socks/Node=* NtasksPerN:B:S:C=1:0:*:* CoreSpec=*
   MinCPUsNode=40 MinMemoryNode=175000M MinTmpDiskNode=0
   Features=[skylake|cascade] DelayBoot=00:00:00
   OverSubscribe=NO Contiguous=0 Licenses=(null) Network=(null)
   Command=/gpfs/fs0/scratch/m/mlafond/pasr1602/library/job.sh
   WorkDir=/gpfs/fs0/scratch/m/mlafond/pasr1602/library
   StdErr=/gpfs/fs0/scratch/m/mlafond/pasr1602/library/report/0600_93-5031527.out
   StdIn=/dev/null
   StdOut=/gpfs/fs0/scratch/m/mlafond/pasr1602/library/report/0600_93-5031527.out
   Power=
   MailUser=pasr1602@usherbrooke.ca MailType=BEGIN,END,FAIL,REQUEUE

sacct -j 5031527
       JobID    JobName    Account    Elapsed  MaxVMSize     MaxRSS  SystemCPU    UserCPU ExitCode 
------------ ---------- ---------- ---------- ---------- ---------- ---------- ---------- -------- 
5031527         0600_93 def-mlafo+   00:08:07                        03:54.350 1-16:52:48      0:0 
5031527.bat+      batch def-mlafo+   00:08:07   1057412K      9552K  00:01.098  00:03.312      0:0 
5031527.ext+     extern def-mlafo+   00:08:07    138360K      1068K   00:00:00  00:00.006      0:0 
5031527.0         a.out def-mlafo+   00:07:51   3236112K    442712K  03:53.251 1-16:52:45      0:0 

kernel messages produced during job executions:
[Mar22 12:00] mlx5_core 0000:06:00.0: mlx5_core_get_rsc:63:(pid 0): Async event for bogus resource 0x239b1
[  +0.011717] mlx5_core 0000:06:00.0: mlx5_core_get_rsc:63:(pid 0): Async event for bogus resource 0x239b2
[  +0.011441] mlx5_core 0000:06:00.0: mlx5_core_get_rsc:63:(pid 0): Async event for bogus resource 0x239b3
[  +0.011344] mlx5_core 0000:06:00.0: mlx5_core_get_rsc:63:(pid 0): Async event for bogus resource 0x239b4
[  +0.011317] mlx5_core 0000:06:00.0: mlx5_core_get_rsc:63:(pid 0): Async event for bogus resource 0x239b5
[  +0.011295] mlx5_core 0000:06:00.0: mlx5_core_get_rsc:63:(pid 0): Async event for bogus resource 0x239b6
[  +0.011254] mlx5_core 0000:06:00.0: mlx5_core_get_rsc:63:(pid 0): Async event for bogus resource 0x239b7
[  +0.011223] mlx5_core 0000:06:00.0: mlx5_core_get_rsc:63:(pid 0): Async event for bogus resource 0x239b8
[  +0.011212] mlx5_core 0000:06:00.0: mlx5_core_get_rsc:63:(pid 0): Async event for bogus resource 0x239b9
[  +0.011190] mlx5_core 0000:06:00.0: mlx5_core_get_rsc:63:(pid 0): Async event for bogus resource 0x239ba
[  +0.145541] mlx5_core 0000:06:00.0: mlx5_core_get_rsc:63:(pid 0): Async event for bogus resource 0x2399f
[  +0.011463] mlx5_core 0000:06:00.0: mlx5_core_get_rsc:63:(pid 0): Async event for bogus resource 0x239a0
[  +0.011266] mlx5_core 0000:06:00.0: mlx5_core_get_rsc:63:(pid 0): Async event for bogus resource 0x239a1
[  +0.011194] mlx5_core 0000:06:00.0: mlx5_core_get_rsc:63:(pid 0): Async event for bogus resource 0x239a2
[  +0.011171] mlx5_core 0000:06:00.0: mlx5_core_get_rsc:63:(pid 0): Async event for bogus resource 0x239a3
[  +0.011157] mlx5_core 0000:06:00.0: mlx5_core_get_rsc:63:(pid 0): Async event for bogus resource 0x239a4
[  +0.011134] mlx5_core 0000:06:00.0: mlx5_core_get_rsc:63:(pid 0): Async event for bogus resource 0x239a5
[  +0.011127] mlx5_core 0000:06:00.0: mlx5_core_get_rsc:63:(pid 0): Async event for bogus resource 0x239bb
[  +0.011115] mlx5_core 0000:06:00.0: mlx5_core_get_rsc:63:(pid 0): Async event for bogus resource 0x239bc
[  +0.011096] mlx5_core 0000:06:00.0: mlx5_core_get_rsc:63:(pid 0): Async event for bogus resource 0x239bd
