
Lmod is automatically replacing "intel/2020.1.217" with "gcc/10.2.0".


Inactive Modules:
  1) libfabric/1.10.1     2) openmpi/4.0.3     3) ucx/1.8.0

The following have been reloaded with a version change:
  1) gcccore/.9.3.0 => gcccore/.10.2.0


Activating Modules:
  1) libfabric/1.10.1     2) openmpi/4.0.5     3) ucx/1.9.0

gcc (GCC) 10.2.0
Copyright (C) 2020 Free Software Foundation, Inc.
This is free software; see the source for copying conditions.  There is NO
warranty; not even for MERCHANTABILITY or FITNESS FOR A PARTICULAR PURPOSE.

Current working directory: /gpfs/fs0/scratch/m/mlafond/pasr1602/library
Starting run at: Wed Mar 24 10:42:43 EDT 2021
argc: 7, threads: 40, prob : 6, filename: input/prob_4/600/0600_93 
Process 1 of 2 is on nia1617.scinet.local
rank 1 synchronised, num nodes = 1 
VC = 280......process 1, thread 0, Wed Mar 24 10:42:48 2021
rank 1 updated refValueGlobalAbsolute to 280 || 280 
rank 1, buffer size to be sent : 2212 
VC = 272......process 1, thread 3, Wed Mar 24 10:42:48 2021
rank 1 updated refValueGlobalAbsolute to 272 || 272 
rank 1, buffer size to be sent : 2180 
VC = 269.....process 1, thread 19, Wed Mar 24 10:42:48 2021
rank 1 updated refValueGlobalAbsolute to 269 || 269 
rank 1, buffer size to be sent : 2168 
VC = 268.....process 1, thread 21, Wed Mar 24 10:42:48 2021
rank 1 updated refValueGlobalAbsolute to 268 || 268 
rank 1, buffer size to be sent : 2164 
VC = 267.....process 1, thread 33, Wed Mar 24 10:42:48 2021
rank 1 updated refValueGlobalAbsolute to 267 || 267 
rank 1, buffer size to be sent : 2160 
VC = 266.....process 1, thread 16, Wed Mar 24 10:42:48 2021
rank 1 updated refValueGlobalAbsolute to 266 || 266 
rank 1, buffer size to be sent : 2156 
VC = 265.....process 1, thread 36, Wed Mar 24 10:42:48 2021
rank 1 updated refValueGlobalAbsolute to 265 || 265 
rank 1, buffer size to be sent : 2152 
VC = 264.....process 1, thread 15, Wed Mar 24 10:43:50 2021
rank 1 updated refValueGlobalAbsolute to 264 || 264 
rank 1, buffer size to be sent : 2148 
Exit tag received on process 1 
argc: 7, threads: 40, prob : 6, filename: input/prob_4/600/0600_93 
Process 0 of 2 is on nia1617.scinet.local
Seed sent 
Termination achieved: nodes 1, busy 0 
solution received from 1, Bytes : 2148, refVal 264 

 
 
*****************************************************
Elapsed time : 1094.041 
Total number of requests : 0 
Number of approved requests : 0 
Number of failed requests : 0 
*****************************************************

 
 
Stream retrieved, size : 2148 
Cover size : 327 

Global pool idle time: 0.024794 seconds


Finishing run at: Wed Mar 24 11:01:02 EDT 2021

scontrol show jobid 5041252
JobId=5041252 JobName=0600_93_40_cores
   UserId=pasr1602(3102120) GroupId=mlafond(6054778) MCS_label=N/A
   Priority=1783951 Nice=0 Account=def-mlafond QOS=normal
   JobState=COMPLETING Reason=None Dependency=(null)
   Requeue=0 Restarts=0 BatchFlag=1 Reboot=0 ExitCode=0:0
   RunTime=00:18:36 TimeLimit=02:00:00 TimeMin=N/A
   SubmitTime=2021-03-24T10:40:29 EligibleTime=2021-03-24T10:40:29
   AccrueTime=2021-03-24T10:40:29
   StartTime=2021-03-24T10:42:26 EndTime=2021-03-24T11:01:02 Deadline=N/A
   SuspendTime=None SecsPreSuspend=0 LastSchedEval=2021-03-24T10:42:26
   Partition=compute AllocNode:Sid=nia-login01:37785
   ReqNodeList=(null) ExcNodeList=(null)
   NodeList=nia1617
   BatchHost=nia1617
   NumNodes=1 NumCPUs=80 NumTasks=2 CPUs/Task=40 ReqB:S:C:T=0:0:*:*
   TRES=cpu=80,mem=175000M,node=1,billing=40
   Socks/Node=* NtasksPerN:B:S:C=2:0:*:* CoreSpec=*
   MinCPUsNode=80 MinMemoryNode=175000M MinTmpDiskNode=0
   Features=[skylake|cascade] DelayBoot=00:00:00
   OverSubscribe=NO Contiguous=0 Licenses=(null) Network=(null)
   Command=/gpfs/fs0/scratch/m/mlafond/pasr1602/library/single.sh
   WorkDir=/gpfs/fs0/scratch/m/mlafond/pasr1602/library
   StdErr=/gpfs/fs0/scratch/m/mlafond/pasr1602/library/report/0600_93_40_cores-5041252.out
   StdIn=/dev/null
   StdOut=/gpfs/fs0/scratch/m/mlafond/pasr1602/library/report/0600_93_40_cores-5041252.out
   Power=
   MailUser=pasr1602@usherbrooke.ca MailType=BEGIN,END,FAIL,REQUEUE

sacct -j 5041252
       JobID    JobName    Account    Elapsed  MaxVMSize     MaxRSS  SystemCPU    UserCPU ExitCode 
------------ ---------- ---------- ---------- ---------- ---------- ---------- ---------- -------- 
5041252      0600_93_4+ def-mlafo+   00:18:36                        03:20.216   12:21:32      0:0 
5041252.bat+      batch def-mlafo+   00:18:36    523860K      9264K  00:01.006  00:03.270      0:0 
5041252.ext+     extern def-mlafo+   00:18:36    138360K       880K   00:00:00   00:00:00      0:0 
5041252.0         a.out def-mlafo+   00:18:19   2959512K    236020K  03:19.209   12:21:29      0:0 
