
Lmod is automatically replacing "intel/2020.1.217" with "gcc/10.2.0".


Inactive Modules:
  1) libfabric/1.10.1     2) openmpi/4.0.3     3) ucx/1.8.0

The following have been reloaded with a version change:
  1) gcccore/.9.3.0 => gcccore/.10.2.0


Activating Modules:
  1) libfabric/1.10.1     2) openmpi/4.0.5     3) ucx/1.9.0


Currently Loaded Modules:
  1) CCconfig                 5) gcccore/.10.2.0 (H)   9) libfabric/1.10.1
  2) gentoo/2020     (S)      6) gcc/10.2.0      (t)  10) openmpi/4.0.5    (m)
  3) imkl/2020.1.217 (math)   7) ucx/1.9.0
  4) StdEnv/2020     (S)      8) pmix/3.1.5

  Where:
   H:     Hidden Module
   S:     Module is Sticky, requires --force to unload or purge
   m:     MPI implementations / Implémentations MPI
   math:  Mathematical libraries / Bibliothèques mathématiques
   t:     Tools for development / Outils de développement

 

Current working directory: /lustre03/project/6054778/pasr1602/git/library
Starting run at: Fri Mar  5 08:25:27 EST 2021
!-------------------------run # 1 -------------------------!
MVC found so far has 500 elements..................thread 31
DONE!
refGlobal : 500 
!-------------------Minimum vertex cover-------------------!
5   25   34   40   56   58   73   81   82   84   112   125   
147   154   199   233   234   236   249   297   325   328   
341   442   464   487   496   507   524   550   564   605   
653   664   671   678   680   732   755   762   768   780   
790   799   803   833   839   852   889   916   929   958   
992   1007   1010   1022   1047   1063   1082   1085   1093   
1097   1116   1135   1158   1176   1185   1186   1210   1250   
1279   1308   1321   1327   1343   1392   1393   1414   1419   
1425   1454   1463   1468   1485   1508   1594   1605   1613   
1633   1698   1707   1750   1760   1762   1773   1784   1800   
1804   1838   1866   1914   1922   1923   1932   1965   1978   
1981   1999   2020   2022   2039   2055   2080   2129   2138   
2174   2194   2242   2243   2253   2284   2299   2322   2334   
2350   2358   2386   2410   2412   2428   2458   2471   2510   
2514   2524   2536   2554   2572   2573   2596   2614   2644   
2666   2733   2768   2770   2779   2800   2804   2805   2834   
2837   2860   2879   2895   2931   2946   2956   2979   2984   
3030   3074   3076   3094   3111   3149   3154   3166   3184   
3215   3227   3239   3242   3243   3260   3272   3282   3338   
3342   3345   3349   3350   3361   3382   3388   3413   3447   
3473   3482   3529   3575   3619   3645   3707   3715   3746   
3755   3774   3793   3804   3887   3904   3907   3927   3956   
3963   4034   4054   4073   4078   4174   4203   4213   4224   
4229   4282   4290   4299   4312   4329   4348   4351   4429   
4432   4452   4455   4470   4506   4510   4520   4572   4593   
4598   4608   4635   4668   4713   4714   4724   4752   4759   
4761   4775   4812   4819   4829   4833   4838   4870   4888   
4926   4999   5026   5030   5052   5103   5116   5152   5172   
5186   5202   5205   5209   5229   5231   5245   5271   5272   
5300   5325   5375   5393   5429   5472   5485   5497   5569   
5581   5589   5592   5610   5614   5625   5634   5638   5688   
5740   5748   5768   5776   5790   5792   5827   5849   5928   
6023   6025   6074   6089   6108   6112   6126   6132   6179   
6180   6188   6197   6215   6223   6257   6266   6292   6310   
6317   6319   6341   6360   6361   6379   6393   6411   6431   
6443   6449   6484   6494   6517   6544   6566   6621   6627   
6639   6648   6713   6717   6741   6782   6801   6810   6821   
6846   6852   6855   6867   6923   6926   6986   7025   7057   
7079   7096   7102   7114   7128   7138   7160   7166   7170   
7205   7208   7213   7232   7262   7271   7297   7307   7309   
7345   7350   7352   7376   7410   7447   7469   7475   7555   
7579   7600   7645   7670   7710   7715   7725   7739   7742   
7767   7768   7803   7819   7827   7833   7993   8001   8027   
8039   8060   8062   8065   8102   8109   8128   8146   8150   
8151   8171   8172   8211   8213   8253   8288   8299   8336   
8339   8361   8362   8371   8395   8427   8441   8455   8502   
8518   8523   8527   8542   8596   8597   8607   8610   8642   
8657   8669   8694   8716   8730   8759   8764   8772   8802   
8823   8832   8846   8881   8905   8923   8932   8935   8939   
8953   8970   8988   9000   9014   9032   9036   9091   9092   
9096   9113   9134   9147   9169   9180   9189   9218   9220   
9225   9242   9252   9257   9269   9352   9377   9413   9420   
9432   9449   9458   9560   9576   9651   9665   9667   9691   
9698   9707   9721   9722   9724   9756   9789   9807   9817   
9846   9909   9922   9923   9942   9944   9946              
------------------------------------------------------------

path       input/prob_10/graphs_500_0.1/10000_500/prob_0.1/0
Initial graph size after preprocessing:                10000
Size:                                                    500
Found at depth:                                          391
Elapsed time:                                      294.806 s
Number of leaves:                                          1
Maximum depth reached:                                     0
Idle time:                  0.000000               0.000000%
Pool idle time:              275.507                93.4536%
Successful requests:                                     392
!----------------------------------------------------------!



Finishing run at: Fri Mar  5 08:30:27 EST 2021
