Current working directory: /lustre03/project/6054778/pasr1602/git/library
Starting run at: Wed Mar  3 10:42:45 EST 2021
argc: 3, threads: 40, filename: input/prob_4/600/0600_93 
The threading support level corresponds to that demanded.
Process 0 of 2 is on blg8421.int.ets1.calculquebec.ca
About to start, 0 / 2!! 
scheduler() launched!! 
buffer sucessfully sent! 
*** Busy nodes: 1 ***
 Scheduler started!! 
BusyNodes = 0 achieved 
Center received a best result from 1, Bytes : 2152, refVal 265 
process 0 waiting at barrier 
process 0 passed barrier 

 
 
*****************************************************
Elapsed time : 3866.184 
Total number of requests : 0 
Number of approved requests : 0 
Number of failed requests : 0 
*****************************************************

 
 
Stream retrieved, size : 2152 
Cover size : 328 

Global pool idle time: 0.034120 seconds


argc: 3, threads: 40, filename: input/prob_4/600/0600_93 
The threading support level corresponds to that demanded.
Process 1 of 2 is on blg8435.int.ets1.calculquebec.ca
About to start, 1 / 2!! 
MVC found so far has 277 elements...................thread 3
rank 1 updated refValueGlobalAbsolute to 277 || 277 
rank 1, cover size : 277 
rank 1, buffer size to be sent : 2200 
MVC found so far has 276 elements...................thread 3
rank 1 updated refValueGlobalAbsolute to 276 || 276 
rank 1, cover size : 276 
rank 1, buffer size to be sent : 2196 
MVC found so far has 273 elements..................thread 16
rank 1 updated refValueGlobalAbsolute to 273 || 273 
rank 1, cover size : 273 
rank 1, buffer size to be sent : 2184 
MVC found so far has 271 elements..................thread 17
rank 1 updated refValueGlobalAbsolute to 271 || 271 
rank 1, cover size : 271 
rank 1, buffer size to be sent : 2176 
MVC found so far has 270 elements..................thread 37
rank 1 updated refValueGlobalAbsolute to 270 || 270 
rank 1, cover size : 270 
rank 1, buffer size to be sent : 2172 
MVC found so far has 269 elements..................thread 13
rank 1 updated refValueGlobalAbsolute to 269 || 269 
rank 1, cover size : 269 
rank 1, buffer size to be sent : 2168 
MVC found so far has 268 elements..................thread 39
rank 1 updated refValueGlobalAbsolute to 268 || 268 
rank 1, cover size : 268 
rank 1, buffer size to be sent : 2164 
MVC found so far has 266 elements..................thread 29
rank 1 updated refValueGlobalAbsolute to 266 || 266 
rank 1, cover size : 266 
rank 1, buffer size to be sent : 2156 
MVC found so far has 265 elements..................thread 16
rank 1 updated refValueGlobalAbsolute to 265 || 265 
rank 1, cover size : 265 
rank 1, buffer size to be sent : 2152 
rank 1 about to send best result to center 
rank 1 sent best result, Bytes : 2152, refVal : 265
Exit tag received on process 1 
process 1 waiting at barrier 
process 1 passed barrier 
Finishing run at: Wed Mar  3 11:47:15 EST 2021
