
Lmod is automatically replacing "intel/2020.1.217" with "gcc/9.3.0".


Due to MODULEPATH changes, the following have been reloaded:
  1) openmpi/4.0.3


Currently Loaded Modules:
  1) CCEnv           (S)      5) StdEnv/2020    (S)   9) libfabric/1.10.1
  2) CCconfig                 6) gcccore/.9.3.0 (H)  10) openmpi/4.0.3    (m)
  3) gentoo/2020     (S)      7) gcc/9.3.0      (t)  11) boost/1.72.0     (t)
  4) imkl/2020.1.217 (math)   8) ucx/1.8.0

  Where:
   H:     Hidden Module
   S:     Module is Sticky, requires --force to unload or purge
   m:     MPI implementations / Implémentations MPI
   math:  Mathematical libraries / Bibliothèques mathématiques
   t:     Tools for development / Outils de développement

 

gcc (GCC) 9.3.0
Copyright (C) 2019 Free Software Foundation, Inc.
This is free software; see the source for copying conditions.  There is NO
warranty; not even for MERCHANTABILITY or FITNESS FOR A PARTICULAR PURPOSE.

Current working directory: /gpfs/fs0/scratch/m/mlafond/pasr1602/library
Starting run at: Thu Apr  8 09:52:01 EDT 2021
argc: 7, threads: 1, prob : 4, filename: input/prob_4/600/00600_1 
Process 0 of 80 is on nia0079.scinet.local
Seed sent 
Termination achieved: nodes 79, busy 0 
solution received from 1, Bytes : 2065, refVal 261 
solution NOT received from rank 2
solution NOT received from rank 3
solution NOT received from rank 4
solution NOT received from rank 5
solution NOT received from rank 6
solution NOT received from rank 7
solution NOT received from rank 8
solution NOT received from rank 9
solution NOT received from rank 10
solution NOT received from rank 11
solution NOT received from rank 12
solution NOT received from rank 13
solution NOT received from rank 14
solution NOT received from rank 15
solution NOT received from rank 16
solution NOT received from rank 17
solution NOT received from rank 18
solution NOT received from rank 19
solution received from 20, Bytes : 2044, refVal 254 
solution NOT received from rank 21
solution NOT received from rank 22
solution NOT received from rank 23
solution NOT received from rank 24
solution NOT received from rank 25
solution NOT received from rank 26
solution received from 27, Bytes : 2053, refVal 257 
solution NOT received from rank 28
solution NOT received from rank 29
solution NOT received from rank 30
solution NOT received from rank 31
solution NOT received from rank 32
solution NOT received from rank 33
solution NOT received from rank 34
solution NOT received from rank 35
solution NOT received from rank 36
solution NOT received from rank 37
solution NOT received from rank 38
solution NOT received from rank 39
solution NOT received from rank 40
solution NOT received from rank 41
solution NOT received from rank 42
solution NOT received from rank 43
solution NOT received from rank 44
solution NOT received from rank 45
solution NOT received from rank 46
solution NOT received from rank 47
solution NOT received from rank 48
solution NOT received from rank 49
solution NOT received from rank 50
solution NOT received from rank 51
solution NOT received from rank 52
solution NOT received from rank 53
solution NOT received from rank 54
solution NOT received from rank 55
solution NOT received from rank 56
solution NOT received from rank 57
solution NOT received from rank 58
solution NOT received from rank 59
solution NOT received from rank 60
solution NOT received from rank 61
solution NOT received from rank 62
solution NOT received from rank 63
solution NOT received from rank 64
solution NOT received from rank 65
solution NOT received from rank 66
solution NOT received from rank 67
solution NOT received from rank 68
solution NOT received from rank 69
solution NOT received from rank 70
solution NOT received from rank 71
solution NOT received from rank 72
solution NOT received from rank 73
solution NOT received from rank 74
solution NOT received from rank 75
solution received from 76, Bytes : 2037, refVal 253 
solution NOT received from rank 77
solution NOT received from rank 78
solution NOT received from rank 79

 
 
*****************************************************
Elapsed time : 6.466 
Total number of requests : 14693 
Number of approved requests : 3210 
Number of failed requests : 11483 
*****************************************************

 
 
Stream retrieved, size : 2037 
Cover size : 316 

Global pool idle time: 88.103441 seconds


tasks executed by rank 1 = 64 
tasks executed by rank 2 = 62 
tasks executed by rank 3 = 60 
tasks executed by rank 4 = 65 
tasks executed by rank 5 = 57 
tasks executed by rank 6 = 57 
tasks executed by rank 7 = 48 
tasks executed by rank 8 = 63 
tasks executed by rank 9 = 53 
tasks executed by rank 10 = 58 
tasks executed by rank 11 = 58 
tasks executed by rank 12 = 51 
tasks executed by rank 13 = 47 
tasks executed by rank 14 = 50 
tasks executed by rank 15 = 57 
tasks executed by rank 16 = 61 
tasks executed by rank 17 = 48 
tasks executed by rank 18 = 56 
tasks executed by rank 19 = 49 
tasks executed by rank 20 = 48 
tasks executed by rank 21 = 41 
tasks executed by rank 22 = 46 
tasks executed by rank 23 = 65 
tasks executed by rank 24 = 52 
tasks executed by rank 25 = 59 
tasks executed by rank 26 = 30 
tasks executed by rank 27 = 40 
tasks executed by rank 28 = 49 
tasks executed by rank 29 = 46 
tasks executed by rank 30 = 39 
tasks executed by rank 31 = 53 
tasks executed by rank 32 = 40 
tasks executed by rank 33 = 63 
tasks executed by rank 34 = 61 
tasks executed by rank 35 = 47 
tasks executed by rank 36 = 62 
tasks executed by rank 37 = 39 
tasks executed by rank 38 = 58 
tasks executed by rank 39 = 48 
tasks executed by rank 40 = 43 
tasks executed by rank 41 = 52 
tasks executed by rank 42 = 39 
tasks executed by rank 43 = 29 
tasks executed by rank 44 = 23 
tasks executed by rank 45 = 49 
tasks executed by rank 46 = 48 
tasks executed by rank 47 = 30 
tasks executed by rank 48 = 27 
tasks executed by rank 49 = 35 
tasks executed by rank 50 = 28 
tasks executed by rank 51 = 17 
tasks executed by rank 52 = 24 
tasks executed by rank 53 = 35 
tasks executed by rank 54 = 41 
tasks executed by rank 55 = 25 
tasks executed by rank 56 = 45 
tasks executed by rank 57 = 38 
tasks executed by rank 58 = 17 
tasks executed by rank 59 = 34 
tasks executed by rank 60 = 15 
tasks executed by rank 61 = 42 
tasks executed by rank 62 = 31 
tasks executed by rank 63 = 18 
tasks executed by rank 64 = 18 
tasks executed by rank 65 = 17 
tasks executed by rank 66 = 18 
tasks executed by rank 67 = 28 
tasks executed by rank 68 = 22 
tasks executed by rank 69 = 44 
tasks executed by rank 70 = 14 
tasks executed by rank 71 = 26 
tasks executed by rank 72 = 29 
tasks executed by rank 73 = 31 
tasks executed by rank 74 = 21 
tasks executed by rank 75 = 22 
tasks executed by rank 76 = 21 
tasks executed by rank 77 = 31 
tasks executed by rank 78 = 25 
tasks executed by rank 79 = 8 

rank 1, thread requests: 63 
rank 2, thread requests: 62 
rank 3, thread requests: 60 
rank 4, thread requests: 65 
rank 5, thread requests: 57 
rank 6, thread requests: 57 
rank 7, thread requests: 48 
rank 8, thread requests: 63 
rank 9, thread requests: 53 
rank 10, thread requests: 56 
rank 11, thread requests: 57 
rank 12, thread requests: 51 
rank 13, thread requests: 47 
rank 14, thread requests: 48 
rank 15, thread requests: 57 
rank 16, thread requests: 61 
rank 17, thread requests: 48 
rank 18, thread requests: 56 
rank 19, thread requests: 48 
rank 20, thread requests: 48 
rank 21, thread requests: 41 
rank 22, thread requests: 45 
rank 23, thread requests: 65 
rank 24, thread requests: 52 
rank 25, thread requests: 59 
rank 26, thread requests: 30 
rank 27, thread requests: 40 
rank 28, thread requests: 49 
rank 29, thread requests: 46 
rank 30, thread requests: 39 
rank 31, thread requests: 53 
rank 32, thread requests: 40 
rank 33, thread requests: 63 
rank 34, thread requests: 61 
rank 35, thread requests: 46 
rank 36, thread requests: 62 
rank 37, thread requests: 39 
rank 38, thread requests: 58 
rank 39, thread requests: 46 
rank 40, thread requests: 43 
rank 41, thread requests: 51 
rank 42, thread requests: 39 
rank 43, thread requests: 29 
rank 44, thread requests: 23 
rank 45, thread requests: 48 
rank 46, thread requests: 48 
rank 47, thread requests: 30 
rank 48, thread requests: 27 
rank 49, thread requests: 35 
rank 50, thread requests: 28 
rank 51, thread requests: 17 
rank 52, thread requests: 24 
rank 53, thread requests: 35 
rank 54, thread requests: 41 
rank 55, thread requests: 25 
rank 56, thread requests: 45 
rank 57, thread requests: 38 
rank 58, thread requests: 17 
rank 59, thread requests: 33 
rank 60, thread requests: 15 
rank 61, thread requests: 42 
rank 62, thread requests: 31 
rank 63, thread requests: 18 
rank 64, thread requests: 18 
rank 65, thread requests: 17 
rank 66, thread requests: 18 
rank 67, thread requests: 28 
rank 68, thread requests: 22 
rank 69, thread requests: 44 
rank 70, thread requests: 14 
rank 71, thread requests: 26 
rank 72, thread requests: 29 
rank 73, thread requests: 30 
rank 74, thread requests: 21 
rank 75, thread requests: 22 
rank 76, thread requests: 21 
rank 77, thread requests: 31 
rank 78, thread requests: 25 
argc: 7, threads: 1, prob : 4, filename: input/prob_4/600/00600_1 
Process 1 of 80 is on nia0079.scinet.local
Number of threads spawned : 1 
rank 1 synchronised, num workers = 79 
VC = 261......process 1, thread 0, Thu Apr  8 09:52:19 2021
rank 1 updated refValueGlobalAbsolute to 261 || 261 
rank 1, buffer size to be sent : 2065 
Exit tag received on process 1 
argc: 7, threads: 1, prob : 4, filename: input/prob_4/600/00600_1 
Process 35 of 80 is on nia0079.scinet.local
Number of threads spawned : 1 
rank 35 synchronised, num workers = 79 
Exit tag received on process 35 
argc: 7, threads: 1, prob : 4, filename: input/prob_4/600/00600_1 
Process 74 of 80 is on nia0164.scinet.local
Number of threads spawned : 1 
rank 74 synchronised, num workers = 79 
Exit tag received on process 74 
argc: 7, threads: 1, prob : 4, filename: input/prob_4/600/00600_1 
Process 34 of 80 is on nia0079.scinet.local
Number of threads spawned : 1 
rank 34 synchronised, num workers = 79 
Exit tag received on process 34 
argc: 7, threads: 1, prob : 4, filename: input/prob_4/600/00600_1 
Process 4 of 80 is on nia0079.scinet.local
Number of threads spawned : 1 
rank 4 synchronised, num workers = 79 
Exit tag received on process 4 
argc: 7, threads: 1, prob : 4, filename: input/prob_4/600/00600_1 
Process 36 of 80 is on nia0079.scinet.local
Number of threads spawned : 1 
rank 36 synchronised, num workers = 79 
Exit tag received on process 36 
argc: 7, threads: 1, prob : 4, filename: input/prob_4/600/00600_1 
Process 2 of 80 is on nia0079.scinet.local
Number of threads spawned : 1 
rank 2 synchronised, num workers = 79 
Exit tag received on process 2 
argc: 7, threads: 1, prob : 4, filename: input/prob_4/600/00600_1 
Process 3 of 80 is on nia0079.scinet.local
Number of threads spawned : 1 
rank 3 synchronised, num workers = 79 
Exit tag received on process 3 
argc: 7, threads: 1, prob : 4, filename: input/prob_4/600/00600_1 
Process 5 of 80 is on nia0079.scinet.local
Number of threads spawned : 1 
rank 5 synchronised, num workers = 79 
Exit tag received on process 5 
argc: 7, threads: 1, prob : 4, filename: input/prob_4/600/00600_1 
Process 38 of 80 is on nia0079.scinet.local
Number of threads spawned : 1 
rank 38 synchronised, num workers = 79 
Exit tag received on process 38 
argc: 7, threads: 1, prob : 4, filename: input/prob_4/600/00600_1 
Process 37 of 80 is on nia0079.scinet.local
Number of threads spawned : 1 
rank 37 synchronised, num workers = 79 
Exit tag received on process 37 
argc: 7, threads: 1, prob : 4, filename: input/prob_4/600/00600_1 
Process 33 of 80 is on nia0079.scinet.local
Number of threads spawned : 1 
rank 33 synchronised, num workers = 79 
Exit tag received on process 33 
argc: 7, threads: 1, prob : 4, filename: input/prob_4/600/00600_1 
Process 39 of 80 is on nia0079.scinet.local
Number of threads spawned : 1 
rank 39 synchronised, num workers = 79 
Exit tag received on process 39 
argc: 7, threads: 1, prob : 4, filename: input/prob_4/600/00600_1 
Process 6 of 80 is on nia0079.scinet.local
Number of threads spawned : 1 
rank 6 synchronised, num workers = 79 
Exit tag received on process 6 
argc: 7, threads: 1, prob : 4, filename: input/prob_4/600/00600_1 
Process 10 of 80 is on nia0079.scinet.local
Number of threads spawned : 1 
rank 10 synchronised, num workers = 79 
Exit tag received on process 10 
argc: 7, threads: 1, prob : 4, filename: input/prob_4/600/00600_1 
Process 42 of 80 is on nia0164.scinet.local
Number of threads spawned : 1 
rank 42 synchronised, num workers = 79 
Exit tag received on process 42 
argc: 7, threads: 1, prob : 4, filename: input/prob_4/600/00600_1 
Process 41 of 80 is on nia0164.scinet.local
Number of threads spawned : 1 
rank 41 synchronised, num workers = 79 
Exit tag received on process 41 
argc: 7, threads: 1, prob : 4, filename: input/prob_4/600/00600_1 
Process 75 of 80 is on nia0164.scinet.local
Number of threads spawned : 1 
rank 75 synchronised, num workers = 79 
Exit tag received on process 75 
argc: 7, threads: 1, prob : 4, filename: input/prob_4/600/00600_1 
Process 43 of 80 is on nia0164.scinet.local
Number of threads spawned : 1 
rank 43 synchronised, num workers = 79 
Exit tag received on process 43 
argc: 7, threads: 1, prob : 4, filename: input/prob_4/600/00600_1 
Process 76 of 80 is on nia0164.scinet.local
Number of threads spawned : 1 
rank 76 synchronised, num workers = 79 
VC = 253.....process 76, thread 0, Thu Apr  8 09:52:19 2021
rank 76 updated refValueGlobalAbsolute to 253 || 253 
rank 76, buffer size to be sent : 2037 
Exit tag received on process 76 
argc: 7, threads: 1, prob : 4, filename: input/prob_4/600/00600_1 
Process 8 of 80 is on nia0079.scinet.local
Number of threads spawned : 1 
rank 8 synchronised, num workers = 79 
Exit tag received on process 8 
argc: 7, threads: 1, prob : 4, filename: input/prob_4/600/00600_1 
Process 44 of 80 is on nia0164.scinet.local
Number of threads spawned : 1 
rank 44 synchronised, num workers = 79 
Exit tag received on process 44 
argc: 7, threads: 1, prob : 4, filename: input/prob_4/600/00600_1 
Process 78 of 80 is on nia0164.scinet.local
Number of threads spawned : 1 
rank 78 synchronised, num workers = 79 
Exit tag received on process 78 
argc: 7, threads: 1, prob : 4, filename: input/prob_4/600/00600_1 
Process 46 of 80 is on nia0164.scinet.local
Number of threads spawned : 1 
rank 46 synchronised, num workers = 79 
Exit tag received on process 46 
argc: 7, threads: 1, prob : 4, filename: input/prob_4/600/00600_1 
Process 9 of 80 is on nia0079.scinet.local
Number of threads spawned : 1 
rank 9 synchronised, num workers = 79 
Exit tag received on process 9 
argc: 7, threads: 1, prob : 4, filename: input/prob_4/600/00600_1 
Process 13 of 80 is on nia0079.scinet.local
Number of threads spawned : 1 
rank 13 synchronised, num workers = 79 
Exit tag received on process 13 
argc: 7, threads: 1, prob : 4, filename: input/prob_4/600/00600_1 
Process 73 of 80 is on nia0164.scinet.local
Number of threads spawned : 1 
rank 73 synchronised, num workers = 79 
Exit tag received on process 73 
argc: 7, threads: 1, prob : 4, filename: input/prob_4/600/00600_1 
Process 79 of 80 is on nia0164.scinet.local
Number of threads spawned : 1 
rank 79 synchronised, num workers = 79 
Exit tag received on process 79 
argc: 7, threads: 1, prob : 4, filename: input/prob_4/600/00600_1 
Process 47 of 80 is on nia0164.scinet.local
Number of threads spawned : 1 
rank 47 synchronised, num workers = 79 
Exit tag received on process 47 
argc: 7, threads: 1, prob : 4, filename: input/prob_4/600/00600_1 
Process 49 of 80 is on nia0164.scinet.local
Number of threads spawned : 1 
rank 49 synchronised, num workers = 79 
Exit tag received on process 49 
argc: 7, threads: 1, prob : 4, filename: input/prob_4/600/00600_1 
Process 48 of 80 is on nia0164.scinet.local
Number of threads spawned : 1 
rank 48 synchronised, num workers = 79 
Exit tag received on process 48 
argc: 7, threads: 1, prob : 4, filename: input/prob_4/600/00600_1 
Process 45 of 80 is on nia0164.scinet.local
Number of threads spawned : 1 
rank 45 synchronised, num workers = 79 
Exit tag received on process 45 
argc: 7, threads: 1, prob : 4, filename: input/prob_4/600/00600_1 
Process 53 of 80 is on nia0164.scinet.local
Number of threads spawned : 1 
rank 53 synchronised, num workers = 79 
Exit tag received on process 53 
argc: 7, threads: 1, prob : 4, filename: input/prob_4/600/00600_1 
Process 51 of 80 is on nia0164.scinet.local
Number of threads spawned : 1 
rank 51 synchronised, num workers = 79 
Exit tag received on process 51 
argc: 7, threads: 1, prob : 4, filename: input/prob_4/600/00600_1 
Process 54 of 80 is on nia0164.scinet.local
Number of threads spawned : 1 
rank 54 synchronised, num workers = 79 
Exit tag received on process 54 
argc: 7, threads: 1, prob : 4, filename: input/prob_4/600/00600_1 
Process 14 of 80 is on nia0079.scinet.local
Number of threads spawned : 1 
rank 14 synchronised, num workers = 79 
Exit tag received on process 14 
argc: 7, threads: 1, prob : 4, filename: input/prob_4/600/00600_1 
Process 21 of 80 is on nia0079.scinet.local
Number of threads spawned : 1 
rank 21 synchronised, num workers = 79 
Exit tag received on process 21 
argc: 7, threads: 1, prob : 4, filename: input/prob_4/600/00600_1 
Process 23 of 80 is on nia0079.scinet.local
Number of threads spawned : 1 
rank 23 synchronised, num workers = 79 
Exit tag received on process 23 
argc: 7, threads: 1, prob : 4, filename: input/prob_4/600/00600_1 
Process 20 of 80 is on nia0079.scinet.local
Number of threads spawned : 1 
rank 20 synchronised, num workers = 79 
VC = 254.....process 20, thread 0, Thu Apr  8 09:52:19 2021
rank 20 updated refValueGlobalAbsolute to 254 || 254 
rank 20, buffer size to be sent : 2044 
Exit tag received on process 20 
argc: 7, threads: 1, prob : 4, filename: input/prob_4/600/00600_1 
Process 22 of 80 is on nia0079.scinet.local
Number of threads spawned : 1 
rank 22 synchronised, num workers = 79 
Exit tag received on process 22 
argc: 7, threads: 1, prob : 4, filename: input/prob_4/600/00600_1 
Process 24 of 80 is on nia0079.scinet.local
Number of threads spawned : 1 
rank 24 synchronised, num workers = 79 
Exit tag received on process 24 
argc: 7, threads: 1, prob : 4, filename: input/prob_4/600/00600_1 
Process 25 of 80 is on nia0079.scinet.local
Number of threads spawned : 1 
rank 25 synchronised, num workers = 79 
Exit tag received on process 25 
argc: 7, threads: 1, prob : 4, filename: input/prob_4/600/00600_1 
Process 27 of 80 is on nia0079.scinet.local
Number of threads spawned : 1 
rank 27 synchronised, num workers = 79 
VC = 257.....process 27, thread 0, Thu Apr  8 09:52:19 2021
rank 27 updated refValueGlobalAbsolute to 257 || 257 
rank 27, buffer size to be sent : 2053 
Exit tag received on process 27 
argc: 7, threads: 1, prob : 4, filename: input/prob_4/600/00600_1 
Process 26 of 80 is on nia0079.scinet.local
Number of threads spawned : 1 
rank 26 synchronised, num workers = 79 
Exit tag received on process 26 
argc: 7, threads: 1, prob : 4, filename: input/prob_4/600/00600_1 
Process 32 of 80 is on nia0079.scinet.local
Number of threads spawned : 1 
rank 32 synchronised, num workers = 79 
Exit tag received on process 32 
argc: 7, threads: 1, prob : 4, filename: input/prob_4/600/00600_1 
Process 30 of 80 is on nia0079.scinet.local
Number of threads spawned : 1 
rank 30 synchronised, num workers = 79 
Exit tag received on process 30 
argc: 7, threads: 1, prob : 4, filename: input/prob_4/600/00600_1 
Process 7 of 80 is on nia0079.scinet.local
Number of threads spawned : 1 
rank 7 synchronised, num workers = 79 
Exit tag received on process 7 
rank 79, thread requests: 8 



argc: 7, threads: 1, prob : 4, filename: input/prob_4/600/00600_1 
Process 19 of 80 is on nia0079.scinet.local
Number of threads spawned : 1 
rank 19 synchronised, num workers = 79 
Exit tag received on process 19 
argc: 7, threads: 1, prob : 4, filename: input/prob_4/600/00600_1 
Process 12 of 80 is on nia0079.scinet.local
Number of threads spawned : 1 
rank 12 synchronised, num workers = 79 
Exit tag received on process 12 
argc: 7, threads: 1, prob : 4, filename: input/prob_4/600/00600_1 
Process 15 of 80 is on nia0079.scinet.local
Number of threads spawned : 1 
rank 15 synchronised, num workers = 79 
Exit tag received on process 15 
argc: 7, threads: 1, prob : 4, filename: input/prob_4/600/00600_1 
Process 31 of 80 is on nia0079.scinet.local
Number of threads spawned : 1 
rank 31 synchronised, num workers = 79 
Exit tag received on process 31 
argc: 7, threads: 1, prob : 4, filename: input/prob_4/600/00600_1 
Process 55 of 80 is on nia0164.scinet.local
Number of threads spawned : 1 
rank 55 synchronised, num workers = 79 
Exit tag received on process 55 
argc: 7, threads: 1, prob : 4, filename: input/prob_4/600/00600_1 
Process 52 of 80 is on nia0164.scinet.local
Number of threads spawned : 1 
rank 52 synchronised, num workers = 79 
Exit tag received on process 52 
argc: 7, threads: 1, prob : 4, filename: input/prob_4/600/00600_1 
Process 57 of 80 is on nia0164.scinet.local
Number of threads spawned : 1 
rank 57 synchronised, num workers = 79 
Exit tag received on process 57 
argc: 7, threads: 1, prob : 4, filename: input/prob_4/600/00600_1 
Process 56 of 80 is on nia0164.scinet.local
Number of threads spawned : 1 
rank 56 synchronised, num workers = 79 
Exit tag received on process 56 
argc: 7, threads: 1, prob : 4, filename: input/prob_4/600/00600_1 
Process 50 of 80 is on nia0164.scinet.local
Number of threads spawned : 1 
rank 50 synchronised, num workers = 79 
Exit tag received on process 50 
argc: 7, threads: 1, prob : 4, filename: input/prob_4/600/00600_1 
Process 77 of 80 is on nia0164.scinet.local
Number of threads spawned : 1 
rank 77 synchronised, num workers = 79 
Exit tag received on process 77 
argc: 7, threads: 1, prob : 4, filename: input/prob_4/600/00600_1 
Process 29 of 80 is on nia0079.scinet.local
Number of threads spawned : 1 
rank 29 synchronised, num workers = 79 
Exit tag received on process 29 
argc: 7, threads: 1, prob : 4, filename: input/prob_4/600/00600_1 
Process 60 of 80 is on nia0164.scinet.local
Number of threads spawned : 1 
rank 60 synchronised, num workers = 79 
Exit tag received on process 60 
argc: 7, threads: 1, prob : 4, filename: input/prob_4/600/00600_1 
Process 62 of 80 is on nia0164.scinet.local
Number of threads spawned : 1 
rank 62 synchronised, num workers = 79 
Exit tag received on process 62 
argc: 7, threads: 1, prob : 4, filename: input/prob_4/600/00600_1 
Process 63 of 80 is on nia0164.scinet.local
Number of threads spawned : 1 
rank 63 synchronised, num workers = 79 
Exit tag received on process 63 
argc: 7, threads: 1, prob : 4, filename: input/prob_4/600/00600_1 
Process 16 of 80 is on nia0079.scinet.local
Number of threads spawned : 1 
rank 16 synchronised, num workers = 79 
Exit tag received on process 16 
argc: 7, threads: 1, prob : 4, filename: input/prob_4/600/00600_1 
Process 18 of 80 is on nia0079.scinet.local
Number of threads spawned : 1 
rank 18 synchronised, num workers = 79 
Exit tag received on process 18 
argc: 7, threads: 1, prob : 4, filename: input/prob_4/600/00600_1 
Process 11 of 80 is on nia0079.scinet.local
Number of threads spawned : 1 
rank 11 synchronised, num workers = 79 
Exit tag received on process 11 
argc: 7, threads: 1, prob : 4, filename: input/prob_4/600/00600_1 
Process 28 of 80 is on nia0079.scinet.local
Number of threads spawned : 1 
rank 28 synchronised, num workers = 79 
Exit tag received on process 28 
argc: 7, threads: 1, prob : 4, filename: input/prob_4/600/00600_1 
Process 17 of 80 is on nia0079.scinet.local
Number of threads spawned : 1 
rank 17 synchronised, num workers = 79 
Exit tag received on process 17 
argc: 7, threads: 1, prob : 4, filename: input/prob_4/600/00600_1 
Process 64 of 80 is on nia0164.scinet.local
Number of threads spawned : 1 
rank 64 synchronised, num workers = 79 
Exit tag received on process 64 
argc: 7, threads: 1, prob : 4, filename: input/prob_4/600/00600_1 
Process 67 of 80 is on nia0164.scinet.local
Number of threads spawned : 1 
rank 67 synchronised, num workers = 79 
Exit tag received on process 67 
argc: 7, threads: 1, prob : 4, filename: input/prob_4/600/00600_1 
Process 66 of 80 is on nia0164.scinet.local
Number of threads spawned : 1 
rank 66 synchronised, num workers = 79 
Exit tag received on process 66 
argc: 7, threads: 1, prob : 4, filename: input/prob_4/600/00600_1 
Process 68 of 80 is on nia0164.scinet.local
Number of threads spawned : 1 
rank 68 synchronised, num workers = 79 
Exit tag received on process 68 
argc: 7, threads: 1, prob : 4, filename: input/prob_4/600/00600_1 
Process 72 of 80 is on nia0164.scinet.local
Number of threads spawned : 1 
rank 72 synchronised, num workers = 79 
Exit tag received on process 72 
argc: 7, threads: 1, prob : 4, filename: input/prob_4/600/00600_1 
Process 70 of 80 is on nia0164.scinet.local
Number of threads spawned : 1 
rank 70 synchronised, num workers = 79 
Exit tag received on process 70 
argc: 7, threads: 1, prob : 4, filename: input/prob_4/600/00600_1 
Process 40 of 80 is on nia0164.scinet.local
Number of threads spawned : 1 
rank 40 synchronised, num workers = 79 
Exit tag received on process 40 
argc: 7, threads: 1, prob : 4, filename: input/prob_4/600/00600_1 
Process 65 of 80 is on nia0164.scinet.local
Number of threads spawned : 1 
rank 65 synchronised, num workers = 79 
Exit tag received on process 65 
argc: 7, threads: 1, prob : 4, filename: input/prob_4/600/00600_1 
Process 59 of 80 is on nia0164.scinet.local
Number of threads spawned : 1 
rank 59 synchronised, num workers = 79 
Exit tag received on process 59 
argc: 7, threads: 1, prob : 4, filename: input/prob_4/600/00600_1 
Process 58 of 80 is on nia0164.scinet.local
Number of threads spawned : 1 
rank 58 synchronised, num workers = 79 
Exit tag received on process 58 
argc: 7, threads: 1, prob : 4, filename: input/prob_4/600/00600_1 
Process 69 of 80 is on nia0164.scinet.local
Number of threads spawned : 1 
rank 69 synchronised, num workers = 79 
Exit tag received on process 69 
argc: 7, threads: 1, prob : 4, filename: input/prob_4/600/00600_1 
Process 61 of 80 is on nia0164.scinet.local
Number of threads spawned : 1 
rank 61 synchronised, num workers = 79 
Exit tag received on process 61 
argc: 7, threads: 1, prob : 4, filename: input/prob_4/600/00600_1 
Process 71 of 80 is on nia0164.scinet.local
Number of threads spawned : 1 
rank 71 synchronised, num workers = 79 
Exit tag received on process 71 
Finishing run at: Thu Apr  8 09:52:28 EDT 2021

scontrol show jobid 5120869
JobId=5120869 JobName=600_1_only_processes
   UserId=pasr1602(3102120) GroupId=mlafond(6054778) MCS_label=N/A
   Priority=1863113 Nice=0 Account=def-mlafond QOS=normal
   JobState=COMPLETED Reason=None Dependency=(null)
   Requeue=0 Restarts=0 BatchFlag=1 Reboot=0 ExitCode=0:0
   RunTime=00:00:45 TimeLimit=00:17:00 TimeMin=N/A
   SubmitTime=2021-04-08T09:51:42 EligibleTime=2021-04-08T09:51:42
   AccrueTime=2021-04-08T09:51:42
   StartTime=2021-04-08T09:51:43 EndTime=2021-04-08T09:52:28 Deadline=N/A
   SuspendTime=None SecsPreSuspend=0 LastSchedEval=2021-04-08T09:51:43
   Partition=compute AllocNode:Sid=nia-login07:82731
   ReqNodeList=(null) ExcNodeList=(null)
   NodeList=nia[0079,0164]
   BatchHost=nia0079
   NumNodes=2 NumCPUs=160 NumTasks=80 CPUs/Task=1 ReqB:S:C:T=0:0:*:*
   TRES=cpu=160,mem=350000M,node=2,billing=80
   Socks/Node=* NtasksPerN:B:S:C=40:0:*:* CoreSpec=*
   MinCPUsNode=40 MinMemoryNode=175000M MinTmpDiskNode=0
   Features=[skylake|cascade] DelayBoot=00:00:00
   OverSubscribe=NO Contiguous=0 Licenses=(null) Network=(null)
   Command=/gpfs/fs0/scratch/m/mlafond/pasr1602/library/single.sh
   WorkDir=/gpfs/fs0/scratch/m/mlafond/pasr1602/library
   StdErr=/gpfs/fs0/scratch/m/mlafond/pasr1602/library/report/600_1_only_processes-5120869.out
   StdIn=/dev/null
   StdOut=/gpfs/fs0/scratch/m/mlafond/pasr1602/library/report/600_1_only_processes-5120869.out
   Power=
   MailUser=pasr1602@usherbrooke.ca MailType=BEGIN,END,FAIL,REQUEUE

sacct -j 5120869
       JobID    JobName    Account    Elapsed  MaxVMSize     MaxRSS  SystemCPU    UserCPU ExitCode 
------------ ---------- ---------- ---------- ---------- ---------- ---------- ---------- -------- 
5120869      600_1_onl+ def-mlafo+   00:00:45                        06:00.544  14:47.617      0:0 
5120869.bat+      batch def-mlafo+   00:00:45    723556K     11868K  00:01.476  00:03.940      0:0 
5120869.ext+     extern def-mlafo+   00:00:47    138360K       880K   00:00:00  00:00.001      0:0 
5120869.0         a.out def-mlafo+   00:00:25    490708K     99560K  05:59.067  14:43.675      0:0 
