
Lmod is automatically replacing "intel/2020.1.217" with "gcc/10.2.0".


Inactive Modules:
  1) libfabric/1.10.1     2) openmpi/4.0.3     3) ucx/1.8.0

The following have been reloaded with a version change:
  1) gcccore/.9.3.0 => gcccore/.10.2.0


Activating Modules:
  1) libfabric/1.10.1     2) openmpi/4.0.5     3) ucx/1.9.0


Currently Loaded Modules:
  1) CCconfig                 5) gcccore/.10.2.0 (H)   9) libfabric/1.10.1
  2) gentoo/2020     (S)      6) gcc/10.2.0      (t)  10) openmpi/4.0.5    (m)
  3) imkl/2020.1.217 (math)   7) ucx/1.9.0
  4) StdEnv/2020     (S)      8) pmix/3.1.5

  Where:
   H:     Hidden Module
   S:     Module is Sticky, requires --force to unload or purge
   m:     MPI implementations / Implémentations MPI
   math:  Mathematical libraries / Bibliothèques mathématiques
   t:     Tools for development / Outils de développement

 

Current working directory: /lustre03/project/6054778/pasr1602/applied
Starting run at: Fri Jan  8 11:26:50 EST 2021
The threading support level corresponds to that demanded.
Process 6 of 20 is on blg8318.int.ets1.calculquebec.ca
The threading support level corresponds to that demanded.
Process 14 of 20 is on blg8331.int.ets1.calculquebec.ca
The threading support level corresponds to that demanded.
Process 9 of 20 is on blg8326.int.ets1.calculquebec.ca
The threading support level corresponds to that demanded.
Process 13 of 20 is on blg8330.int.ets1.calculquebec.ca
The threading support level corresponds to that demanded.
Process 12 of 20 is on blg8329.int.ets1.calculquebec.ca
The threading support level corresponds to that demanded.
Process 15 of 20 is on blg8333.int.ets1.calculquebec.ca
The threading support level corresponds to that demanded.
Process 16 of 20 is on blg8337.int.ets1.calculquebec.ca
The threading support level corresponds to that demanded.
Process 2 of 20 is on blg8312.int.ets1.calculquebec.ca
The threading support level corresponds to that demanded.
Process 18 of 20 is on blg8340.int.ets1.calculquebec.ca
The threading support level corresponds to that demanded.
Process 4 of 20 is on blg8316.int.ets1.calculquebec.ca
The threading support level corresponds to that demanded.
Process 5 of 20 is on blg8317.int.ets1.calculquebec.ca
The threading support level corresponds to that demanded.
Process 3 of 20 is on blg8315.int.ets1.calculquebec.ca
The threading support level corresponds to that demanded.
Process 1 of 20 is on blg8311.int.ets1.calculquebec.ca
The threading support level corresponds to that demanded.
Process 7 of 20 is on blg8320.int.ets1.calculquebec.ca
The threading support level corresponds to that demanded.
Process 10 of 20 is on blg8327.int.ets1.calculquebec.ca
The threading support level corresponds to that demanded.
Process 19 of 20 is on blg8344.int.ets1.calculquebec.ca
The threading support level corresponds to that demanded.
Process 11 of 20 is on blg8328.int.ets1.calculquebec.ca
The threading support level corresponds to that demanded.
Process 17 of 20 is on blg8339.int.ets1.calculquebec.ca
The threading support level corresponds to that demanded.
Process 8 of 20 is on blg8325.int.ets1.calculquebec.ca
The threading support level corresponds to that demanded.
Process 0 of 20 is on blg8310.int.ets1.calculquebec.ca
srun: error: blg8311: task 1: Segmentation fault (core dumped)
srun: Job step aborted: Waiting up to 62 seconds for job step to finish.
slurmstepd: error: *** STEP 15060366.0 ON blg8310 CANCELLED AT 2021-01-08T16:31:51 DUE TO TIME LIMIT ***
slurmstepd: error: *** JOB 15060366 ON blg8310 CANCELLED AT 2021-01-08T16:31:51 DUE TO TIME LIMIT ***
