
Lmod is automatically replacing "intel/2020.1.217" with "gcc/9.3.0".


Due to MODULEPATH changes, the following have been reloaded:
  1) openmpi/4.0.3


Currently Loaded Modules:
  1) CCEnv           (S)      5) StdEnv/2020    (S)   9) libfabric/1.10.1
  2) CCconfig                 6) gcccore/.9.3.0 (H)  10) openmpi/4.0.3    (m)
  3) gentoo/2020     (S)      7) gcc/9.3.0      (t)  11) boost/1.72.0     (t)
  4) imkl/2020.1.217 (math)   8) ucx/1.8.0

  Where:
   H:     Hidden Module
   S:     Module is Sticky, requires --force to unload or purge
   m:     MPI implementations / Implémentations MPI
   math:  Mathematical libraries / Bibliothèques mathématiques
   t:     Tools for development / Outils de développement

 

Current working directory: /gpfs/fs0/scratch/m/mlafond/pasr1602/library
Starting run at: Thu Apr  8 15:37:40 EDT 2021
argc: 7, threads: 1, prob : 75, filename: input/DSJC500_5 
Process 0 of 20 is on nia0920.scinet.local
Seed sent 
Termination achieved: nodes 19, busy 0 
solution received from 1, Bytes : 1958, refVal 492 
solution NOT received from rank 2
solution received from 3, Bytes : 1954, refVal 491 
solution NOT received from rank 4
solution NOT received from rank 5
solution NOT received from rank 6
solution NOT received from rank 7
solution NOT received from rank 8
solution NOT received from rank 9
solution NOT received from rank 10
solution received from 11, Bytes : 1946, refVal 489 
solution received from 12, Bytes : 1946, refVal 488 
solution NOT received from rank 13
solution NOT received from rank 14
solution received from 15, Bytes : 1951, refVal 490 
solution NOT received from rank 16
solution received from 17, Bytes : 1940, refVal 487 
solution NOT received from rank 18
solution NOT received from rank 19

 
 
*****************************************************
Elapsed time : 448.988 
argc: 7, threads: 1, prob : 75, filename: input/DSJC500_5 
Process 1 of 20 is on nia0927.scinet.local
Number of threads spawned : 1 
rank 1 synchronised, num workers = 19 
VC = 492......process 1, thread 0, Thu Apr  8 15:37:58 2021
rank 1 updated refValueGlobalAbsolute to 492 || 492 
rank 1, buffer size to be sent : 1958 
Exit tag received on process 1 
argc: 7, threads: 1, prob : 75, filename: input/DSJC500_5 
Process 3 of 20 is on nia0990.scinet.local
Number of threads spawned : 1 
rank 3 synchronised, num workers = 19 
VC = 491......process 3, thread 0, Thu Apr  8 15:37:58 2021
rank 3 updated refValueGlobalAbsolute to 491 || 491 
rank 3, buffer size to be sent : 1954 
Exit tag received on process 3 
argc: 7, threads: 1, prob : 75, filename: input/DSJC500_5 
Process 15 of 20 is on nia1427.scinet.local
Number of threads spawned : 1 
rank 15 synchronised, num workers = 19 
VC = 490.....process 15, thread 0, Thu Apr  8 15:37:58 2021
rank 15 updated refValueGlobalAbsolute to 490 || 490 
rank 15, buffer size to be sent : 1951 
Exit tag received on process 15 
argc: 7, threads: 1, prob : 75, filename: input/DSJC500_5 
Process 9 of 20 is on nia1343.scinet.local
Number of threads spawned : 1 
rank 9 synchronised, num workers = 19 
Exit tag received on process 9 
argc: 7, threads: 1, prob : 75, filename: input/DSJC500_5 
Process 8 of 20 is on nia1342.scinet.local
Number of threads spawned : 1 
rank 8 synchronised, num workers = 19 
Exit tag received on process 8 
argc: 7, threads: 1, prob : 75, filename: input/DSJC500_5 
Process 13 of 20 is on nia1391.scinet.local
Number of threads spawned : 1 
rank 13 synchronised, num workers = 19 
Exit tag received on process 13 
argc: 7, threads: 1, prob : 75, filename: input/DSJC500_5 
Process 6 of 20 is on nia1333.scinet.local
Number of threads spawned : 1 
rank 6 synchronised, num workers = 19 
Exit tag received on process 6 
argc: 7, threads: 1, prob : 75, filename: input/DSJC500_5 
Process 14 of 20 is on nia1426.scinet.local
Number of threads spawned : 1 
rank 14 synchronised, num workers = 19 
Exit tag received on process 14 
argc: 7, threads: 1, prob : 75, filename: input/DSJC500_5 
Process 18 of 20 is on nia1430.scinet.local
Number of threads spawned : 1 
rank 18 synchronised, num workers = 19 
Exit tag received on process 18 
argc: 7, threads: 1, prob : 75, filename: input/DSJC500_5 
Process 11 of 20 is on nia1347.scinet.local
Number of threads spawned : 1 
rank 11 synchronised, num workers = 19 
VC = 489.....process 11, thread 0, Thu Apr  8 15:37:58 2021
rank 11 updated refValueGlobalAbsolute to 489 || 489 
rank 11, buffer size to be sent : 1946 
Exit tag received on process 11 
argc: 7, threads: 1, prob : 75, filename: input/DSJC500_5 
Process 10 of 20 is on nia1346.scinet.local
Number of threads spawned : 1 
rank 10 synchronised, num workers = 19 
Exit tag received on process 10 
argc: 7, threads: 1, prob : 75, filename: input/DSJC500_5 
Process 12 of 20 is on nia1390.scinet.local
Number of threads spawned : 1 
rank 12 synchronised, num workers = 19 
VC = 488.....process 12, thread 0, Thu Apr  8 15:37:58 2021
rank 12 updated refValueGlobalAbsolute to 488 || 488 
rank 12, buffer size to be sent : 1946 
Exit tag received on process 12 
argc: 7, threads: 1, prob : 75, filename: input/DSJC500_5 
Process 4 of 20 is on nia1008.scinet.local
Number of threads spawned : 1 
rank 4 synchronised, num workers = 19 
Exit tag received on process 4 
argc: 7, threads: 1, prob : 75, filename: input/DSJC500_5 
Process 5 of 20 is on nia1253.scinet.local
Number of threads spawned : 1 
rank 5 synchronised, num workers = 19 
Exit tag received on process 5 
Total number of requests : 59587 
Number of approved requests : 18823 
Number of failed requests : 40764 
*****************************************************

 
 
Stream retrieved, size : 1940 
Cover size : 487 

Global pool idle time: 188.576145 seconds


tasks executed by rank 1 = 1184 
tasks executed by rank 2 = 1086 
tasks executed by rank 3 = 1287 
tasks executed by rank 4 = 1192 
tasks executed by rank 5 = 1233 
tasks executed by rank 6 = 960 
tasks executed by rank 7 = 1348 
tasks executed by rank 8 = 882 
tasks executed by rank 9 = 1081 
tasks executed by rank 10 = 790 
tasks executed by rank 11 = 1182 
tasks executed by rank 12 = 1131 
tasks executed by rank 13 = 1099 
tasks executed by rank 14 = 912 
tasks executed by rank 15 = 1012 
tasks executed by rank 16 = 1 
tasks executed by rank 17 = 825 
tasks executed by rank 18 = 748 
tasks executed by rank 19 = 870 

rank 1, thread requests: 1118 
rank 2, thread requests: 1037 
rank 3, thread requests: 1225 
rank 4, thread requests: 1153 
rank 5, thread requests: 1189 
rank 6, thread requests: 928 
rank 7, thread requests: 1306 
rank 8, thread requests: 850 
rank 9, thread requests: 1010 
rank 10, thread requests: 762 
rank 11, thread requests: 1128 
rank 12, thread requests: 1083 
rank 13, thread requests: 1068 
rank 14, thread requests: 883 
rank 15, thread requests: 969 
rank 16, thread requests: 1 
rank 17, thread requests: 785 
rank 18, thread requests: 710 
rank 19, thread requests: 851 



argc: 7, threads: 1, prob : 75, filename: input/DSJC500_5 
Process 2 of 20 is on nia0969.scinet.local
Number of threads spawned : 1 
rank 2 synchronised, num workers = 19 
Exit tag received on process 2 
argc: 7, threads: 1, prob : 75, filename: input/DSJC500_5 
Process 19 of 20 is on nia1431.scinet.local
Number of threads spawned : 1 
rank 19 synchronised, num workers = 19 
Exit tag received on process 19 
argc: 7, threads: 1, prob : 75, filename: input/DSJC500_5 
Process 17 of 20 is on nia1429.scinet.local
Number of threads spawned : 1 
rank 17 synchronised, num workers = 19 
VC = 487.....process 17, thread 0, Thu Apr  8 15:38:04 2021
rank 17 updated refValueGlobalAbsolute to 487 || 487 
rank 17, buffer size to be sent : 1940 
Exit tag received on process 17 
argc: 7, threads: 1, prob : 75, filename: input/DSJC500_5 
Process 7 of 20 is on nia1334.scinet.local
Number of threads spawned : 1 
rank 7 synchronised, num workers = 19 
Exit tag received on process 7 
argc: 7, threads: 1, prob : 75, filename: input/DSJC500_5 
Process 16 of 20 is on nia1428.scinet.local
Number of threads spawned : 1 
rank 16 synchronised, num workers = 19 
Exit tag received on process 16 
Finishing run at: Thu Apr  8 15:45:30 EDT 2021

scontrol show jobid 5121951
JobId=5121951 JobName=DSJC500_5_20nodes
   UserId=pasr1602(3102120) GroupId=mlafond(6054778) MCS_label=N/A
   Priority=1744073 Nice=0 Account=def-mlafond QOS=normal
   JobState=COMPLETING Reason=None Dependency=(null)
   Requeue=0 Restarts=0 BatchFlag=1 Reboot=0 ExitCode=0:0
   RunTime=00:08:00 TimeLimit=00:17:00 TimeMin=N/A
   SubmitTime=2021-04-08T15:37:28 EligibleTime=2021-04-08T15:37:28
   AccrueTime=2021-04-08T15:37:28
   StartTime=2021-04-08T15:37:30 EndTime=2021-04-08T15:45:30 Deadline=N/A
   SuspendTime=None SecsPreSuspend=0 LastSchedEval=2021-04-08T15:37:30
   Partition=compute AllocNode:Sid=nia-login05:302487
   ReqNodeList=(null) ExcNodeList=(null)
   NodeList=nia[0920,0927,0969,0990,1008,1333-1334,1342-1343,1346-1347,1390-1391,1426-1431]
   BatchHost=nia0920
   NumNodes=19 NumCPUs=1600 NumTasks=20 CPUs/Task=40 ReqB:S:C:T=0:0:*:*
   TRES=cpu=1600,mem=3500000M,node=20,billing=800
   Socks/Node=* NtasksPerN:B:S:C=1:0:*:* CoreSpec=*
   MinCPUsNode=40 MinMemoryNode=175000M MinTmpDiskNode=0
   Features=[skylake|cascade] DelayBoot=00:00:00
   OverSubscribe=NO Contiguous=0 Licenses=(null) Network=(null)
   Command=/gpfs/fs0/scratch/m/mlafond/pasr1602/library/job.sh
   WorkDir=/gpfs/fs0/scratch/m/mlafond/pasr1602/library
   StdErr=/gpfs/fs0/scratch/m/mlafond/pasr1602/library/report/DSJC500_5_20nodes-5121951.out
   StdIn=/dev/null
   StdOut=/gpfs/fs0/scratch/m/mlafond/pasr1602/library/report/DSJC500_5_20nodes-5121951.out
   Power=
   MailUser=pasr1602@usherbrooke.ca MailType=BEGIN,END,FAIL,REQUEUE

sacct -j 5121951
       JobID    JobName    Account    Elapsed  MaxVMSize     MaxRSS  SystemCPU    UserCPU ExitCode 
------------ ---------- ---------- ---------- ---------- ---------- ---------- ---------- -------- 
5121951      DSJC500_5+ def-mlafo+   00:08:00                        00:32.113   02:30:44      0:0 
5121951.bat+      batch def-mlafo+   00:08:00   1723084K     10216K  00:01.444  00:04.056      0:0 
5121951.ext+     extern def-mlafo+   00:08:00    138360K      1072K  00:00.004  00:00.011      0:0 
5121951.0         a.out def-mlafo+   00:07:49   2472740K   2197988K  00:30.664   02:30:39      0:0 
