
Lmod is automatically replacing "intel/2020.1.217" with "gcc/9.3.0".


Due to MODULEPATH changes, the following have been reloaded:
  1) openmpi/4.0.3


Currently Loaded Modules:
  1) CCEnv           (S)      5) StdEnv/2020    (S)   9) libfabric/1.10.1
  2) CCconfig                 6) gcccore/.9.3.0 (H)  10) openmpi/4.0.3    (m)
  3) gentoo/2020     (S)      7) gcc/9.3.0      (t)  11) boost/1.72.0     (t)
  4) imkl/2020.1.217 (math)   8) ucx/1.8.0

  Where:
   H:     Hidden Module
   S:     Module is Sticky, requires --force to unload or purge
   m:     MPI implementations / Implémentations MPI
   math:  Mathematical libraries / Bibliothèques mathématiques
   t:     Tools for development / Outils de développement

 

Current working directory: /gpfs/fs0/scratch/m/mlafond/pasr1602/library
Starting run at: Thu Apr  8 14:57:01 EDT 2021
argc: 7, threads: 4, prob : 75, filename: input/DSJC500_5 
Process 0 of 20 is on nia0306.scinet.local
Seed sent 
Termination achieved: nodes 19, busy 0 
solution received from 1, Bytes : 1958, refVal 492 
solution NOT received from rank 2
solution NOT received from rank 3
solution NOT received from rank 4
solution received from 5, Bytes : 1940, refVal 487 
solution NOT received from rank 6
solution NOT received from rank 7
solution NOT received from rank 8
solution NOT received from rank 9
solution NOT received from rank 10
solution NOT received from rank 11
solution NOT received from rank 12
solution NOT received from rank 13
solution received from 14, Bytes : 1943, refVal 488 
solution NOT received from rank 15
solution NOT received from rank 16
solution NOT received from rank 17
solution received from 18, Bytes : 1946, refVal 489 
solution received from 19, Bytes : 1951, refVal 490 

 
 
*****************************************************
Elapsed time : 275.126 
Total number of requests : 1796984 
Number of approved requests : 550744 
Number of failed requests : 1246240 
*****************************************************

 
 
Stream retrieved, size : 1940 
Cover size : 487 

Global pool idle time: 2471.620383 seconds


tasks executed by rank 1 = 38501 
tasks executed by rank 2 = 39029 
tasks executed by rank 3 = 38579 
tasks executed by rank 4 = 36511 
tasks executed by rank 5 = 24474 
tasks executed by rank 6 = 34001 
tasks executed by rank 7 = 33671 
tasks executed by rank 8 = 33392 
tasks executed by rank 9 = 32105 
tasks executed by rank 10 = 32446 
tasks executed by rank 11 = 15186 
tasks executed by rank 12 = 27104 
tasks executed by rank 13 = 28438 
tasks executed by rank 14 = 28680 
tasks executed by rank 15 = 27043 
tasks executed by rank 16 = 25399 
tasks executed by rank 17 = 27271 
tasks executed by rank 18 = 28499 
tasks executed by rank 19 = 415 

rank 1, thread requests: 196632 
rank 2, thread requests: 206662 
rank 3, thread requests: 205793 
rank 4, thread requests: 196940 
rank 5, thread requests: 123526 
rank 6, thread requests: 192015 
rank 7, thread requests: 189759 
rank 8, thread requests: 197291 
rank 9, thread requests: 191382 
rank 10, thread requests: 194604 
rank 11, thread requests: 90375 
rank 12, thread requests: 170024 
rank 13, thread requests: 180356 
rank 14, thread requests: 189730 
rank 15, thread requests: 180048 
rank 16, thread requests: 171459 
rank 17, thread requests: 188337 
rank 18, thread requests: 194924 
rank 19, thread requests: 29155 



argc: 7, threads: 4, prob : 75, filename: input/DSJC500_5 
Process 15 of 20 is on nia1197.scinet.local
Number of threads spawned : 4 
rank 15 synchronised, num workers = 19 
Exit tag received on process 15 
argc: 7, threads: 4, prob : 75, filename: input/DSJC500_5 
Process 9 of 20 is on nia0992.scinet.local
Number of threads spawned : 4 
rank 9 synchronised, num workers = 19 
Exit tag received on process 9 
argc: 7, threads: 4, prob : 75, filename: input/DSJC500_5 
Process 3 of 20 is on nia0380.scinet.local
Number of threads spawned : 4 
rank 3 synchronised, num workers = 19 
Exit tag received on process 3 
argc: 7, threads: 4, prob : 75, filename: input/DSJC500_5 
Process 7 of 20 is on nia0859.scinet.local
Number of threads spawned : 4 
rank 7 synchronised, num workers = 19 
Exit tag received on process 7 
argc: 7, threads: 4, prob : 75, filename: input/DSJC500_5 
Process 17 of 20 is on nia1320.scinet.local
Number of threads spawned : 4 
rank 17 synchronised, num workers = 19 
Exit tag received on process 17 
argc: 7, threads: 4, prob : 75, filename: input/DSJC500_5 
Process 2 of 20 is on nia0339.scinet.local
Number of threads spawned : 4 
rank 2 synchronised, num workers = 19 
Exit tag received on process 2 
argc: 7, threads: 4, prob : 75, filename: input/DSJC500_5 
Process 8 of 20 is on nia0989.scinet.local
Number of threads spawned : 4 
rank 8 synchronised, num workers = 19 
Exit tag received on process 8 
argc: 7, threads: 4, prob : 75, filename: input/DSJC500_5 
Process 13 of 20 is on nia1103.scinet.local
Number of threads spawned : 4 
rank 13 synchronised, num workers = 19 
Exit tag received on process 13 
argc: 7, threads: 4, prob : 75, filename: input/DSJC500_5 
Process 1 of 20 is on nia0333.scinet.local
Number of threads spawned : 4 
rank 1 synchronised, num workers = 19 
VC = 492......process 1, thread 0, Thu Apr  8 14:57:30 2021
rank 1 updated refValueGlobalAbsolute to 492 || 492 
rank 1, buffer size to be sent : 1958 
Exit tag received on process 1 
argc: 7, threads: 4, prob : 75, filename: input/DSJC500_5 
Process 6 of 20 is on nia0804.scinet.local
Number of threads spawned : 4 
rank 6 synchronised, num workers = 19 
Exit tag received on process 6 
argc: 7, threads: 4, prob : 75, filename: input/DSJC500_5 
Process 16 of 20 is on nia1213.scinet.local
Number of threads spawned : 4 
rank 16 synchronised, num workers = 19 
Exit tag received on process 16 
argc: 7, threads: 4, prob : 75, filename: input/DSJC500_5 
Process 18 of 20 is on nia1369.scinet.local
Number of threads spawned : 4 
rank 18 synchronised, num workers = 19 
VC = 489.....process 18, thread 2, Thu Apr  8 14:57:30 2021
rank 18 updated refValueGlobalAbsolute to 489 || 489 
rank 18, buffer size to be sent : 1946 
Exit tag received on process 18 
argc: 7, threads: 4, prob : 75, filename: input/DSJC500_5 
Process 10 of 20 is on nia1011.scinet.local
Number of threads spawned : 4 
rank 10 synchronised, num workers = 19 
Exit tag received on process 10 
argc: 7, threads: 4, prob : 75, filename: input/DSJC500_5 
Process 4 of 20 is on nia0390.scinet.local
Number of threads spawned : 4 
rank 4 synchronised, num workers = 19 
Exit tag received on process 4 
argc: 7, threads: 4, prob : 75, filename: input/DSJC500_5 
Process 12 of 20 is on nia1098.scinet.local
Number of threads spawned : 4 
rank 12 synchronised, num workers = 19 
Exit tag received on process 12 
argc: 7, threads: 4, prob : 75, filename: input/DSJC500_5 
Process 11 of 20 is on nia1044.scinet.local
Number of threads spawned : 4 
rank 11 synchronised, num workers = 19 
Exit tag received on process 11 
argc: 7, threads: 4, prob : 75, filename: input/DSJC500_5 
Process 5 of 20 is on nia0761.scinet.local
Number of threads spawned : 4 
rank 5 synchronised, num workers = 19 
VC = 487......process 5, thread 0, Thu Apr  8 14:57:31 2021
rank 5 updated refValueGlobalAbsolute to 487 || 487 
rank 5, buffer size to be sent : 1940 
Exit tag received on process 5 
argc: 7, threads: 4, prob : 75, filename: input/DSJC500_5 
Process 19 of 20 is on nia1468.scinet.local
Number of threads spawned : 4 
rank 19 synchronised, num workers = 19 
VC = 490.....process 19, thread 0, Thu Apr  8 14:57:30 2021
rank 19 updated refValueGlobalAbsolute to 490 || 490 
rank 19, buffer size to be sent : 1951 
Exit tag received on process 19 
argc: 7, threads: 4, prob : 75, filename: input/DSJC500_5 
Process 14 of 20 is on nia1133.scinet.local
Number of threads spawned : 4 
rank 14 synchronised, num workers = 19 
VC = 488.....process 14, thread 2, Thu Apr  8 14:57:30 2021
rank 14 updated refValueGlobalAbsolute to 488 || 488 
rank 14, buffer size to be sent : 1943 
Exit tag received on process 14 
Finishing run at: Thu Apr  8 15:02:08 EDT 2021

scontrol show jobid 5121850
JobId=5121850 JobName=DSJC500_5_20nodes
   UserId=pasr1602(3102120) GroupId=mlafond(6054778) MCS_label=N/A
   Priority=1748195 Nice=0 Account=def-mlafond QOS=normal
   JobState=COMPLETING Reason=None Dependency=(null)
   Requeue=0 Restarts=0 BatchFlag=1 Reboot=0 ExitCode=0:0
   RunTime=00:05:41 TimeLimit=00:17:00 TimeMin=N/A
   SubmitTime=2021-04-08T14:52:20 EligibleTime=2021-04-08T14:52:20
   AccrueTime=2021-04-08T14:52:20
   StartTime=2021-04-08T14:56:39 EndTime=2021-04-08T15:02:20 Deadline=N/A
   SuspendTime=None SecsPreSuspend=0 LastSchedEval=2021-04-08T14:56:39
   Partition=compute AllocNode:Sid=nia-login05:302487
   ReqNodeList=(null) ExcNodeList=(null)
   NodeList=nia[0306,0333,0339,0380,0390,0761,0804,0859,0989,0992,1011,1044,1098,1103,1133,1197,1213,1320,1369,1468]
   BatchHost=nia0306
   NumNodes=20 NumCPUs=1600 NumTasks=20 CPUs/Task=40 ReqB:S:C:T=0:0:*:*
   TRES=cpu=1600,mem=3500000M,node=20,billing=800
   Socks/Node=* NtasksPerN:B:S:C=1:0:*:* CoreSpec=*
   MinCPUsNode=40 MinMemoryNode=175000M MinTmpDiskNode=0
   Features=[skylake|cascade] DelayBoot=00:00:00
   OverSubscribe=NO Contiguous=0 Licenses=(null) Network=(null)
   Command=/gpfs/fs0/scratch/m/mlafond/pasr1602/library/job.sh
   WorkDir=/gpfs/fs0/scratch/m/mlafond/pasr1602/library
   StdErr=/gpfs/fs0/scratch/m/mlafond/pasr1602/library/report/DSJC500_5_20nodes-5121850.out
   StdIn=/dev/null
   StdOut=/gpfs/fs0/scratch/m/mlafond/pasr1602/library/report/DSJC500_5_20nodes-5121850.out
   Power=
   MailUser=pasr1602@usherbrooke.ca MailType=BEGIN,END,FAIL,REQUEUE

sacct -j 5121850
       JobID    JobName    Account    Elapsed  MaxVMSize     MaxRSS  SystemCPU    UserCPU ExitCode 
------------ ---------- ---------- ---------- ---------- ---------- ---------- ---------- -------- 
5121850      DSJC500_5+ def-mlafo+   00:05:41                        02:38.011   03:27:54      0:0 
5121850.bat+      batch def-mlafo+   00:05:41   1723088K     10172K  00:01.500  00:03.991      0:0 
5121850.ext+     extern def-mlafo+   00:05:41    138360K      1072K  00:00.003  00:00.013      0:0 
5121850.0         a.out def-mlafo+   00:05:00   2015112K   1664208K  02:36.507   03:27:50      0:0 
