
Lmod is automatically replacing "intel/2020.1.217" with "gcc/10.2.0".


Inactive Modules:
  1) libfabric/1.10.1     2) openmpi/4.0.3     3) ucx/1.8.0

The following have been reloaded with a version change:
  1) gcccore/.9.3.0 => gcccore/.10.2.0


Activating Modules:
  1) libfabric/1.10.1     2) openmpi/4.0.5     3) ucx/1.9.0


Currently Loaded Modules:
  1) CCEnv           (S)      5) StdEnv/2020     (S)   9) pmix/3.1.5
  2) CCconfig                 6) gcccore/.10.2.0 (H)  10) libfabric/1.10.1
  3) gentoo/2020     (S)      7) gcc/10.2.0      (t)  11) openmpi/4.0.5    (m)
  4) imkl/2020.1.217 (math)   8) ucx/1.9.0

  Where:
   H:     Hidden Module
   S:     Module is Sticky, requires --force to unload or purge
   m:     MPI implementations / Implémentations MPI
   math:  Mathematical libraries / Bibliothèques mathématiques
   t:     Tools for development / Outils de développement

 

Current working directory: /gpfs/fs0/scratch/m/mlafond/pasr1602/library
Starting run at: Wed Mar 24 13:49:44 EDT 2021
argc: 7, threads: 40, prob : 50, filename: input/DSJC500_5 
Process 2 of 20 is on nia0964.scinet.local
rank 2 synchronised, num nodes = 19 
VC = 488.....process 2, thread 25, Wed Mar 24 13:49:53 2021
rank 2 updated refValueGlobalAbsolute to 488 || 488 
rank 2, buffer size to be sent : 2032 
VC = 487.....process 2, thread 23, Wed Mar 24 13:49:54 2021
rank 2 updated refValueGlobalAbsolute to 487 || 487 
rank 2, buffer size to be sent : 2028 
Exit tag received on process 2 
argc: 7, threads: 40, prob : 50, filename: input/DSJC500_5 
Process 14 of 20 is on nia0976.scinet.local
rank 14 synchronised, num nodes = 19 
Exit tag received on process 14 
argc: 7, threads: 40, prob : 50, filename: input/DSJC500_5 
Process 0 of 20 is on nia0089.scinet.local
Seed sent 
Termination achieved: nodes 19, busy 0 
solution NOT received from rank 1
solution received from 2, Bytes : 2028, refVal 487 
solution NOT received from rank 3
solution NOT received from rank 4
solution received from 5, Bytes : 2036, refVal 489 
solution NOT received from rank 6
solution NOT received from rank 7
solution NOT received from rank 8
solution NOT received from rank 9
solution NOT received from rank 10
solution NOT received from rank 11
solution NOT received from rank 12
solution received from 13, Bytes : 2056, refVal 494 
solution NOT received from rank 14
solution NOT received from rank 15
solution received from 16, Bytes : 2052, refVal 493 
solution NOT received from rank 17
solution NOT received from rank 18
solution received from 19, Bytes : 2040, refVal 490 

 
 
*****************************************************
Elapsed time : 40.311 
Total number of requests : 230677 
Number of approved requests : 137746 
Number of failed requests : 92931 
*****************************************************

 
 
Stream retrieved, size : 2028 
Cover size : 487 

Global pool idle time: 617.718268 seconds


argc: 7, threads: 40, prob : 50, filename: input/DSJC500_5 
Process 10 of 20 is on nia0972.scinet.local
rank 10 synchronised, num nodes = 19 
Exit tag received on process 10 
argc: 7, threads: 40, prob : 50, filename: input/DSJC500_5 
Process 9 of 20 is on nia0971.scinet.local
rank 9 synchronised, num nodes = 19 
Exit tag received on process 9 
argc: 7, threads: 40, prob : 50, filename: input/DSJC500_5 
Process 15 of 20 is on nia0977.scinet.local
rank 15 synchronised, num nodes = 19 
Exit tag received on process 15 
argc: 7, threads: 40, prob : 50, filename: input/DSJC500_5 
Process 19 of 20 is on nia0981.scinet.local
rank 19 synchronised, num nodes = 19 
VC = 490.....process 19, thread 8, Wed Mar 24 13:49:53 2021
rank 19 updated refValueGlobalAbsolute to 490 || 490 
rank 19, buffer size to be sent : 2040 
Exit tag received on process 19 
argc: 7, threads: 40, prob : 50, filename: input/DSJC500_5 
Process 12 of 20 is on nia0974.scinet.local
rank 12 synchronised, num nodes = 19 
Exit tag received on process 12 
argc: 7, threads: 40, prob : 50, filename: input/DSJC500_5 
Process 13 of 20 is on nia0975.scinet.local
rank 13 synchronised, num nodes = 19 
VC = 494.....process 13, thread 0, Wed Mar 24 13:49:53 2021
rank 13 updated refValueGlobalAbsolute to 494 || 494 
rank 13, buffer size to be sent : 2056 
Exit tag received on process 13 
argc: 7, threads: 40, prob : 50, filename: input/DSJC500_5 
Process 7 of 20 is on nia0969.scinet.local
rank 7 synchronised, num nodes = 19 
Exit tag received on process 7 
argc: 7, threads: 40, prob : 50, filename: input/DSJC500_5 
Process 17 of 20 is on nia0979.scinet.local
rank 17 synchronised, num nodes = 19 
Exit tag received on process 17 
argc: 7, threads: 40, prob : 50, filename: input/DSJC500_5 
Process 1 of 20 is on nia0963.scinet.local
rank 1 synchronised, num nodes = 19 
Exit tag received on process 1 
argc: 7, threads: 40, prob : 50, filename: input/DSJC500_5 
Process 11 of 20 is on nia0973.scinet.local
rank 11 synchronised, num nodes = 19 
Exit tag received on process 11 
argc: 7, threads: 40, prob : 50, filename: input/DSJC500_5 
Process 4 of 20 is on nia0966.scinet.local
rank 4 synchronised, num nodes = 19 
Exit tag received on process 4 
argc: 7, threads: 40, prob : 50, filename: input/DSJC500_5 
Process 18 of 20 is on nia0980.scinet.local
rank 18 synchronised, num nodes = 19 
Exit tag received on process 18 
argc: 7, threads: 40, prob : 50, filename: input/DSJC500_5 
Process 8 of 20 is on nia0970.scinet.local
rank 8 synchronised, num nodes = 19 
Exit tag received on process 8 
argc: 7, threads: 40, prob : 50, filename: input/DSJC500_5 
Process 3 of 20 is on nia0965.scinet.local
rank 3 synchronised, num nodes = 19 
Exit tag received on process 3 
argc: 7, threads: 40, prob : 50, filename: input/DSJC500_5 
Process 16 of 20 is on nia0978.scinet.local
rank 16 synchronised, num nodes = 19 
VC = 493.....process 16, thread 0, Wed Mar 24 13:49:53 2021
rank 16 updated refValueGlobalAbsolute to 493 || 493 
rank 16, buffer size to be sent : 2052 
Exit tag received on process 16 
argc: 7, threads: 40, prob : 50, filename: input/DSJC500_5 
Process 5 of 20 is on nia0967.scinet.local
rank 5 synchronised, num nodes = 19 
VC = 491......process 5, thread 5, Wed Mar 24 13:49:53 2021
rank 5 updated refValueGlobalAbsolute to 491 || 491 
rank 5, buffer size to be sent : 2044 
VC = 489.....process 5, thread 39, Wed Mar 24 13:49:53 2021
rank 5 updated refValueGlobalAbsolute to 489 || 489 
rank 5, buffer size to be sent : 2036 
Exit tag received on process 5 
argc: 7, threads: 40, prob : 50, filename: input/DSJC500_5 
Process 6 of 20 is on nia0968.scinet.local
rank 6 synchronised, num nodes = 19 
Exit tag received on process 6 
Finishing run at: Wed Mar 24 13:50:35 EDT 2021

scontrol show jobid 5041725
JobId=5041725 JobName=DSJC500_5_20_nodes
   UserId=pasr1602(3102120) GroupId=mlafond(6054778) MCS_label=N/A
   Priority=1677128 Nice=0 Account=def-mlafond QOS=normal
   JobState=COMPLETING Reason=None Dependency=(null)
   Requeue=0 Restarts=0 BatchFlag=1 Reboot=0 ExitCode=0:0
   RunTime=00:01:10 TimeLimit=00:30:00 TimeMin=N/A
   SubmitTime=2021-03-24T13:39:34 EligibleTime=2021-03-24T13:39:34
   AccrueTime=2021-03-24T13:39:34
   StartTime=2021-03-24T13:49:25 EndTime=2021-03-24T13:50:35 Deadline=N/A
   SuspendTime=None SecsPreSuspend=0 LastSchedEval=2021-03-24T13:49:25
   Partition=compute AllocNode:Sid=nia-login01:37785
   ReqNodeList=(null) ExcNodeList=(null)
   NodeList=nia[0089,0963-0981]
   BatchHost=nia0089
   NumNodes=20 NumCPUs=1600 NumTasks=20 CPUs/Task=40 ReqB:S:C:T=0:0:*:*
   TRES=cpu=1600,mem=3500000M,node=20,billing=800
   Socks/Node=* NtasksPerN:B:S:C=1:0:*:* CoreSpec=*
   MinCPUsNode=40 MinMemoryNode=175000M MinTmpDiskNode=0
   Features=[skylake|cascade] DelayBoot=00:00:00
   OverSubscribe=NO Contiguous=0 Licenses=(null) Network=(null)
   Command=/gpfs/fs0/scratch/m/mlafond/pasr1602/library/job.sh
   WorkDir=/gpfs/fs0/scratch/m/mlafond/pasr1602/library
   StdErr=/gpfs/fs0/scratch/m/mlafond/pasr1602/library/report/DSJC500_5_20_nodes-5041725.out
   StdIn=/dev/null
   StdOut=/gpfs/fs0/scratch/m/mlafond/pasr1602/library/report/DSJC500_5_20_nodes-5041725.out
   Power=
   MailUser=pasr1602@usherbrooke.ca MailType=BEGIN,END,FAIL,REQUEUE

sacct -j 5041725
       JobID    JobName    Account    Elapsed  MaxVMSize     MaxRSS  SystemCPU    UserCPU ExitCode 
------------ ---------- ---------- ---------- ---------- ---------- ---------- ---------- -------- 
5041725      DSJC500_5+ def-mlafo+   00:01:10                        01:47.015  48:18.506      0:0 
5041725.bat+      batch def-mlafo+   00:01:10   1723044K     10108K  00:01.361  00:03.642      0:0 
5041725.ext+     extern def-mlafo+   00:01:10    138360K      1072K  00:00.004  00:00.011      0:0 
5041725.0         a.out def-mlafo+   00:00:51   6012844K   3916560K  01:45.649  48:14.851      0:0 

kernel messages produced during job executions:
[Mar24 12:25] mlx5_core 0000:06:00.0: mlx5_core_get_rsc:63:(pid 0): Async event for bogus resource 0x1efca
[  +0.011414] mlx5_core 0000:06:00.0: mlx5_core_get_rsc:63:(pid 0): Async event for bogus resource 0x1efcb
[  +0.011360] mlx5_core 0000:06:00.0: mlx5_core_get_rsc:63:(pid 0): Async event for bogus resource 0x1efcc
[  +0.011321] mlx5_core 0000:06:00.0: mlx5_core_get_rsc:63:(pid 0): Async event for bogus resource 0x1efcd
[  +0.011308] mlx5_core 0000:06:00.0: mlx5_core_get_rsc:63:(pid 0): Async event for bogus resource 0x1efce
[  +0.011298] mlx5_core 0000:06:00.0: mlx5_core_get_rsc:63:(pid 0): Async event for bogus resource 0x1efcf
[  +0.011278] mlx5_core 0000:06:00.0: mlx5_core_get_rsc:63:(pid 0): Async event for bogus resource 0x1efd0
[  +0.011269] mlx5_core 0000:06:00.0: mlx5_core_get_rsc:63:(pid 0): Async event for bogus resource 0x1efd1
[  +0.011250] mlx5_core 0000:06:00.0: mlx5_core_get_rsc:63:(pid 0): Async event for bogus resource 0x1efd2
[  +0.011232] mlx5_core 0000:06:00.0: mlx5_core_get_rsc:63:(pid 0): Async event for bogus resource 0x1efd3
[  +0.011219] mlx5_core 0000:06:00.0: mlx5_core_get_rsc:63:(pid 0): Async event for bogus resource 0x1efd4
[  +0.011204] mlx5_core 0000:06:00.0: mlx5_core_get_rsc:63:(pid 0): Async event for bogus resource 0x1efd5
[  +0.011187] mlx5_core 0000:06:00.0: mlx5_core_get_rsc:63:(pid 0): Async event for bogus resource 0x1efd6
[  +0.011163] mlx5_core 0000:06:00.0: mlx5_core_get_rsc:63:(pid 0): Async event for bogus resource 0x1efd7
[  +0.011140] mlx5_core 0000:06:00.0: mlx5_core_get_rsc:63:(pid 0): Async event for bogus resource 0x1efd8
[  +0.011120] mlx5_core 0000:06:00.0: mlx5_core_get_rsc:63:(pid 0): Async event for bogus resource 0x1efd9
[  +0.011111] mlx5_core 0000:06:00.0: mlx5_core_get_rsc:63:(pid 0): Async event for bogus resource 0x1efda
[  +0.011095] mlx5_core 0000:06:00.0: mlx5_core_get_rsc:63:(pid 0): Async event for bogus resource 0x1efdb
[  +0.011069] mlx5_core 0000:06:00.0: mlx5_core_get_rsc:63:(pid 0): Async event for bogus resource 0x1efdc
[  +0.011051] mlx5_core 0000:06:00.0: mlx5_core_get_rsc:63:(pid 0): Async event for bogus resource 0x1efdd
[  +0.059178] mlx5_core 0000:06:00.0: mlx5_core_get_rsc:63:(pid 0): Async event for bogus resource 0x1efb6
[  +0.011039] mlx5_core 0000:06:00.0: mlx5_core_get_rsc:63:(pid 0): Async event for bogus resource 0x1efb7
[  +0.011017] mlx5_core 0000:06:00.0: mlx5_core_get_rsc:63:(pid 0): Async event for bogus resource 0x1efb8
[  +0.011005] mlx5_core 0000:06:00.0: mlx5_core_get_rsc:63:(pid 0): Async event for bogus resource 0x1efb9
[  +0.010996] mlx5_core 0000:06:00.0: mlx5_core_get_rsc:63:(pid 0): Async event for bogus resource 0x1efba
[  +0.010983] mlx5_core 0000:06:00.0: mlx5_core_get_rsc:63:(pid 0): Async event for bogus resource 0x1efbb
[  +0.010983] mlx5_core 0000:06:00.0: mlx5_core_get_rsc:63:(pid 0): Async event for bogus resource 0x1efbc
[  +0.010977] mlx5_core 0000:06:00.0: mlx5_core_get_rsc:63:(pid 0): Async event for bogus resource 0x1efbd
[  +0.010967] mlx5_core 0000:06:00.0: mlx5_core_get_rsc:63:(pid 0): Async event for bogus resource 0x1efbe
[  +0.010963] mlx5_core 0000:06:00.0: mlx5_core_get_rsc:63:(pid 0): Async event for bogus resource 0x1efde
[  +0.010950] mlx5_core 0000:06:00.0: mlx5_core_get_rsc:63:(pid 0): Async event for bogus resource 0x1efdf
[  +0.010942] mlx5_core 0000:06:00.0: mlx5_core_get_rsc:63:(pid 0): Async event for bogus resource 0x1efe0
[  +0.010935] mlx5_core 0000:06:00.0: mlx5_core_get_rsc:63:(pid 0): Async event for bogus resource 0x1efe1
[  +0.010928] mlx5_core 0000:06:00.0: mlx5_core_get_rsc:63:(pid 0): Async event for bogus resource 0x1efe2
[  +0.010921] mlx5_core 0000:06:00.0: mlx5_core_get_rsc:63:(pid 0): Async event for bogus resource 0x1efe3
[  +0.010914] mlx5_core 0000:06:00.0: mlx5_core_get_rsc:63:(pid 0): Async event for bogus resource 0x1efe4
[  +0.010914] mlx5_core 0000:06:00.0: mlx5_core_get_rsc:63:(pid 0): Async event for bogus resource 0x1efe5
[  +0.010902] mlx5_core 0000:06:00.0: mlx5_core_get_rsc:63:(pid 0): Async event for bogus resource 0x1efe6
[  +0.010901] mlx5_core 0000:06:00.0: mlx5_core_get_rsc:63:(pid 0): Async event for bogus resource 0x1efe7
[  +0.010894] mlx5_core 0000:06:00.0: mlx5_core_get_rsc:63:(pid 0): Async event for bogus resource 0x1efe8
