
Lmod is automatically replacing "intel/2020.1.217" with "gcc/9.3.0".


Due to MODULEPATH changes, the following have been reloaded:
  1) openmpi/4.0.3


Currently Loaded Modules:
  1) CCEnv           (S)      5) StdEnv/2020    (S)   9) libfabric/1.10.1
  2) CCconfig                 6) gcccore/.9.3.0 (H)  10) openmpi/4.0.3    (m)
  3) gentoo/2020     (S)      7) gcc/9.3.0      (t)  11) boost/1.72.0     (t)
  4) imkl/2020.1.217 (math)   8) ucx/1.8.0

  Where:
   H:     Hidden Module
   S:     Module is Sticky, requires --force to unload or purge
   m:     MPI implementations / Implémentations MPI
   math:  Mathematical libraries / Bibliothèques mathématiques
   t:     Tools for development / Outils de développement

 

Current working directory: /gpfs/fs0/scratch/m/mlafond/pasr1602/library
Starting run at: Thu Apr  8 11:12:28 EDT 2021
argc: 7, threads: 40, prob : 4, filename: input/DSJC500_5 
Process 0 of 10 is on nia0204.scinet.local
Seed sent 
Termination achieved: nodes 9, busy 0 
solution received from 1, Bytes : 1958, refVal 492 
solution received from 2, Bytes : 1946, refVal 488 
solution NOT received from rank 3
solution NOT received from rank 4
solution NOT received from rank 5
solution received from 6, Bytes : 1946, refVal 489 
solution received from 7, Bytes : 1940, refVal 487 
solution NOT received from rank 8
solution NOT received from rank 9

 
 
*****************************************************
Elapsed time : 71.193 
Total number of requests : 178355 
Number of approved requests : 98427 
Number of failed requests : 79928 
*****************************************************

 
 
Stream retrieved, size : 1940 
Cover size : 487 

Global pool idle time: 395.084757 seconds


tasks executed by rank 1 = 14142 
tasks executed by rank 2 = 1 
tasks executed by rank 3 = 11654 
tasks executed by rank 4 = 11583 
argc: 7, threads: 40, prob : 4, filename: input/DSJC500_5 
Process 8 of 10 is on nia0809.scinet.local
Number of threads spawned : 40 
rank 8 synchronised, num workers = 9 
Exit tag received on process 8 
argc: 7, threads: 40, prob : 4, filename: input/DSJC500_5 
Process 5 of 10 is on nia0521.scinet.local
Number of threads spawned : 40 
rank 5 synchronised, num workers = 9 
Exit tag received on process 5 
tasks executed by rank 5 = 14030 
tasks executed by rank 6 = 11122 
tasks executed by rank 7 = 12395 
tasks executed by rank 8 = 11512 
tasks executed by rank 9 = 11988 

rank 1, thread requests: 367801 
rank 2, thread requests: 24166 
rank 3, thread requests: 337730 
rank 4, thread requests: 373343 
rank 5, thread requests: 401076 
rank 6, thread requests: 382330 
rank 7, thread requests: 427843 
rank 8, thread requests: 423166 
rank 9, thread requests: 409756 



argc: 7, threads: 40, prob : 4, filename: input/DSJC500_5 
Process 9 of 10 is on nia0810.scinet.local
Number of threads spawned : 40 
rank 9 synchronised, num workers = 9 
Exit tag received on process 9 
argc: 7, threads: 40, prob : 4, filename: input/DSJC500_5 
Process 7 of 10 is on nia0603.scinet.local
Number of threads spawned : 40 
rank 7 synchronised, num workers = 9 
VC = 491.....process 7, thread 24, Thu Apr  8 11:13:55 2021
rank 7 updated refValueGlobalAbsolute to 491 || 491 
rank 7, buffer size to be sent : 1955 
VC = 487.....process 7, thread 15, Thu Apr  8 11:13:58 2021
rank 7 updated refValueGlobalAbsolute to 487 || 487 
rank 7, buffer size to be sent : 1940 
Exit tag received on process 7 
argc: 7, threads: 40, prob : 4, filename: input/DSJC500_5 
Process 6 of 10 is on nia0602.scinet.local
Number of threads spawned : 40 
rank 6 synchronised, num workers = 9 
VC = 490......process 6, thread 3, Thu Apr  8 11:13:55 2021
rank 6 updated refValueGlobalAbsolute to 490 || 490 
rank 6, buffer size to be sent : 1951 
VC = 489.....process 6, thread 25, Thu Apr  8 11:13:56 2021
rank 6 updated refValueGlobalAbsolute to 489 || 489 
rank 6, buffer size to be sent : 1946 
Exit tag received on process 6 
argc: 7, threads: 40, prob : 4, filename: input/DSJC500_5 
Process 1 of 10 is on nia0216.scinet.local
Number of threads spawned : 40 
rank 1 synchronised, num workers = 9 
VC = 492.....process 1, thread 14, Thu Apr  8 11:13:55 2021
rank 1 updated refValueGlobalAbsolute to 492 || 492 
rank 1, buffer size to be sent : 1958 
Exit tag received on process 1 
argc: 7, threads: 40, prob : 4, filename: input/DSJC500_5 
Process 4 of 10 is on nia0234.scinet.local
Number of threads spawned : 40 
rank 4 synchronised, num workers = 9 
Exit tag received on process 4 
argc: 7, threads: 40, prob : 4, filename: input/DSJC500_5 
Process 3 of 10 is on nia0230.scinet.local
Number of threads spawned : 40 
rank 3 synchronised, num workers = 9 
Exit tag received on process 3 
argc: 7, threads: 40, prob : 4, filename: input/DSJC500_5 
Process 2 of 10 is on nia0219.scinet.local
Number of threads spawned : 40 
rank 2 synchronised, num workers = 9 
VC = 488.....process 2, thread 26, Thu Apr  8 11:13:56 2021
rank 2 updated refValueGlobalAbsolute to 488 || 488 
rank 2, buffer size to be sent : 1946 
Exit tag received on process 2 
Finishing run at: Thu Apr  8 11:15:09 EDT 2021

scontrol show jobid 5121037
JobId=5121037 JobName=DSJC500_5_10nodes
   UserId=pasr1602(3102120) GroupId=mlafond(6054778) MCS_label=N/A
   Priority=1874671 Nice=0 Account=def-mlafond QOS=normal
   JobState=COMPLETING Reason=None Dependency=(null)
   Requeue=0 Restarts=0 BatchFlag=1 Reboot=0 ExitCode=0:0
   RunTime=00:02:55 TimeLimit=00:17:00 TimeMin=N/A
   SubmitTime=2021-04-08T11:08:17 EligibleTime=2021-04-08T11:08:17
   AccrueTime=2021-04-08T11:08:17
   StartTime=2021-04-08T11:12:14 EndTime=2021-04-08T11:15:09 Deadline=N/A
   SuspendTime=None SecsPreSuspend=0 LastSchedEval=2021-04-08T11:12:14
   Partition=compute AllocNode:Sid=nia-login07:82731
   ReqNodeList=(null) ExcNodeList=(null)
   NodeList=nia[0204,0216,0219,0230,0234,0521,0602-0603,0809-0810]
   BatchHost=nia0204
   NumNodes=10 NumCPUs=800 NumTasks=10 CPUs/Task=40 ReqB:S:C:T=0:0:*:*
   TRES=cpu=800,mem=1750000M,node=10,billing=400
   Socks/Node=* NtasksPerN:B:S:C=1:0:*:* CoreSpec=*
   MinCPUsNode=40 MinMemoryNode=175000M MinTmpDiskNode=0
   Features=[skylake|cascade] DelayBoot=00:00:00
   OverSubscribe=NO Contiguous=0 Licenses=(null) Network=(null)
   Command=/gpfs/fs0/scratch/m/mlafond/pasr1602/library/job.sh
   WorkDir=/gpfs/fs0/scratch/m/mlafond/pasr1602/library
   StdErr=/gpfs/fs0/scratch/m/mlafond/pasr1602/library/report/DSJC500_5_10nodes-5121037.out
   StdIn=/dev/null
   StdOut=/gpfs/fs0/scratch/m/mlafond/pasr1602/library/report/DSJC500_5_10nodes-5121037.out
   Power=
   MailUser=pasr1602@usherbrooke.ca MailType=BEGIN,END,FAIL,REQUEUE

sacct -j 5121037
       JobID    JobName    Account    Elapsed  MaxVMSize     MaxRSS  SystemCPU    UserCPU ExitCode 
------------ ---------- ---------- ---------- ---------- ---------- ---------- ---------- -------- 
5121037      DSJC500_5+ def-mlafo+   00:02:55                        02:04.038   01:24:16      0:0 
5121037.bat+      batch def-mlafo+   00:02:55   1057444K      9536K  00:01.399  00:03.958      0:0 
5121037.ext+     extern def-mlafo+   00:02:56    138360K      1068K  00:00.001  00:00.006      0:0 
5121037.0         a.out def-mlafo+   00:02:40   9497532K   7859772K  02:02.636   01:24:12      0:0 
