
Lmod is automatically replacing "intel/2020.1.217" with "gcc/10.2.0".


Inactive Modules:
  1) libfabric/1.10.1     2) openmpi/4.0.3     3) ucx/1.8.0

The following have been reloaded with a version change:
  1) gcccore/.9.3.0 => gcccore/.10.2.0


Activating Modules:
  1) libfabric/1.10.1     2) openmpi/4.0.5     3) ucx/1.9.0

gcc (GCC) 10.2.0
Copyright (C) 2020 Free Software Foundation, Inc.
This is free software; see the source for copying conditions.  There is NO
warranty; not even for MERCHANTABILITY or FITNESS FOR A PARTICULAR PURPOSE.

Current working directory: /gpfs/fs0/scratch/m/mlafond/pasr1602/library
Starting run at: Wed Mar 24 14:06:21 EDT 2021
argc: 7, threads: 40, prob : 50, filename: input/DSJC500_5 
Process 0 of 2 is on nia0229.scinet.local
Seed sent 
Termination achieved: nodes 1, busy 0 
solution received from 1, Bytes : 2028, refVal 487 

 
 
*****************************************************
Elapsed time : 66.507 
Total number of requests : 0 
Number of approved requests : 0 
Number of failed requests : 0 
*****************************************************

 
 
Stream retrieved, size : 2028 
Cover size : 487 

Global pool idle time: 0.876457 seconds


argc: 7, threads: 40, prob : 50, filename: input/DSJC500_5 
Process 1 of 2 is on nia0229.scinet.local
rank 1 synchronised, num nodes = 0 
VC = 492......process 1, thread 0, Wed Mar 24 14:06:27 2021
rank 1 updated refValueGlobalAbsolute to 492 || 492 
rank 1, buffer size to be sent : 2048 
VC = 491.....process 1, thread 26, Wed Mar 24 14:06:27 2021
rank 1 updated refValueGlobalAbsolute to 491 || 491 
rank 1, buffer size to be sent : 2044 
VC = 490.....process 1, thread 19, Wed Mar 24 14:06:27 2021
rank 1 updated refValueGlobalAbsolute to 490 || 490 
rank 1, buffer size to be sent : 2040 
VC = 489.....process 1, thread 30, Wed Mar 24 14:06:27 2021
rank 1 updated refValueGlobalAbsolute to 489 || 489 
rank 1, buffer size to be sent : 2036 
VC = 488.....process 1, thread 31, Wed Mar 24 14:06:27 2021
rank 1 updated refValueGlobalAbsolute to 488 || 488 
rank 1, buffer size to be sent : 2032 
VC = 487......process 1, thread 4, Wed Mar 24 14:06:31 2021
rank 1 updated refValueGlobalAbsolute to 487 || 487 
rank 1, buffer size to be sent : 2028 
Exit tag received on process 1 
Finishing run at: Wed Mar 24 14:07:34 EDT 2021

scontrol show jobid 5041867
JobId=5041867 JobName=DSJC500_5_1_node
   UserId=pasr1602(3102120) GroupId=mlafond(6054778) MCS_label=N/A
   Priority=1676533 Nice=0 Account=def-mlafond QOS=normal
   JobState=COMPLETING Reason=None Dependency=(null)
   Requeue=0 Restarts=0 BatchFlag=1 Reboot=0 ExitCode=0:0
   RunTime=00:01:31 TimeLimit=00:17:00 TimeMin=N/A
   SubmitTime=2021-03-24T14:06:01 EligibleTime=2021-03-24T14:06:01
   AccrueTime=2021-03-24T14:06:01
   StartTime=2021-03-24T14:06:04 EndTime=2021-03-24T14:07:35 Deadline=N/A
   SuspendTime=None SecsPreSuspend=0 LastSchedEval=2021-03-24T14:06:04
   Partition=compute AllocNode:Sid=nia-login01:37785
   ReqNodeList=(null) ExcNodeList=(null)
   NodeList=nia0229
   BatchHost=nia0229
   NumNodes=1 NumCPUs=80 NumTasks=2 CPUs/Task=40 ReqB:S:C:T=0:0:*:*
   TRES=cpu=80,mem=175000M,node=1,billing=40
   Socks/Node=* NtasksPerN:B:S:C=2:0:*:* CoreSpec=*
   MinCPUsNode=80 MinMemoryNode=175000M MinTmpDiskNode=0
   Features=[skylake|cascade] DelayBoot=00:00:00
   OverSubscribe=NO Contiguous=0 Licenses=(null) Network=(null)
   Command=/gpfs/fs0/scratch/m/mlafond/pasr1602/library/single.sh
   WorkDir=/gpfs/fs0/scratch/m/mlafond/pasr1602/library
   StdErr=/gpfs/fs0/scratch/m/mlafond/pasr1602/library/report/DSJC500_5_1_node-5041867.out
   StdIn=/dev/null
   StdOut=/gpfs/fs0/scratch/m/mlafond/pasr1602/library/report/DSJC500_5_1_node-5041867.out
   Power=
   MailUser=pasr1602@usherbrooke.ca MailType=BEGIN,END,FAIL,REQUEUE

sacct -j 5041867
       JobID    JobName    Account    Elapsed  MaxVMSize     MaxRSS  SystemCPU    UserCPU ExitCode 
------------ ---------- ---------- ---------- ---------- ---------- ---------- ---------- -------- 
5041867      DSJC500_5+ def-mlafo+   00:01:31                        00:46.563  28:52.292      0:0 
5041867.bat+      batch def-mlafo+   00:01:31    523860K      9236K  00:01.262  00:03.556      0:0 
5041867.ext+     extern def-mlafo+   00:01:31    138360K      1064K   00:00:00   00:00:00      0:0 
5041867.0         a.out def-mlafo+   00:01:14   6456672K   4255892K  00:45.300  28:48.735      0:0 
