
Lmod is automatically replacing "intel/2020.1.217" with "gcc/10.2.0".


Inactive Modules:
  1) libfabric/1.10.1     2) openmpi/4.0.3     3) ucx/1.8.0

The following have been reloaded with a version change:
  1) gcccore/.9.3.0 => gcccore/.10.2.0


Activating Modules:
  1) libfabric/1.10.1     2) openmpi/4.0.5     3) ucx/1.9.0


Currently Loaded Modules:
  1) CCEnv           (S)      5) StdEnv/2020     (S)   9) pmix/3.1.5
  2) CCconfig                 6) gcccore/.10.2.0 (H)  10) libfabric/1.10.1
  3) gentoo/2020     (S)      7) gcc/10.2.0      (t)  11) openmpi/4.0.5    (m)
  4) imkl/2020.1.217 (math)   8) ucx/1.9.0

  Where:
   H:     Hidden Module
   S:     Module is Sticky, requires --force to unload or purge
   m:     MPI implementations / Implémentations MPI
   math:  Mathematical libraries / Bibliothèques mathématiques
   t:     Tools for development / Outils de développement

 

Current working directory: /gpfs/fs0/scratch/m/mlafond/pasr1602/library
Starting run at: Wed Mar 24 13:39:22 EDT 2021
argc: 7, threads: 40, prob : 50, filename: input/DSJC500_5 
Process 0 of 5 is on nia0053.scinet.local
Seed sent 
Termination achieved: nodes 4, busy 0 
solution received from 1, Bytes : 2044, refVal 491 
solution received from 2, Bytes : 2028, refVal 487 
solution NOT received from rank 3
solution received from 4, Bytes : 2036, refVal 489 

 
 
*****************************************************
Elapsed time : 49.609 
Total number of requests : 9374 
Number of approved requests : 7596 
Number of failed requests : 1778 
*****************************************************

 
 
Stream retrieved, size : 2028 
Cover size : 487 

Global pool idle time: 84.869045 seconds


argc: 7, threads: 40, prob : 50, filename: input/DSJC500_5 
Process 4 of 5 is on nia1367.scinet.local
rank 4 synchronised, num nodes = 4 
VC = 490.....process 4, thread 12, Wed Mar 24 13:39:32 2021
rank 4 updated refValueGlobalAbsolute to 490 || 490 
rank 4, buffer size to be sent : 2040 
VC = 489......process 4, thread 8, Wed Mar 24 13:39:32 2021
rank 4 updated refValueGlobalAbsolute to 489 || 489 
rank 4, buffer size to be sent : 2036 
Exit tag received on process 4 
argc: 7, threads: 40, prob : 50, filename: input/DSJC500_5 
Process 3 of 5 is on nia1366.scinet.local
rank 3 synchronised, num nodes = 4 
Exit tag received on process 3 
argc: 7, threads: 40, prob : 50, filename: input/DSJC500_5 
Process 2 of 5 is on nia1220.scinet.local
rank 2 synchronised, num nodes = 4 
VC = 488.....process 2, thread 27, Wed Mar 24 13:39:32 2021
rank 2 updated refValueGlobalAbsolute to 488 || 488 
rank 2, buffer size to be sent : 2032 
VC = 487......process 2, thread 2, Wed Mar 24 13:39:34 2021
rank 2 updated refValueGlobalAbsolute to 487 || 487 
rank 2, buffer size to be sent : 2028 
Exit tag received on process 2 
argc: 7, threads: 40, prob : 50, filename: input/DSJC500_5 
Process 1 of 5 is on nia0504.scinet.local
rank 1 synchronised, num nodes = 4 
VC = 492......process 1, thread 0, Wed Mar 24 13:39:32 2021
rank 1 updated refValueGlobalAbsolute to 492 || 492 
rank 1, buffer size to be sent : 2048 
VC = 491.....process 1, thread 17, Wed Mar 24 13:39:32 2021
rank 1 updated refValueGlobalAbsolute to 491 || 491 
rank 1, buffer size to be sent : 2044 
Exit tag received on process 1 
Finishing run at: Wed Mar 24 13:40:22 EDT 2021

scontrol show jobid 5041723
JobId=5041723 JobName=DSJC500_5_5_nodes
   UserId=pasr1602(3102120) GroupId=mlafond(6054778) MCS_label=N/A
   Priority=1676618 Nice=0 Account=def-mlafond QOS=normal
   JobState=COMPLETING Reason=None Dependency=(null)
   Requeue=0 Restarts=0 BatchFlag=1 Reboot=0 ExitCode=0:0
   RunTime=00:01:16 TimeLimit=00:30:00 TimeMin=N/A
   SubmitTime=2021-03-24T13:38:55 EligibleTime=2021-03-24T13:38:55
   AccrueTime=2021-03-24T13:38:55
   StartTime=2021-03-24T13:39:06 EndTime=2021-03-24T13:40:22 Deadline=N/A
   SuspendTime=None SecsPreSuspend=0 LastSchedEval=2021-03-24T13:39:06
   Partition=compute AllocNode:Sid=nia-login01:37785
   ReqNodeList=(null) ExcNodeList=(null)
   NodeList=nia[0053,0504,1220,1366-1367]
   BatchHost=nia0053
   NumNodes=5 NumCPUs=400 NumTasks=5 CPUs/Task=40 ReqB:S:C:T=0:0:*:*
   TRES=cpu=400,mem=875000M,node=5,billing=200
   Socks/Node=* NtasksPerN:B:S:C=1:0:*:* CoreSpec=*
   MinCPUsNode=40 MinMemoryNode=175000M MinTmpDiskNode=0
   Features=[skylake|cascade] DelayBoot=00:00:00
   OverSubscribe=NO Contiguous=0 Licenses=(null) Network=(null)
   Command=/gpfs/fs0/scratch/m/mlafond/pasr1602/library/job.sh
   WorkDir=/gpfs/fs0/scratch/m/mlafond/pasr1602/library
   StdErr=/gpfs/fs0/scratch/m/mlafond/pasr1602/library/report/DSJC500_5_5_nodes-5041723.out
   StdIn=/dev/null
   StdOut=/gpfs/fs0/scratch/m/mlafond/pasr1602/library/report/DSJC500_5_5_nodes-5041723.out
   Power=
   MailUser=pasr1602@usherbrooke.ca MailType=BEGIN,END,FAIL,REQUEUE

sacct -j 5041723
       JobID    JobName    Account    Elapsed  MaxVMSize     MaxRSS  SystemCPU    UserCPU ExitCode 
------------ ---------- ---------- ---------- ---------- ---------- ---------- ---------- -------- 
5041723      DSJC500_5+ def-mlafo+   00:01:16                        01:20.565  33:09.742      0:0 
5041723.bat+      batch def-mlafo+   00:01:16    724580K      9372K  00:01.236  00:03.641      0:0 
5041723.ext+     extern def-mlafo+   00:01:16    138360K       880K   00:00:00  00:00.003      0:0 
5041723.0         a.out def-mlafo+   00:00:58   6534484K   4325924K  01:19.329  33:06.097      0:0 

kernel messages produced during job executions:
[Mar24 11:22] mlx5_core 0000:06:00.0: mlx5_core_get_rsc:63:(pid 0): Async event for bogus resource 0x2afde
[  +0.010986] mlx5_core 0000:06:00.0: mlx5_core_get_rsc:63:(pid 0): Async event for bogus resource 0x2afdf
[  +0.010946] mlx5_core 0000:06:00.0: mlx5_core_get_rsc:63:(pid 0): Async event for bogus resource 0x2afe0
[  +0.010918] mlx5_core 0000:06:00.0: mlx5_core_get_rsc:63:(pid 0): Async event for bogus resource 0x2afe1
[  +0.010913] mlx5_core 0000:06:00.0: mlx5_core_get_rsc:63:(pid 0): Async event for bogus resource 0x2afe2
[  +0.035033] mlx5_core 0000:06:00.0: mlx5_core_get_rsc:63:(pid 0): Async event for bogus resource 0x2afce
[  +0.010915] mlx5_core 0000:06:00.0: mlx5_core_get_rsc:63:(pid 0): Async event for bogus resource 0x2afcf
[  +0.010914] mlx5_core 0000:06:00.0: mlx5_core_get_rsc:63:(pid 0): Async event for bogus resource 0x2afd0
[  +0.010913] mlx5_core 0000:06:00.0: mlx5_core_get_rsc:63:(pid 0): Async event for bogus resource 0x2afd1
[  +0.010913] mlx5_core 0000:06:00.0: mlx5_core_get_rsc:63:(pid 0): Async event for bogus resource 0x2afd2
