
Lmod is automatically replacing "intel/2020.1.217" with "gcc/9.3.0".


Due to MODULEPATH changes, the following have been reloaded:
  1) openmpi/4.0.3


Currently Loaded Modules:
  1) CCconfig                 5) gcccore/.9.3.0   (H)   9) openmpi/4.0.3 (m)
  2) gentoo/2020     (S)      6) gcc/9.3.0        (t)  10) boost/1.72.0  (t)
  3) imkl/2020.1.217 (math)   7) ucx/1.8.0
  4) StdEnv/2020     (S)      8) libfabric/1.10.1

  Where:
   H:     Hidden Module
   S:     Module is Sticky, requires --force to unload or purge
   m:     MPI implementations / Implémentations MPI
   math:  Mathematical libraries / Bibliothèques mathématiques
   t:     Tools for development / Outils de développement

 

Current working directory: /lustre03/project/6054778/pasr1602/git/library
Starting run at: Thu Apr  8 15:58:00 EDT 2021
argc: 7, threads: 4, prob : 75, filename: input/DSJC500_5 
Process 0 of 20 is on blg8426.int.ets1.calculquebec.ca
Seed sent 
Termination achieved: nodes 19, busy 0 
solution received from 1, Bytes : 1958, refVal 492 
solution received from 2, Bytes : 1940, refVal 487 
solution received from 3, Bytes : 1954, refVal 491 
solution NOT received from rank 4
solution received from 5, Bytes : 1951, refVal 490 
solution received from 6, Bytes : 1943, refVal 488 
solution NOT received from rank 7
solution NOT received from rank 8
solution NOT received from rank 9
solution NOT received from rank 10
solution received from 11, Bytes : 1947, refVal 489 
solution NOT received from rank 12
solution NOT received from rank 13
solution NOT received from rank 14
solution NOT received from rank 15
solution NOT received from rank 16
solution NOT received from rank 17
solution NOT received from rank 18
solution NOT received from rank 19

 
 
*****************************************************
Elapsed time : 142.618 
Total number of requests : 107112 
Number of approved requests : 78709 
Number of failed requests : 28403 
*****************************************************

 
 
Stream retrieved, size : 1940 
Cover size : 487 

Global pool idle time: 603.687468 seconds


tasks executed by rank 1 = 2793 
tasks executed by rank 2 = 4755 
tasks executed by rank 3 = 5259 
tasks executed by rank 4 = 5348 
tasks executed by rank 5 = 3606 
tasks executed by rank 6 = 5469 
tasks executed by rank 7 = 5217 
tasks executed by rank 8 = 4724 
tasks executed by rank 9 = 4763 
tasks executed by rank 10 = 4777 
tasks executed by rank 11 = 4671 
tasks executed by rank 12 = 4285 
tasks executed by rank 13 = 4549 
tasks executed by rank 14 = 4633 
tasks executed by rank 15 = 2319 
tasks executed by rank 16 = 6 
tasks executed by rank 17 = 4206 
tasks executed by rank 18 = 3669 
tasks executed by rank 19 = 3660 

rank 1, thread requests: 66475 
rank 2, thread requests: 117140 
rank 3, thread requests: 131098 
rank 4, thread requests: 133477 
rank 5, thread requests: 95201 
rank 6, thread requests: 135446 
rank 7, thread requests: 131766 
rank 8, thread requests: 125342 
rank 9, thread requests: 125123 
rank 10, thread requests: 126262 
rank 11, thread requests: 125317 
rank 12, thread requests: 120648 
rank 13, thread requests: 123005 
rank 14, thread requests: 125036 
rank 15, thread requests: 64061 
rank 16, thread requests: 15129 
rank 17, thread requests: 117508 
rank 18, thread requests: 106682 
rank 19, thread requests: 107466 



argc: 7, threads: 4, prob : 75, filename: input/DSJC500_5 
Process 9 of 20 is on blg8437.int.ets1.calculquebec.ca
Number of threads spawned : 4 
rank 9 synchronised, num workers = 19 
Exit tag received on process 9 
argc: 7, threads: 4, prob : 75, filename: input/DSJC500_5 
Process 7 of 20 is on blg8434.int.ets1.calculquebec.ca
Number of threads spawned : 4 
rank 7 synchronised, num workers = 19 
Exit tag received on process 7 
argc: 7, threads: 4, prob : 75, filename: input/DSJC500_5 
Process 2 of 20 is on blg8428.int.ets1.calculquebec.ca
Number of threads spawned : 4 
rank 2 synchronised, num workers = 19 
VC = 487......process 2, thread 2, Thu Apr  8 15:58:07 2021
rank 2 updated refValueGlobalAbsolute to 487 || 487 
rank 2, buffer size to be sent : 1940 
Exit tag received on process 2 
argc: 7, threads: 4, prob : 75, filename: input/DSJC500_5 
Process 10 of 20 is on blg8439.int.ets1.calculquebec.ca
Number of threads spawned : 4 
rank 10 synchronised, num workers = 19 
Exit tag received on process 10 
argc: 7, threads: 4, prob : 75, filename: input/DSJC500_5 
Process 15 of 20 is on blg8446.int.ets1.calculquebec.ca
Number of threads spawned : 4 
rank 15 synchronised, num workers = 19 
Exit tag received on process 15 
argc: 7, threads: 4, prob : 75, filename: input/DSJC500_5 
Process 8 of 20 is on blg8435.int.ets1.calculquebec.ca
Number of threads spawned : 4 
rank 8 synchronised, num workers = 19 
Exit tag received on process 8 
argc: 7, threads: 4, prob : 75, filename: input/DSJC500_5 
Process 12 of 20 is on blg8443.int.ets1.calculquebec.ca
Number of threads spawned : 4 
rank 12 synchronised, num workers = 19 
Exit tag received on process 12 
argc: 7, threads: 4, prob : 75, filename: input/DSJC500_5 
Process 6 of 20 is on blg8433.int.ets1.calculquebec.ca
Number of threads spawned : 4 
rank 6 synchronised, num workers = 19 
VC = 488......process 6, thread 3, Thu Apr  8 15:58:04 2021
rank 6 updated refValueGlobalAbsolute to 488 || 488 
rank 6, buffer size to be sent : 1943 
Exit tag received on process 6 
argc: 7, threads: 4, prob : 75, filename: input/DSJC500_5 
Process 13 of 20 is on blg8444.int.ets1.calculquebec.ca
Number of threads spawned : 4 
rank 13 synchronised, num workers = 19 
Exit tag received on process 13 
argc: 7, threads: 4, prob : 75, filename: input/DSJC500_5 
Process 5 of 20 is on blg8432.int.ets1.calculquebec.ca
Number of threads spawned : 4 
rank 5 synchronised, num workers = 19 
VC = 490......process 5, thread 2, Thu Apr  8 15:58:04 2021
rank 5 updated refValueGlobalAbsolute to 490 || 490 
rank 5, buffer size to be sent : 1951 
Exit tag received on process 5 
argc: 7, threads: 4, prob : 75, filename: input/DSJC500_5 
Process 11 of 20 is on blg8441.int.ets1.calculquebec.ca
Number of threads spawned : 4 
rank 11 synchronised, num workers = 19 
VC = 489.....process 11, thread 1, Thu Apr  8 15:58:04 2021
rank 11 updated refValueGlobalAbsolute to 489 || 489 
rank 11, buffer size to be sent : 1947 
Exit tag received on process 11 
argc: 7, threads: 4, prob : 75, filename: input/DSJC500_5 
Process 3 of 20 is on blg8429.int.ets1.calculquebec.ca
Number of threads spawned : 4 
rank 3 synchronised, num workers = 19 
VC = 491......process 3, thread 3, Thu Apr  8 15:58:04 2021
rank 3 updated refValueGlobalAbsolute to 491 || 491 
rank 3, buffer size to be sent : 1954 
Exit tag received on process 3 
argc: 7, threads: 4, prob : 75, filename: input/DSJC500_5 
Process 14 of 20 is on blg8445.int.ets1.calculquebec.ca
Number of threads spawned : 4 
rank 14 synchronised, num workers = 19 
Exit tag received on process 14 
argc: 7, threads: 4, prob : 75, filename: input/DSJC500_5 
Process 19 of 20 is on blg8648.int.ets1.calculquebec.ca
Number of threads spawned : 4 
rank 19 synchronised, num workers = 19 
Exit tag received on process 19 
argc: 7, threads: 4, prob : 75, filename: input/DSJC500_5 
Process 4 of 20 is on blg8431.int.ets1.calculquebec.ca
Number of threads spawned : 4 
rank 4 synchronised, num workers = 19 
Exit tag received on process 4 
argc: 7, threads: 4, prob : 75, filename: input/DSJC500_5 
Process 16 of 20 is on blg8447.int.ets1.calculquebec.ca
Number of threads spawned : 4 
rank 16 synchronised, num workers = 19 
Exit tag received on process 16 
argc: 7, threads: 4, prob : 75, filename: input/DSJC500_5 
Process 17 of 20 is on blg8449.int.ets1.calculquebec.ca
Number of threads spawned : 4 
rank 17 synchronised, num workers = 19 
Exit tag received on process 17 
argc: 7, threads: 4, prob : 75, filename: input/DSJC500_5 
Process 1 of 20 is on blg8427.int.ets1.calculquebec.ca
Number of threads spawned : 4 
rank 1 synchronised, num workers = 19 
VC = 492......process 1, thread 0, Thu Apr  8 15:58:04 2021
rank 1 updated refValueGlobalAbsolute to 492 || 492 
rank 1, buffer size to be sent : 1958 
Exit tag received on process 1 
argc: 7, threads: 4, prob : 75, filename: input/DSJC500_5 
Process 18 of 20 is on blg8629.int.ets1.calculquebec.ca
Number of threads spawned : 4 
rank 18 synchronised, num workers = 19 
Exit tag received on process 18 
Finishing run at: Thu Apr  8 16:00:33 EDT 2021
