
Lmod is automatically replacing "intel/2020.1.217" with "gcc/9.3.0".


Due to MODULEPATH changes, the following have been reloaded:
  1) openmpi/4.0.3


Currently Loaded Modules:
  1) CCEnv           (S)      5) StdEnv/2020    (S)   9) libfabric/1.10.1
  2) CCconfig                 6) gcccore/.9.3.0 (H)  10) openmpi/4.0.3    (m)
  3) gentoo/2020     (S)      7) gcc/9.3.0      (t)  11) boost/1.72.0     (t)
  4) imkl/2020.1.217 (math)   8) ucx/1.8.0

  Where:
   H:     Hidden Module
   S:     Module is Sticky, requires --force to unload or purge
   m:     MPI implementations / Implémentations MPI
   math:  Mathematical libraries / Bibliothèques mathématiques
   t:     Tools for development / Outils de développement

 

Current working directory: /gpfs/fs0/scratch/m/mlafond/pasr1602/library
Starting run at: Thu Apr  8 11:51:04 EDT 2021
srun: Job step aborted: Waiting up to 62 seconds for job step to finish.
slurmstepd: error: *** STEP 5121102.0 ON nia0156 CANCELLED AT 2021-04-08T12:07:27 DUE TO TIME LIMIT ***
slurmstepd: error: *** JOB 5121102 ON nia0156 CANCELLED AT 2021-04-08T12:07:27 DUE TO TIME LIMIT ***

scontrol show jobid 5121102
JobId=5121102 JobName=DSJC500_5_10nodes
   UserId=pasr1602(3102120) GroupId=mlafond(6054778) MCS_label=N/A
   Priority=1874984 Nice=0 Account=def-mlafond QOS=normal
   JobState=TIMEOUT Reason=TimeLimit Dependency=(null)
   Requeue=0 Restarts=0 BatchFlag=1 Reboot=0 ExitCode=0:15
   RunTime=00:17:24 TimeLimit=00:17:00 TimeMin=N/A
   SubmitTime=2021-04-08T11:39:44 EligibleTime=2021-04-08T11:39:44
   AccrueTime=2021-04-08T11:39:44
   StartTime=2021-04-08T11:50:03 EndTime=2021-04-08T12:07:27 Deadline=N/A
   SuspendTime=None SecsPreSuspend=0 LastSchedEval=2021-04-08T11:50:03
   Partition=compute AllocNode:Sid=nia-login07:82731
   ReqNodeList=(null) ExcNodeList=(null)
   NodeList=nia[0156,0183,0384,0391,0418,0744,0774,0919,1040,1110,1119,1173,1193,1239,1247,1267,1368,1379-1381]
   BatchHost=nia0156
   NumNodes=20 NumCPUs=1600 NumTasks=20 CPUs/Task=40 ReqB:S:C:T=0:0:*:*
   TRES=cpu=1600,mem=3500000M,node=20,billing=800
   Socks/Node=* NtasksPerN:B:S:C=1:0:*:* CoreSpec=*
   MinCPUsNode=40 MinMemoryNode=175000M MinTmpDiskNode=0
   Features=[skylake|cascade] DelayBoot=00:00:00
   OverSubscribe=NO Contiguous=0 Licenses=(null) Network=(null)
   Command=/gpfs/fs0/scratch/m/mlafond/pasr1602/library/job.sh
   WorkDir=/gpfs/fs0/scratch/m/mlafond/pasr1602/library
   StdErr=/gpfs/fs0/scratch/m/mlafond/pasr1602/library/report/DSJC500_5_10nodes-5121102.out
   StdIn=/dev/null
   StdOut=/gpfs/fs0/scratch/m/mlafond/pasr1602/library/report/DSJC500_5_10nodes-5121102.out
   Power=
   MailUser=pasr1602@usherbrooke.ca MailType=BEGIN,END,FAIL,REQUEUE

sacct -j 5121102
       JobID    JobName    Account    Elapsed  MaxVMSize     MaxRSS  SystemCPU    UserCPU ExitCode 
------------ ---------- ---------- ---------- ---------- ---------- ---------- ---------- -------- 
5121102      DSJC500_5+ def-mlafo+   00:17:24                        03:06.237   05:49:42      0:0 
5121102.bat+      batch def-mlafo+   00:17:25   1723084K     10208K  00:01.350  00:03.962     0:15 
5121102.ext+     extern def-mlafo+   00:17:24    138360K      1068K  00:00.005  00:00.011      0:0 
5121102.0         a.out def-mlafo+   00:16:34   9761292K   7920536K  03:04.880   05:49:38     0:11 
