
Lmod is automatically replacing "intel/2020.1.217" with "gcc/9.3.0".


Due to MODULEPATH changes, the following have been reloaded:
  1) openmpi/4.0.3


Currently Loaded Modules:
  1) CCEnv           (S)      5) StdEnv/2020    (S)   9) libfabric/1.10.1
  2) CCconfig                 6) gcccore/.9.3.0 (H)  10) openmpi/4.0.3    (m)
  3) gentoo/2020     (S)      7) gcc/9.3.0      (t)  11) boost/1.72.0     (t)
  4) imkl/2020.1.217 (math)   8) ucx/1.8.0

  Where:
   H:     Hidden Module
   S:     Module is Sticky, requires --force to unload or purge
   m:     MPI implementations / Implémentations MPI
   math:  Mathematical libraries / Bibliothèques mathématiques
   t:     Tools for development / Outils de développement

 

Current working directory: /gpfs/fs0/scratch/m/mlafond/pasr1602/library
Starting run at: Thu Apr  8 14:35:52 EDT 2021
argc: 7, threads: 1, prob : 75, filename: input/DSJC500_5 
Process 0 of 20 is on nia0145.scinet.local
Seed sent 
Termination achieved: nodes 19, busy 0 
solution received from 1, Bytes : 1958, refVal 492 
solution NOT received from rank 2
solution received from 3, Bytes : 1954, refVal 491 
solution NOT received from rank 4
solution received from 5, Bytes : 1951, refVal 490 
solution NOT received from rank 6
solution NOT received from rank 7
solution NOT received from rank 8
solution NOT received from rank 9
solution NOT received from rank 10
solution NOT received from rank 11
solution NOT received from rank 12
solution NOT received from rank 13
solution received from 14, Bytes : 1948, refVal 488 
solution received from 15, Bytes : 1940, refVal 487 
solution NOT received from rank 16
solution received from 17, Bytes : 1947, refVal 489 
solution NOT received from rank 18
solution NOT received from rank 19

 
 
*****************************************************
Elapsed time : 601.863 
Total number of requests : 2512197 
Number of approved requests : 1012513 
Number of failed requests : 1499684 
*****************************************************

 
 
Stream retrieved, size : 1940 
Cover size : 487 

Global pool idle time: 1808.585192 seconds


tasks executed by rank 1 = 76707 
tasks executed by rank 2 = 76073 
tasks executed by rank 3 = 70362 
tasks executed by rank 4 = 72222 
tasks executed by rank 5 = 69520 
tasks executed by rank 6 = 66971 
tasks executed by rank 7 = 54640 
tasks executed by rank 8 = 56509 
tasks executed by rank 9 = 60942 
tasks executed by rank 10 = 56034 
tasks executed by rank 11 = 51770 
tasks executed by rank 12 = 48233 
tasks executed by rank 13 = 44932 
tasks executed by rank 14 = 41449 
tasks executed by rank 15 = 41387 
tasks executed by rank 16 = 44903 
tasks executed by rank 17 = 43504 
tasks executed by rank 18 = 620 
tasks executed by rank 19 = 35735 

rank 1, thread requests: 76708 
rank 2, thread requests: 76073 
rank 3, thread requests: 70362 
rank 4, thread requests: 72222 
rank 5, thread requests: 69520 
rank 6, thread requests: 66971 
rank 7, thread requests: 54640 
rank 8, thread requests: 56509 
rank 9, thread requests: 60942 
rank 10, thread requests: 56034 
rank 11, thread requests: 51770 
rank 12, thread requests: 48233 
rank 13, thread requests: 44932 
rank 14, thread requests: 41449 
rank 15, thread requests: 41387 
rank 16, thread requests: 44903 
rank 17, thread requests: 43504 
rank 18, thread requests: 620 
rank 19, thread requests: 35735 



argc: 7, threads: 1, prob : 75, filename: input/DSJC500_5 
Process 6 of 20 is on nia0332.scinet.local
Number of threads spawned : 1 
rank 6 synchronised, num workers = 19 
Exit tag received on process 6 
argc: 7, threads: 1, prob : 75, filename: input/DSJC500_5 
Process 5 of 20 is on nia0291.scinet.local
Number of threads spawned : 1 
rank 5 synchronised, num workers = 19 
VC = 490......process 5, thread 0, Thu Apr  8 14:36:06 2021
rank 5 updated refValueGlobalAbsolute to 490 || 490 
rank 5, buffer size to be sent : 1951 
Exit tag received on process 5 
argc: 7, threads: 1, prob : 75, filename: input/DSJC500_5 
Process 1 of 20 is on nia0164.scinet.local
Number of threads spawned : 1 
rank 1 synchronised, num workers = 19 
VC = 492......process 1, thread 0, Thu Apr  8 14:36:05 2021
rank 1 updated refValueGlobalAbsolute to 492 || 492 
rank 1, buffer size to be sent : 1958 
Exit tag received on process 1 
argc: 7, threads: 1, prob : 75, filename: input/DSJC500_5 
Process 9 of 20 is on nia0569.scinet.local
Number of threads spawned : 1 
rank 9 synchronised, num workers = 19 
Exit tag received on process 9 
argc: 7, threads: 1, prob : 75, filename: input/DSJC500_5 
Process 2 of 20 is on nia0181.scinet.local
Number of threads spawned : 1 
rank 2 synchronised, num workers = 19 
Exit tag received on process 2 
argc: 7, threads: 1, prob : 75, filename: input/DSJC500_5 
Process 4 of 20 is on nia0238.scinet.local
Number of threads spawned : 1 
rank 4 synchronised, num workers = 19 
Exit tag received on process 4 
argc: 7, threads: 1, prob : 75, filename: input/DSJC500_5 
Process 11 of 20 is on nia0656.scinet.local
Number of threads spawned : 1 
rank 11 synchronised, num workers = 19 
Exit tag received on process 11 
argc: 7, threads: 1, prob : 75, filename: input/DSJC500_5 
Process 16 of 20 is on nia0789.scinet.local
Number of threads spawned : 1 
rank 16 synchronised, num workers = 19 
Exit tag received on process 16 
argc: 7, threads: 1, prob : 75, filename: input/DSJC500_5 
Process 13 of 20 is on nia0662.scinet.local
Number of threads spawned : 1 
rank 13 synchronised, num workers = 19 
Exit tag received on process 13 
argc: 7, threads: 1, prob : 75, filename: input/DSJC500_5 
Process 19 of 20 is on nia0828.scinet.local
Number of threads spawned : 1 
rank 19 synchronised, num workers = 19 
Exit tag received on process 19 
argc: 7, threads: 1, prob : 75, filename: input/DSJC500_5 
Process 17 of 20 is on nia0790.scinet.local
Number of threads spawned : 1 
rank 17 synchronised, num workers = 19 
VC = 489.....process 17, thread 0, Thu Apr  8 14:36:07 2021
rank 17 updated refValueGlobalAbsolute to 489 || 489 
rank 17, buffer size to be sent : 1947 
Exit tag received on process 17 
argc: 7, threads: 1, prob : 75, filename: input/DSJC500_5 
Process 3 of 20 is on nia0236.scinet.local
Number of threads spawned : 1 
rank 3 synchronised, num workers = 19 
VC = 491......process 3, thread 0, Thu Apr  8 14:36:05 2021
rank 3 updated refValueGlobalAbsolute to 491 || 491 
rank 3, buffer size to be sent : 1954 
Exit tag received on process 3 
argc: 7, threads: 1, prob : 75, filename: input/DSJC500_5 
Process 8 of 20 is on nia0568.scinet.local
Number of threads spawned : 1 
rank 8 synchronised, num workers = 19 
Exit tag received on process 8 
argc: 7, threads: 1, prob : 75, filename: input/DSJC500_5 
Process 10 of 20 is on nia0655.scinet.local
Number of threads spawned : 1 
rank 10 synchronised, num workers = 19 
Exit tag received on process 10 
argc: 7, threads: 1, prob : 75, filename: input/DSJC500_5 
Process 12 of 20 is on nia0661.scinet.local
Number of threads spawned : 1 
rank 12 synchronised, num workers = 19 
Exit tag received on process 12 
argc: 7, threads: 1, prob : 75, filename: input/DSJC500_5 
Process 15 of 20 is on nia0696.scinet.local
Number of threads spawned : 1 
rank 15 synchronised, num workers = 19 
VC = 487.....process 15, thread 0, Thu Apr  8 14:36:18 2021
rank 15 updated refValueGlobalAbsolute to 487 || 487 
rank 15, buffer size to be sent : 1940 
Exit tag received on process 15 
argc: 7, threads: 1, prob : 75, filename: input/DSJC500_5 
Process 7 of 20 is on nia0345.scinet.local
Number of threads spawned : 1 
rank 7 synchronised, num workers = 19 
Exit tag received on process 7 
argc: 7, threads: 1, prob : 75, filename: input/DSJC500_5 
Process 14 of 20 is on nia0695.scinet.local
Number of threads spawned : 1 
rank 14 synchronised, num workers = 19 
VC = 488.....process 14, thread 0, Thu Apr  8 14:36:08 2021
rank 14 updated refValueGlobalAbsolute to 488 || 488 
rank 14, buffer size to be sent : 1948 
Exit tag received on process 14 
argc: 7, threads: 1, prob : 75, filename: input/DSJC500_5 
Process 18 of 20 is on nia0827.scinet.local
Number of threads spawned : 1 
rank 18 synchronised, num workers = 19 
Exit tag received on process 18 
Finishing run at: Thu Apr  8 14:46:10 EDT 2021

scontrol show jobid 5121794
JobId=5121794 JobName=DSJC500_5_20nodes
   UserId=pasr1602(3102120) GroupId=mlafond(6054778) MCS_label=N/A
   Priority=1748195 Nice=0 Account=def-mlafond QOS=normal
   JobState=COMPLETING Reason=None Dependency=(null)
   Requeue=0 Restarts=0 BatchFlag=1 Reboot=0 ExitCode=0:0
   RunTime=00:10:38 TimeLimit=00:17:00 TimeMin=N/A
   SubmitTime=2021-04-08T14:34:25 EligibleTime=2021-04-08T14:34:25
   AccrueTime=2021-04-08T14:34:25
   StartTime=2021-04-08T14:35:32 EndTime=2021-04-08T14:46:10 Deadline=N/A
   SuspendTime=None SecsPreSuspend=0 LastSchedEval=2021-04-08T14:35:32
   Partition=compute AllocNode:Sid=nia-login05:302487
   ReqNodeList=(null) ExcNodeList=(null)
   NodeList=nia[0145,0164,0181,0236,0238,0291,0332,0345,0568-0569,0655-0656,0661-0662,0695-0696,0789-0790,0827-0828]
   BatchHost=nia0145
   NumNodes=20 NumCPUs=1600 NumTasks=20 CPUs/Task=40 ReqB:S:C:T=0:0:*:*
   TRES=cpu=1600,mem=3500000M,node=20,billing=800
   Socks/Node=* NtasksPerN:B:S:C=1:0:*:* CoreSpec=*
   MinCPUsNode=40 MinMemoryNode=175000M MinTmpDiskNode=0
   Features=[skylake|cascade] DelayBoot=00:00:00
   OverSubscribe=NO Contiguous=0 Licenses=(null) Network=(null)
   Command=/gpfs/fs0/scratch/m/mlafond/pasr1602/library/job.sh
   WorkDir=/gpfs/fs0/scratch/m/mlafond/pasr1602/library
   StdErr=/gpfs/fs0/scratch/m/mlafond/pasr1602/library/report/DSJC500_5_20nodes-5121794.out
   StdIn=/dev/null
   StdOut=/gpfs/fs0/scratch/m/mlafond/pasr1602/library/report/DSJC500_5_20nodes-5121794.out
   Power=
   MailUser=pasr1602@usherbrooke.ca MailType=BEGIN,END,FAIL,REQUEUE

sacct -j 5121794
       JobID    JobName    Account    Elapsed  MaxVMSize     MaxRSS  SystemCPU    UserCPU ExitCode 
------------ ---------- ---------- ---------- ---------- ---------- ---------- ---------- -------- 
5121794      DSJC500_5+ def-mlafo+   00:10:38                        00:47.182   03:22:23      0:0 
5121794.bat+      batch def-mlafo+   00:10:38   1723088K     10204K  00:01.654  00:03.982      0:0 
5121794.ext+     extern def-mlafo+   00:10:38    138360K      1072K  00:00.002  00:00.013      0:0 
5121794.0         a.out def-mlafo+   00:10:16   2209584K   1929684K  00:45.525   03:22:19      0:0 

kernel messages produced during job executions:
[Apr 8 14:00] mlx5_core 0000:06:00.0: mlx5_core_get_rsc:63:(pid 0): Async event for bogus resource 0x194f5
[  +0.011542] mlx5_core 0000:06:00.0: mlx5_core_get_rsc:63:(pid 0): Async event for bogus resource 0x194f6
[  +0.011366] mlx5_core 0000:06:00.0: mlx5_core_get_rsc:63:(pid 0): Async event for bogus resource 0x194f7
[  +0.011307] mlx5_core 0000:06:00.0: mlx5_core_get_rsc:63:(pid 0): Async event for bogus resource 0x194f8
[  +0.011296] mlx5_core 0000:06:00.0: mlx5_core_get_rsc:63:(pid 0): Async event for bogus resource 0x194f9
[  +0.011268] mlx5_core 0000:06:00.0: mlx5_core_get_rsc:63:(pid 0): Async event for bogus resource 0x194fa
[  +0.011262] mlx5_core 0000:06:00.0: mlx5_core_get_rsc:63:(pid 0): Async event for bogus resource 0x194fb
[  +0.011239] mlx5_core 0000:06:00.0: mlx5_core_get_rsc:63:(pid 0): Async event for bogus resource 0x194fc
[  +0.011221] mlx5_core 0000:06:00.0: mlx5_core_get_rsc:63:(pid 0): Async event for bogus resource 0x194fd
[  +0.011201] mlx5_core 0000:06:00.0: mlx5_core_get_rsc:63:(pid 0): Async event for bogus resource 0x194fe
[  +0.011195] mlx5_core 0000:06:00.0: mlx5_core_get_rsc:63:(pid 0): Async event for bogus resource 0x194ff
[  +0.011175] mlx5_core 0000:06:00.0: mlx5_core_get_rsc:63:(pid 0): Async event for bogus resource 0x19500
[  +0.011160] mlx5_core 0000:06:00.0: mlx5_core_get_rsc:63:(pid 0): Async event for bogus resource 0x19501
[  +0.011138] mlx5_core 0000:06:00.0: mlx5_core_get_rsc:63:(pid 0): Async event for bogus resource 0x19502
[  +0.011117] mlx5_core 0000:06:00.0: mlx5_core_get_rsc:63:(pid 0): Async event for bogus resource 0x19503
[  +0.011093] mlx5_core 0000:06:00.0: mlx5_core_get_rsc:63:(pid 0): Async event for bogus resource 0x19504
[  +0.011082] mlx5_core 0000:06:00.0: mlx5_core_get_rsc:63:(pid 0): Async event for bogus resource 0x19505
[  +0.011063] mlx5_core 0000:06:00.0: mlx5_core_get_rsc:63:(pid 0): Async event for bogus resource 0x19506
[  +0.011041] mlx5_core 0000:06:00.0: mlx5_core_get_rsc:63:(pid 0): Async event for bogus resource 0x19507
[  +0.011030] mlx5_core 0000:06:00.0: mlx5_core_get_rsc:63:(pid 0): Async event for bogus resource 0x19508
[  +0.296860] mlx5_core 0000:06:00.0: mlx5_core_get_rsc:63:(pid 0): Async event for bogus resource 0x194e1
[  +0.011197] mlx5_core 0000:06:00.0: mlx5_core_get_rsc:63:(pid 0): Async event for bogus resource 0x194e2
[  +0.011090] mlx5_core 0000:06:00.0: mlx5_core_get_rsc:63:(pid 0): Async event for bogus resource 0x194e3
[  +0.011040] mlx5_core 0000:06:00.0: mlx5_core_get_rsc:63:(pid 0): Async event for bogus resource 0x194e4
[  +0.011041] mlx5_core 0000:06:00.0: mlx5_core_get_rsc:63:(pid 0): Async event for bogus resource 0x194e5
[  +0.011021] mlx5_core 0000:06:00.0: mlx5_core_get_rsc:63:(pid 0): Async event for bogus resource 0x194e6
[  +0.011009] mlx5_core 0000:06:00.0: mlx5_core_get_rsc:63:(pid 0): Async event for bogus resource 0x194e7
[  +0.011003] mlx5_core 0000:06:00.0: mlx5_core_get_rsc:63:(pid 0): Async event for bogus resource 0x194e8
[  +0.010994] mlx5_core 0000:06:00.0: mlx5_core_get_rsc:63:(pid 0): Async event for bogus resource 0x194e9
[  +0.010986] mlx5_core 0000:06:00.0: mlx5_core_get_rsc:63:(pid 0): Async event for bogus resource 0x19509
[  +0.010970] mlx5_core 0000:06:00.0: mlx5_core_get_rsc:63:(pid 0): Async event for bogus resource 0x1950a
[  +0.010971] mlx5_core 0000:06:00.0: mlx5_core_get_rsc:63:(pid 0): Async event for bogus resource 0x1950b
[  +0.010958] mlx5_core 0000:06:00.0: mlx5_core_get_rsc:63:(pid 0): Async event for bogus resource 0x1950c
[  +0.010953] mlx5_core 0000:06:00.0: mlx5_core_get_rsc:63:(pid 0): Async event for bogus resource 0x1950d
[  +0.010947] mlx5_core 0000:06:00.0: mlx5_core_get_rsc:63:(pid 0): Async event for bogus resource 0x1950e
[  +0.010942] mlx5_core 0000:06:00.0: mlx5_core_get_rsc:63:(pid 0): Async event for bogus resource 0x1950f
[  +0.010937] mlx5_core 0000:06:00.0: mlx5_core_get_rsc:63:(pid 0): Async event for bogus resource 0x19510
[  +0.010923] mlx5_core 0000:06:00.0: mlx5_core_get_rsc:63:(pid 0): Async event for bogus resource 0x19511
[  +0.010923] mlx5_core 0000:06:00.0: mlx5_core_get_rsc:63:(pid 0): Async event for bogus resource 0x19512
[  +0.010921] mlx5_core 0000:06:00.0: mlx5_core_get_rsc:63:(pid 0): Async event for bogus resource 0x19513
