
Lmod is automatically replacing "intel/2020.1.217" with "gcc/10.2.0".


Inactive Modules:
  1) libfabric/1.10.1     2) openmpi/4.0.3     3) ucx/1.8.0

The following have been reloaded with a version change:
  1) gcccore/.9.3.0 => gcccore/.10.2.0


Activating Modules:
  1) libfabric/1.10.1     2) openmpi/4.0.5     3) ucx/1.9.0

gcc (GCC) 10.2.0
Copyright (C) 2020 Free Software Foundation, Inc.
This is free software; see the source for copying conditions.  There is NO
warranty; not even for MERCHANTABILITY or FITNESS FOR A PARTICULAR PURPOSE.

Current working directory: /gpfs/fs0/scratch/m/mlafond/pasr1602/library
Starting run at: Wed Mar 24 15:22:58 EDT 2021
slurmstepd: error: *** STEP 5042291.0 ON nia0179 CANCELLED AT 2021-03-25T03:23:02 DUE TO TIME LIMIT ***
slurmstepd: error: *** JOB 5042291 ON nia0179 CANCELLED AT 2021-03-25T03:23:02 DUE TO TIME LIMIT ***

scontrol show jobid 5042291
JobId=5042291 JobName=frb30_15_1_1_node
   UserId=pasr1602(3102120) GroupId=mlafond(6054778) MCS_label=N/A
   Priority=1676533 Nice=0 Account=def-mlafond QOS=normal
   JobState=COMPLETING Reason=TimeLimit Dependency=(null)
   Requeue=0 Restarts=0 BatchFlag=1 Reboot=0 ExitCode=0:15
   RunTime=12:00:21 TimeLimit=12:00:00 TimeMin=N/A
   SubmitTime=2021-03-24T15:21:46 EligibleTime=2021-03-24T15:21:46
   AccrueTime=2021-03-24T15:21:46
   StartTime=2021-03-24T15:22:41 EndTime=2021-03-25T03:23:02 Deadline=N/A
   SuspendTime=None SecsPreSuspend=0 LastSchedEval=2021-03-24T15:22:41
   Partition=compute AllocNode:Sid=nia-login01:37785
   ReqNodeList=(null) ExcNodeList=(null)
   NodeList=nia0179
   BatchHost=nia0179
   NumNodes=1 NumCPUs=80 NumTasks=2 CPUs/Task=40 ReqB:S:C:T=0:0:*:*
   TRES=cpu=80,mem=175000M,node=1,billing=40
   Socks/Node=* NtasksPerN:B:S:C=2:0:*:* CoreSpec=*
   MinCPUsNode=80 MinMemoryNode=175000M MinTmpDiskNode=0
   Features=[skylake|cascade] DelayBoot=00:00:00
   OverSubscribe=NO Contiguous=0 Licenses=(null) Network=(null)
   Command=/gpfs/fs0/scratch/m/mlafond/pasr1602/library/single.sh
   WorkDir=/gpfs/fs0/scratch/m/mlafond/pasr1602/library
   StdErr=/gpfs/fs0/scratch/m/mlafond/pasr1602/library/report/frb30_15_1_1_node-5042291.out
   StdIn=/dev/null
   StdOut=/gpfs/fs0/scratch/m/mlafond/pasr1602/library/report/frb30_15_1_1_node-5042291.out
   Power=
   MailUser=pasr1602@usherbrooke.ca MailType=BEGIN,END,FAIL,REQUEUE

sacct -j 5042291
       JobID    JobName    Account    Elapsed  MaxVMSize     MaxRSS  SystemCPU    UserCPU ExitCode 
------------ ---------- ---------- ---------- ---------- ---------- ---------- ---------- -------- 
5042291      frb30_15_+ def-mlafo+   12:00:21                       2-05:44:09 17-22:39:+      0:0 
5042291.bat+      batch def-mlafo+   12:00:24    523860K      9256K  00:01.282  00:03.525     0:15 
5042291.ext+     extern def-mlafo+   12:00:22    138360K      1064K   00:00:00   00:00:00      0:0 
5042291.0         a.out def-mlafo+   12:00:08   3687004K   2368524K 2-05:44:08 17-22:39:+     0:11 
