gcc (GCC) 9.3.0
Copyright (C) 2019 Free Software Foundation, Inc.
This is free software; see the source for copying conditions.  There is NO
warranty; not even for MERCHANTABILITY or FITNESS FOR A PARTICULAR PURPOSE.

mpirun (Open MPI) 4.0.3

Report bugs to http://www.open-mpi.org/community/help/
Current working directory: /gpfs/fs0/scratch/m/mlafond/pasr1602/library
Starting run at: Thu Feb 11 15:06:09 EST 2021
MPI enable section 
The threading support level corresponds to that demanded.
Process 0 of 5 is on nia0083.scinet.local
rank 0, refValueGlobal has been set : 213 at 0x2b60fd9f7000 
refValueGlobal broadcasted: 213 at 0x2b60fd9f7000 
About to start, 0 / 5!! 
scheduler() launched!! 
buffer sucessfully sent! 
*** Busy nodes: 1 ***
 Scheduler started!! 
test, busyNodes = 1
test, busyNodes = 2
test, busyNodes = 4
Center received a best result from 1, Bytes : 1452, refVal 
test, busyNodes = 3
Center received a best result from 2, Bytes : 1436, refVal 
test, busyNodes = 2
Center received a best result from 3, Bytes : 1428, refVal 
test, busyNodes = 1
Center received a best result from 4, Bytes : 1448, refVal 
test, busyNodes = 0
BusyNodes = 0 achieved 
process 0 waiting at barrier 
process 0 passed barrier 

 
 
*****************************************************
Elapsed time : 7.00 
Total number of requests : 3 
Number of approved requests : 3 
Number of failed requests : 0 
MPI enable section 
The threading support level corresponds to that demanded.
Process 1 of 5 is on nia0226.scinet.local
rank 1, refValueGlobal has been set : 213 at 0x2ad065fca000 
rank 213, refValueGlobal received: 1711054848 at 0x4 
About to start, 1 / 5!! 
Pool size increased by one, thread : 0 
Pool size increased by one, thread : 1 
process 1 put flag [true] in process 0 
Receiver called on process 1, avl processes 4 
Receiver on 1 ready to receive 
process 1 has rcvd from 0,1 times 
Receiver on 1, received 8936 Bytes 
1 about to accumulate on busyNodes++
1 about to unlock RMA on 0 
1 between flush and unlock 
busyNodes++, by 1
1 about to request center node to push
process 1 requested to push 
Leaf reached, depth : 24 
process 1 received ID 2
buffer sucessfully sent from rank 1 to rank 2! 
process 1 forwarded to process 2 
rank 1 entered replaceIf(), acquired mutex 
 rank 1 opened epoch to send best result 
rank 1 got refValueGlobalAbsolute : 213 
rank 1 updated refValueGlobalAbsolute to 174 || 174 
MPI enable section 
The threading support level corresponds to that demanded.
Process 4 of 5 is on nia1339.scinet.local
rank 4, refValueGlobal has been set : 213 at 0x2ba2f5e21000 
rank 213, refValueGlobal received: -169734144 at 0x80 
About to start, 4 / 5!! 
Pool size increased by one, thread : 0 
Pool size increased by one, thread : 1 
process 4 put flag [true] in process 0 
Receiver called on process 4, avl processes 4 
Receiver on 4 ready to receive 
process 4 has rcvd from 1,1 times 
Receiver on 4, received 7672 Bytes 
4 about to accumulate on busyNodes++
4 about to unlock RMA on 0 
4 between flush and unlock 
busyNodes++, by 4
Leaf reached, depth : 13 
rank 4 entered replaceIf(), acquired mutex 
 rank 4 opened epoch to send best result 
rank 4 got refValueGlobalAbsolute : 170 
rank 4 updated refValueGlobalAbsolute to 173 || 173 
rank 4, cover size : 173 
rank 4, buffer size to be sent : 1448 
rank 4 entered replaceIf(), acquired mutex 
 MVC found so far has 173 elements...................thread 0
MPI enable section 
The threading support level corresponds to that demanded.
Process 2 of 5 is on nia1301.scinet.local
rank 2, refValueGlobal has been set : 213 at 0x2b3a27ea1000 
rank 213, refValueGlobal received: 669650944 at 0x80 
About to start, 2 / 5!! 
Pool size increased by one, thread : 0 
Pool size increased by one, thread : 1 
process 2 put flag [true] in process 0 
Receiver called on process 2, avl processes 4 
Receiver on 2 ready to receive 
process 2 has rcvd from 1,1 times 
Receiver on 2, received 8600 Bytes 
2 about to accumulate on busyNodes++
2 about to unlock RMA on 0 
2 between flush and unlock 
busyNodes++, by 2
2 about to request center node to push
process 2 requested to push 
Leaf reached, depth : 17 
process 2 received ID 3
buffer sucessfully sent from rank 2 to rank 3! 
process 2 forwarded to process 3 
rank 2 entered replaceIf(), acquired mutex 
 rank 2 opened epoch to send best result 
rank 2 got refValueGlobalAbsolute : 174 
rank 2 updated refValueGlobalAbsolute to 170 || 170 
rank 1, cover size : 174 
rank 1, buffer size to be sent : 1452 
rank 1 entered replaceIf(), acquired mutex 
 MVC found so far has 174 elements...................thread 0
1 about to request center node to push
process 1 requested to push 
Leaf reached, depth : 17 
process 1 received ID 4
buffer sucessfully sent from rank 1 to rank 4! 
process 1 forwarded to process 4 
rank 1 entered replaceIf(), acquired mutex 
 rank 1 entered replaceIf(), acquired mutex 
 rank 1 opened epoch to send best result 
rank 1 got refValueGlobalAbsolute : 170 
Leaf reached, depth : 11 
rank 1 entered replaceIf(), acquired mutex 
 rank 1 entered replaceIf(), acquired mutex 
 rank 1 opened epoch to send best result 
rank 1 got refValueGlobalAbsolute : 168 
Leaf reached, depth : 7 
rank 1 entered replaceIf(), acquired mutex 
 rank 1 entered replaceIf(), acquired mutex 
 rank 1 opened epoch to send best result 
rank 1 got refValueGlobalAbsolute : 168 
pool has finished its tasks 
rank 1 sent best result, Bytes : 1452, refVal : 174
Passed on process 1 
1 about to accumulate on busyNodes--
1 about to unlock RMA on 0 
1 between flush and unlock 
busyNodes--, by 1
Receiver called on process 1, avl processes 0 
Receiver on 1 ready to receive 
process 1 has rcvd from 0,2 times 
Exit tag received on process 1 
process 1 waiting at barrier 
process 1 passed barrier 
rank 1, before deallocate 
rank 1, after deallocate 
rank 1, after MPI_Finalize() 
Leaf reached, depth : 8 
rank 4 entered replaceIf(), acquired mutex 
 rank 4 entered replaceIf(), acquired mutex 
 rank 4 opened epoch to send best result 
rank 4 got refValueGlobalAbsolute : 168 
Leaf reached, depth : 8 
rank 4 entered replaceIf(), acquired mutex 
 rank 4 entered replaceIf(), acquired mutex 
 rank 4 opened epoch to send best result 
rank 4 got refValueGlobalAbsolute : 168 
Leaf reached, depth : 14 
rank 4 entered replaceIf(), acquired mutex 
 rank 4 entered replaceIf(), acquired mutex 
 rank 4 opened epoch to send best result 
rank 4 got refValueGlobalAbsolute : 168 
Leaf reached, depth : 9 
rank 4 entered replaceIf(), acquired mutex 
 rank 4 entered replaceIf(), acquired mutex 
 rank 4 opened epoch to send best result 
rank 4 got refValueGlobalAbsolute : 168 
Leaf reached, depth : 8 
rank 4 entered replaceIf(), acquired mutex 
 rank 4 entered replaceIf(), acquired mutex 
 rank 4 opened epoch to send best result 
rank 4 got refValueGlobalAbsolute : 168 
pool has finished its tasks 
rank 4 sent best result, Bytes : 1448, refVal : 173
Passed on process 4 
4 about to accumulate on busyNodes--
4 about to unlock RMA on 0 
4 between flush and unlock 
busyNodes--, by 4
Receiver called on process 4, avl processes 0 
Receiver on 4 ready to receive 
process 4 has rcvd from 0,2 times 
Exit tag received on process 4 
process 4 waiting at barrier 
process 4 passed barrier 
rank 4, before deallocate 
rank 4, after deallocate 
rank 4, after MPI_Finalize() 
rank 2, cover size : 170 
rank 2, buffer size to be sent : 1436 
rank 2 entered replaceIf(), acquired mutex 
 MVC found so far has 170 elements...................thread 1
pool has finished its tasks 
rank 2 sent best result, Bytes : 1436, refVal : 170
Passed on process 2 
2 about to accumulate on busyNodes--
2 about to unlock RMA on 0 
2 between flush and unlock 
busyNodes--, by 2
Receiver called on process 2, avl processes 0 
Receiver on 2 ready to receive 
process 2 has rcvd from 0,2 times 
Exit tag received on process 2 
process 2 waiting at barrier 
process 2 passed barrier 
rank 2, before deallocate 
rank 2, after deallocate 
rank 2, after MPI_Finalize() 
*****************************************************

 
 
Stream retrieved, size : 1428 
Cover size : 210 

rank 0, before deallocate 
rank 0, after deallocate 
rank 0, after MPI_Finalize() 
MPI enable section 
The threading support level corresponds to that demanded.
Process 3 of 5 is on nia1313.scinet.local
rank 3, refValueGlobal has been set : 213 at 0x2b4c22daa000 
rank 213, refValueGlobal received: 584753152 at 0x80 
About to start, 3 / 5!! 
Pool size increased by one, thread : 0 
Pool size increased by one, thread : 1 
process 3 put flag [true] in process 0 
Receiver called on process 3, avl processes 4 
Receiver on 3 ready to receive 
process 3 has rcvd from 2,1 times 
Receiver on 3, received 8164 Bytes 
3 about to accumulate on busyNodes++
3 about to unlock RMA on 0 
3 between flush and unlock 
busyNodes++, by 3
Leaf reached, depth : 15 
rank 3 entered replaceIf(), acquired mutex 
 rank 3 opened epoch to send best result 
rank 3 got refValueGlobalAbsolute : 173 
rank 3 updated refValueGlobalAbsolute to 168 || 168 
rank 3, cover size : 168 
rank 3, buffer size to be sent : 1428 
rank 3 entered replaceIf(), acquired mutex 
 MVC found so far has 168 elements...................thread 0
pool has finished its tasks 
rank 3 sent best result, Bytes : 1428, refVal : 168
Passed on process 3 
3 about to accumulate on busyNodes--
3 about to unlock RMA on 0 
3 between flush and unlock 
busyNodes--, by 3
Receiver called on process 3, avl processes 0 
Receiver on 3 ready to receive 
process 3 has rcvd from 0,2 times 
Exit tag received on process 3 
process 3 waiting at barrier 
process 3 passed barrier 
rank 3, before deallocate 
rank 3, after deallocate 
rank 3, after MPI_Finalize() 
Finishing run at: Thu Feb 11 15:06:28 EST 2021

scontrol show jobid 4832822
JobId=4832822 JobName=library
   UserId=pasr1602(3102120) GroupId=mlafond(6054778) MCS_label=N/A
   Priority=2886897 Nice=0 Account=def-mlafond QOS=normal
   JobState=COMPLETING Reason=None Dependency=(null)
   Requeue=0 Restarts=0 BatchFlag=1 Reboot=0 ExitCode=0:0
   RunTime=00:00:40 TimeLimit=00:16:00 TimeMin=N/A
   SubmitTime=2021-02-11T15:05:06 EligibleTime=2021-02-11T15:05:06
   AccrueTime=2021-02-11T15:05:06
   StartTime=2021-02-11T15:05:49 EndTime=2021-02-11T15:06:29 Deadline=N/A
   SuspendTime=None SecsPreSuspend=0 LastSchedEval=2021-02-11T15:05:49
   Partition=compute AllocNode:Sid=nia-login06:61614
   ReqNodeList=(null) ExcNodeList=(null)
   NodeList=nia[0083,0226,1301,1313]
   BatchHost=nia0083
   NumNodes=4 NumCPUs=400 NumTasks=5 CPUs/Task=3 ReqB:S:C:T=0:0:*:*
   TRES=cpu=400,mem=875G,node=5,billing=200
   Socks/Node=* NtasksPerN:B:S:C=1:0:*:* CoreSpec=*
   MinCPUsNode=3 MinMemoryNode=175G MinTmpDiskNode=0
   Features=[skylake|cascade] DelayBoot=00:00:00
   OverSubscribe=NO Contiguous=0 Licenses=(null) Network=(null)
   Command=/gpfs/fs0/scratch/m/mlafond/pasr1602/library/job.sh
   WorkDir=/gpfs/fs0/scratch/m/mlafond/pasr1602/library
   StdErr=/gpfs/fs0/scratch/m/mlafond/pasr1602/library/report/library-4832822.out
   StdIn=/dev/null
   StdOut=/gpfs/fs0/scratch/m/mlafond/pasr1602/library/report/library-4832822.out
   Power=
   MailUser=pasr1602@usherbrooke.ca MailType=BEGIN,END,FAIL,REQUEUE

sacct -j 4832822
       JobID    JobName    Account    Elapsed  MaxVMSize     MaxRSS  SystemCPU    UserCPU ExitCode 
------------ ---------- ---------- ---------- ---------- ---------- ---------- ---------- -------- 
4832822         library def-mlafo+   00:00:40                        00:04.538  00:39.074      0:0 
4832822.bat+      batch def-mlafo+   00:00:40    138716K      1292K  00:00.977  00:02.627      0:0 
4832822.ext+     extern def-mlafo+   00:00:40    138360K      1064K   00:00:00  00:00.003      0:0 
4832822.0         a.out def-mlafo+   00:00:20    395256K      2976K  00:03.559  00:36.443      0:0 

kernel messages produced during job executions:
[Feb11 15:05] fuse init (API version 7.22)
[ +19.533075] a.out (108586): Using mlock ulimits for SHM_HUGETLB is deprecated
[Feb11 15:06] mlx5_core 0000:06:00.0: mlx5_core_get_rsc:63:(pid 0): Async event for bogus resource 0xf7
[  +0.010300] mlx5_core 0000:06:00.0: mlx5_core_get_rsc:63:(pid 0): Async event for bogus resource 0xf8
[  +0.010289] mlx5_core 0000:06:00.0: mlx5_core_get_rsc:63:(pid 0): Async event for bogus resource 0xf9
[  +0.010288] mlx5_core 0000:06:00.0: mlx5_core_get_rsc:63:(pid 0): Async event for bogus resource 0xfa
[  +0.010287] mlx5_core 0000:06:00.0: mlx5_core_get_rsc:63:(pid 0): Async event for bogus resource 0xfb
[  +0.033513] mlx5_core 0000:06:00.0: mlx5_core_get_rsc:63:(pid 0): Async event for bogus resource 0xe7
[  +0.010291] mlx5_core 0000:06:00.0: mlx5_core_get_rsc:63:(pid 0): Async event for bogus resource 0xe8
[  +0.010288] mlx5_core 0000:06:00.0: mlx5_core_get_rsc:63:(pid 0): Async event for bogus resource 0xe9
[  +0.010287] mlx5_core 0000:06:00.0: mlx5_core_get_rsc:63:(pid 0): Async event for bogus resource 0xea
[  +0.010287] mlx5_core 0000:06:00.0: mlx5_core_get_rsc:63:(pid 0): Async event for bogus resource 0xeb
