gcc (GCC) 9.3.0
Copyright (C) 2019 Free Software Foundation, Inc.
This is free software; see the source for copying conditions.  There is NO
warranty; not even for MERCHANTABILITY or FITNESS FOR A PARTICULAR PURPOSE.

mpirun (Open MPI) 4.0.3

Report bugs to http://www.open-mpi.org/community/help/
Current working directory: /gpfs/fs0/scratch/m/mlafond/pasr1602/library
Starting run at: Wed Feb  3 15:19:41 EST 2021
The threading support level corresponds to that demanded.
Process 0 of 5 is on nia1644.scinet.local
About to create window, 0 / 5!! 
About to allocate
Allocated
About to start, 0 / 5!! 
scheduler() launched!! 
buffer sucessfully sent! 
*** Busy nodes: 1 ***
 Scheduler started!! 
test, busyNodes = 1
test, busyNodes = 2
test, busyNodes = 1
test, busyNodes = 0
BusyNodes = 0 achieved 
process 0 waiting at barrier 
process 0 passed barrier 

 
 
*****************************************************
Total number of requests : 2 
Number of approved requests : 2 
Number of failed requests : 0 
*****************************************************

 
 
Sorted size : 1000 
The threading support level corresponds to that demanded.
Process 3 of 5 is on nia1745.scinet.local
About to create window, 3 / 5!! 
About to allocate
Allocated
About to start, 3 / 5!! 
Pool size increased by one, thread : 0 
Pool size increased by one, thread : 1 
Pool size increased by one, thread : 2 
Pool size increased by one, thread : 3 
Pool size increased by one, thread : 4 
Pool size increased by one, thread : 5 
Pool size increased by one, thread : 6 
Pool size increased by one, thread : 7 
Pool size increased by one, thread : 8 
Pool size increased by one, thread : 9 
process 3 put flag [true] in process 0 
Receiver called on process 3, avl processes 4 
Receiver on 3 ready to receive 
process 3 has rcvd from 0,1 times 
Exit tag received on process 3 
process 3 waiting at barrier 
process 3 passed barrier 
The threading support level corresponds to that demanded.
Process 4 of 5 is on nia1884.scinet.local
About to create window, 4 / 5!! 
About to allocate
Allocated
About to start, 4 / 5!! 
Pool size increased by one, thread : 0 
Pool size increased by one, thread : 1 
Pool size increased by one, thread : 2 
Pool size increased by one, thread : 3 
Pool size increased by one, thread : 4 
Pool size increased by one, thread : 5 
Pool size increased by one, thread : 6 
Pool size increased by one, thread : 7 
Pool size increased by one, thread : 8 
Pool size increased by one, thread : 9 
process 4 put flag [true] in process 0 
Receiver called on process 4, avl processes 4 
Receiver on 4 ready to receive 
process 4 has rcvd from 1,1 times 
Receiver on 4, received 40 Bytes 
4 about to accumulate on busyNodes++
4 about to unlock RMA on 0 
4 between flush and unlock 
busyNodes++, by 4
rank 4 entered reply! 
rank 4 about to reply to 1! 
Passed on process 4 
4 about to accumulate on busyNodes--
4 about to unlock RMA on 0 
The threading support level corresponds to that demanded.
Process 1 of 5 is on nia1653.scinet.local
About to create window, 1 / 5!! 
About to allocate
Allocated
About to start, 1 / 5!! 
Pool size increased by one, thread : 0 
Pool size increased by one, thread : 1 
Pool size increased by one, thread : 2 
Pool size increased by one, thread : 3 
Pool size increased by one, thread : 4 
Pool size increased by one, thread : 5 
Pool size increased by one, thread : 6 
Pool size increased by one, thread : 7 
Pool size increased by one, thread : 8 
Pool size increased by one, thread : 9 
process 1 put flag [true] in process 0 
Receiver called on process 1, avl processes 4 
Receiver on 1 ready to receive 
process 1 has rcvd from 0,1 times 
Receiver on 1, received 8008 Bytes 
1 about to accumulate on busyNodes++
1 about to unlock RMA on 0 
1 between flush and unlock 
busyNodes++, by 1
rank 1 entered reply! 
1 about to request center node to push
process 1 requested to push 
process 1 received ID 4
The threading support level corresponds to that demanded.
Process 2 of 5 is on nia1723.scinet.local
About to create window, 2 / 5!! 
About to allocate
Allocated
About to start, 2 / 5!! 
Pool size increased by one, thread : 0 
Pool size increased by one, thread : 1 
Pool size increased by one, thread : 2 
Pool size increased by one, thread : 3 
Pool size increased by one, thread : 4 
Pool size increased by one, thread : 5 
Pool size increased by one, thread : 6 
Pool size increased by one, thread : 7 
Pool size increased by one, thread : 8 
Pool size increased by one, thread : 9 
process 2 put flag [true] in process 0 
Receiver called on process 2, avl processes 4 
Receiver on 2 ready to receive 
process 2 has rcvd from 1,1 times 
Receiver on 2, received 16 Bytes 
2 about to accumulate on busyNodes++
2 about to unlock RMA on 0 
2 between flush and unlock 
busyNodes++, by 2
rank 2 entered reply! 
rank 2 about to reply to 1! 
Passed on process 2 
2 about to accumulate on busyNodes--
2 about to unlock RMA on 0 
buffer sucessfully sent from rank 1 to rank 4! 
process 1 forwarded to process 4 
1 about to request center node to push
process 1 requested to push 
process 1 received ID 2
buffer sucessfully sent from rank 1 to rank 2! 
process 1 forwarded to process 2 
rank 1 about to reply to 0! 
rank 1 put to finalFlag! 
Passed on process 1 
1 about to accumulate on busyNodes--
1 about to unlock RMA on 0 
1 between flush and unlock 
busyNodes--, by 1
Receiver called on process 1, avl processes 1 
Receiver on 1 ready to receive 
process 1 has rcvd from 0,2 times 
Exit tag received on process 1 
process 1 waiting at barrier 
process 1 passed barrier 
2 between flush and unlock 
busyNodes--, by 2
Receiver called on process 2, avl processes 1 
Receiver on 2 ready to receive 
process 2 has rcvd from 0,2 times 
Exit tag received on process 2 
process 2 waiting at barrier 
process 2 passed barrier 
4 between flush and unlock 
busyNodes--, by 4
Receiver called on process 4, avl processes 1 
Receiver on 4 ready to receive 
process 4 has rcvd from 0,2 times 
Exit tag received on process 4 
process 4 waiting at barrier 
process 4 passed barrier 
1111126171 1113285296 1122452825 1127895864 1131462956 1172286512 1174619658 1179778566 1181214849 1193413279 1197149813 1197314436 1218159842 1232169856 1235748295 1236997356 1256127394 1257863741 1277291717 1283868985 1284411559 1286513696 1288362318 1292284667 1299128649 1311121641 1328745448 1332337838 1335658911 1339153499 1347793288 1372279974 1375872483 1381466974 1396665566 1411491258 1415136411 1448815647 1453223971 1455714729 1461981594 1482326286 1484491441 1496912797 1497169962 1499236428 1515646797 1526457365 1539327388 1542997947 1545959683 1551553533 1557513782 1581452367 1589144677 1615324955 1619533876 1628541539 1628811164 1633418246 1638691458 1639448421 1658953517 1659828563 1674488179 1686596132 1686728958 1693735548 1695423993 1695633811 1696777691 1697487434 1726976632 1728831198 1734579799 1737711186 1742436197 1768497321 1776867998 1781897481 1783637922 1791617462 1796151942 1798487959 1815458375 1817691436 1817989627 1829748698 1842963616 1845261966 1855787845 1869398429 1873857638 1883296648 1883877793 1912773635 1913298562 1921211115 1923248593 1949387399 1953157798 1958811452 1964195612 1971965829 1995933379 1999236412 2111245143 2129613937 2142614616 2145187847 2152482582 2154535525 2189864517 2191212158 2194145245 2214513966 2221951515 2227374629 2228211968 2228313454 2241398693 2245518168 2259216939 2268317623 2268778194 2273136593 2287492213 2293249883 2311449626 2325391576 2328814231 2334393222 2347726565 2384262499 2445312938 2452111543 2464494586 2465984438 2476819359 2486818932 2489485641 2491685133 2534346775 2536684329 2537497463 2545533674 2552793537 2566377488 2567861679 2582359561 2584392411 2584677944 2592144474 2597489261 2646117498 2651337995 2652349357 2655567255 2663334448 2674686692 2679181942 2684841673 2691778927 2711598957 2715532269 2742797974 2743972259 2751393846 2767378747 2774385638 2794154372 2795949898 2823393738 2825885578 2832438946 2845724843 2846568278 2849983748 2856564197 2867682817 2873282111 2877552791 2883828967 2895836411 2897818523 2913446989 2922679512 2932285966 2933439335 2943638376 2945923962 2961194375 2973295875 2977457855 2987751771 2992167619 2993563722 2994469344 2998839458 3111941861 3118238324 3119628995 3121531116 3128481571 3148789917 3152149912 3154315176 3161858358 3171679166 3172394344 3172438424 3178645655 3184291563 3194793737 3199393757 3199588213 3227221643 3231919882 3241655234 3251676571 3253577363 3256714392 3258388131 3281874894 3281892943 3285441168 3297365817 3322498532 3334146959 3338792283 3339158931 3342562959 3348332983 3361663818 3389599978 3391562214 3393545155 3434689582 3435363367 3439489465 3443713866 3444167548 3446132542 3447616393 3451164434 3457846712 3465399872 3471897587 3473947635 3492999159 3499858568 3511962774 3512694231 3516386691 3526738122 3538684156 3541937883 3543398516 3574475794 3576262248 3641814374 3645463226 3668998838 3683131743 3686483446 3688131761 3691172942 3693585845 3694567327 3698613523 3732171451 3734236997 3734376928 3737744817 3757545682 3761135152 3763631199 3765246643 3771653951 3776647551 3777536333 3781191155 3798877741 3812336764 3822313396 3823725431 3831363188 3834868823 3835793472 3854314943 3855596415 3863153737 3877228382 3881581512 3882439386 3885958698 3913128744 3915458638 3916251963 3929539482 3939914371 3943235232 3953717869 3956116594 4113495975 4117879145 4121253162 4122395675 4127111344 4132332311 4132692425 4132867652 4136183121 4137823518 4147836969 4153124646 4167278416 4179191853 4188769744 4198575818 4211653124 4213822743 4222435143 4223235999 4244637212 4257854737 4262779835 4276688551 4283955531 4284344842 4285744571 4295335398 4312299485 4339199591 4343923351 4348634566 4353369564 4359651714 4386187455 4398832627 4416569472 4421188269 4424797457 4428253332 4436862164 4447585413 4449181523 4454756896 4466724219 4467461916 4488825331 4511246738 4518565616 4521582148 4522277719 4532257926 4535388465 4537463956 4548168224 4552352895 4553212663 4562384852 4565587622 4576914754 4586315249 4593169494 4599482745 4627695548 4633576399 4636292967 4637292468 4638858113 4656342339 4675345616 4687671133 4712161766 4713633724 4737877825 4739648894 4742554825 4754583134 4757354159 4758936516 4759592793 4765987882 4767712111 4767739973 4775314188 4777693727 4822425681 4837883775 4858679845 4864736173 4874223455 4875556147 4878343434 4883856328 4898854851 4912457826 4918735544 4928618517 4938195229 4939441593 4944326658 4946176737 4957579585 4986996165 4991227782 4993566118 4998147856 4999446474 5114691941 5123179739 5125917366 5132641384 5135165245 5145142271 5164289176 5176112782 5182452163 5213768264 5215179747 5226681521 5227153216 5229116791 5231124643 5235343199 5266352168 5272839572 5273794471 5276577814 5298132526 5318795674 5326386463 5336279737 5336941489 5347265456 5347631322 5355163967 5357648931 5361367349 5363312729 5388463997 5389886723 5394881571 5397666593 5419797349 5425197385 5432259763 5432447387 5436358793 5439178924 5447656584 5451547727 5451764242 5478571256 5487943151 5489585257 5489914258 5533426753 5537431284 5539677468 5541835224 5541851455 5544127481 5547617257 5551634997 5556834597 5559119813 5566193252 5566388854 5566871395 5591135272 5624214528 5633439715 5639888151 5643869614 5648583864 5652619357 5661931795 5662634614 5664255977 5665613219 5666582155 5673978158 5681811745 5693665839 5716845882 5722198332 5727777992 5734827879 5744966652 5747484959 5754518973 5762817156 5765469465 5797913886 5812126727 5822277848 5834115192 5838513682 5849192732 5851522925 5863514241 5864485736 5879257622 5879274812 5886268436 5886869456 5888556888 5916894716 5928875969 5934515312 5936695448 5942479572 5942827859 5951337446 5952471612 5963175745 5967172291 5985122557 5985481156 5987748496 5995983665 6111293354 6123474129 6139474569 6148419134 6152543981 6162655969 6168417949 6171383835 6177175173 6192491788 6193463584 6213698519 6214145479 6215829137 6217648756 6223258434 6228129346 6232821939 6236499312 6242622981 6242812754 6252249338 6252264362 6254368118 6268522475 6277816651 6322912466 6334887454 6334981264 6337339279 6342631291 6351336693 6357834356 6367978146 6368384461 6379254552 6381936979 6399119968 6417154774 6421541134 6436296776 6439256132 6442178545 6465587466 6466345395 6471618929 6474171981 6483794863 6485214449 6486662179 6498732627 6532383328 6545474828 6547977839 6551364825 6552631697 6561733928 6565832913 6577833623 6578856682 6581414726 6587888591 6596731651 6597824942 6599281462 6618482399 6621916826 6631899195 6635425998 6642772283 6645517937 6648692338 6651311534 6653965366 6672744814 6672958586 6675883469 6681572378 6684353337 6713279687 6717999837 6728487636 6729139515 6729919923 6737252557 6737481414 6753341314 6766284826 6777846768 6781771526 6785678511 6788945576 6812639467 6814172771 6815941843 6817724329 6819293995 6821876462 6822721248 6825349939 6828834689 6843389629 6851748287 6879259728 6885216672 6912548531 6929127378 6945115917 6962881729 6964622886 6968642356 6972381995 6976491859 6978526234 6986857366 6991986994 6996975237 6998645729 6999721257 7115668728 7116289523 7121992882 7124316378 7126922555 7139249649 7141183219 7155248385 7166335931 7182837747 7188482477 7192437841 7197759547 7224572173 7225732689 7229913615 7248582943 7261796421 7267691963 7278169813 7278686845 7279759965 7295889447 7314159732 7321468211 7322785225 7328788539 7331677675 7351566513 7357988512 7361373958 7362463765 7363244718 7367578749 7373971717 7381132491 7382912746 7387635963 7388961598 7419723587 7421825914 7422223246 7424253179 7436841681 7449641868 7452863485 7456142694 7457885588 7471667684 7472911651 7481927675 7488386746 7516317168 7517545341 7524145481 7525738116 7533776111 7535255924 7545847168 7546762952 7548642165 7561334546 7562667365 7565393538 7576449212 7586474853 7592285379 7597891444 7599935536 7611267839 7616893527 7618195292 7626877675 7635954254 7636843794 7643577288 7649183729 7651219794 7659971432 7662866596 7679521874 7679699685 7696475534 7713659911 7719283955 7721543471 7734444235 7743321886 7749387251 7762691574 7776411957 7777115969 7778435366 7781965377 7784356232 7785668541 7786366821 7789815782 7814147858 7817516818 7828898323 7837531383 7838927819 7841327956 7844291191 7853168873 7855743954 7867338438 7875468835 7882825497 7883714133 7885825425 7887272173 7889896276 7916472942 7922326928 7927278915 7929676397 7931722611 7934684957 7935153671 7956718723 7958521139 7963349943 7981832895 7993756391 7995993883 8111124655 8116518194 8118636913 8134849845 8141626168 8143991281 8148357511 8148547474 8159262158 8167968693 8169627522 8185614336 8187682637 8197245166 8197354854 8219932556 8222767481 8224358186 8226644616 8228225521 8235322611 8247279675 8249275326 8255379512 8262294838 8263882734 8269743162 8274161165 8274626335 8281924282 8282141442 8283149816 8283462889 8283674312 8311451367 8326299978 8327885298 8341325344 8348969169 8374738628 8375919262 8398539999 8398619446 8414491764 8415924515 8424956812 8441368554 8444275723 8445315114 8459144836 8468968565 8486954614 8498777597 8513614854 8525545899 8537915543 8538184321 8545242798 8546583693 8548821799 8577325737 8585943649 8588923497 8595813789 8599929883 8613847325 8614898415 8626234285 8635965367 8641165347 8652728146 8655737822 8662331565 8668581663 8669615785 8719128795 8719451791 8719584394 8721538988 8729512893 8743594949 8745463768 8746669774 8747777491 8751771767 8758249753 8765129428 8777398574 8777843112 8789138243 8789215972 8796377639 8832399942 8833336683 8842888974 8849939788 8858291252 8858367185 8861772985 8862829823 8863492476 8869525364 8876177131 8883378551 8913826437 8913951186 8915798823 8918317443 8922618145 8923963633 8929287414 8932955167 8934634743 8938715577 8948748189 8952322182 8953158172 8982572569 8986888157 8987994923 8988251183 8991384782 8992469876 9117456341 9118419959 9123563232 9128471585 9143248558 9155478363 9162233983 9167283687 9167311315 9168482267 9195821382 9196471129 9223978436 9225672643 9232625597 9245917888 9249647264 9274943958 9291613529 9312988914 9313356557 9314768716 9321419631 9322875775 9342445472 9346272443 9346698165 9347129632 9351973497 9363621236 9388158464 9399358498 9412645224 9416552438 9419691659 9436516533 9445986329 9449757673 9452448735 9511652259 9514898541 9515664147 9523386121 9524624639 9527251788 9527486539 9546965188 9549664674 9549976217 9551339838 9554139519 9558331425 9563566717 9568229385 9576489137 9578619911 9583926576 9585284215 9589717996 9595533542 9617693511 9618944775 9625835452 9627283375 9627345394 9628393932 9635789563 9638286346 9643372421 9661469849 9662767192 9684239985 9685556219 9694453923 9712649759 9714156665 9716625653 9718758971 9727199495 9744373337 9757917342 9779195881 9798182686 9811119896 9818691438 9833999741 9835585924 9841565765 9844347752 9844526783 9846288249 9884196452 9917667371 9919537758 9928952158 9931755322 9933429596 9945112126 9949135299 9949761911 9962714673 9968941737 9975178417 9976129551 9984841385 9997544494 9998662247 
Finishing run at: Wed Feb  3 15:19:49 EST 2021

scontrol show jobid 4789698
JobId=4789698 JobName=library
   UserId=pasr1602(3102120) GroupId=mlafond(6054778) MCS_label=N/A
   Priority=347686 Nice=0 Account=def-mlafond QOS=normal
   JobState=COMPLETED Reason=None Dependency=(null)
   Requeue=0 Restarts=0 BatchFlag=1 Reboot=0 ExitCode=0:0
   RunTime=00:00:23 TimeLimit=00:16:00 TimeMin=N/A
   SubmitTime=2021-02-03T15:03:40 EligibleTime=2021-02-03T15:03:40
   AccrueTime=2021-02-03T15:03:40
   StartTime=2021-02-03T15:19:26 EndTime=2021-02-03T15:19:49 Deadline=N/A
   SuspendTime=None SecsPreSuspend=0 LastSchedEval=2021-02-03T15:19:26
   Partition=compute AllocNode:Sid=nia-login02:108184
   ReqNodeList=(null) ExcNodeList=(null)
   NodeList=nia[1644,1653,1723,1745,1884]
   BatchHost=nia1644
   NumNodes=5 NumCPUs=400 NumTasks=5 CPUs/Task=2 ReqB:S:C:T=0:0:*:*
   TRES=cpu=400,mem=875G,node=5,billing=200
   Socks/Node=* NtasksPerN:B:S:C=1:0:*:* CoreSpec=*
   MinCPUsNode=2 MinMemoryNode=175G MinTmpDiskNode=0
   Features=[skylake|cascade] DelayBoot=00:00:00
   OverSubscribe=NO Contiguous=0 Licenses=(null) Network=(null)
   Command=/gpfs/fs0/scratch/m/mlafond/pasr1602/library/job.sh
   WorkDir=/gpfs/fs0/scratch/m/mlafond/pasr1602/library
   StdErr=/gpfs/fs0/scratch/m/mlafond/pasr1602/library/report/library-4789698.out
   StdIn=/dev/null
   StdOut=/gpfs/fs0/scratch/m/mlafond/pasr1602/library/report/library-4789698.out
   Power=
   MailUser=pasr1602@usherbrooke.ca MailType=BEGIN,END,FAIL,REQUEUE

sacct -j 4789698
       JobID    JobName    Account    Elapsed  MaxVMSize     MaxRSS  SystemCPU    UserCPU ExitCode 
------------ ---------- ---------- ---------- ---------- ---------- ---------- ---------- -------- 
4789698         library def-mlafo+   00:00:23                        00:03.799  00:09.290      0:0 
4789698.bat+      batch def-mlafo+   00:00:23    138708K      1292K  00:00.825  00:02.452      0:0 
4789698.ext+     extern def-mlafo+   00:00:23    138352K      1068K   00:00:00  00:00.003      0:0 
4789698.0         a.out def-mlafo+   00:00:08    395252K      2976K  00:02.974  00:06.835      0:0 

kernel messages produced during job executions:
[Feb 3 12:17] mlx5_core 0000:06:00.0: mlx5_core_get_rsc:63:(pid 0): Async event for bogus resource 0x25392
[  +0.011139] mlx5_core 0000:06:00.0: mlx5_core_get_rsc:63:(pid 0): Async event for bogus resource 0x25393
[  +0.011104] mlx5_core 0000:06:00.0: mlx5_core_get_rsc:63:(pid 0): Async event for bogus resource 0x25394
[  +0.011063] mlx5_core 0000:06:00.0: mlx5_core_get_rsc:63:(pid 0): Async event for bogus resource 0x25395
[  +0.011051] mlx5_core 0000:06:00.0: mlx5_core_get_rsc:63:(pid 0): Async event for bogus resource 0x25396
[  +0.027177] mlx5_core 0000:06:00.0: mlx5_core_get_rsc:63:(pid 0): Async event for bogus resource 0x25382
[  +0.011056] mlx5_core 0000:06:00.0: mlx5_core_get_rsc:63:(pid 0): Async event for bogus resource 0x25383
[  +0.011033] mlx5_core 0000:06:00.0: mlx5_core_get_rsc:63:(pid 0): Async event for bogus resource 0x25384
[  +0.011036] mlx5_core 0000:06:00.0: mlx5_core_get_rsc:63:(pid 0): Async event for bogus resource 0x25385
[  +0.011039] mlx5_core 0000:06:00.0: mlx5_core_get_rsc:63:(pid 0): Async event for bogus resource 0x25386
