gcc (GCC) 9.3.0
Copyright (C) 2019 Free Software Foundation, Inc.
This is free software; see the source for copying conditions.  There is NO
warranty; not even for MERCHANTABILITY or FITNESS FOR A PARTICULAR PURPOSE.

mpirun (Open MPI) 4.0.3

Report bugs to http://www.open-mpi.org/community/help/
Current working directory: /gpfs/fs0/scratch/m/mlafond/pasr1602/library
Starting run at: Fri Jan  8 17:38:55 EST 2021
The threading support level corresponds to that demanded.
rank 32, err = 0 
rank 32, err = 0 
Process 32 of 50 is on nia1741.scinet.local
About to create window, 32 / 50!! 
About to allocate
Allocated
About to start, 32 / 50!! 
Pool size increased by one, thread : 0 
32 about to accumulate on avalaibleNodes[32]
32 about to unlock RMA on 0 
32 between flush and unlock 
avalaibleNodes[32], by 32
process 32 put data [1] in process 0 
Receiver called on process 32, avl processes 49 
Receiver on 32 ready to receive 
process 32 has rcvd from 0 
process 32 has rcvd 1 times 
Exit tag received on process 32 
process 32 waiting at barrier 
process 32 passed barrier 
The threading support level corresponds to that demanded.
rank 31, err = 0 
rank 31, err = 0 
Process 31 of 50 is on nia1741.scinet.local
About to create window, 31 / 50!! 
About to allocate
Allocated
About to start, 31 / 50!! 
Pool size increased by one, thread : 0 
31 about to accumulate on avalaibleNodes[31]
31 about to unlock RMA on 0 
31 between flush and unlock 
avalaibleNodes[31], by 31
process 31 put data [1] in process 0 
Receiver called on process 31, avl processes 49 
Receiver on 31 ready to receive 
process 31 has rcvd from 0 
process 31 has rcvd 1 times 
Exit tag received on process 31 
process 31 waiting at barrier 
process 31 passed barrier 
The threading support level corresponds to that demanded.
rank 33, err = 0 
rank 33, err = 0 
Process 33 of 50 is on nia1741.scinet.local
About to create window, 33 / 50!! 
About to allocate
Allocated
About to start, 33 / 50!! 
Pool size increased by one, thread : 0 
33 about to accumulate on avalaibleNodes[33]
33 about to unlock RMA on 0 
33 between flush and unlock 
avalaibleNodes[33], by 33
process 33 put data [1] in process 0 
Receiver called on process 33, avl processes 0 
Receiver on 33 ready to receive 
process 33 has rcvd from 0 
process 33 has rcvd 1 times 
Exit tag received on process 33 
process 33 waiting at barrier 
process 33 passed barrier 
The threading support level corresponds to that demanded.
rank 4, err = 0 
rank 4, err = 0 
Process 4 of 50 is on nia1583.scinet.local
About to create window, 4 / 50!! 
About to allocate
Allocated
About to start, 4 / 50!! 
Pool size increased by one, thread : 0 
4 about to accumulate on avalaibleNodes[4]
4 about to unlock RMA on 0 
4 between flush and unlock 
avalaibleNodes[4], by 4
process 4 put data [1] in process 0 
Receiver called on process 4, avl processes 49 
Receiver on 4 ready to receive 
process 4 has rcvd from 0 
process 4 has rcvd 1 times 
Exit tag received on process 4 
process 4 waiting at barrier 
process 4 passed barrier 
The threading support level corresponds to that demanded.
rank 2, err = 0 
rank 2, err = 0 
Process 2 of 50 is on nia1583.scinet.local
About to create window, 2 / 50!! 
About to allocate
Allocated
About to start, 2 / 50!! 
Pool size increased by one, thread : 0 
2 about to accumulate on avalaibleNodes[2]
2 about to unlock RMA on 0 
2 between flush and unlock 
avalaibleNodes[2], by 2
process 2 put data [1] in process 0 
Receiver called on process 2, avl processes 49 
Receiver on 2 ready to receive 
process 2 has rcvd from 0 
process 2 has rcvd 1 times 
Exit tag received on process 2 
process 2 waiting at barrier 
process 2 passed barrier 
The threading support level corresponds to that demanded.
rank 1, err = 0 
rank 1, err = 0 
Process 1 of 50 is on nia1583.scinet.local
About to create window, 1 / 50!! 
About to allocate
Allocated
About to start, 1 / 50!! 
Pool size increased by one, thread : 0 
1 about to accumulate on avalaibleNodes[1]
1 about to unlock RMA on 0 
1 between flush and unlock 
avalaibleNodes[1], by 1
process 1 put data [1] in process 0 
Receiver called on process 1, avl processes 49 
Receiver on 1 ready to receive 
process 1 has rcvd from 0 
process 1 has rcvd 1 times 
Receiver on 1, received 8008 Bytes 
1 about to accumulate on busyNodes++
1 about to unlock RMA on 0 
1 between flush and unlock 
busyNodes++, by 1
Passed on process 1 
1 about to accumulate on busyNodes--
1 about to unlock RMA on 0 
1 between flush and unlock 
busyNodes--, by 1
Receiver called on process 1, avl processes 0 
Receiver on 1 ready to receive 
process 1 has rcvd from 0 
process 1 has rcvd 2 times 
Exit tag received on process 1 
process 1 waiting at barrier 
process 1 passed barrier 
The threading support level corresponds to that demanded.
rank 3, err = 0 
rank 3, err = 0 
Process 3 of 50 is on nia1583.scinet.local
About to create window, 3 / 50!! 
About to allocate
Allocated
About to start, 3 / 50!! 
Pool size increased by one, thread : 0 
3 about to accumulate on avalaibleNodes[3]
3 about to unlock RMA on 0 
3 between flush and unlock 
avalaibleNodes[3], by 3
process 3 put data [1] in process 0 
Receiver called on process 3, avl processes 49 
Receiver on 3 ready to receive 
process 3 has rcvd from 0 
process 3 has rcvd 1 times 
Exit tag received on process 3 
process 3 waiting at barrier 
process 3 passed barrier 
The threading support level corresponds to that demanded.
rank 12, err = 0 
rank 12, err = 0 
Process 12 of 50 is on nia1584.scinet.local
About to create window, 12 / 50!! 
About to allocate
Allocated
About to start, 12 / 50!! 
Pool size increased by one, thread : 0 
12 about to accumulate on avalaibleNodes[12]
12 about to unlock RMA on 0 
12 between flush and unlock 
avalaibleNodes[12], by 12
process 12 put data [1] in process 0 
Receiver called on process 12, avl processes 49 
Receiver on 12 ready to receive 
process 12 has rcvd from 0 
process 12 has rcvd 1 times 
Exit tag received on process 12 
process 12 waiting at barrier 
process 12 passed barrier 
The threading support level corresponds to that demanded.
rank 5, err = 0 
rank 5, err = 0 
Process 5 of 50 is on nia1583.scinet.local
About to create window, 5 / 50!! 
About to allocate
Allocated
About to start, 5 / 50!! 
Pool size increased by one, thread : 0 
5 about to accumulate on avalaibleNodes[5]
5 about to unlock RMA on 0 
5 between flush and unlock 
avalaibleNodes[5], by 5
process 5 put data [1] in process 0 
Receiver called on process 5, avl processes 49 
Receiver on 5 ready to receive 
process 5 has rcvd from 0 
process 5 has rcvd 1 times 
Exit tag received on process 5 
process 5 waiting at barrier 
process 5 passed barrier 
The threading support level corresponds to that demanded.
rank 6, err = 0 
rank 6, err = 0 
Process 6 of 50 is on nia1583.scinet.local
About to create window, 6 / 50!! 
About to allocate
Allocated
About to start, 6 / 50!! 
Pool size increased by one, thread : 0 
6 about to accumulate on avalaibleNodes[6]
6 about to unlock RMA on 0 
6 between flush and unlock 
avalaibleNodes[6], by 6
process 6 put data [1] in process 0 
Receiver called on process 6, avl processes 49 
Receiver on 6 ready to receive 
process 6 has rcvd from 0 
process 6 has rcvd 1 times 
Exit tag received on process 6 
process 6 waiting at barrier 
process 6 passed barrier 
The threading support level corresponds to that demanded.
rank 8, err = 0 
rank 8, err = 0 
Process 8 of 50 is on nia1583.scinet.local
About to create window, 8 / 50!! 
About to allocate
Allocated
About to start, 8 / 50!! 
Pool size increased by one, thread : 0 
8 about to accumulate on avalaibleNodes[8]
8 about to unlock RMA on 0 
8 between flush and unlock 
avalaibleNodes[8], by 8
process 8 put data [1] in process 0 
Receiver called on process 8, avl processes 49 
Receiver on 8 ready to receive 
process 8 has rcvd from 0 
process 8 has rcvd 1 times 
Exit tag received on process 8 
process 8 waiting at barrier 
process 8 passed barrier 
The threading support level corresponds to that demanded.
rank 13, err = 0 
rank 13, err = 0 
Process 13 of 50 is on nia1584.scinet.local
About to create window, 13 / 50!! 
About to allocate
Allocated
About to start, 13 / 50!! 
Pool size increased by one, thread : 0 
13 about to accumulate on avalaibleNodes[13]
13 about to unlock RMA on 0 
13 between flush and unlock 
avalaibleNodes[13], by 13
process 13 put data [1] in process 0 
Receiver called on process 13, avl processes 49 
Receiver on 13 ready to receive 
process 13 has rcvd from 0 
process 13 has rcvd 1 times 
Exit tag received on process 13 
process 13 waiting at barrier 
process 13 passed barrier 
The threading support level corresponds to that demanded.
rank 16, err = 0 
rank 16, err = 0 
Process 16 of 50 is on nia1584.scinet.local
About to create window, 16 / 50!! 
About to allocate
Allocated
About to start, 16 / 50!! 
Pool size increased by one, thread : 0 
16 about to accumulate on avalaibleNodes[16]
16 about to unlock RMA on 0 
16 between flush and unlock 
avalaibleNodes[16], by 16
process 16 put data [1] in process 0 
Receiver called on process 16, avl processes 49 
Receiver on 16 ready to receive 
process 16 has rcvd from 0 
process 16 has rcvd 1 times 
Exit tag received on process 16 
process 16 waiting at barrier 
process 16 passed barrier 
The threading support level corresponds to that demanded.
rank 14, err = 0 
rank 14, err = 0 
Process 14 of 50 is on nia1584.scinet.local
About to create window, 14 / 50!! 
About to allocate
Allocated
About to start, 14 / 50!! 
Pool size increased by one, thread : 0 
14 about to accumulate on avalaibleNodes[14]
14 about to unlock RMA on 0 
14 between flush and unlock 
avalaibleNodes[14], by 14
process 14 put data [1] in process 0 
Receiver called on process 14, avl processes 49 
Receiver on 14 ready to receive 
process 14 has rcvd from 0 
process 14 has rcvd 1 times 
Exit tag received on process 14 
process 14 waiting at barrier 
process 14 passed barrier 
The threading support level corresponds to that demanded.
rank 17, err = 0 
rank 17, err = 0 
Process 17 of 50 is on nia1584.scinet.local
About to create window, 17 / 50!! 
About to allocate
Allocated
About to start, 17 / 50!! 
Pool size increased by one, thread : 0 
17 about to accumulate on avalaibleNodes[17]
17 about to unlock RMA on 0 
17 between flush and unlock 
avalaibleNodes[17], by 17
process 17 put data [1] in process 0 
Receiver called on process 17, avl processes 49 
Receiver on 17 ready to receive 
process 17 has rcvd from 0 
process 17 has rcvd 1 times 
Exit tag received on process 17 
process 17 waiting at barrier 
process 17 passed barrier 
The threading support level corresponds to that demanded.
rank 11, err = 0 
rank 11, err = 0 
Process 11 of 50 is on nia1584.scinet.local
About to create window, 11 / 50!! 
About to allocate
Allocated
About to start, 11 / 50!! 
Pool size increased by one, thread : 0 
11 about to accumulate on avalaibleNodes[11]
11 about to unlock RMA on 0 
11 between flush and unlock 
avalaibleNodes[11], by 11
process 11 put data [1] in process 0 
Receiver called on process 11, avl processes 49 
Receiver on 11 ready to receive 
process 11 has rcvd from 0 
process 11 has rcvd 1 times 
Exit tag received on process 11 
process 11 waiting at barrier 
process 11 passed barrier 
The threading support level corresponds to that demanded.
rank 15, err = 0 
rank 15, err = 0 
Process 15 of 50 is on nia1584.scinet.local
About to create window, 15 / 50!! 
About to allocate
Allocated
About to start, 15 / 50!! 
Pool size increased by one, thread : 0 
15 about to accumulate on avalaibleNodes[15]
15 about to unlock RMA on 0 
15 between flush and unlock 
avalaibleNodes[15], by 15
process 15 put data [1] in process 0 
Receiver called on process 15, avl processes 49 
Receiver on 15 ready to receive 
process 15 has rcvd from 0 
process 15 has rcvd 1 times 
Exit tag received on process 15 
process 15 waiting at barrier 
process 15 passed barrier 
The threading support level corresponds to that demanded.
rank 18, err = 0 
rank 18, err = 0 
Process 18 of 50 is on nia1584.scinet.local
About to create window, 18 / 50!! 
About to allocate
Allocated
About to start, 18 / 50!! 
Pool size increased by one, thread : 0 
18 about to accumulate on avalaibleNodes[18]
18 about to unlock RMA on 0 
18 between flush and unlock 
avalaibleNodes[18], by 18
process 18 put data [1] in process 0 
Receiver called on process 18, avl processes 49 
Receiver on 18 ready to receive 
process 18 has rcvd from 0 
process 18 has rcvd 1 times 
Exit tag received on process 18 
process 18 waiting at barrier 
process 18 passed barrier 
The threading support level corresponds to that demanded.
rank 7, err = 0 
rank 7, err = 0 
Process 7 of 50 is on nia1583.scinet.local
About to create window, 7 / 50!! 
About to allocate
Allocated
About to start, 7 / 50!! 
Pool size increased by one, thread : 0 
7 about to accumulate on avalaibleNodes[7]
7 about to unlock RMA on 0 
7 between flush and unlock 
avalaibleNodes[7], by 7
process 7 put data [1] in process 0 
Receiver called on process 7, avl processes 49 
Receiver on 7 ready to receive 
process 7 has rcvd from 0 
process 7 has rcvd 1 times 
Exit tag received on process 7 
process 7 waiting at barrier 
process 7 passed barrier 
The threading support level corresponds to that demanded.
rank 9, err = 0 
rank 9, err = 0 
Process 9 of 50 is on nia1583.scinet.local
About to create window, 9 / 50!! 
About to allocate
Allocated
About to start, 9 / 50!! 
Pool size increased by one, thread : 0 
9 about to accumulate on avalaibleNodes[9]
9 about to unlock RMA on 0 
9 between flush and unlock 
avalaibleNodes[9], by 9
process 9 put data [1] in process 0 
Receiver called on process 9, avl processes 0 
Receiver on 9 ready to receive 
process 9 has rcvd from 0 
process 9 has rcvd 1 times 
Exit tag received on process 9 
process 9 waiting at barrier 
process 9 passed barrier 
The threading support level corresponds to that demanded.
rank 19, err = 0 
rank 19, err = 0 
Process 19 of 50 is on nia1584.scinet.local
About to create window, 19 / 50!! 
About to allocate
Allocated
About to start, 19 / 50!! 
Pool size increased by one, thread : 0 
19 about to accumulate on avalaibleNodes[19]
19 about to unlock RMA on 0 
19 between flush and unlock 
avalaibleNodes[19], by 19
process 19 put data [1] in process 0 
Receiver called on process 19, avl processes 49 
Receiver on 19 ready to receive 
process 19 has rcvd from 0 
process 19 has rcvd 1 times 
Exit tag received on process 19 
process 19 waiting at barrier 
process 19 passed barrier 
The threading support level corresponds to that demanded.
rank 49, err = 0 
rank 49, err = 0 
Process 49 of 50 is on nia1742.scinet.local
About to create window, 49 / 50!! 
About to allocate
Allocated
About to start, 49 / 50!! 
Pool size increased by one, thread : 0 
49 about to accumulate on avalaibleNodes[49]
49 about to unlock RMA on 0 
49 between flush and unlock 
avalaibleNodes[49], by 49
process 49 put data [1] in process 0 
Receiver called on process 49, avl processes 49 
Receiver on 49 ready to receive 
process 49 has rcvd from 0 
process 49 has rcvd 1 times 
Exit tag received on process 49 
process 49 waiting at barrier 
process 49 passed barrier 
The threading support level corresponds to that demanded.
rank 45, err = 0 
rank 45, err = 0 
Process 45 of 50 is on nia1742.scinet.local
About to create window, 45 / 50!! 
About to allocate
Allocated
About to start, 45 / 50!! 
Pool size increased by one, thread : 0 
45 about to accumulate on avalaibleNodes[45]
45 about to unlock RMA on 0 
45 between flush and unlock 
avalaibleNodes[45], by 45
process 45 put data [1] in process 0 
Receiver called on process 45, avl processes 49 
Receiver on 45 ready to receive 
process 45 has rcvd from 0 
process 45 has rcvd 1 times 
Exit tag received on process 45 
process 45 waiting at barrier 
process 45 passed barrier 
The threading support level corresponds to that demanded.
rank 46, err = 0 
rank 46, err = 0 
Process 46 of 50 is on nia1742.scinet.local
About to create window, 46 / 50!! 
About to allocate
Allocated
About to start, 46 / 50!! 
Pool size increased by one, thread : 0 
46 about to accumulate on avalaibleNodes[46]
46 about to unlock RMA on 0 
46 between flush and unlock 
avalaibleNodes[46], by 46
process 46 put data [1] in process 0 
Receiver called on process 46, avl processes 49 
Receiver on 46 ready to receive 
process 46 has rcvd from 0 
process 46 has rcvd 1 times 
Exit tag received on process 46 
process 46 waiting at barrier 
process 46 passed barrier 
The threading support level corresponds to that demanded.
rank 48, err = 0 
rank 48, err = 0 
Process 48 of 50 is on nia1742.scinet.local
About to create window, 48 / 50!! 
About to allocate
Allocated
About to start, 48 / 50!! 
Pool size increased by one, thread : 0 
48 about to accumulate on avalaibleNodes[48]
48 about to unlock RMA on 0 
48 between flush and unlock 
avalaibleNodes[48], by 48
process 48 put data [1] in process 0 
Receiver called on process 48, avl processes 49 
Receiver on 48 ready to receive 
process 48 has rcvd from 0 
process 48 has rcvd 1 times 
Exit tag received on process 48 
process 48 waiting at barrier 
process 48 passed barrier 
The threading support level corresponds to that demanded.
rank 42, err = 0 
rank 42, err = 0 
Process 42 of 50 is on nia1742.scinet.local
About to create window, 42 / 50!! 
About to allocate
Allocated
About to start, 42 / 50!! 
Pool size increased by one, thread : 0 
42 about to accumulate on avalaibleNodes[42]
42 about to unlock RMA on 0 
42 between flush and unlock 
avalaibleNodes[42], by 42
process 42 put data [1] in process 0 
Receiver called on process 42, avl processes 49 
Receiver on 42 ready to receive 
process 42 has rcvd from 0 
process 42 has rcvd 1 times 
Exit tag received on process 42 
process 42 waiting at barrier 
process 42 passed barrier 
The threading support level corresponds to that demanded.
rank 44, err = 0 
rank 44, err = 0 
Process 44 of 50 is on nia1742.scinet.local
About to create window, 44 / 50!! 
About to allocate
Allocated
About to start, 44 / 50!! 
Pool size increased by one, thread : 0 
44 about to accumulate on avalaibleNodes[44]
44 about to unlock RMA on 0 
44 between flush and unlock 
avalaibleNodes[44], by 44
process 44 put data [1] in process 0 
Receiver called on process 44, avl processes 49 
Receiver on 44 ready to receive 
process 44 has rcvd from 0 
process 44 has rcvd 1 times 
Exit tag received on process 44 
process 44 waiting at barrier 
process 44 passed barrier 
The threading support level corresponds to that demanded.
rank 41, err = 0 
rank 41, err = 0 
Process 41 of 50 is on nia1742.scinet.local
About to create window, 41 / 50!! 
About to allocate
Allocated
About to start, 41 / 50!! 
Pool size increased by one, thread : 0 
41 about to accumulate on avalaibleNodes[41]
41 about to unlock RMA on 0 
41 between flush and unlock 
avalaibleNodes[41], by 41
process 41 put data [1] in process 0 
Receiver called on process 41, avl processes 0 
Receiver on 41 ready to receive 
process 41 has rcvd from 0 
process 41 has rcvd 1 times 
Exit tag received on process 41 
process 41 waiting at barrier 
process 41 passed barrier 
The threading support level corresponds to that demanded.
rank 25, err = 0 
rank 25, err = 0 
Process 25 of 50 is on nia1740.scinet.local
About to create window, 25 / 50!! 
About to allocate
Allocated
About to start, 25 / 50!! 
Pool size increased by one, thread : 0 
25 about to accumulate on avalaibleNodes[25]
25 about to unlock RMA on 0 
25 between flush and unlock 
avalaibleNodes[25], by 25
process 25 put data [1] in process 0 
Receiver called on process 25, avl processes 49 
Receiver on 25 ready to receive 
process 25 has rcvd from 0 
process 25 has rcvd 1 times 
Exit tag received on process 25 
process 25 waiting at barrier 
process 25 passed barrier 
The threading support level corresponds to that demanded.
rank 21, err = 0 
rank 21, err = 0 
Process 21 of 50 is on nia1740.scinet.local
About to create window, 21 / 50!! 
About to allocate
Allocated
About to start, 21 / 50!! 
Pool size increased by one, thread : 0 
21 about to accumulate on avalaibleNodes[21]
21 about to unlock RMA on 0 
21 between flush and unlock 
avalaibleNodes[21], by 21
process 21 put data [1] in process 0 
Receiver called on process 21, avl processes 49 
Receiver on 21 ready to receive 
process 21 has rcvd from 0 
process 21 has rcvd 1 times 
Exit tag received on process 21 
process 21 waiting at barrier 
process 21 passed barrier 
The threading support level corresponds to that demanded.
rank 26, err = 0 
rank 26, err = 0 
Process 26 of 50 is on nia1740.scinet.local
About to create window, 26 / 50!! 
About to allocate
Allocated
About to start, 26 / 50!! 
Pool size increased by one, thread : 0 
26 about to accumulate on avalaibleNodes[26]
26 about to unlock RMA on 0 
26 between flush and unlock 
avalaibleNodes[26], by 26
process 26 put data [1] in process 0 
Receiver called on process 26, avl processes 0 
Receiver on 26 ready to receive 
process 26 has rcvd from 0 
process 26 has rcvd 1 times 
Exit tag received on process 26 
process 26 waiting at barrier 
process 26 passed barrier 
The threading support level corresponds to that demanded.
rank 27, err = 0 
rank 27, err = 0 
Process 27 of 50 is on nia1740.scinet.local
About to create window, 27 / 50!! 
About to allocate
Allocated
About to start, 27 / 50!! 
Pool size increased by one, thread : 0 
27 about to accumulate on avalaibleNodes[27]
27 about to unlock RMA on 0 
27 between flush and unlock 
avalaibleNodes[27], by 27
process 27 put data [1] in process 0 
Receiver called on process 27, avl processes 49 
Receiver on 27 ready to receive 
process 27 has rcvd from 0 
process 27 has rcvd 1 times 
Exit tag received on process 27 
process 27 waiting at barrier 
process 27 passed barrier 
The threading support level corresponds to that demanded.
rank 22, err = 0 
rank 22, err = 0 
Process 22 of 50 is on nia1740.scinet.local
About to create window, 22 / 50!! 
About to allocate
Allocated
About to start, 22 / 50!! 
Pool size increased by one, thread : 0 
22 about to accumulate on avalaibleNodes[22]
22 about to unlock RMA on 0 
22 between flush and unlock 
avalaibleNodes[22], by 22
process 22 put data [1] in process 0 
Receiver called on process 22, avl processes 0 
Receiver on 22 ready to receive 
process 22 has rcvd from 0 
process 22 has rcvd 1 times 
Exit tag received on process 22 
process 22 waiting at barrier 
process 22 passed barrier 
The threading support level corresponds to that demanded.
rank 28, err = 0 
rank 28, err = 0 
Process 28 of 50 is on nia1740.scinet.local
About to create window, 28 / 50!! 
About to allocate
Allocated
About to start, 28 / 50!! 
Pool size increased by one, thread : 0 
28 about to accumulate on avalaibleNodes[28]
28 about to unlock RMA on 0 
28 between flush and unlock 
avalaibleNodes[28], by 28
process 28 put data [1] in process 0 
Receiver called on process 28, avl processes 49 
Receiver on 28 ready to receive 
process 28 has rcvd from 0 
process 28 has rcvd 1 times 
Exit tag received on process 28 
process 28 waiting at barrier 
process 28 passed barrier 
The threading support level corresponds to that demanded.
rank 29, err = 0 
rank 29, err = 0 
Process 29 of 50 is on nia1740.scinet.local
About to create window, 29 / 50!! 
About to allocate
Allocated
About to start, 29 / 50!! 
Pool size increased by one, thread : 0 
29 about to accumulate on avalaibleNodes[29]
29 about to unlock RMA on 0 
29 between flush and unlock 
avalaibleNodes[29], by 29
process 29 put data [1] in process 0 
Receiver called on process 29, avl processes 49 
Receiver on 29 ready to receive 
process 29 has rcvd from 0 
process 29 has rcvd 1 times 
Exit tag received on process 29 
process 29 waiting at barrier 
process 29 passed barrier 
The threading support level corresponds to that demanded.
rank 24, err = 0 
rank 24, err = 0 
Process 24 of 50 is on nia1740.scinet.local
About to create window, 24 / 50!! 
About to allocate
Allocated
About to start, 24 / 50!! 
Pool size increased by one, thread : 0 
24 about to accumulate on avalaibleNodes[24]
24 about to unlock RMA on 0 
24 between flush and unlock 
avalaibleNodes[24], by 24
process 24 put data [1] in process 0 
Receiver called on process 24, avl processes 49 
Receiver on 24 ready to receive 
process 24 has rcvd from 0 
process 24 has rcvd 1 times 
Exit tag received on process 24 
process 24 waiting at barrier 
process 24 passed barrier 
The threading support level corresponds to that demanded.
rank 20, err = 0 
rank 20, err = 0 
Process 20 of 50 is on nia1740.scinet.local
About to create window, 20 / 50!! 
About to allocate
Allocated
About to start, 20 / 50!! 
Pool size increased by one, thread : 0 
20 about to accumulate on avalaibleNodes[20]
20 about to unlock RMA on 0 
20 between flush and unlock 
avalaibleNodes[20], by 20
process 20 put data [1] in process 0 
Receiver called on process 20, avl processes 49 
Receiver on 20 ready to receive 
process 20 has rcvd from 0 
process 20 has rcvd 1 times 
Exit tag received on process 20 
process 20 waiting at barrier 
process 20 passed barrier 
The threading support level corresponds to that demanded.
rank 23, err = 0 
rank 23, err = 0 
Process 23 of 50 is on nia1740.scinet.local
About to create window, 23 / 50!! 
About to allocate
Allocated
About to start, 23 / 50!! 
Pool size increased by one, thread : 0 
23 about to accumulate on avalaibleNodes[23]
23 about to unlock RMA on 0 
23 between flush and unlock 
avalaibleNodes[23], by 23
process 23 put data [1] in process 0 
Receiver called on process 23, avl processes 0 
Receiver on 23 ready to receive 
process 23 has rcvd from 0 
process 23 has rcvd 1 times 
Exit tag received on process 23 
process 23 waiting at barrier 
process 23 passed barrier 
The threading support level corresponds to that demanded.
rank 43, err = 0 
rank 43, err = 0 
Process 43 of 50 is on nia1742.scinet.local
About to create window, 43 / 50!! 
About to allocate
Allocated
About to start, 43 / 50!! 
Pool size increased by one, thread : 0 
43 about to accumulate on avalaibleNodes[43]
43 about to unlock RMA on 0 
43 between flush and unlock 
avalaibleNodes[43], by 43
process 43 put data [1] in process 0 
Receiver called on process 43, avl processes 49 
Receiver on 43 ready to receive 
process 43 has rcvd from 0 
process 43 has rcvd 1 times 
Exit tag received on process 43 
process 43 waiting at barrier 
process 43 passed barrier 
The threading support level corresponds to that demanded.
rank 47, err = 0 
rank 47, err = 0 
Process 47 of 50 is on nia1742.scinet.local
About to create window, 47 / 50!! 
About to allocate
Allocated
About to start, 47 / 50!! 
Pool size increased by one, thread : 0 
47 about to accumulate on avalaibleNodes[47]
47 about to unlock RMA on 0 
47 between flush and unlock 
avalaibleNodes[47], by 47
process 47 put data [1] in process 0 
Receiver called on process 47, avl processes 49 
Receiver on 47 ready to receive 
process 47 has rcvd from 0 
process 47 has rcvd 1 times 
Exit tag received on process 47 
process 47 waiting at barrier 
process 47 passed barrier 
The threading support level corresponds to that demanded.
rank 35, err = 0 
rank 35, err = 0 
Process 35 of 50 is on nia1741.scinet.local
About to create window, 35 / 50!! 
About to allocate
Allocated
About to start, 35 / 50!! 
Pool size increased by one, thread : 0 
35 about to accumulate on avalaibleNodes[35]
35 about to unlock RMA on 0 
35 between flush and unlock 
avalaibleNodes[35], by 35
process 35 put data [1] in process 0 
Receiver called on process 35, avl processes 49 
Receiver on 35 ready to receive 
process 35 has rcvd from 0 
process 35 has rcvd 1 times 
Exit tag received on process 35 
process 35 waiting at barrier 
process 35 passed barrier 
The threading support level corresponds to that demanded.
rank 10, err = 0 
rank 10, err = 0 
Process 10 of 50 is on nia1584.scinet.local
About to create window, 10 / 50!! 
About to allocate
Allocated
About to start, 10 / 50!! 
Pool size increased by one, thread : 0 
10 about to accumulate on avalaibleNodes[10]
10 about to unlock RMA on 0 
10 between flush and unlock 
avalaibleNodes[10], by 10
process 10 put data [1] in process 0 
Receiver called on process 10, avl processes 49 
Receiver on 10 ready to receive 
process 10 has rcvd from 0 
process 10 has rcvd 1 times 
Exit tag received on process 10 
process 10 waiting at barrier 
process 10 passed barrier 
The threading support level corresponds to that demanded.
rank 37, err = 0 
rank 37, err = 0 
Process 37 of 50 is on nia1741.scinet.local
About to create window, 37 / 50!! 
About to allocate
Allocated
About to start, 37 / 50!! 
Pool size increased by one, thread : 0 
37 about to accumulate on avalaibleNodes[37]
37 about to unlock RMA on 0 
37 between flush and unlock 
avalaibleNodes[37], by 37
process 37 put data [1] in process 0 
Receiver called on process 37, avl processes 49 
Receiver on 37 ready to receive 
process 37 has rcvd from 0 
process 37 has rcvd 1 times 
Exit tag received on process 37 
process 37 waiting at barrier 
process 37 passed barrier 
The threading support level corresponds to that demanded.
rank 30, err = 0 
rank 30, err = 0 
Process 30 of 50 is on nia1741.scinet.local
About to create window, 30 / 50!! 
About to allocate
Allocated
About to start, 30 / 50!! 
Pool size increased by one, thread : 0 
30 about to accumulate on avalaibleNodes[30]
30 about to unlock RMA on 0 
30 between flush and unlock 
avalaibleNodes[30], by 30
process 30 put data [1] in process 0 
Receiver called on process 30, avl processes 49 
Receiver on 30 ready to receive 
process 30 has rcvd from 0 
process 30 has rcvd 1 times 
Exit tag received on process 30 
process 30 waiting at barrier 
process 30 passed barrier 
The threading support level corresponds to that demanded.
rank 36, err = 0 
rank 36, err = 0 
Process 36 of 50 is on nia1741.scinet.local
About to create window, 36 / 50!! 
About to allocate
Allocated
About to start, 36 / 50!! 
Pool size increased by one, thread : 0 
36 about to accumulate on avalaibleNodes[36]
36 about to unlock RMA on 0 
36 between flush and unlock 
avalaibleNodes[36], by 36
process 36 put data [1] in process 0 
Receiver called on process 36, avl processes 49 
Receiver on 36 ready to receive 
process 36 has rcvd from 0 
process 36 has rcvd 1 times 
Exit tag received on process 36 
process 36 waiting at barrier 
process 36 passed barrier 
The threading support level corresponds to that demanded.
rank 39, err = 0 
rank 39, err = 0 
Process 39 of 50 is on nia1741.scinet.local
About to create window, 39 / 50!! 
About to allocate
Allocated
About to start, 39 / 50!! 
Pool size increased by one, thread : 0 
39 about to accumulate on avalaibleNodes[39]
39 about to unlock RMA on 0 
39 between flush and unlock 
avalaibleNodes[39], by 39
process 39 put data [1] in process 0 
Receiver called on process 39, avl processes 49 
Receiver on 39 ready to receive 
process 39 has rcvd from 0 
process 39 has rcvd 1 times 
Exit tag received on process 39 
process 39 waiting at barrier 
process 39 passed barrier 
The threading support level corresponds to that demanded.
rank 38, err = 0 
rank 38, err = 0 
Process 38 of 50 is on nia1741.scinet.local
About to create window, 38 / 50!! 
About to allocate
Allocated
About to start, 38 / 50!! 
Pool size increased by one, thread : 0 
38 about to accumulate on avalaibleNodes[38]
38 about to unlock RMA on 0 
38 between flush and unlock 
avalaibleNodes[38], by 38
process 38 put data [1] in process 0 
Receiver called on process 38, avl processes 0 
Receiver on 38 ready to receive 
process 38 has rcvd from 0 
process 38 has rcvd 1 times 
Exit tag received on process 38 
process 38 waiting at barrier 
process 38 passed barrier 
The threading support level corresponds to that demanded.
rank 34, err = 0 
rank 34, err = 0 
Process 34 of 50 is on nia1741.scinet.local
About to create window, 34 / 50!! 
About to allocate
Allocated
About to start, 34 / 50!! 
Pool size increased by one, thread : 0 
34 about to accumulate on avalaibleNodes[34]
34 about to unlock RMA on 0 
34 between flush and unlock 
avalaibleNodes[34], by 34
process 34 put data [1] in process 0 
Receiver called on process 34, avl processes 49 
Receiver on 34 ready to receive 
process 34 has rcvd from 0 
process 34 has rcvd 1 times 
Exit tag received on process 34 
process 34 waiting at barrier 
process 34 passed barrier 
The threading support level corresponds to that demanded.
rank 40, err = 0 
rank 40, err = 0 
Process 40 of 50 is on nia1742.scinet.local
About to create window, 40 / 50!! 
About to allocate
Allocated
About to start, 40 / 50!! 
Pool size increased by one, thread : 0 
40 about to accumulate on avalaibleNodes[40]
40 about to unlock RMA on 0 
40 between flush and unlock 
avalaibleNodes[40], by 40
process 40 put data [1] in process 0 
Receiver called on process 40, avl processes 49 
Receiver on 40 ready to receive 
process 40 has rcvd from 0 
process 40 has rcvd 1 times 
Exit tag received on process 40 
process 40 waiting at barrier 
process 40 passed barrier 
The threading support level corresponds to that demanded.
rank 0, err = 0 
rank 0, err = 0 
Process 0 of 50 is on nia1583.scinet.local
About to create window, 0 / 50!! 
About to allocate
Allocated
About to start, 0 / 50!! 
scheduler() launched!! 
buffer sucessfully sent! 
*** Busy nodes: 1 ***
 Scheduler started!! 
test, busyNodes = 0
BusyNodes = 0 achieved 
process 0 waiting at barrier 
process 0 passed barrier 
Finishing run at: Fri Jan  8 17:39:08 EST 2021

scontrol show jobid 4684660
JobId=4684660 JobName=library
   UserId=pasr1602(3102120) GroupId=mlafond(6054778) MCS_label=N/A
   Priority=504701 Nice=0 Account=def-mlafond QOS=normal
   JobState=COMPLETED Reason=None Dependency=(null)
   Requeue=0 Restarts=0 BatchFlag=1 Reboot=0 ExitCode=0:0
   RunTime=00:00:28 TimeLimit=00:16:00 TimeMin=N/A
   SubmitTime=2021-01-08T15:56:34 EligibleTime=2021-01-08T15:56:34
   AccrueTime=2021-01-08T15:56:34
   StartTime=2021-01-08T17:38:40 EndTime=2021-01-08T17:39:08 Deadline=N/A
   SuspendTime=None SecsPreSuspend=0 LastSchedEval=2021-01-08T17:38:40
   Partition=compute AllocNode:Sid=nia-login06:437193
   ReqNodeList=(null) ExcNodeList=(null)
   NodeList=nia[1583-1584,1740-1742]
   BatchHost=nia1583
   NumNodes=5 NumCPUs=400 NumTasks=50 CPUs/Task=2 ReqB:S:C:T=0:0:*:*
   TRES=cpu=400,mem=875G,node=5,billing=200
   Socks/Node=* NtasksPerN:B:S:C=10:0:*:* CoreSpec=*
   MinCPUsNode=20 MinMemoryNode=175G MinTmpDiskNode=0
   Features=[skylake|cascade] DelayBoot=00:00:00
   OverSubscribe=NO Contiguous=0 Licenses=(null) Network=(null)
   Command=/gpfs/fs0/scratch/m/mlafond/pasr1602/library/job.sh
   WorkDir=/gpfs/fs0/scratch/m/mlafond/pasr1602/library
   StdErr=/gpfs/fs0/scratch/m/mlafond/pasr1602/library/report/library-4684660.out
   StdIn=/dev/null
   StdOut=/gpfs/fs0/scratch/m/mlafond/pasr1602/library/report/library-4684660.out
   Power=
   MailUser=pasr1602@usherbrooke.ca MailType=BEGIN,END,FAIL,REQUEUE

sacct -j 4684660
       JobID    JobName    Account    Elapsed  MaxVMSize     MaxRSS  SystemCPU    UserCPU ExitCode 
------------ ---------- ---------- ---------- ---------- ---------- ---------- ---------- -------- 
4684660         library def-mlafo+   00:00:28                        01:21.831  03:25.664      0:0 
4684660.bat+      batch def-mlafo+   00:00:28    138708K      1304K  00:00.825  00:02.402      0:0 
4684660.ext+     extern def-mlafo+   00:00:29    138352K      1068K   00:00:00  00:00.003      0:0 
4684660.0         a.out def-mlafo+   00:00:13    395532K    181008K  01:21.005  03:23.259      0:0 

kernel messages produced during job executions:
[Jan 8 16:04] mlx5_core 0000:06:00.0: mlx5_core_get_rsc:63:(pid 336661): Async event for bogus resource 0x2f17
[  +0.012072] mlx5_core 0000:06:00.0: mlx5_core_get_rsc:63:(pid 336661): Async event for bogus resource 0x2f14
[  +0.011868] mlx5_core 0000:06:00.0: mlx5_core_get_rsc:63:(pid 336661): Async event for bogus resource 0x2f12
[  +0.011805] mlx5_core 0000:06:00.0: mlx5_core_get_rsc:63:(pid 336661): Async event for bogus resource 0x2f5f
[  +0.011789] mlx5_core 0000:06:00.0: mlx5_core_get_rsc:63:(pid 336661): Async event for bogus resource 0x2f20
[  +0.011766] mlx5_core 0000:06:00.0: mlx5_core_get_rsc:63:(pid 336661): Async event for bogus resource 0x2f72
[  +0.011751] mlx5_core 0000:06:00.0: mlx5_core_get_rsc:63:(pid 336661): Async event for bogus resource 0x2f26
[  +0.011747] mlx5_core 0000:06:00.0: mlx5_core_get_rsc:63:(pid 336661): Async event for bogus resource 0x2f7d
[  +0.011738] mlx5_core 0000:06:00.0: mlx5_core_get_rsc:63:(pid 336661): Async event for bogus resource 0x2f29
[  +0.011726] mlx5_core 0000:06:00.0: mlx5_core_get_rsc:63:(pid 336661): Async event for bogus resource 0x2f2b
[  +0.011711] mlx5_core 0000:06:00.0: mlx5_core_get_rsc:63:(pid 336661): Async event for bogus resource 0x2f2e
[  +0.011692] mlx5_core 0000:06:00.0: mlx5_core_get_rsc:63:(pid 336661): Async event for bogus resource 0x2f30
[  +0.011680] mlx5_core 0000:06:00.0: mlx5_core_get_rsc:63:(pid 336661): Async event for bogus resource 0x2f90
[  +0.011667] mlx5_core 0000:06:00.0: mlx5_core_get_rsc:63:(pid 336661): Async event for bogus resource 0x2f34
[  +0.011650] mlx5_core 0000:06:00.0: mlx5_core_get_rsc:63:(pid 336661): Async event for bogus resource 0x2f9a
[  +0.011636] mlx5_core 0000:06:00.0: mlx5_core_get_rsc:63:(pid 336661): Async event for bogus resource 0x2f39
[  +0.011614] mlx5_core 0000:06:00.0: mlx5_core_get_rsc:63:(pid 336661): Async event for bogus resource 0x2f38
[  +0.011584] mlx5_core 0000:06:00.0: mlx5_core_get_rsc:63:(pid 336661): Async event for bogus resource 0x2fa4
[  +0.011562] mlx5_core 0000:06:00.0: mlx5_core_get_rsc:63:(pid 336661): Async event for bogus resource 0x2f49
[  +0.011544] mlx5_core 0000:06:00.0: mlx5_core_get_rsc:63:(pid 336661): Async event for bogus resource 0x2f46
[  +0.011519] mlx5_core 0000:06:00.0: mlx5_core_get_rsc:63:(pid 336661): Async event for bogus resource 0x2f50
[  +0.011500] mlx5_core 0000:06:00.0: mlx5_core_get_rsc:63:(pid 336661): Async event for bogus resource 0x2f4e
[  +0.011487] mlx5_core 0000:06:00.0: mlx5_core_get_rsc:63:(pid 336661): Async event for bogus resource 0x2fc3
[  +0.011479] mlx5_core 0000:06:00.0: mlx5_core_get_rsc:63:(pid 336661): Async event for bogus resource 0x2f58
[  +0.011464] mlx5_core 0000:06:00.0: mlx5_core_get_rsc:63:(pid 336661): Async event for bogus resource 0x2f56
[  +0.011443] mlx5_core 0000:06:00.0: mlx5_core_get_rsc:63:(pid 336661): Async event for bogus resource 0x2fcd
[  +0.011411] mlx5_core 0000:06:00.0: mlx5_core_get_rsc:63:(pid 336661): Async event for bogus resource 0x2f61
[  +0.011400] mlx5_core 0000:06:00.0: mlx5_core_get_rsc:63:(pid 336661): Async event for bogus resource 0x2f60
[  +0.011373] mlx5_core 0000:06:00.0: mlx5_core_get_rsc:63:(pid 336661): Async event for bogus resource 0x2fd7
[  +0.011373] mlx5_core 0000:06:00.0: mlx5_core_get_rsc:63:(pid 336661): Async event for bogus resource 0x2f6a
[  +0.011366] mlx5_core 0000:06:00.0: mlx5_core_get_rsc:63:(pid 336661): Async event for bogus resource 0x2fe1
[  +0.011348] mlx5_core 0000:06:00.0: mlx5_core_get_rsc:63:(pid 336661): Async event for bogus resource 0x2f76
[  +0.011335] mlx5_core 0000:06:00.0: mlx5_core_get_rsc:63:(pid 336661): Async event for bogus resource 0x2f7b
[  +0.011330] mlx5_core 0000:06:00.0: mlx5_core_get_rsc:63:(pid 336661): Async event for bogus resource 0x2ff5
[  +0.011331] mlx5_core 0000:06:00.0: mlx5_core_get_rsc:63:(pid 336661): Async event for bogus resource 0x2f8a
[  +0.011326] mlx5_core 0000:06:00.0: mlx5_core_get_rsc:63:(pid 336661): Async event for bogus resource 0x2f85
[  +0.011323] mlx5_core 0000:06:00.0: mlx5_core_get_rsc:63:(pid 336661): Async event for bogus resource 0x2fff
[  +0.011318] mlx5_core 0000:06:00.0: mlx5_core_get_rsc:63:(pid 336661): Async event for bogus resource 0x2f93
[  +0.011312] mlx5_core 0000:06:00.0: mlx5_core_get_rsc:63:(pid 336661): Async event for bogus resource 0x2f8f
[  +0.011308] mlx5_core 0000:06:00.0: mlx5_core_get_rsc:63:(pid 336661): Async event for bogus resource 0x3009
[  +0.011302] mlx5_core 0000:06:00.0: mlx5_core_get_rsc:63:(pid 336661): Async event for bogus resource 0x2fa7
[  +0.011296] mlx5_core 0000:06:00.0: mlx5_core_get_rsc:63:(pid 336661): Async event for bogus resource 0x3013
[  +0.011284] mlx5_core 0000:06:00.0: mlx5_core_get_rsc:63:(pid 336661): Async event for bogus resource 0x2fa2
[  +0.011290] mlx5_core 0000:06:00.0: mlx5_core_get_rsc:63:(pid 336661): Async event for bogus resource 0x2fb1
[  +0.011283] mlx5_core 0000:06:00.0: mlx5_core_get_rsc:63:(pid 336661): Async event for bogus resource 0x301d
[  +0.011278] mlx5_core 0000:06:00.0: mlx5_core_get_rsc:63:(pid 336661): Async event for bogus resource 0x2fba
[  +0.011261] mlx5_core 0000:06:00.0: mlx5_core_get_rsc:63:(pid 336661): Async event for bogus resource 0x2fb7
[  +0.011261] mlx5_core 0000:06:00.0: mlx5_core_get_rsc:63:(pid 336661): Async event for bogus resource 0x3031
[  +0.011251] mlx5_core 0000:06:00.0: mlx5_core_get_rsc:63:(pid 336661): Async event for bogus resource 0x2fc5
[  +0.011252] mlx5_core 0000:06:00.0: mlx5_core_get_rsc:63:(pid 336661): Async event for bogus resource 0x2fc1
[  +0.011243] mlx5_core 0000:06:00.0: mlx5_core_get_rsc:63:(pid 336661): Async event for bogus resource 0x303a
[  +0.011252] mlx5_core 0000:06:00.0: mlx5_core_get_rsc:63:(pid 336661): Async event for bogus resource 0x2fce
[  +0.011243] mlx5_core 0000:06:00.0: mlx5_core_get_rsc:63:(pid 336661): Async event for bogus resource 0x2fcb
[  +0.011254] mlx5_core 0000:06:00.0: mlx5_core_get_rsc:63:(pid 336661): Async event for bogus resource 0x3044
[  +0.011252] mlx5_core 0000:06:00.0: mlx5_core_get_rsc:63:(pid 336661): Async event for bogus resource 0x2fd9
[  +0.011244] mlx5_core 0000:06:00.0: mlx5_core_get_rsc:63:(pid 336661): Async event for bogus resource 0x2fd5
[  +0.011254] mlx5_core 0000:06:00.0: mlx5_core_get_rsc:63:(pid 336661): Async event for bogus resource 0x304f
[  +0.011255] mlx5_core 0000:06:00.0: mlx5_core_get_rsc:63:(pid 336661): Async event for bogus resource 0x2fe2
[  +0.011254] mlx5_core 0000:06:00.0: mlx5_core_get_rsc:63:(pid 336661): Async event for bogus resource 0x2fe0
[  +0.011255] mlx5_core 0000:06:00.0: mlx5_core_get_rsc:63:(pid 336661): Async event for bogus resource 0x3058
[  +0.011255] mlx5_core 0000:06:00.0: mlx5_core_get_rsc:63:(pid 336661): Async event for bogus resource 0x2fec
[  +0.011255] mlx5_core 0000:06:00.0: mlx5_core_get_rsc:63:(pid 336661): Async event for bogus resource 0x2fe9
[  +0.011255] mlx5_core 0000:06:00.0: mlx5_core_get_rsc:63:(pid 336661): Async event for bogus resource 0x2ff7
[  +0.011256] mlx5_core 0000:06:00.0: mlx5_core_get_rsc:63:(pid 336661): Async event for bogus resource 0x3062
[  +0.011256] mlx5_core 0000:06:00.0: mlx5_core_get_rsc:63:(pid 336661): Async event for bogus resource 0x2ff2
[  +0.011255] mlx5_core 0000:06:00.0: mlx5_core_get_rsc:63:(pid 336661): Async event for bogus resource 0x306a
[  +0.011257] mlx5_core 0000:06:00.0: mlx5_core_get_rsc:63:(pid 336661): Async event for bogus resource 0x3000
[  +0.011256] mlx5_core 0000:06:00.0: mlx5_core_get_rsc:63:(pid 336661): Async event for bogus resource 0x2ffb
[  +0.011255] mlx5_core 0000:06:00.0: mlx5_core_get_rsc:63:(pid 336661): Async event for bogus resource 0x3073
[  +0.011256] mlx5_core 0000:06:00.0: mlx5_core_get_rsc:63:(pid 336661): Async event for bogus resource 0x300d
[  +0.011258] mlx5_core 0000:06:00.0: mlx5_core_get_rsc:63:(pid 336661): Async event for bogus resource 0x3008
[  +0.011257] mlx5_core 0000:06:00.0: mlx5_core_get_rsc:63:(pid 336661): Async event for bogus resource 0x3080
[  +0.011257] mlx5_core 0000:06:00.0: mlx5_core_get_rsc:63:(pid 336661): Async event for bogus resource 0x3017
[  +0.011262] mlx5_core 0000:06:00.0: mlx5_core_get_rsc:63:(pid 336661): Async event for bogus resource 0x3011
[  +0.011256] mlx5_core 0000:06:00.0: mlx5_core_get_rsc:63:(pid 336661): Async event for bogus resource 0x308b
[  +0.011257] mlx5_core 0000:06:00.0: mlx5_core_get_rsc:63:(pid 336661): Async event for bogus resource 0x3021
[  +0.011257] mlx5_core 0000:06:00.0: mlx5_core_get_rsc:63:(pid 336661): Async event for bogus resource 0x3026
[  +0.011257] mlx5_core 0000:06:00.0: mlx5_core_get_rsc:63:(pid 336661): Async event for bogus resource 0x30a1
[  +0.011257] mlx5_core 0000:06:00.0: mlx5_core_get_rsc:63:(pid 336661): Async event for bogus resource 0x3036
[  +0.011257] mlx5_core 0000:06:00.0: mlx5_core_get_rsc:63:(pid 336661): Async event for bogus resource 0x302f
[  +0.011261] mlx5_core 0000:06:00.0: mlx5_core_get_rsc:63:(pid 336661): Async event for bogus resource 0x3037
[  +0.011258] mlx5_core 0000:06:00.0: mlx5_core_get_rsc:63:(pid 336661): Async event for bogus resource 0x3042
[  +0.011258] mlx5_core 0000:06:00.0: mlx5_core_get_rsc:63:(pid 336661): Async event for bogus resource 0x30be
[  +0.011258] mlx5_core 0000:06:00.0: mlx5_core_get_rsc:63:(pid 336661): Async event for bogus resource 0x3057
[  +0.011258] mlx5_core 0000:06:00.0: mlx5_core_get_rsc:63:(pid 336661): Async event for bogus resource 0x304b
[  +0.011257] mlx5_core 0000:06:00.0: mlx5_core_get_rsc:63:(pid 336661): Async event for bogus resource 0x30c8
[  +0.011259] mlx5_core 0000:06:00.0: mlx5_core_get_rsc:63:(pid 336661): Async event for bogus resource 0x3055
[  +0.011257] mlx5_core 0000:06:00.0: mlx5_core_get_rsc:63:(pid 336661): Async event for bogus resource 0x30d3
[  +0.011257] mlx5_core 0000:06:00.0: mlx5_core_get_rsc:63:(pid 336661): Async event for bogus resource 0x3069
[  +0.011258] mlx5_core 0000:06:00.0: mlx5_core_get_rsc:63:(pid 336661): Async event for bogus resource 0x3061
[  +0.011256] mlx5_core 0000:06:00.0: mlx5_core_get_rsc:63:(pid 336661): Async event for bogus resource 0x30db
[  +0.011258] mlx5_core 0000:06:00.0: mlx5_core_get_rsc:63:(pid 336661): Async event for bogus resource 0x3071
[  +0.011256] mlx5_core 0000:06:00.0: mlx5_core_get_rsc:63:(pid 336661): Async event for bogus resource 0x306c
[  +0.011254] mlx5_core 0000:06:00.0: mlx5_core_get_rsc:63:(pid 336661): Async event for bogus resource 0x307b
[  +0.011255] mlx5_core 0000:06:00.0: mlx5_core_get_rsc:63:(pid 336661): Async event for bogus resource 0x3076
[  +0.011255] mlx5_core 0000:06:00.0: mlx5_core_get_rsc:63:(pid 336661): Async event for bogus resource 0x30e6
[  +0.011256] mlx5_core 0000:06:00.0: mlx5_core_get_rsc:63:(pid 336661): Async event for bogus resource 0x3085
[  +0.011255] mlx5_core 0000:06:00.0: mlx5_core_get_rsc:63:(pid 336661): Async event for bogus resource 0x307e
[  +0.011258] mlx5_core 0000:06:00.0: mlx5_core_get_rsc:63:(pid 336661): Async event for bogus resource 0x3089
[  +0.011255] mlx5_core 0000:06:00.0: mlx5_core_get_rsc:63:(pid 336661): Async event for bogus resource 0x30ef
[  +0.011254] mlx5_core 0000:06:00.0: mlx5_core_get_rsc:63:(pid 336661): Async event for bogus resource 0x309a
[  +0.011254] mlx5_core 0000:06:00.0: mlx5_core_get_rsc:63:(pid 336661): Async event for bogus resource 0x30f5
[  +0.011253] mlx5_core 0000:06:00.0: mlx5_core_get_rsc:63:(pid 336661): Async event for bogus resource 0x30a4
[  +0.011254] mlx5_core 0000:06:00.0: mlx5_core_get_rsc:63:(pid 336661): Async event for bogus resource 0x309e
[  +0.011253] mlx5_core 0000:06:00.0: mlx5_core_get_rsc:63:(pid 336661): Async event for bogus resource 0x30f8
[  +0.011253] mlx5_core 0000:06:00.0: mlx5_core_get_rsc:63:(pid 336661): Async event for bogus resource 0x30ad
[  +0.011253] mlx5_core 0000:06:00.0: mlx5_core_get_rsc:63:(pid 336661): Async event for bogus resource 0x30fc
[  +0.011252] mlx5_core 0000:06:00.0: mlx5_core_get_rsc:63:(pid 336661): Async event for bogus resource 0x30b5
[  +0.011244] mlx5_core 0000:06:00.0: mlx5_core_get_rsc:63:(pid 336661): Async event for bogus resource 0x30c2
[  +0.011253] mlx5_core 0000:06:00.0: mlx5_core_get_rsc:63:(pid 336661): Async event for bogus resource 0x30ff
[  +0.011253] mlx5_core 0000:06:00.0: mlx5_core_get_rsc:63:(pid 336661): Async event for bogus resource 0x30c0
[  +0.011242] mlx5_core 0000:06:00.0: mlx5_core_get_rsc:63:(pid 336661): Async event for bogus resource 0x30cc
[  +0.011252] mlx5_core 0000:06:00.0: mlx5_core_get_rsc:63:(pid 336661): Async event for bogus resource 0x3101
[  +0.011243] mlx5_core 0000:06:00.0: mlx5_core_get_rsc:63:(pid 336661): Async event for bogus resource 0x30d5
[  +0.011252] mlx5_core 0000:06:00.0: mlx5_core_get_rsc:63:(pid 336661): Async event for bogus resource 0x3103
[  +0.011242] mlx5_core 0000:06:00.0: mlx5_core_get_rsc:63:(pid 336661): Async event for bogus resource 0x30d2
[  +0.013527] mlx5_core 0000:06:00.0: mlx5_core_get_rsc:63:(pid 0): Async event for bogus resource 0x2f15
[  +0.010781] mlx5_core 0000:06:00.0: mlx5_core_get_rsc:63:(pid 0): Async event for bogus resource 0x2f18
[  +0.010775] mlx5_core 0000:06:00.0: mlx5_core_get_rsc:63:(pid 0): Async event for bogus resource 0x2f21
[  +0.010774] mlx5_core 0000:06:00.0: mlx5_core_get_rsc:63:(pid 0): Async event for bogus resource 0x2f3c
[  +0.010775] mlx5_core 0000:06:00.0: mlx5_core_get_rsc:63:(pid 0): Async event for bogus resource 0x2f10
[  +0.010776] mlx5_core 0000:06:00.0: mlx5_core_get_rsc:63:(pid 0): Async event for bogus resource 0x2f25
[  +0.010774] mlx5_core 0000:06:00.0: mlx5_core_get_rsc:63:(pid 0): Async event for bogus resource 0x2f1d
[  +0.010776] mlx5_core 0000:06:00.0: mlx5_core_get_rsc:63:(pid 0): Async event for bogus resource 0x2f16
[  +0.010775] mlx5_core 0000:06:00.0: mlx5_core_get_rsc:63:(pid 0): Async event for bogus resource 0x2f2a
[  +0.010776] mlx5_core 0000:06:00.0: mlx5_core_get_rsc:63:(pid 0): Async event for bogus resource 0x2f44
[  +0.010776] mlx5_core 0000:06:00.0: mlx5_core_get_rsc:63:(pid 0): Async event for bogus resource 0x2f19
[  +0.010773] mlx5_core 0000:06:00.0: mlx5_core_get_rsc:63:(pid 0): Async event for bogus resource 0x2f4f
[  +0.010775] mlx5_core 0000:06:00.0: mlx5_core_get_rsc:63:(pid 0): Async event for bogus resource 0x2f27
[  +0.010774] mlx5_core 0000:06:00.0: mlx5_core_get_rsc:63:(pid 0): Async event for bogus resource 0x2f1a
[  +0.010776] mlx5_core 0000:06:00.0: mlx5_core_get_rsc:63:(pid 0): Async event for bogus resource 0x2f35
[  +0.010777] mlx5_core 0000:06:00.0: mlx5_core_get_rsc:63:(pid 0): Async event for bogus resource 0x2f42
[  +0.010768] mlx5_core 0000:06:00.0: mlx5_core_get_rsc:63:(pid 0): Async event for bogus resource 0x2f59
[  +0.010777] mlx5_core 0000:06:00.0: mlx5_core_get_rsc:63:(pid 0): Async event for bogus resource 0x2f1e
[  +0.010768] mlx5_core 0000:06:00.0: mlx5_core_get_rsc:63:(pid 0): Async event for bogus resource 0x2f53
[  +0.010775] mlx5_core 0000:06:00.0: mlx5_core_get_rsc:63:(pid 0): Async event for bogus resource 0x2f3a
[  +0.010776] mlx5_core 0000:06:00.0: mlx5_core_get_rsc:63:(pid 0): Async event for bogus resource 0x2f64
[  +0.010775] mlx5_core 0000:06:00.0: mlx5_core_get_rsc:63:(pid 0): Async event for bogus resource 0x2f31
[  +0.010775] mlx5_core 0000:06:00.0: mlx5_core_get_rsc:63:(pid 0): Async event for bogus resource 0x2f23
[  +0.010776] mlx5_core 0000:06:00.0: mlx5_core_get_rsc:63:(pid 0): Async event for bogus resource 0x2f5e
[  +0.010775] mlx5_core 0000:06:00.0: mlx5_core_get_rsc:63:(pid 0): Async event for bogus resource 0x2f54
[  +0.010777] mlx5_core 0000:06:00.0: mlx5_core_get_rsc:63:(pid 0): Async event for bogus resource 0x2f40
[  +0.010776] mlx5_core 0000:06:00.0: mlx5_core_get_rsc:63:(pid 0): Async event for bogus resource 0x2f6e
[  +0.010777] mlx5_core 0000:06:00.0: mlx5_core_get_rsc:63:(pid 0): Async event for bogus resource 0x2f36
[  +0.010769] mlx5_core 0000:06:00.0: mlx5_core_get_rsc:63:(pid 0): Async event for bogus resource 0x2f28
[  +0.010775] mlx5_core 0000:06:00.0: mlx5_core_get_rsc:63:(pid 0): Async event for bogus resource 0x2f68
[  +0.010776] mlx5_core 0000:06:00.0: mlx5_core_get_rsc:63:(pid 0): Async event for bogus resource 0x2f5d
[  +0.010778] mlx5_core 0000:06:00.0: mlx5_core_get_rsc:63:(pid 0): Async event for bogus resource 0x2f78
[  +0.010768] mlx5_core 0000:06:00.0: mlx5_core_get_rsc:63:(pid 0): Async event for bogus resource 0x2f3b
[  +0.010775] mlx5_core 0000:06:00.0: mlx5_core_get_rsc:63:(pid 0): Async event for bogus resource 0x2f2d
[  +0.010778] mlx5_core 0000:06:00.0: mlx5_core_get_rsc:63:(pid 0): Async event for bogus resource 0x2f67
[  +0.010775] mlx5_core 0000:06:00.0: mlx5_core_get_rsc:63:(pid 0): Async event for bogus resource 0x2f41
[  +0.010776] mlx5_core 0000:06:00.0: mlx5_core_get_rsc:63:(pid 0): Async event for bogus resource 0x2f32
[  +0.010776] mlx5_core 0000:06:00.0: mlx5_core_get_rsc:63:(pid 0): Async event for bogus resource 0x2f71
[  +0.010775] mlx5_core 0000:06:00.0: mlx5_core_get_rsc:63:(pid 0): Async event for bogus resource 0x2f8d
[  +0.010777] mlx5_core 0000:06:00.0: mlx5_core_get_rsc:63:(pid 0): Async event for bogus resource 0x2f5c
[  +0.010769] mlx5_core 0000:06:00.0: mlx5_core_get_rsc:63:(pid 0): Async event for bogus resource 0x2f7e
[  +0.010776] mlx5_core 0000:06:00.0: mlx5_core_get_rsc:63:(pid 0): Async event for bogus resource 0x2f47
[  +0.010778] mlx5_core 0000:06:00.0: mlx5_core_get_rsc:63:(pid 0): Async event for bogus resource 0x2f37
[  +0.010775] mlx5_core 0000:06:00.0: mlx5_core_get_rsc:63:(pid 0): Async event for bogus resource 0x2f7c
[  +0.010776] mlx5_core 0000:06:00.0: mlx5_core_get_rsc:63:(pid 0): Async event for bogus resource 0x2f97
[  +0.010777] mlx5_core 0000:06:00.0: mlx5_core_get_rsc:63:(pid 0): Async event for bogus resource 0x2f66
[  +0.010768] mlx5_core 0000:06:00.0: mlx5_core_get_rsc:63:(pid 0): Async event for bogus resource 0x2f51
[  +0.010776] mlx5_core 0000:06:00.0: mlx5_core_get_rsc:63:(pid 0): Async event for bogus resource 0x2f88
[  +0.010766] mlx5_core 0000:06:00.0: mlx5_core_get_rsc:63:(pid 0): Async event for bogus resource 0x2f3d
[  +0.010766] mlx5_core 0000:06:00.0: mlx5_core_get_rsc:63:(pid 0): Async event for bogus resource 0x2f70
[  +0.010769] mlx5_core 0000:06:00.0: mlx5_core_get_rsc:63:(pid 0): Async event for bogus resource 0x2f91
[  +0.010768] mlx5_core 0000:06:00.0: mlx5_core_get_rsc:63:(pid 0): Async event for bogus resource 0x2fab
[  +0.010759] mlx5_core 0000:06:00.0: mlx5_core_get_rsc:63:(pid 0): Async event for bogus resource 0x2f9e
[  +0.010767] mlx5_core 0000:06:00.0: mlx5_core_get_rsc:63:(pid 0): Async event for bogus resource 0x2f63
[  +0.010766] mlx5_core 0000:06:00.0: mlx5_core_get_rsc:63:(pid 0): Async event for bogus resource 0x2f4d
[  +0.010767] mlx5_core 0000:06:00.0: mlx5_core_get_rsc:63:(pid 0): Async event for bogus resource 0x2fb5
[  +0.010767] mlx5_core 0000:06:00.0: mlx5_core_get_rsc:63:(pid 0): Async event for bogus resource 0x2f9b
[  +0.010767] mlx5_core 0000:06:00.0: mlx5_core_get_rsc:63:(pid 0): Async event for bogus resource 0x2f84
[  +0.012862] mlx5_core 0000:06:00.0: mlx5_core_get_rsc:63:(pid 0): Async event for bogus resource 0x2f57
[  +0.011204] mlx5_core 0000:06:00.0: mlx5_core_get_rsc:63:(pid 0): Async event for bogus resource 0x2f55
[  +0.010770] mlx5_core 0000:06:00.0: mlx5_core_get_rsc:63:(pid 0): Async event for bogus resource 0x2fc0
[  +0.010763] mlx5_core 0000:06:00.0: mlx5_core_get_rsc:63:(pid 0): Async event for bogus resource 0x2f8e
[  +0.010766] mlx5_core 0000:06:00.0: mlx5_core_get_rsc:63:(pid 0): Async event for bogus resource 0x2f77
[  +0.010764] mlx5_core 0000:06:00.0: mlx5_core_get_rsc:63:(pid 0): Async event for bogus resource 0x2fb2
[  +0.011204] mlx5_core 0000:06:00.0: mlx5_core_get_rsc:63:(pid 0): Async event for bogus resource 0x2f62
[  +0.011156] mlx5_core 0000:06:00.0: mlx5_core_get_rsc:63:(pid 0): Async event for bogus resource 0x2fca
[  +0.010766] mlx5_core 0000:06:00.0: mlx5_core_get_rsc:63:(pid 0): Async event for bogus resource 0x2f98
[  +0.010765] mlx5_core 0000:06:00.0: mlx5_core_get_rsc:63:(pid 0): Async event for bogus resource 0x2faf
[  +0.010766] mlx5_core 0000:06:00.0: mlx5_core_get_rsc:63:(pid 0): Async event for bogus resource 0x2f7f
[  +0.010767] mlx5_core 0000:06:00.0: mlx5_core_get_rsc:63:(pid 0): Async event for bogus resource 0x2fbc
[  +0.011297] mlx5_core 0000:06:00.0: mlx5_core_get_rsc:63:(pid 0): Async event for bogus resource 0x2f6c
[  +0.011123] mlx5_core 0000:06:00.0: mlx5_core_get_rsc:63:(pid 0): Async event for bogus resource 0x2fc6
[  +0.010766] mlx5_core 0000:06:00.0: mlx5_core_get_rsc:63:(pid 0): Async event for bogus resource 0x2fd3
[  +0.010767] mlx5_core 0000:06:00.0: mlx5_core_get_rsc:63:(pid 0): Async event for bogus resource 0x2f75
[  +0.010767] mlx5_core 0000:06:00.0: mlx5_core_get_rsc:63:(pid 0): Async event for bogus resource 0x2f6f
[  +0.010766] mlx5_core 0000:06:00.0: mlx5_core_get_rsc:63:(pid 0): Async event for bogus resource 0x2fdd
[  +0.010767] mlx5_core 0000:06:00.0: mlx5_core_get_rsc:63:(pid 0): Async event for bogus resource 0x2f81
[  +0.010766] mlx5_core 0000:06:00.0: mlx5_core_get_rsc:63:(pid 0): Async event for bogus resource 0x2f92
[  +0.010766] mlx5_core 0000:06:00.0: mlx5_core_get_rsc:63:(pid 0): Async event for bogus resource 0x2fcc
[  +0.010765] mlx5_core 0000:06:00.0: mlx5_core_get_rsc:63:(pid 0): Async event for bogus resource 0x2fb6
[  +0.010767] mlx5_core 0000:06:00.0: mlx5_core_get_rsc:63:(pid 0): Async event for bogus resource 0x2fd8
[  +0.010767] mlx5_core 0000:06:00.0: mlx5_core_get_rsc:63:(pid 0): Async event for bogus resource 0x2fe7
[  +0.010765] mlx5_core 0000:06:00.0: mlx5_core_get_rsc:63:(pid 0): Async event for bogus resource 0x2f79
[  +0.010768] mlx5_core 0000:06:00.0: mlx5_core_get_rsc:63:(pid 0): Async event for bogus resource 0x2f8b
[  +0.010766] mlx5_core 0000:06:00.0: mlx5_core_get_rsc:63:(pid 0): Async event for bogus resource 0x2fd6
[  +0.010766] mlx5_core 0000:06:00.0: mlx5_core_get_rsc:63:(pid 0): Async event for bogus resource 0x2fbf
[  +0.010765] mlx5_core 0000:06:00.0: mlx5_core_get_rsc:63:(pid 0): Async event for bogus resource 0x2fe4
[  +0.010768] mlx5_core 0000:06:00.0: mlx5_core_get_rsc:63:(pid 0): Async event for bogus resource 0x2ff3
[  +0.010765] mlx5_core 0000:06:00.0: mlx5_core_get_rsc:63:(pid 0): Async event for bogus resource 0x2f82
[  +0.010765] mlx5_core 0000:06:00.0: mlx5_core_get_rsc:63:(pid 0): Async event for bogus resource 0x2fa6
[  +0.010767] mlx5_core 0000:06:00.0: mlx5_core_get_rsc:63:(pid 0): Async event for bogus resource 0x2fde
[  +0.010768] mlx5_core 0000:06:00.0: mlx5_core_get_rsc:63:(pid 0): Async event for bogus resource 0x2fed
[  +0.010767] mlx5_core 0000:06:00.0: mlx5_core_get_rsc:63:(pid 0): Async event for bogus resource 0x2ffe
[  +0.010767] mlx5_core 0000:06:00.0: mlx5_core_get_rsc:63:(pid 0): Async event for bogus resource 0x2fb0
[  +0.010767] mlx5_core 0000:06:00.0: mlx5_core_get_rsc:63:(pid 0): Async event for bogus resource 0x2fe8
[  +0.010766] mlx5_core 0000:06:00.0: mlx5_core_get_rsc:63:(pid 0): Async event for bogus resource 0x2f8c
[  +0.010766] mlx5_core 0000:06:00.0: mlx5_core_get_rsc:63:(pid 0): Async event for bogus resource 0x2ff6
[  +0.010766] mlx5_core 0000:06:00.0: mlx5_core_get_rsc:63:(pid 0): Async event for bogus resource 0x3007
[  +0.010767] mlx5_core 0000:06:00.0: mlx5_core_get_rsc:63:(pid 0): Async event for bogus resource 0x2fd4
[  +0.010767] mlx5_core 0000:06:00.0: mlx5_core_get_rsc:63:(pid 0): Async event for bogus resource 0x2fbb
[  +0.010768] mlx5_core 0000:06:00.0: mlx5_core_get_rsc:63:(pid 0): Async event for bogus resource 0x2fa9
[  +0.010759] mlx5_core 0000:06:00.0: mlx5_core_get_rsc:63:(pid 0): Async event for bogus resource 0x2ff1
[  +0.010766] mlx5_core 0000:06:00.0: mlx5_core_get_rsc:63:(pid 0): Async event for bogus resource 0x3002
[  +0.010769] mlx5_core 0000:06:00.0: mlx5_core_get_rsc:63:(pid 0): Async event for bogus resource 0x2f96
[  +0.010767] mlx5_core 0000:06:00.0: mlx5_core_get_rsc:63:(pid 0): Async event for bogus resource 0x300f
[  +0.010769] mlx5_core 0000:06:00.0: mlx5_core_get_rsc:63:(pid 0): Async event for bogus resource 0x2fdf
[  +0.010769] mlx5_core 0000:06:00.0: mlx5_core_get_rsc:63:(pid 0): Async event for bogus resource 0x2ffc
[  +0.010768] mlx5_core 0000:06:00.0: mlx5_core_get_rsc:63:(pid 0): Async event for bogus resource 0x2fa1
[  +0.010767] mlx5_core 0000:06:00.0: mlx5_core_get_rsc:63:(pid 0): Async event for bogus resource 0x2fb3
[  +0.010772] mlx5_core 0000:06:00.0: mlx5_core_get_rsc:63:(pid 0): Async event for bogus resource 0x3019
[  +0.010770] mlx5_core 0000:06:00.0: mlx5_core_get_rsc:63:(pid 0): Async event for bogus resource 0x2fd0
[  +0.010770] mlx5_core 0000:06:00.0: mlx5_core_get_rsc:63:(pid 0): Async event for bogus resource 0x2fea
[  +0.010768] mlx5_core 0000:06:00.0: mlx5_core_get_rsc:63:(pid 0): Async event for bogus resource 0x2fbd
[  +0.010768] mlx5_core 0000:06:00.0: mlx5_core_get_rsc:63:(pid 0): Async event for bogus resource 0x3025
[  +0.010766] mlx5_core 0000:06:00.0: mlx5_core_get_rsc:63:(pid 0): Async event for bogus resource 0x3022
[  +0.010769] mlx5_core 0000:06:00.0: mlx5_core_get_rsc:63:(pid 0): Async event for bogus resource 0x2fda
[  +0.010772] mlx5_core 0000:06:00.0: mlx5_core_get_rsc:63:(pid 0): Async event for bogus resource 0x2ff4
[  +0.010771] mlx5_core 0000:06:00.0: mlx5_core_get_rsc:63:(pid 0): Async event for bogus resource 0x3012
[  +0.010769] mlx5_core 0000:06:00.0: mlx5_core_get_rsc:63:(pid 0): Async event for bogus resource 0x2fc7
[  +0.010772] mlx5_core 0000:06:00.0: mlx5_core_get_rsc:63:(pid 0): Async event for bogus resource 0x2fb4
[  +0.010769] mlx5_core 0000:06:00.0: mlx5_core_get_rsc:63:(pid 0): Async event for bogus resource 0x2fe3
[  +0.010770] mlx5_core 0000:06:00.0: mlx5_core_get_rsc:63:(pid 0): Async event for bogus resource 0x2ffd
[  +0.010769] mlx5_core 0000:06:00.0: mlx5_core_get_rsc:63:(pid 0): Async event for bogus resource 0x2fd1
[  +0.010769] mlx5_core 0000:06:00.0: mlx5_core_get_rsc:63:(pid 0): Async event for bogus resource 0x302b
[  +0.010771] mlx5_core 0000:06:00.0: mlx5_core_get_rsc:63:(pid 0): Async event for bogus resource 0x3039
[  +0.010770] mlx5_core 0000:06:00.0: mlx5_core_get_rsc:63:(pid 0): Async event for bogus resource 0x2fbe
[  +0.010770] mlx5_core 0000:06:00.0: mlx5_core_get_rsc:63:(pid 0): Async event for bogus resource 0x3005
[  +0.010770] mlx5_core 0000:06:00.0: mlx5_core_get_rsc:63:(pid 0): Async event for bogus resource 0x2fc8
[  +0.010773] mlx5_core 0000:06:00.0: mlx5_core_get_rsc:63:(pid 0): Async event for bogus resource 0x3023
[  +0.010772] mlx5_core 0000:06:00.0: mlx5_core_get_rsc:63:(pid 0): Async event for bogus resource 0x3035
[  +0.010772] mlx5_core 0000:06:00.0: mlx5_core_get_rsc:63:(pid 0): Async event for bogus resource 0x2ffa
[  +0.010773] mlx5_core 0000:06:00.0: mlx5_core_get_rsc:63:(pid 0): Async event for bogus resource 0x3010
[  +0.010774] mlx5_core 0000:06:00.0: mlx5_core_get_rsc:63:(pid 0): Async event for bogus resource 0x303f
[  +0.010774] mlx5_core 0000:06:00.0: mlx5_core_get_rsc:63:(pid 0): Async event for bogus resource 0x2fd2
[  +0.010774] mlx5_core 0000:06:00.0: mlx5_core_get_rsc:63:(pid 0): Async event for bogus resource 0x3004
[  +0.010773] mlx5_core 0000:06:00.0: mlx5_core_get_rsc:63:(pid 0): Async event for bogus resource 0x3030
[  +0.010774] mlx5_core 0000:06:00.0: mlx5_core_get_rsc:63:(pid 0): Async event for bogus resource 0x3054
[  +0.010773] mlx5_core 0000:06:00.0: mlx5_core_get_rsc:63:(pid 0): Async event for bogus resource 0x2fdc
[  +0.010773] mlx5_core 0000:06:00.0: mlx5_core_get_rsc:63:(pid 0): Async event for bogus resource 0x3049
[  +0.010773] mlx5_core 0000:06:00.0: mlx5_core_get_rsc:63:(pid 0): Async event for bogus resource 0x300e
[  +0.010774] mlx5_core 0000:06:00.0: mlx5_core_get_rsc:63:(pid 0): Async event for bogus resource 0x305d
[  +0.010773] mlx5_core 0000:06:00.0: mlx5_core_get_rsc:63:(pid 0): Async event for bogus resource 0x2fee
[  +0.010776] mlx5_core 0000:06:00.0: mlx5_core_get_rsc:63:(pid 0): Async event for bogus resource 0x303b
[  +0.010775] mlx5_core 0000:06:00.0: mlx5_core_get_rsc:63:(pid 0): Async event for bogus resource 0x3053
[  +0.010776] mlx5_core 0000:06:00.0: mlx5_core_get_rsc:63:(pid 0): Async event for bogus resource 0x2fe6
[  +0.010774] mlx5_core 0000:06:00.0: mlx5_core_get_rsc:63:(pid 0): Async event for bogus resource 0x3015
[  +0.010774] mlx5_core 0000:06:00.0: mlx5_core_get_rsc:63:(pid 0): Async event for bogus resource 0x2ff8
[  +0.010774] mlx5_core 0000:06:00.0: mlx5_core_get_rsc:63:(pid 0): Async event for bogus resource 0x3066
[  +0.010776] mlx5_core 0000:06:00.0: mlx5_core_get_rsc:63:(pid 0): Async event for bogus resource 0x3045
[  +0.010777] mlx5_core 0000:06:00.0: mlx5_core_get_rsc:63:(pid 0): Async event for bogus resource 0x3070
[  +0.010776] mlx5_core 0000:06:00.0: mlx5_core_get_rsc:63:(pid 0): Async event for bogus resource 0x304e
[  +0.010776] mlx5_core 0000:06:00.0: mlx5_core_get_rsc:63:(pid 0): Async event for bogus resource 0x301e
[  +0.010773] mlx5_core 0000:06:00.0: mlx5_core_get_rsc:63:(pid 0): Async event for bogus resource 0x3067
[  +0.010775] mlx5_core 0000:06:00.0: mlx5_core_get_rsc:63:(pid 0): Async event for bogus resource 0x2ff9
[  +0.010773] mlx5_core 0000:06:00.0: mlx5_core_get_rsc:63:(pid 0): Async event for bogus resource 0x307a
[  +0.010773] mlx5_core 0000:06:00.0: mlx5_core_get_rsc:63:(pid 0): Async event for bogus resource 0x3059
[  +0.010777] mlx5_core 0000:06:00.0: mlx5_core_get_rsc:63:(pid 0): Async event for bogus resource 0x3029
[  +0.010774] mlx5_core 0000:06:00.0: mlx5_core_get_rsc:63:(pid 0): Async event for bogus resource 0x3074
[  +0.010775] mlx5_core 0000:06:00.0: mlx5_core_get_rsc:63:(pid 0): Async event for bogus resource 0x3003
[  +0.010773] mlx5_core 0000:06:00.0: mlx5_core_get_rsc:63:(pid 0): Async event for bogus resource 0x3084
[  +0.010773] mlx5_core 0000:06:00.0: mlx5_core_get_rsc:63:(pid 0): Async event for bogus resource 0x3063
[  +0.010774] mlx5_core 0000:06:00.0: mlx5_core_get_rsc:63:(pid 0): Async event for bogus resource 0x3032
[  +0.010774] mlx5_core 0000:06:00.0: mlx5_core_get_rsc:63:(pid 0): Async event for bogus resource 0x3014
[  +0.010774] mlx5_core 0000:06:00.0: mlx5_core_get_rsc:63:(pid 0): Async event for bogus resource 0x3056
[  +0.010773] mlx5_core 0000:06:00.0: mlx5_core_get_rsc:63:(pid 0): Async event for bogus resource 0x307f
[  +0.010772] mlx5_core 0000:06:00.0: mlx5_core_get_rsc:63:(pid 0): Async event for bogus resource 0x306d
[  +0.010774] mlx5_core 0000:06:00.0: mlx5_core_get_rsc:63:(pid 0): Async event for bogus resource 0x308e
[  +0.010774] mlx5_core 0000:06:00.0: mlx5_core_get_rsc:63:(pid 0): Async event for bogus resource 0x303c
[  +0.010774] mlx5_core 0000:06:00.0: mlx5_core_get_rsc:63:(pid 0): Async event for bogus resource 0x301f
[  +0.010774] mlx5_core 0000:06:00.0: mlx5_core_get_rsc:63:(pid 0): Async event for bogus resource 0x300c
[  +0.010774] mlx5_core 0000:06:00.0: mlx5_core_get_rsc:63:(pid 0): Async event for bogus resource 0x305f
[  +0.010772] mlx5_core 0000:06:00.0: mlx5_core_get_rsc:63:(pid 0): Async event for bogus resource 0x3088
[  +0.010773] mlx5_core 0000:06:00.0: mlx5_core_get_rsc:63:(pid 0): Async event for bogus resource 0x3077
[  +0.010772] mlx5_core 0000:06:00.0: mlx5_core_get_rsc:63:(pid 0): Async event for bogus resource 0x3098
[  +0.010773] mlx5_core 0000:06:00.0: mlx5_core_get_rsc:63:(pid 0): Async event for bogus resource 0x3047
[  +0.010773] mlx5_core 0000:06:00.0: mlx5_core_get_rsc:63:(pid 0): Async event for bogus resource 0x3028
[  +0.010773] mlx5_core 0000:06:00.0: mlx5_core_get_rsc:63:(pid 0): Async event for bogus resource 0x3016
[  +0.010772] mlx5_core 0000:06:00.0: mlx5_core_get_rsc:63:(pid 0): Async event for bogus resource 0x3092
[  +0.010773] mlx5_core 0000:06:00.0: mlx5_core_get_rsc:63:(pid 0): Async event for bogus resource 0x3033
[  +0.010772] mlx5_core 0000:06:00.0: mlx5_core_get_rsc:63:(pid 0): Async event for bogus resource 0x3020
[  +0.010770] mlx5_core 0000:06:00.0: mlx5_core_get_rsc:63:(pid 0): Async event for bogus resource 0x305b
[  +0.010770] mlx5_core 0000:06:00.0: mlx5_core_get_rsc:63:(pid 0): Async event for bogus resource 0x303d
[  +0.010771] mlx5_core 0000:06:00.0: mlx5_core_get_rsc:63:(pid 0): Async event for bogus resource 0x307d
[  +0.010768] mlx5_core 0000:06:00.0: mlx5_core_get_rsc:63:(pid 0): Async event for bogus resource 0x302a
[  +0.010761] mlx5_core 0000:06:00.0: mlx5_core_get_rsc:63:(pid 0): Async event for bogus resource 0x30ac
[  +0.010768] mlx5_core 0000:06:00.0: mlx5_core_get_rsc:63:(pid 0): Async event for bogus resource 0x30a5
[  +0.010761] mlx5_core 0000:06:00.0: mlx5_core_get_rsc:63:(pid 0): Async event for bogus resource 0x3065
[  +0.010769] mlx5_core 0000:06:00.0: mlx5_core_get_rsc:63:(pid 0): Async event for bogus resource 0x3046
[  +0.010759] mlx5_core 0000:06:00.0: mlx5_core_get_rsc:63:(pid 0): Async event for bogus resource 0x30b4
[  +0.010770] mlx5_core 0000:06:00.0: mlx5_core_get_rsc:63:(pid 0): Async event for bogus resource 0x30b0
[  +0.010771] mlx5_core 0000:06:00.0: mlx5_core_get_rsc:63:(pid 0): Async event for bogus resource 0x309d
[  +0.010770] mlx5_core 0000:06:00.0: mlx5_core_get_rsc:63:(pid 0): Async event for bogus resource 0x306f
[  +0.010771] mlx5_core 0000:06:00.0: mlx5_core_get_rsc:63:(pid 0): Async event for bogus resource 0x3091
[  +0.010767] mlx5_core 0000:06:00.0: mlx5_core_get_rsc:63:(pid 0): Async event for bogus resource 0x30bd
[  +0.010768] mlx5_core 0000:06:00.0: mlx5_core_get_rsc:63:(pid 0): Async event for bogus resource 0x30ba
[  +0.010767] mlx5_core 0000:06:00.0: mlx5_core_get_rsc:63:(pid 0): Async event for bogus resource 0x30a7
[  +0.010767] mlx5_core 0000:06:00.0: mlx5_core_get_rsc:63:(pid 0): Async event for bogus resource 0x3079
[  +0.010767] mlx5_core 0000:06:00.0: mlx5_core_get_rsc:63:(pid 0): Async event for bogus resource 0x303e
[  +0.010768] mlx5_core 0000:06:00.0: mlx5_core_get_rsc:63:(pid 0): Async event for bogus resource 0x305a
[  +0.010766] mlx5_core 0000:06:00.0: mlx5_core_get_rsc:63:(pid 0): Async event for bogus resource 0x30b1
[  +0.010768] mlx5_core 0000:06:00.0: mlx5_core_get_rsc:63:(pid 0): Async event for bogus resource 0x3083
[  +0.010767] mlx5_core 0000:06:00.0: mlx5_core_get_rsc:63:(pid 0): Async event for bogus resource 0x30a6
[  +0.010767] mlx5_core 0000:06:00.0: mlx5_core_get_rsc:63:(pid 0): Async event for bogus resource 0x3064
[  +0.010767] mlx5_core 0000:06:00.0: mlx5_core_get_rsc:63:(pid 0): Async event for bogus resource 0x30d0
[  +0.010765] mlx5_core 0000:06:00.0: mlx5_core_get_rsc:63:(pid 0): Async event for bogus resource 0x3048
[  +0.010765] mlx5_core 0000:06:00.0: mlx5_core_get_rsc:63:(pid 0): Async event for bogus resource 0x30bb
[  +0.010767] mlx5_core 0000:06:00.0: mlx5_core_get_rsc:63:(pid 0): Async event for bogus resource 0x30af
[  +0.010767] mlx5_core 0000:06:00.0: mlx5_core_get_rsc:63:(pid 0): Async event for bogus resource 0x30d9
[  +0.010766] mlx5_core 0000:06:00.0: mlx5_core_get_rsc:63:(pid 0): Async event for bogus resource 0x30c4
[  +0.010766] mlx5_core 0000:06:00.0: mlx5_core_get_rsc:63:(pid 0): Async event for bogus resource 0x3078
[  +0.010767] mlx5_core 0000:06:00.0: mlx5_core_get_rsc:63:(pid 0): Async event for bogus resource 0x30a0
[  +0.010769] mlx5_core 0000:06:00.0: mlx5_core_get_rsc:63:(pid 0): Async event for bogus resource 0x305c
[  +0.010770] mlx5_core 0000:06:00.0: mlx5_core_get_rsc:63:(pid 0): Async event for bogus resource 0x30de
[  +0.010765] mlx5_core 0000:06:00.0: mlx5_core_get_rsc:63:(pid 0): Async event for bogus resource 0x3082
[  +0.010766] mlx5_core 0000:06:00.0: mlx5_core_get_rsc:63:(pid 0): Async event for bogus resource 0x30ab
[  +0.010765] mlx5_core 0000:06:00.0: mlx5_core_get_rsc:63:(pid 0): Async event for bogus resource 0x30c3
[  +0.010769] mlx5_core 0000:06:00.0: mlx5_core_get_rsc:63:(pid 0): Async event for bogus resource 0x30d6
[  +0.010766] mlx5_core 0000:06:00.0: mlx5_core_get_rsc:63:(pid 0): Async event for bogus resource 0x308c
[  +0.010766] mlx5_core 0000:06:00.0: mlx5_core_get_rsc:63:(pid 0): Async event for bogus resource 0x3068
[  +0.010763] mlx5_core 0000:06:00.0: mlx5_core_get_rsc:63:(pid 0): Async event for bogus resource 0x30b6
[  +0.010765] mlx5_core 0000:06:00.0: mlx5_core_get_rsc:63:(pid 0): Async event for bogus resource 0x30e8
[  +0.010768] mlx5_core 0000:06:00.0: mlx5_core_get_rsc:63:(pid 0): Async event for bogus resource 0x3072
[  +0.010765] mlx5_core 0000:06:00.0: mlx5_core_get_rsc:63:(pid 0): Async event for bogus resource 0x30bf
[  +0.010765] mlx5_core 0000:06:00.0: mlx5_core_get_rsc:63:(pid 0): Async event for bogus resource 0x30ee
[  +0.010764] mlx5_core 0000:06:00.0: mlx5_core_get_rsc:63:(pid 0): Async event for bogus resource 0x30e2
[  +0.010766] mlx5_core 0000:06:00.0: mlx5_core_get_rsc:63:(pid 0): Async event for bogus resource 0x309f
[  +0.010764] mlx5_core 0000:06:00.0: mlx5_core_get_rsc:63:(pid 0): Async event for bogus resource 0x30ed
[  +0.010766] mlx5_core 0000:06:00.0: mlx5_core_get_rsc:63:(pid 0): Async event for bogus resource 0x30cb
[  +0.010765] mlx5_core 0000:06:00.0: mlx5_core_get_rsc:63:(pid 0): Async event for bogus resource 0x30e7
[  +0.010766] mlx5_core 0000:06:00.0: mlx5_core_get_rsc:63:(pid 0): Async event for bogus resource 0x30dd
[  +0.010768] mlx5_core 0000:06:00.0: mlx5_core_get_rsc:63:(pid 0): Async event for bogus resource 0x30a9
[  +0.010766] mlx5_core 0000:06:00.0: mlx5_core_get_rsc:63:(pid 0): Async event for bogus resource 0x30f1
[  +0.010764] mlx5_core 0000:06:00.0: mlx5_core_get_rsc:63:(pid 0): Async event for bogus resource 0x30f7
[  +0.010769] mlx5_core 0000:06:00.0: mlx5_core_get_rsc:63:(pid 0): Async event for bogus resource 0x30d4
[  +0.010757] mlx5_core 0000:06:00.0: mlx5_core_get_rsc:63:(pid 0): Async event for bogus resource 0x30ec
[  +0.010768] mlx5_core 0000:06:00.0: mlx5_core_get_rsc:63:(pid 0): Async event for bogus resource 0x30b2
[  +0.010756] mlx5_core 0000:06:00.0: mlx5_core_get_rsc:63:(pid 0): Async event for bogus resource 0x30fb
[  +0.010766] mlx5_core 0000:06:00.0: mlx5_core_get_rsc:63:(pid 0): Async event for bogus resource 0x3090
[  +0.010766] mlx5_core 0000:06:00.0: mlx5_core_get_rsc:63:(pid 0): Async event for bogus resource 0x30f2
[  +0.010766] mlx5_core 0000:06:00.0: mlx5_core_get_rsc:63:(pid 0): Async event for bogus resource 0x30bc
[  +0.010767] mlx5_core 0000:06:00.0: mlx5_core_get_rsc:63:(pid 0): Async event for bogus resource 0x30fe
[  +0.010765] mlx5_core 0000:06:00.0: mlx5_core_get_rsc:63:(pid 0): Async event for bogus resource 0x3099
[  +0.010765] mlx5_core 0000:06:00.0: mlx5_core_get_rsc:63:(pid 0): Async event for bogus resource 0x30f6
[  +0.010767] mlx5_core 0000:06:00.0: mlx5_core_get_rsc:63:(pid 0): Async event for bogus resource 0x30c7
[  +0.010766] mlx5_core 0000:06:00.0: mlx5_core_get_rsc:63:(pid 0): Async event for bogus resource 0x30a3
[  +0.010766] mlx5_core 0000:06:00.0: mlx5_core_get_rsc:63:(pid 0): Async event for bogus resource 0x30fa
[  +0.010765] mlx5_core 0000:06:00.0: mlx5_core_get_rsc:63:(pid 0): Async event for bogus resource 0x30d1
[  +0.010765] mlx5_core 0000:06:00.0: mlx5_core_get_rsc:63:(pid 0): Async event for bogus resource 0x30ae
[  +0.010770] mlx5_core 0000:06:00.0: mlx5_core_get_rsc:63:(pid 0): Async event for bogus resource 0x30da
[  +0.010767] mlx5_core 0000:06:00.0: mlx5_core_get_rsc:63:(pid 0): Async event for bogus resource 0x30b8
[  +0.010769] mlx5_core 0000:06:00.0: mlx5_core_get_rsc:63:(pid 0): Async event for bogus resource 0x30e0
[  +0.010756] mlx5_core 0000:06:00.0: mlx5_core_get_rsc:63:(pid 0): Async event for bogus resource 0x30c1
[  +0.010768] mlx5_core 0000:06:00.0: mlx5_core_get_rsc:63:(pid 0): Async event for bogus resource 0x30ca
[  +0.010766] mlx5_core 0000:06:00.0: mlx5_core_get_rsc:63:(pid 0): Async event for bogus resource 0x30ea
[  +0.010768] mlx5_core 0000:06:00.0: mlx5_core_get_rsc:63:(pid 0): Async event for bogus resource 0x30f0
[  +0.010758] mlx5_core 0000:06:00.0: mlx5_core_get_rsc:63:(pid 0): Async event for bogus resource 0x30f4
[  +0.010763] mlx5_core 0000:06:00.0: mlx5_core_get_rsc:63:(pid 0): Async event for bogus resource 0x30f9
[  +0.010765] mlx5_core 0000:06:00.0: mlx5_core_get_rsc:63:(pid 0): Async event for bogus resource 0x30fd
[  +0.010769] mlx5_core 0000:06:00.0: mlx5_core_get_rsc:63:(pid 0): Async event for bogus resource 0x3100
[  +0.010768] mlx5_core 0000:06:00.0: mlx5_core_get_rsc:63:(pid 0): Async event for bogus resource 0x3102
[  +0.500079] mlx5_core 0000:06:00.0: mlx5_core_get_rsc:63:(pid 0): Async event for bogus resource 0x2e5f
[  +0.010882] mlx5_core 0000:06:00.0: mlx5_core_get_rsc:63:(pid 0): Async event for bogus resource 0x2e61
[  +0.010801] mlx5_core 0000:06:00.0: mlx5_core_get_rsc:63:(pid 0): Async event for bogus resource 0x2e62
[  +0.010772] mlx5_core 0000:06:00.0: mlx5_core_get_rsc:63:(pid 0): Async event for bogus resource 0x2e6c
[  +0.010774] mlx5_core 0000:06:00.0: mlx5_core_get_rsc:63:(pid 0): Async event for bogus resource 0x2e69
[  +0.010774] mlx5_core 0000:06:00.0: mlx5_core_get_rsc:63:(pid 0): Async event for bogus resource 0x2e65
[  +0.010773] mlx5_core 0000:06:00.0: mlx5_core_get_rsc:63:(pid 0): Async event for bogus resource 0x2e6b
[  +0.010775] mlx5_core 0000:06:00.0: mlx5_core_get_rsc:63:(pid 0): Async event for bogus resource 0x2e64
[  +0.010774] mlx5_core 0000:06:00.0: mlx5_core_get_rsc:63:(pid 0): Async event for bogus resource 0x2e6e
[  +0.010772] mlx5_core 0000:06:00.0: mlx5_core_get_rsc:63:(pid 0): Async event for bogus resource 0x2e87
[  +0.010770] mlx5_core 0000:06:00.0: mlx5_core_get_rsc:63:(pid 0): Async event for bogus resource 0x2e7e
[  +0.010770] mlx5_core 0000:06:00.0: mlx5_core_get_rsc:63:(pid 0): Async event for bogus resource 0x2e72
[  +0.010768] mlx5_core 0000:06:00.0: mlx5_core_get_rsc:63:(pid 0): Async event for bogus resource 0x2e5e
[  +0.010768] mlx5_core 0000:06:00.0: mlx5_core_get_rsc:63:(pid 0): Async event for bogus resource 0x2e88
[  +0.010766] mlx5_core 0000:06:00.0: mlx5_core_get_rsc:63:(pid 0): Async event for bogus resource 0x2e80
[  +0.010770] mlx5_core 0000:06:00.0: mlx5_core_get_rsc:63:(pid 0): Async event for bogus resource 0x2e8b
[  +0.010767] mlx5_core 0000:06:00.0: mlx5_core_get_rsc:63:(pid 0): Async event for bogus resource 0x2e86
[  +0.010770] mlx5_core 0000:06:00.0: mlx5_core_get_rsc:63:(pid 0): Async event for bogus resource 0x2e60
[  +0.010768] mlx5_core 0000:06:00.0: mlx5_core_get_rsc:63:(pid 0): Async event for bogus resource 0x2e6d
[  +0.010767] mlx5_core 0000:06:00.0: mlx5_core_get_rsc:63:(pid 0): Async event for bogus resource 0x2e89
[  +0.010768] mlx5_core 0000:06:00.0: mlx5_core_get_rsc:63:(pid 0): Async event for bogus resource 0x2e83
[  +0.010765] mlx5_core 0000:06:00.0: mlx5_core_get_rsc:63:(pid 0): Async event for bogus resource 0x2e90
[  +0.010767] mlx5_core 0000:06:00.0: mlx5_core_get_rsc:63:(pid 0): Async event for bogus resource 0x2e59
[  +0.010766] mlx5_core 0000:06:00.0: mlx5_core_get_rsc:63:(pid 0): Async event for bogus resource 0x2e67
[  +0.010766] mlx5_core 0000:06:00.0: mlx5_core_get_rsc:63:(pid 0): Async event for bogus resource 0x2e99
[  +0.010765] mlx5_core 0000:06:00.0: mlx5_core_get_rsc:63:(pid 0): Async event for bogus resource 0x2e92
[  +0.010767] mlx5_core 0000:06:00.0: mlx5_core_get_rsc:63:(pid 0): Async event for bogus resource 0x2e8e
[  +0.010766] mlx5_core 0000:06:00.0: mlx5_core_get_rsc:63:(pid 0): Async event for bogus resource 0x2e5b
[  +0.010764] mlx5_core 0000:06:00.0: mlx5_core_get_rsc:63:(pid 0): Async event for bogus resource 0x2e5a
[  +0.010767] mlx5_core 0000:06:00.0: mlx5_core_get_rsc:63:(pid 0): Async event for bogus resource 0x2e71
[  +0.010766] mlx5_core 0000:06:00.0: mlx5_core_get_rsc:63:(pid 0): Async event for bogus resource 0x2e77
[  +0.010765] mlx5_core 0000:06:00.0: mlx5_core_get_rsc:63:(pid 0): Async event for bogus resource 0x2e9c
[  +0.010765] mlx5_core 0000:06:00.0: mlx5_core_get_rsc:63:(pid 0): Async event for bogus resource 0x2e95
[  +0.010767] mlx5_core 0000:06:00.0: mlx5_core_get_rsc:63:(pid 0): Async event for bogus resource 0x2e6a
[  +0.010767] mlx5_core 0000:06:00.0: mlx5_core_get_rsc:63:(pid 0): Async event for bogus resource 0x2e9d
[  +0.010764] mlx5_core 0000:06:00.0: mlx5_core_get_rsc:63:(pid 0): Async event for bogus resource 0x2e7c
[  +0.010765] mlx5_core 0000:06:00.0: mlx5_core_get_rsc:63:(pid 0): Async event for bogus resource 0x2e5d
[  +0.010765] mlx5_core 0000:06:00.0: mlx5_core_get_rsc:63:(pid 0): Async event for bogus resource 0x2f0e
[  +0.010766] mlx5_core 0000:06:00.0: mlx5_core_get_rsc:63:(pid 0): Async event for bogus resource 0x2e7f
[  +0.010764] mlx5_core 0000:06:00.0: mlx5_core_get_rsc:63:(pid 0): Async event for bogus resource 0x2e8d
[  +0.010766] mlx5_core 0000:06:00.0: mlx5_core_get_rsc:63:(pid 0): Async event for bogus resource 0x2e78
[  +0.010765] mlx5_core 0000:06:00.0: mlx5_core_get_rsc:63:(pid 0): Async event for bogus resource 0x2e66
[  +0.010764] mlx5_core 0000:06:00.0: mlx5_core_get_rsc:63:(pid 0): Async event for bogus resource 0x2e7d
[  +0.010766] mlx5_core 0000:06:00.0: mlx5_core_get_rsc:63:(pid 0): Async event for bogus resource 0x2e82
[  +0.010768] mlx5_core 0000:06:00.0: mlx5_core_get_rsc:63:(pid 0): Async event for bogus resource 0x2e96
[  +0.010767] mlx5_core 0000:06:00.0: mlx5_core_get_rsc:63:(pid 0): Async event for bogus resource 0x2e7a
[  +0.010767] mlx5_core 0000:06:00.0: mlx5_core_get_rsc:63:(pid 0): Async event for bogus resource 0x2e85
[  +0.010765] mlx5_core 0000:06:00.0: mlx5_core_get_rsc:63:(pid 0): Async event for bogus resource 0x2e81
[  +0.010765] mlx5_core 0000:06:00.0: mlx5_core_get_rsc:63:(pid 0): Async event for bogus resource 0x2e91
[  +0.010767] mlx5_core 0000:06:00.0: mlx5_core_get_rsc:63:(pid 0): Async event for bogus resource 0x2e9e
[  +0.010763] mlx5_core 0000:06:00.0: mlx5_core_get_rsc:63:(pid 0): Async event for bogus resource 0x2e7b
[  +0.010764] mlx5_core 0000:06:00.0: mlx5_core_get_rsc:63:(pid 0): Async event for bogus resource 0x2e84
[  +0.010766] mlx5_core 0000:06:00.0: mlx5_core_get_rsc:63:(pid 0): Async event for bogus resource 0x2e9a
[  +0.010767] mlx5_core 0000:06:00.0: mlx5_core_get_rsc:63:(pid 0): Async event for bogus resource 0x2e98
[  +0.010767] mlx5_core 0000:06:00.0: mlx5_core_get_rsc:63:(pid 0): Async event for bogus resource 0x2e9b
[  +0.010767] mlx5_core 0000:06:00.0: mlx5_core_get_rsc:63:(pid 0): Async event for bogus resource 0x2e93
[  +0.010765] mlx5_core 0000:06:00.0: mlx5_core_get_rsc:63:(pid 0): Async event for bogus resource 0x2f0d
[  +0.010769] mlx5_core 0000:06:00.0: mlx5_core_get_rsc:63:(pid 0): Async event for bogus resource 0x3104
[  +0.010758] mlx5_core 0000:06:00.0: mlx5_core_get_rsc:63:(pid 0): Async event for bogus resource 0x3105
[  +0.010769] mlx5_core 0000:06:00.0: mlx5_core_get_rsc:63:(pid 0): Async event for bogus resource 0x3106
[  +0.010771] mlx5_core 0000:06:00.0: mlx5_core_get_rsc:63:(pid 0): Async event for bogus resource 0x3108
[  +0.010770] mlx5_core 0000:06:00.0: mlx5_core_get_rsc:63:(pid 0): Async event for bogus resource 0x3109
[  +0.010770] mlx5_core 0000:06:00.0: mlx5_core_get_rsc:63:(pid 0): Async event for bogus resource 0x310a
[  +0.010768] mlx5_core 0000:06:00.0: mlx5_core_get_rsc:63:(pid 0): Async event for bogus resource 0x310b
[  +0.010762] mlx5_core 0000:06:00.0: mlx5_core_get_rsc:63:(pid 0): Async event for bogus resource 0x310c
[  +0.010766] mlx5_core 0000:06:00.0: mlx5_core_get_rsc:63:(pid 0): Async event for bogus resource 0x310d
[  +0.010768] mlx5_core 0000:06:00.0: mlx5_core_get_rsc:63:(pid 0): Async event for bogus resource 0x310e
[  +0.010766] mlx5_core 0000:06:00.0: mlx5_core_get_rsc:63:(pid 0): Async event for bogus resource 0x310f
[  +0.010769] mlx5_core 0000:06:00.0: mlx5_core_get_rsc:63:(pid 0): Async event for bogus resource 0x3110
[  +0.010756] mlx5_core 0000:06:00.0: mlx5_core_get_rsc:63:(pid 0): Async event for bogus resource 0x3111
[  +0.010766] mlx5_core 0000:06:00.0: mlx5_core_get_rsc:63:(pid 0): Async event for bogus resource 0x3112
[  +0.010766] mlx5_core 0000:06:00.0: mlx5_core_get_rsc:63:(pid 0): Async event for bogus resource 0x3113
[  +0.010767] mlx5_core 0000:06:00.0: mlx5_core_get_rsc:63:(pid 0): Async event for bogus resource 0x3114
[  +0.010767] mlx5_core 0000:06:00.0: mlx5_core_get_rsc:63:(pid 0): Async event for bogus resource 0x3115
[  +0.010766] mlx5_core 0000:06:00.0: mlx5_core_get_rsc:63:(pid 0): Async event for bogus resource 0x3116
[  +0.010765] mlx5_core 0000:06:00.0: mlx5_core_get_rsc:63:(pid 0): Async event for bogus resource 0x3117
[  +0.010766] mlx5_core 0000:06:00.0: mlx5_core_get_rsc:63:(pid 0): Async event for bogus resource 0x3118
[  +0.010766] mlx5_core 0000:06:00.0: mlx5_core_get_rsc:63:(pid 0): Async event for bogus resource 0x3119
[  +0.010765] mlx5_core 0000:06:00.0: mlx5_core_get_rsc:63:(pid 0): Async event for bogus resource 0x311a
[  +0.010765] mlx5_core 0000:06:00.0: mlx5_core_get_rsc:63:(pid 0): Async event for bogus resource 0x311b
[  +0.010764] mlx5_core 0000:06:00.0: mlx5_core_get_rsc:63:(pid 0): Async event for bogus resource 0x311c
[  +0.010765] mlx5_core 0000:06:00.0: mlx5_core_get_rsc:63:(pid 0): Async event for bogus resource 0x311d
[  +0.010765] mlx5_core 0000:06:00.0: mlx5_core_get_rsc:63:(pid 0): Async event for bogus resource 0x311e
[  +0.010768] mlx5_core 0000:06:00.0: mlx5_core_get_rsc:63:(pid 0): Async event for bogus resource 0x311f
[  +0.010766] mlx5_core 0000:06:00.0: mlx5_core_get_rsc:63:(pid 0): Async event for bogus resource 0x3120
[  +0.010765] mlx5_core 0000:06:00.0: mlx5_core_get_rsc:63:(pid 0): Async event for bogus resource 0x3121
[  +0.010764] mlx5_core 0000:06:00.0: mlx5_core_get_rsc:63:(pid 0): Async event for bogus resource 0x3122
[  +0.010765] mlx5_core 0000:06:00.0: mlx5_core_get_rsc:63:(pid 0): Async event for bogus resource 0x3123
