
Lmod is automatically replacing "intel/2020.1.217" with "gcc/10.2.0".


Inactive Modules:
  1) libfabric/1.10.1     2) openmpi/4.0.3     3) ucx/1.8.0

The following have been reloaded with a version change:
  1) gcccore/.9.3.0 => gcccore/.10.2.0


Activating Modules:
  1) libfabric/1.10.1     2) openmpi/4.0.5     3) ucx/1.9.0


Currently Loaded Modules:
  1) CCEnv           (S)      5) StdEnv/2020     (S)   9) pmix/3.1.5
  2) CCconfig                 6) gcccore/.10.2.0 (H)  10) libfabric/1.10.1
  3) gentoo/2020     (S)      7) gcc/10.2.0      (t)  11) openmpi/4.0.5    (m)
  4) imkl/2020.1.217 (math)   8) ucx/1.9.0

  Where:
   H:     Hidden Module
   S:     Module is Sticky, requires --force to unload or purge
   m:     MPI implementations / Implémentations MPI
   math:  Mathematical libraries / Bibliothèques mathématiques
   t:     Tools for development / Outils de développement

 

Current working directory: /gpfs/fs0/scratch/m/mlafond/pasr1602/library
Starting run at: Tue Mar  2 18:47:36 EST 2021
argc: 3, threads: 1, filename: input/prob_4/600/0600_93 
The threading support level corresponds to that demanded.
Process 35 of 40 is on nia1275.scinet.local
About to start, 35 / 40!! 
MVC found so far has 266 elements...................thread 0
rank 35 updated refValueGlobalAbsolute to 266 || 266 
rank 35, cover size : 266 
rank 35, buffer size to be sent : 2156 
rank 35 about to send best result to center 
rank 35 put signal in inbox to retrieve a best result 
rank 35 sent best result, Bytes : 2156, refVal : 266
Exit tag received on process 35 
process 35 waiting at barrier 
process 35 passed barrier 
rank 35, before deallocate 
rank 35, after deallocate 
rank 35, after MPI_Finalize() 
argc: 3, threads: 1, filename: input/prob_4/600/0600_93 
The threading support level corresponds to that demanded.
Process 34 of 40 is on nia1275.scinet.local
About to start, 34 / 40!! 
rank 34 about to send best result to center 
rank 34 did not catch a best result 
Exit tag received on process 34 
process 34 waiting at barrier 
process 34 passed barrier 
rank 34, before deallocate 
rank 34, after deallocate 
rank 34, after MPI_Finalize() 
argc: 3, threads: 1, filename: input/prob_4/600/0600_93 
The threading support level corresponds to that demanded.
Process 1 of 40 is on nia1275.scinet.local
About to start, 1 / 40!! 
MVC found so far has 282 elements...................thread 0
rank 1 updated refValueGlobalAbsolute to 282 || 282 
rank 1, cover size : 282 
rank 1, buffer size to be sent : 2220 
rank 1 about to send best result to center 
rank 1 put signal in inbox to retrieve a best result 
rank 1 sent best result, Bytes : 2220, refVal : 282
Exit tag received on process 1 
process 1 waiting at barrier 
process 1 passed barrier 
rank 1, before deallocate 
rank 1, after deallocate 
rank 1, after MPI_Finalize() 
argc: 3, threads: 1, filename: input/prob_4/600/0600_93 
The threading support level corresponds to that demanded.
Process 3 of 40 is on nia1275.scinet.local
About to start, 3 / 40!! 
rank 3 about to send best result to center 
rank 3 did not catch a best result 
Exit tag received on process 3 
process 3 waiting at barrier 
process 3 passed barrier 
rank 3, before deallocate 
rank 3, after deallocate 
rank 3, after MPI_Finalize() 
argc: 3, threads: 1, filename: input/prob_4/600/0600_93 
The threading support level corresponds to that demanded.
Process 2 of 40 is on nia1275.scinet.local
About to start, 2 / 40!! 
rank 2 about to send best result to center 
rank 2 did not catch a best result 
Exit tag received on process 2 
process 2 waiting at barrier 
process 2 passed barrier 
rank 2, before deallocate 
rank 2, after deallocate 
rank 2, after MPI_Finalize() 
argc: 3, threads: 1, filename: input/prob_4/600/0600_93 
The threading support level corresponds to that demanded.
Process 36 of 40 is on nia1275.scinet.local
About to start, 36 / 40!! 
MVC found so far has 276 elements...................thread 0
rank 36 updated refValueGlobalAbsolute to 276 || 281 
rank 36, cover size : 276 
rank 36, buffer size to be sent : 2196 
rank 36 about to send best result to center 
rank 36 put signal in inbox to retrieve a best result 
rank 36 sent best result, Bytes : 2196, refVal : 276
Exit tag received on process 36 
process 36 waiting at barrier 
process 36 passed barrier 
rank 36, before deallocate 
rank 36, after deallocate 
rank 36, after MPI_Finalize() 
argc: 3, threads: 1, filename: input/prob_4/600/0600_93 
The threading support level corresponds to that demanded.
Process 37 of 40 is on nia1275.scinet.local
About to start, 37 / 40!! 
MVC found so far has 268 elements...................thread 0
rank 37 updated refValueGlobalAbsolute to 268 || 268 
rank 37, cover size : 268 
rank 37, buffer size to be sent : 2164 
rank 37 about to send best result to center 
rank 37 put signal in inbox to retrieve a best result 
rank 37 sent best result, Bytes : 2164, refVal : 268
Exit tag received on process 37 
process 37 waiting at barrier 
process 37 passed barrier 
rank 37, before deallocate 
rank 37, after deallocate 
rank 37, after MPI_Finalize() 
argc: 3, threads: 1, filename: input/prob_4/600/0600_93 
The threading support level corresponds to that demanded.
Process 38 of 40 is on nia1275.scinet.local
About to start, 38 / 40!! 
rank 38 about to send best result to center 
rank 38 did not catch a best result 
Exit tag received on process 38 
process 38 waiting at barrier 
process 38 passed barrier 
rank 38, before deallocate 
rank 38, after deallocate 
rank 38, after MPI_Finalize() 
argc: 3, threads: 1, filename: input/prob_4/600/0600_93 
The threading support level corresponds to that demanded.
Process 5 of 40 is on nia1275.scinet.local
About to start, 5 / 40!! 
rank 5 about to send best result to center 
rank 5 did not catch a best result 
Exit tag received on process 5 
process 5 waiting at barrier 
process 5 passed barrier 
rank 5, before deallocate 
rank 5, after deallocate 
rank 5, after MPI_Finalize() 
argc: 3, threads: 1, filename: input/prob_4/600/0600_93 
The threading support level corresponds to that demanded.
Process 6 of 40 is on nia1275.scinet.local
About to start, 6 / 40!! 
rank 6 about to send best result to center 
rank 6 did not catch a best result 
Exit tag received on process 6 
process 6 waiting at barrier 
process 6 passed barrier 
rank 6, before deallocate 
rank 6, after deallocate 
rank 6, after MPI_Finalize() 
argc: 3, threads: 1, filename: input/prob_4/600/0600_93 
The threading support level corresponds to that demanded.
Process 4 of 40 is on nia1275.scinet.local
About to start, 4 / 40!! 
rank 4 about to send best result to center 
rank 4 did not catch a best result 
Exit tag received on process 4 
process 4 waiting at barrier 
process 4 passed barrier 
rank 4, before deallocate 
rank 4, after deallocate 
rank 4, after MPI_Finalize() 
argc: 3, threads: 1, filename: input/prob_4/600/0600_93 
The threading support level corresponds to that demanded.
Process 7 of 40 is on nia1275.scinet.local
About to start, 7 / 40!! 
MVC found so far has 271 elements...................thread 0
rank 7 updated refValueGlobalAbsolute to 271 || 271 
rank 7, cover size : 271 
rank 7, buffer size to be sent : 2176 
rank 7 about to send best result to center 
rank 7 put signal in inbox to retrieve a best result 
rank 7 sent best result, Bytes : 2176, refVal : 271
Exit tag received on process 7 
process 7 waiting at barrier 
process 7 passed barrier 
rank 7, before deallocate 
rank 7, after deallocate 
rank 7, after MPI_Finalize() 
argc: 3, threads: 1, filename: input/prob_4/600/0600_93 
The threading support level corresponds to that demanded.
Process 33 of 40 is on nia1275.scinet.local
About to start, 33 / 40!! 
rank 33 about to send best result to center 
rank 33 did not catch a best result 
Exit tag received on process 33 
process 33 waiting at barrier 
process 33 passed barrier 
rank 33, before deallocate 
rank 33, after deallocate 
rank 33, after MPI_Finalize() 
argc: 3, threads: 1, filename: input/prob_4/600/0600_93 
The threading support level corresponds to that demanded.
Process 39 of 40 is on nia1275.scinet.local
About to start, 39 / 40!! 
rank 39 about to send best result to center 
rank 39 did not catch a best result 
Exit tag received on process 39 
process 39 waiting at barrier 
process 39 passed barrier 
rank 39, before deallocate 
rank 39, after deallocate 
rank 39, after MPI_Finalize() 
argc: 3, threads: 1, filename: input/prob_4/600/0600_93 
The threading support level corresponds to that demanded.
Process 10 of 40 is on nia1275.scinet.local
About to start, 10 / 40!! 
MVC found so far has 265 elements...................thread 0
rank 10 updated refValueGlobalAbsolute to 265 || 265 
rank 10, cover size : 265 
rank 10, buffer size to be sent : 2152 
rank 10 about to send best result to center 
rank 10 put signal in inbox to retrieve a best result 
rank 10 sent best result, Bytes : 2152, refVal : 265
Exit tag received on process 10 
process 10 waiting at barrier 
process 10 passed barrier 
rank 10, before deallocate 
rank 10, after deallocate 
rank 10, after MPI_Finalize() 
argc: 3, threads: 1, filename: input/prob_4/600/0600_93 
The threading support level corresponds to that demanded.
Process 12 of 40 is on nia1275.scinet.local
About to start, 12 / 40!! 
rank 12 about to send best result to center 
rank 12 did not catch a best result 
Exit tag received on process 12 
process 12 waiting at barrier 
process 12 passed barrier 
rank 12, before deallocate 
rank 12, after deallocate 
rank 12, after MPI_Finalize() 
argc: 3, threads: 1, filename: input/prob_4/600/0600_93 
The threading support level corresponds to that demanded.
Process 13 of 40 is on nia1275.scinet.local
About to start, 13 / 40!! 
rank 13 about to send best result to center 
rank 13 did not catch a best result 
Exit tag received on process 13 
process 13 waiting at barrier 
process 13 passed barrier 
rank 13, before deallocate 
rank 13, after deallocate 
rank 13, after MPI_Finalize() 
argc: 3, threads: 1, filename: input/prob_4/600/0600_93 
The threading support level corresponds to that demanded.
Process 14 of 40 is on nia1275.scinet.local
About to start, 14 / 40!! 
rank 14 about to send best result to center 
rank 14 did not catch a best result 
Exit tag received on process 14 
process 14 waiting at barrier 
process 14 passed barrier 
rank 14, before deallocate 
rank 14, after deallocate 
rank 14, after MPI_Finalize() 
argc: 3, threads: 1, filename: input/prob_4/600/0600_93 
The threading support level corresponds to that demanded.
Process 17 of 40 is on nia1275.scinet.local
About to start, 17 / 40!! 
rank 17 about to send best result to center 
rank 17 did not catch a best result 
Exit tag received on process 17 
process 17 waiting at barrier 
process 17 passed barrier 
rank 17, before deallocate 
rank 17, after deallocate 
rank 17, after MPI_Finalize() 
argc: 3, threads: 1, filename: input/prob_4/600/0600_93 
The threading support level corresponds to that demanded.
Process 15 of 40 is on nia1275.scinet.local
About to start, 15 / 40!! 
rank 15 about to send best result to center 
rank 15 did not catch a best result 
Exit tag received on process 15 
process 15 waiting at barrier 
process 15 passed barrier 
rank 15, before deallocate 
rank 15, after deallocate 
rank 15, after MPI_Finalize() 
argc: 3, threads: 1, filename: input/prob_4/600/0600_93 
The threading support level corresponds to that demanded.
Process 21 of 40 is on nia1275.scinet.local
About to start, 21 / 40!! 
rank 21 about to send best result to center 
rank 21 did not catch a best result 
Exit tag received on process 21 
process 21 waiting at barrier 
process 21 passed barrier 
rank 21, before deallocate 
rank 21, after deallocate 
rank 21, after MPI_Finalize() 
argc: 3, threads: 1, filename: input/prob_4/600/0600_93 
The threading support level corresponds to that demanded.
Process 8 of 40 is on nia1275.scinet.local
About to start, 8 / 40!! 
rank 8 about to send best result to center 
rank 8 did not catch a best result 
Exit tag received on process 8 
process 8 waiting at barrier 
process 8 passed barrier 
rank 8, before deallocate 
rank 8, after deallocate 
rank 8, after MPI_Finalize() 
argc: 3, threads: 1, filename: input/prob_4/600/0600_93 
The threading support level corresponds to that demanded.
Process 19 of 40 is on nia1275.scinet.local
About to start, 19 / 40!! 
rank 19 about to send best result to center 
rank 19 did not catch a best result 
Exit tag received on process 19 
process 19 waiting at barrier 
process 19 passed barrier 
rank 19, before deallocate 
rank 19, after deallocate 
rank 19, after MPI_Finalize() 
argc: 3, threads: 1, filename: input/prob_4/600/0600_93 
The threading support level corresponds to that demanded.
Process 20 of 40 is on nia1275.scinet.local
About to start, 20 / 40!! 
MVC found so far has 269 elements...................thread 0
rank 20 updated refValueGlobalAbsolute to 269 || 269 
rank 20, cover size : 269 
rank 20, buffer size to be sent : 2168 
rank 20 about to send best result to center 
rank 20 put signal in inbox to retrieve a best result 
rank 20 sent best result, Bytes : 2168, refVal : 269
Exit tag received on process 20 
process 20 waiting at barrier 
process 20 passed barrier 
rank 20, before deallocate 
rank 20, after deallocate 
rank 20, after MPI_Finalize() 
argc: 3, threads: 1, filename: input/prob_4/600/0600_93 
The threading support level corresponds to that demanded.
Process 9 of 40 is on nia1275.scinet.local
About to start, 9 / 40!! 
MVC found so far has 270 elements...................thread 0
rank 9 updated refValueGlobalAbsolute to 270 || 270 
rank 9, cover size : 270 
rank 9, buffer size to be sent : 2172 
rank 9 about to send best result to center 
rank 9 put signal in inbox to retrieve a best result 
rank 9 sent best result, Bytes : 2172, refVal : 270
Exit tag received on process 9 
process 9 waiting at barrier 
process 9 passed barrier 
rank 9, before deallocate 
rank 9, after deallocate 
rank 9, after MPI_Finalize() 
argc: 3, threads: 1, filename: input/prob_4/600/0600_93 
The threading support level corresponds to that demanded.
Process 23 of 40 is on nia1275.scinet.local
About to start, 23 / 40!! 
rank 23 about to send best result to center 
rank 23 did not catch a best result 
Exit tag received on process 23 
process 23 waiting at barrier 
process 23 passed barrier 
rank 23, before deallocate 
rank 23, after deallocate 
rank 23, after MPI_Finalize() 
argc: 3, threads: 1, filename: input/prob_4/600/0600_93 
The threading support level corresponds to that demanded.
Process 11 of 40 is on nia1275.scinet.local
About to start, 11 / 40!! 
rank 11 about to send best result to center 
rank 11 did not catch a best result 
Exit tag received on process 11 
process 11 waiting at barrier 
process 11 passed barrier 
rank 11, before deallocate 
rank 11, after deallocate 
rank 11, after MPI_Finalize() 
argc: 3, threads: 1, filename: input/prob_4/600/0600_93 
The threading support level corresponds to that demanded.
Process 28 of 40 is on nia1275.scinet.local
About to start, 28 / 40!! 
MVC found so far has 275 elements...................thread 0
rank 28 updated refValueGlobalAbsolute to 275 || 276 
rank 28, cover size : 275 
rank 28, buffer size to be sent : 2192 
rank 28 about to send best result to center 
rank 28 put signal in inbox to retrieve a best result 
rank 28 sent best result, Bytes : 2192, refVal : 275
Exit tag received on process 28 
process 28 waiting at barrier 
process 28 passed barrier 
rank 28, before deallocate 
rank 28, after deallocate 
rank 28, after MPI_Finalize() 
argc: 3, threads: 1, filename: input/prob_4/600/0600_93 
The threading support level corresponds to that demanded.
Process 26 of 40 is on nia1275.scinet.local
About to start, 26 / 40!! 
rank 26 about to send best result to center 
rank 26 did not catch a best result 
Exit tag received on process 26 
process 26 waiting at barrier 
process 26 passed barrier 
rank 26, before deallocate 
rank 26, after deallocate 
rank 26, after MPI_Finalize() 
argc: 3, threads: 1, filename: input/prob_4/600/0600_93 
The threading support level corresponds to that demanded.
Process 22 of 40 is on nia1275.scinet.local
About to start, 22 / 40!! 
rank 22 about to send best result to center 
rank 22 did not catch a best result 
Exit tag received on process 22 
process 22 waiting at barrier 
process 22 passed barrier 
rank 22, before deallocate 
rank 22, after deallocate 
rank 22, after MPI_Finalize() 
argc: 3, threads: 1, filename: input/prob_4/600/0600_93 
The threading support level corresponds to that demanded.
Process 27 of 40 is on nia1275.scinet.local
About to start, 27 / 40!! 
rank 27 about to send best result to center 
rank 27 did not catch a best result 
Exit tag received on process 27 
process 27 waiting at barrier 
process 27 passed barrier 
rank 27, before deallocate 
rank 27, after deallocate 
rank 27, after MPI_Finalize() 
argc: 3, threads: 1, filename: input/prob_4/600/0600_93 
The threading support level corresponds to that demanded.
Process 32 of 40 is on nia1275.scinet.local
About to start, 32 / 40!! 
rank 32 about to send best result to center 
rank 32 did not catch a best result 
Exit tag received on process 32 
process 32 waiting at barrier 
process 32 passed barrier 
rank 32, before deallocate 
rank 32, after deallocate 
rank 32, after MPI_Finalize() 
argc: 3, threads: 1, filename: input/prob_4/600/0600_93 
The threading support level corresponds to that demanded.
Process 18 of 40 is on nia1275.scinet.local
About to start, 18 / 40!! 
rank 18 about to send best result to center 
rank 18 did not catch a best result 
Exit tag received on process 18 
process 18 waiting at barrier 
process 18 passed barrier 
rank 18, before deallocate 
rank 18, after deallocate 
rank 18, after MPI_Finalize() 
argc: 3, threads: 1, filename: input/prob_4/600/0600_93 
The threading support level corresponds to that demanded.
Process 0 of 40 is on nia1275.scinet.local
About to start, 0 / 40!! 
scheduler() launched!! 
buffer sucessfully sent! 
*** Busy nodes: 1 ***
 Scheduler started!! 
BusyNodes = 0 achieved 
Center received a best result from 1, Bytes : 2220, refVal 282 
Center received a best result from 7, Bytes : 2176, refVal 271 
Center received a best result from 9, Bytes : 2172, refVal 270 
Center received a best result from 10, Bytes : 2152, refVal 265 
Center received a best result from 20, Bytes : 2168, refVal 269 
Center received a best result from 28, Bytes : 2192, refVal 275 
Center received a best result from 31, Bytes : 2216, refVal 281 
Center received a best result from 35, Bytes : 2156, refVal 266 
Center received a best result from 36, Bytes : 2196, refVal 276 
Center received a best result from 37, Bytes : 2164, refVal 268 
process 0 waiting at barrier 
process 0 passed barrier 

 
 
*****************************************************
Elapsed time : 3820.828 
Total number of requests : 7869 
Number of approved requests : 2114 
Number of failed requests : 5755 
*****************************************************

 
 
Stream retrieved, size : 2152 
Cover size : 328 

Global pool idle time: 6.854858 seconds


rank 0, before deallocate 
rank 0, after deallocate 
rank 0, after MPI_Finalize() 
argc: 3, threads: 1, filename: input/prob_4/600/0600_93 
The threading support level corresponds to that demanded.
Process 16 of 40 is on nia1275.scinet.local
About to start, 16 / 40!! 
rank 16 about to send best result to center 
rank 16 did not catch a best result 
Exit tag received on process 16 
process 16 waiting at barrier 
process 16 passed barrier 
rank 16, before deallocate 
rank 16, after deallocate 
rank 16, after MPI_Finalize() 
argc: 3, threads: 1, filename: input/prob_4/600/0600_93 
The threading support level corresponds to that demanded.
Process 24 of 40 is on nia1275.scinet.local
About to start, 24 / 40!! 
rank 24 about to send best result to center 
rank 24 did not catch a best result 
Exit tag received on process 24 
process 24 waiting at barrier 
process 24 passed barrier 
rank 24, before deallocate 
rank 24, after deallocate 
rank 24, after MPI_Finalize() 
argc: 3, threads: 1, filename: input/prob_4/600/0600_93 
The threading support level corresponds to that demanded.
Process 30 of 40 is on nia1275.scinet.local
About to start, 30 / 40!! 
rank 30 about to send best result to center 
rank 30 did not catch a best result 
Exit tag received on process 30 
process 30 waiting at barrier 
process 30 passed barrier 
rank 30, before deallocate 
rank 30, after deallocate 
rank 30, after MPI_Finalize() 
argc: 3, threads: 1, filename: input/prob_4/600/0600_93 
The threading support level corresponds to that demanded.
Process 31 of 40 is on nia1275.scinet.local
About to start, 31 / 40!! 
MVC found so far has 281 elements...................thread 0
rank 31 updated refValueGlobalAbsolute to 281 || 281 
rank 31, cover size : 281 
rank 31, buffer size to be sent : 2216 
rank 31 about to send best result to center 
rank 31 put signal in inbox to retrieve a best result 
rank 31 sent best result, Bytes : 2216, refVal : 281
Exit tag received on process 31 
process 31 waiting at barrier 
process 31 passed barrier 
rank 31, before deallocate 
rank 31, after deallocate 
rank 31, after MPI_Finalize() 
argc: 3, threads: 1, filename: input/prob_4/600/0600_93 
The threading support level corresponds to that demanded.
Process 29 of 40 is on nia1275.scinet.local
About to start, 29 / 40!! 
rank 29 about to send best result to center 
rank 29 did not catch a best result 
Exit tag received on process 29 
process 29 waiting at barrier 
process 29 passed barrier 
rank 29, before deallocate 
rank 29, after deallocate 
rank 29, after MPI_Finalize() 
argc: 3, threads: 1, filename: input/prob_4/600/0600_93 
The threading support level corresponds to that demanded.
Process 25 of 40 is on nia1275.scinet.local
About to start, 25 / 40!! 
rank 25 about to send best result to center 
rank 25 did not catch a best result 
Exit tag received on process 25 
process 25 waiting at barrier 
process 25 passed barrier 
rank 25, before deallocate 
rank 25, after deallocate 
rank 25, after MPI_Finalize() 
Finishing run at: Tue Mar  2 19:51:30 EST 2021

scontrol show jobid 4925264
JobId=4925264 JobName=only_threading
   UserId=pasr1602(3102120) GroupId=mlafond(6054778) MCS_label=N/A
   Priority=2200023 Nice=0 Account=def-mlafond QOS=normal
   JobState=COMPLETING Reason=None Dependency=(null)
   Requeue=0 Restarts=0 BatchFlag=1 Reboot=0 ExitCode=0:0
   RunTime=01:04:13 TimeLimit=02:00:00 TimeMin=N/A
   SubmitTime=2021-03-02T18:47:18 EligibleTime=2021-03-02T18:47:18
   AccrueTime=2021-03-02T18:47:18
   StartTime=2021-03-02T18:47:18 EndTime=2021-03-02T19:51:31 Deadline=N/A
   SuspendTime=None SecsPreSuspend=0 LastSchedEval=2021-03-02T18:47:18
   Partition=compute AllocNode:Sid=nia-login01:159731
   ReqNodeList=(null) ExcNodeList=(null)
   NodeList=nia1275
   BatchHost=nia1275
   NumNodes=1 NumCPUs=80 NumTasks=40 CPUs/Task=1 ReqB:S:C:T=0:0:*:*
   TRES=cpu=80,mem=175G,node=1,billing=40
   Socks/Node=* NtasksPerN:B:S:C=40:0:*:* CoreSpec=*
   MinCPUsNode=40 MinMemoryNode=175G MinTmpDiskNode=0
   Features=[skylake|cascade] DelayBoot=00:00:00
   OverSubscribe=NO Contiguous=0 Licenses=(null) Network=(null)
   Command=/gpfs/fs0/scratch/m/mlafond/pasr1602/library/single.sh
   WorkDir=/gpfs/fs0/scratch/m/mlafond/pasr1602/library
   StdErr=/gpfs/fs0/scratch/m/mlafond/pasr1602/library/report/only_threading-4925264.out
   StdIn=/dev/null
   StdOut=/gpfs/fs0/scratch/m/mlafond/pasr1602/library/report/only_threading-4925264.out
   Power=
   MailUser=pasr1602@usherbrooke.ca MailType=BEGIN,END,FAIL,REQUEUE

sacct -j 4925264
       JobID    JobName    Account    Elapsed  MaxVMSize     MaxRSS  SystemCPU    UserCPU ExitCode 
------------ ---------- ---------- ---------- ---------- ---------- ---------- ---------- -------- 
4925264      only_thre+ def-mlafo+   01:04:13                        38:43.629 1-17:48:50      0:0 
4925264.bat+      batch def-mlafo+   01:04:13    590424K     10276K  00:01.271  00:03.458      0:0 
4925264.ext+     extern def-mlafo+   01:04:13    138360K       880K   00:00:00   00:00:00      0:0 
4925264.0         a.out def-mlafo+   01:03:55    518432K     86124K  38:42.357 1-17:48:47      0:0 

kernel messages produced during job executions:
[Mar 2 18:36] fuse init (API version 7.22)
