Current working directory: /gpfs/fs0/scratch/m/mlafond/pasr1602/library
Starting run at: Mon Feb 22 09:00:30 EST 2021
MPI disable section 
!-------------------------run # 1 -------------------------!
MVC found so far has 260 elements..................thread 17
Destructor called for virtual root, id : 114, depth : 0 
Destructor called for virtual root, id : 135, depth : 0 
MVC found so far has 259 elements..................thread 17
Destructor called for virtual root, id : 214, depth : 0 
Destructor called for virtual root, id : 194, depth : 0 
MVC found so far has 258 elements..................thread 17
Destructor called for virtual root, id : 102, depth : 0 
MVC found so far has 257 elements..................thread 32
Destructor called for virtual root, id : 309, depth : 0 
Destructor called for virtual root, id : 508, depth : 0 
MVC found so far has 256 elements...................thread 4
Destructor called for virtual root, id : 150, depth : 0 
Destructor called for virtual root, id : 934, depth : 0 
Destructor called for virtual root, id : 147, depth : 0 
Destructor called for virtual root, id : 408, depth : 0 
Destructor called for virtual root, id : 745, depth : 0 
Destructor called for virtual root, id : 286, depth : 0 
Destructor called for virtual root, id : 203, depth : 0 
Destructor called for virtual root, id : 413, depth : 0 
Destructor called for virtual root, id : 10723, depth : 0 
Destructor called for virtual root, id : 6504, depth : 0 
Destructor called for virtual root, id : 158, depth : 0 
Destructor called for virtual root, id : 13464, depth : 0 
Destructor called for virtual root, id : 16134, depth : 0 
Destructor called for virtual root, id : 11630, depth : 0 
Destructor called for virtual root, id : 13545, depth : 0 
Destructor called for virtual root, id : 7230, depth : 0 
Destructor called for virtual root, id : 20777, depth : 0 
Destructor called for virtual root, id : 18791, depth : 0 
Destructor called for virtual root, id : 4382, depth : 0 
Destructor called for virtual root, id : 27580, depth : 0 
Destructor called for virtual root, id : 15921, depth : 0 
Destructor called for virtual root, id : 27129, depth : 0 
Destructor called for virtual root, id : 141, depth : 0 
Destructor called for virtual root, id : 21074, depth : 0 
Destructor called for virtual root, id : 121, depth : 0 
Destructor called for virtual root, id : 23414, depth : 0 
Destructor called for virtual root, id : 8716, depth : 0 
Destructor called for virtual root, id : 35782, depth : 0 
Destructor called for virtual root, id : 209, depth : 0 
Destructor called for virtual root, id : 38351, depth : 0 
Destructor called for virtual root, id : 20552, depth : 0 
Destructor called for virtual root, id : 36089, depth : 0 
Destructor called for virtual root, id : 46006, depth : 0 
Destructor called for virtual root, id : 38334, depth : 0 
Destructor called for virtual root, id : 52427, depth : 0 
Destructor called for virtual root, id : 50763, depth : 0 
Destructor called for virtual root, id : 55318, depth : 0 
Destructor called for virtual root, id : 66093, depth : 0 
Destructor called for virtual root, id : 54593, depth : 0 
Destructor called for virtual root, id : 50245, depth : 0 
Destructor called for virtual root, id : 61768, depth : 0 
Destructor called for virtual root, id : 80582, depth : 0 
Destructor called for virtual root, id : 84526, depth : 0 
Destructor called for virtual root, id : 79688, depth : 0 
Destructor called for virtual root, id : 177, depth : 0 
Destructor called for virtual root, id : 81851, depth : 0 
Destructor called for virtual root, id : 85922, depth : 0 
Destructor called for virtual root, id : 64683, depth : 0 
Destructor called for virtual root, id : 89232, depth : 0 
Destructor called for virtual root, id : 94246, depth : 0 
Destructor called for virtual root, id : 43323, depth : 0 
Destructor called for virtual root, id : 186, depth : 0 
Destructor called for virtual root, id : 98318, depth : 0 
Destructor called for virtual root, id : 109791, depth : 0 
Destructor called for virtual root, id : 89317, depth : 0 
Destructor called for virtual root, id : 109231, depth : 0 
Destructor called for virtual root, id : 86740, depth : 0 
Destructor called for virtual root, id : 36110, depth : 0 
Destructor called for virtual root, id : 121533, depth : 0 
Destructor called for virtual root, id : 38888, depth : 0 
Destructor called for virtual root, id : 109196, depth : 0 
Destructor called for virtual root, id : 109161, depth : 0 
Destructor called for virtual root, id : 96541, depth : 0 
Destructor called for virtual root, id : 121135, depth : 0 
Destructor called for virtual root, id : 99821, depth : 0 
Destructor called for virtual root, id : 125802, depth : 0 
Destructor called for virtual root, id : 172795, depth : 0 
Destructor called for virtual root, id : 183064, depth : 0 
Destructor called for virtual root, id : 161069, depth : 0 
Destructor called for virtual root, id : 121856, depth : 0 
Destructor called for virtual root, id : 125985, depth : 0 
Destructor called for virtual root, id : 109954, depth : 0 
Destructor called for virtual root, id : 188742, depth : 0 
Destructor called for virtual root, id : 191705, depth : 0 
Destructor called for virtual root, id : 198968, depth : 0 
Destructor called for virtual root, id : 97078, depth : 0 
Destructor called for virtual root, id : 167434, depth : 0 
Destructor called for virtual root, id : 201690, depth : 0 
Destructor called for virtual root, id : 205468, depth : 0 
Destructor called for virtual root, id : 121434, depth : 0 
Destructor called for virtual root, id : 183696, depth : 0 
Destructor called for virtual root, id : 215263, depth : 0 
Destructor called for virtual root, id : 165193, depth : 0 
Destructor called for virtual root, id : 183949, depth : 0 
Destructor called for virtual root, id : 219861, depth : 0 
Destructor called for virtual root, id : 183293, depth : 0 
Destructor called for virtual root, id : 224875, depth : 0 
Destructor called for virtual root, id : 215761, depth : 0 
Destructor called for virtual root, id : 205852, depth : 0 
Destructor called for virtual root, id : 231207, depth : 0 
Destructor called for virtual root, id : 136090, depth : 0 
Destructor called for virtual root, id : 232421, depth : 0 
Destructor called for virtual root, id : 237004, depth : 0 
Destructor called for virtual root, id : 234178, depth : 0 
Destructor called for virtual root, id : 194199, depth : 0 
Destructor called for virtual root, id : 222459, depth : 0 
Destructor called for virtual root, id : 197362, depth : 0 
Destructor called for virtual root, id : 237510, depth : 0 
Destructor called for virtual root, id : 259205, depth : 0 
Destructor called for virtual root, id : 238263, depth : 0 
Destructor called for virtual root, id : 236019, depth : 0 
Destructor called for virtual root, id : 247883, depth : 0 
Destructor called for virtual root, id : 244665, depth : 0 
Destructor called for virtual root, id : 265482, depth : 0 
4 Testing, it's not supposed to happen
srun: error: nia0052: task 0: Segmentation fault (core dumped)
Finishing run at: Mon Feb 22 09:00:36 EST 2021

scontrol show jobid 4880888
JobId=4880888 JobName=only_threading
   UserId=pasr1602(3102120) GroupId=mlafond(6054778) MCS_label=N/A
   Priority=2458820 Nice=0 Account=def-mlafond QOS=normal
   JobState=COMPLETING Reason=None Dependency=(null)
   Requeue=0 Restarts=0 BatchFlag=1 Reboot=0 ExitCode=0:0
   RunTime=00:00:17 TimeLimit=02:00:00 TimeMin=N/A
   SubmitTime=2021-02-22T09:00:08 EligibleTime=2021-02-22T09:00:08
   AccrueTime=2021-02-22T09:00:08
   StartTime=2021-02-22T09:00:19 EndTime=2021-02-22T09:00:36 Deadline=N/A
   SuspendTime=None SecsPreSuspend=0 LastSchedEval=2021-02-22T09:00:19
   Partition=compute AllocNode:Sid=nia-login05:178682
   ReqNodeList=(null) ExcNodeList=(null)
   NodeList=nia0052
   BatchHost=nia0052
   NumNodes=1 NumCPUs=80 NumTasks=1 CPUs/Task=40 ReqB:S:C:T=0:0:*:*
   TRES=cpu=80,mem=175G,node=1,billing=40
   Socks/Node=* NtasksPerN:B:S:C=1:0:*:* CoreSpec=*
   MinCPUsNode=40 MinMemoryNode=175G MinTmpDiskNode=0
   Features=[skylake|cascade] DelayBoot=00:00:00
   OverSubscribe=NO Contiguous=0 Licenses=(null) Network=(null)
   Command=/gpfs/fs0/scratch/m/mlafond/pasr1602/library/single.sh
   WorkDir=/gpfs/fs0/scratch/m/mlafond/pasr1602/library
   StdErr=/gpfs/fs0/scratch/m/mlafond/pasr1602/library/report/only_threading-4880888.out
   StdIn=/dev/null
   StdOut=/gpfs/fs0/scratch/m/mlafond/pasr1602/library/report/only_threading-4880888.out
   Power=
   MailUser=pasr1602@usherbrooke.ca MailType=BEGIN,END,FAIL,REQUEUE

sacct -j 4880888
       JobID    JobName    Account    Elapsed  MaxVMSize     MaxRSS  SystemCPU    UserCPU ExitCode 
------------ ---------- ---------- ---------- ---------- ---------- ---------- ---------- -------- 
4880888      only_thre+ def-mlafo+   00:00:17                        00:03.022  01:16.544      0:0 
4880888.bat+      batch def-mlafo+   00:00:17    138716K      1296K  00:00.982  00:02.650      0:0 
4880888.ext+     extern def-mlafo+   00:00:17    138360K       876K   00:00:00   00:00:00      0:0 
4880888.0         a.out def-mlafo+   00:00:06    395236K      2956K  00:02.039  01:13.893     0:11 

kernel messages produced during job executions:
[Feb22 08:23] a.out[135233]: segfault at 2b6b00000000 ip 00002b6becc463a7 sp 00002b6bf2f75238 error 6 in libstdc++.so.6.0.28[2b6becc02000+112000]
