Current working directory: /gpfs/fs0/scratch/m/mlafond/pasr1602/library
Starting run at: Mon Feb 22 08:53:32 EST 2021
MPI disable section 
!-------------------------run # 1 -------------------------!
MVC found so far has 260 elements..................thread 16
MVC found so far has 259 elements...................thread 4
MVC found so far has 258 elements..................thread 17
MVC found so far has 257 elements..................thread 28
MVC found so far has 256 elements..................thread 13
pool has finished its tasks 
Destructor called for virtual root, id : 1, depth : 0 
DONE!
refGlobal : 256 
!-------------------Minimum vertex cover-------------------!
0   1   3   5   6   8   11   12   14   16   18   20   21   23   
25   26   27   31   36   39   40   43   46   47   50   52   
53   54   55   58   59   61   63   64   65   70   72   74   
75   76   79   80   81   82   85   87   88   89   92   93   
94   97   98   100   101   102   103   105   108   111   112   
118   119   121   122   124   126   127   128   130   132   
133   134   135   136   138   139   140   144   148   149   
150   153   158   162   164   165   166   170   171   173   
175   176   177   178   179   180   181   183   184   185   
188   193   200   201   203   204   206   209   210   211   
212   213   216   217   218   219   220   221   222   223   
224   227   229   230   232   234   235   236   237   239   
241   242   244   246   248   249   251   252   253   255   
256   258   260   261   263   265   266   270   271   273   
274   275   277   279   281   283   285   286   293   295   
297   298   299   304   311   312   314   315   316   317   
321   322   323   326   327   329   330   331   333   334   
336   340   343   344   347   348   349   352   357   358   
359   361   362   363   368   371   374   375   376   379   
380   382   383   384   387   388   390   393   395   397   
399   402   403   404   407   410   411   412   413   414   
415   416   417   419   420   421   424   425   426   427   
428   429   430   434   436   438   439   440   442   443   
448   451   452   453   454   455   456   457   458   459   
461   462   465   468   470   472   474   476   477   478   
480   482   483   484   488   490   491   492   494   496   
497   498   499   502   503   504   505   506   507   508   
510   511   512   513   515   518   519   521   523   528   
531   534   535   537   540   541   543   547   552   555   
556   562   564   566   568   571   574   575   576   579   
581   583   584   587   589   590   596   599               
------------------------------------------------------------

path                                input/prob_4/600/00600_1
Initial graph size after preprocessing:                  266
Size:                                                    319
Found at depth:                                           17
Elapsed time:                                      4.18019 s
Number of leaves:                                          5
Maximum depth reached:                                    17
Idle time:                         0                      0%
Pool idle time:             0.239294                5.72448%
!----------------------------------------------------------!



mvc size : 319 
Finishing run at: Mon Feb 22 08:53:40 EST 2021

scontrol show jobid 4880872
JobId=4880872 JobName=only_threading
   UserId=pasr1602(3102120) GroupId=mlafond(6054778) MCS_label=N/A
   Priority=2458820 Nice=0 Account=def-mlafond QOS=normal
   JobState=COMPLETING Reason=None Dependency=(null)
   Requeue=0 Restarts=0 BatchFlag=1 Reboot=0 ExitCode=0:0
   RunTime=00:00:23 TimeLimit=02:00:00 TimeMin=N/A
   SubmitTime=2021-02-22T08:53:11 EligibleTime=2021-02-22T08:53:11
   AccrueTime=2021-02-22T08:53:11
   StartTime=2021-02-22T08:53:18 EndTime=2021-02-22T08:53:41 Deadline=N/A
   SuspendTime=None SecsPreSuspend=0 LastSchedEval=2021-02-22T08:53:18
   Partition=compute AllocNode:Sid=nia-login05:178682
   ReqNodeList=(null) ExcNodeList=(null)
   NodeList=nia0010
   BatchHost=nia0010
   NumNodes=1 NumCPUs=80 NumTasks=1 CPUs/Task=40 ReqB:S:C:T=0:0:*:*
   TRES=cpu=80,mem=175G,node=1,billing=40
   Socks/Node=* NtasksPerN:B:S:C=1:0:*:* CoreSpec=*
   MinCPUsNode=40 MinMemoryNode=175G MinTmpDiskNode=0
   Features=[skylake|cascade] DelayBoot=00:00:00
   OverSubscribe=NO Contiguous=0 Licenses=(null) Network=(null)
   Command=/gpfs/fs0/scratch/m/mlafond/pasr1602/library/single.sh
   WorkDir=/gpfs/fs0/scratch/m/mlafond/pasr1602/library
   StdErr=/gpfs/fs0/scratch/m/mlafond/pasr1602/library/report/only_threading-4880872.out
   StdIn=/dev/null
   StdOut=/gpfs/fs0/scratch/m/mlafond/pasr1602/library/report/only_threading-4880872.out
   Power=
   MailUser=pasr1602@usherbrooke.ca MailType=BEGIN,END,FAIL,REQUEUE

sacct -j 4880872
       JobID    JobName    Account    Elapsed  MaxVMSize     MaxRSS  SystemCPU    UserCPU ExitCode 
------------ ---------- ---------- ---------- ---------- ---------- ---------- ---------- -------- 
4880872      only_thre+ def-mlafo+   00:00:23                        00:04.203  02:38.366      0:0 
4880872.bat+      batch def-mlafo+   00:00:23    138716K      1296K  00:00.953  00:02.664      0:0 
4880872.ext+     extern def-mlafo+   00:00:23    138360K       876K   00:00:00   00:00:00      0:0 
4880872.0         a.out def-mlafo+   00:00:08    395236K      2956K  00:03.248  02:35.702      0:0 
