Current working directory: /gpfs/fs0/scratch/m/mlafond/pasr1602/library
Starting run at: Fri Feb 19 10:52:04 EST 2021
MPI disable section 
!-------------------------run # 1 -------------------------!
MVC found so far has 235 elements...................thread 0
MVC found so far has 232 elements...................thread 7
MVC found so far has 229 elements..................thread 10
MVC found so far has 228 elements..................thread 33
MVC found so far has 227 elements..................thread 22
MVC found so far has 226 elements..................thread 36
MVC found so far has 225 elements..................thread 24
pool has finished its tasks 
DONE!
refGlobal : 225 
!-------------------Minimum vertex cover-------------------!
0   3   6   7   8   18   20   22   26   27   29   30   32   
33   34   35   39   41   46   48   49   50   58   60   63   
67   69   70   71   72   73   74   75   76   77   79   80   
81   82   83   85   86   87   88   89   91   93   95   97   
101   102   104   107   108   109   112   115   116   118   
119   120   122   123   124   125   126   127   136   138   
140   142   146   147   151   153   154   155   157   158   
159   160   161   162   163   164   165   174   176   180   
181   182   185   186   189   191   192   193   195   198   
199   203   205   207   208   210   211   212   213   215   
216   220   224   226   227   232   233   236   237   238   
239   240   242   243   244   245   247   248   249   250   
252   257   259   260   265   267   268   269   271   274   
275   278   281   285   287   288   291   292   293   295   
296   298   299   300   301   302   303   304   307   308   
311   312   315   316   319   320   322   323   324   326   
327   329   332   334   335   336   339   342   343   345   
346   347   348   349   350   351   352   353   355   359   
360   364   366   368   370   372   373   376   378   381   
382   384   387   388   389   390   393   394   399   403   
408   409   410   412   414   416   418   419   420   422   
425   426   427   429   430   431   432   434   435   436   
437   438   439   440   441   442   443   444   445   447   
448   452   453   454   455   456   459   462   463   464   
467   468   470   472   473   475   477   479   480   481   
482   486   487   489   491   492   493   495   496   497   
                                                            
------------------------------------------------------------

path                                input/prob_4/500/00500_1
Initial graph size after preprocessing:                  326
Size:                                                    269
Found at depth:                                           37
Elapsed time:                                       88.454 s
Number of leaves:                                          7
Maximum depth reached:                                    37
Idle time:                         0                      0%
Pool idle time:              2.28295                2.58095%
!----------------------------------------------------------!



mvc size : 269 
Finishing run at: Fri Feb 19 10:53:36 EST 2021

scontrol show jobid 4869333
JobId=4869333 JobName=only_threading
   UserId=pasr1602(3102120) GroupId=mlafond(6054778) MCS_label=N/A
   Priority=2437551 Nice=0 Account=def-mlafond QOS=normal
   JobState=COMPLETING Reason=None Dependency=(null)
   Requeue=0 Restarts=0 BatchFlag=1 Reboot=0 ExitCode=0:0
   RunTime=00:01:43 TimeLimit=02:00:00 TimeMin=N/A
   SubmitTime=2021-02-19T10:51:44 EligibleTime=2021-02-19T10:51:44
   AccrueTime=2021-02-19T10:51:44
   StartTime=2021-02-19T10:51:53 EndTime=2021-02-19T10:53:36 Deadline=N/A
   SuspendTime=None SecsPreSuspend=0 LastSchedEval=2021-02-19T10:51:53
   Partition=compute AllocNode:Sid=nia-login02:414987
   ReqNodeList=(null) ExcNodeList=(null)
   NodeList=nia1837
   BatchHost=nia1837
   NumNodes=1 NumCPUs=80 NumTasks=1 CPUs/Task=40 ReqB:S:C:T=0:0:*:*
   TRES=cpu=80,mem=175G,node=1,billing=40
   Socks/Node=* NtasksPerN:B:S:C=1:0:*:* CoreSpec=*
   MinCPUsNode=40 MinMemoryNode=175G MinTmpDiskNode=0
   Features=[skylake|cascade] DelayBoot=00:00:00
   OverSubscribe=NO Contiguous=0 Licenses=(null) Network=(null)
   Command=/gpfs/fs0/scratch/m/mlafond/pasr1602/library/single.sh
   WorkDir=/gpfs/fs0/scratch/m/mlafond/pasr1602/library
   StdErr=/gpfs/fs0/scratch/m/mlafond/pasr1602/library/report/only_threading-4869333.out
   StdIn=/dev/null
   StdOut=/gpfs/fs0/scratch/m/mlafond/pasr1602/library/report/only_threading-4869333.out
   Power=
   MailUser=pasr1602@usherbrooke.ca MailType=BEGIN,END,FAIL,REQUEUE

sacct -j 4869333
       JobID    JobName    Account    Elapsed  MaxVMSize     MaxRSS  SystemCPU    UserCPU ExitCode 
------------ ---------- ---------- ---------- ---------- ---------- ---------- ---------- -------- 
4869333      only_thre+ def-mlafo+   00:01:43                        00:26.246  56:55.579      0:0 
4869333.bat+      batch def-mlafo+   00:01:43    457340K      9168K  00:00.760  00:02.487      0:0 
4869333.ext+     extern def-mlafo+   00:01:44    138360K      1064K   00:00:00   00:00:00      0:0 
4869333.0         a.out def-mlafo+   00:01:31      2749M    175428K  00:25.486  56:53.091      0:0 
