Current working directory: /gpfs/fs0/scratch/m/mlafond/pasr1602/library
Starting run at: Tue Feb 23 20:40:18 EST 2021
MPI disable section 
!-------------------------run # 1 -------------------------!
MVC found so far has 277 elements...................thread 2
MVC found so far has 276 elements...................thread 2
MVC found so far has 273 elements..................thread 18
MVC found so far has 271 elements..................thread 19
MVC found so far has 270 elements..................thread 33
MVC found so far has 269 elements..................thread 15
MVC found so far has 268 elements..................thread 28
MVC found so far has 266 elements..................thread 28
MVC found so far has 265 elements..................thread 19
pool has finished its tasks 
DONE!
refGlobal : 265 
!-------------------Minimum vertex cover-------------------!
5   7   11   12   13   14   15   18   19   20   21   22   23   
27   29   31   33   40   42   44   45   47   48   53   54   
56   63   64   65   66   67   68   69   72   76   78   79   
80   87   89   92   93   94   95   97   98   99   100   101   
104   106   108   110   111   112   113   114   115   116   
117   119   120   122   123   125   128   129   131   132   
133   134   138   139   140   145   148   151   154   155   
159   160   162   163   164   165   167   170   172   174   
176   178   180   181   183   185   186   187   190   191   
193   195   196   198   200   202   203   204   205   206   
211   214   216   219   220   221   222   223   225   228   
229   232   233   234   239   240   241   247   249   253   
254   257   258   260   262   263   264   265   266   267   
269   271   272   274   275   276   284   285   286   287   
288   290   291   298   299   300   301   302   303   306   
309   310   311   313   314   315   316   318   320   321   
322   323   324   325   326   327   328   330   331   332   
333   335   339   342   344   353   354   355   356   357   
360   362   363   365   367   372   376   377   379   380   
383   384   385   386   389   392   393   395   396   397   
398   399   400   401   402   407   408   409   410   411   
414   415   416   420   423   425   426   427   428   429   
431   432   434   436   437   438   440   441   443   444   
445   446   448   451   453   454   455   456   457   458   
459   460   465   466   467   468   469   470   471   472   
473   474   475   476   478   479   480   481   482   484   
486   487   492   494   496   497   499   501   504   505   
508   512   513   514   515   519   521   522   524   526   
527   528   529   531   532   534   535   536   537   538   
540   541   542   543   547   548   549   550   552   556   
560   563   565   568   571   574   576   577   578   579   
580   584   585   586   588   592   596   597   598         
------------------------------------------------------------

path                                input/prob_4/600/0600_93
Initial graph size after preprocessing:                  391
Size:                                                    328
Found at depth:                                           33
Elapsed time:                                       3651.4 s
Number of leaves:                                          9
Maximum depth reached:                                    58
Idle time:                         0                      0%
Pool idle time:            0.0423575             0.00116003%
!----------------------------------------------------------!



mvc size : 328 
Finishing run at: Tue Feb 23 21:41:13 EST 2021

scontrol show jobid 4887298
JobId=4887298 JobName=only_threading
   UserId=pasr1602(3102120) GroupId=mlafond(6054778) MCS_label=N/A
   Priority=2498356 Nice=0 Account=def-mlafond QOS=normal
   JobState=COMPLETING Reason=None Dependency=(null)
   Requeue=0 Restarts=0 BatchFlag=1 Reboot=0 ExitCode=0:0
   RunTime=01:01:05 TimeLimit=02:00:00 TimeMin=N/A
   SubmitTime=2021-02-23T20:40:06 EligibleTime=2021-02-23T20:40:06
   AccrueTime=2021-02-23T20:40:06
   StartTime=2021-02-23T20:40:08 EndTime=2021-02-23T21:41:13 Deadline=N/A
   SuspendTime=None SecsPreSuspend=0 LastSchedEval=2021-02-23T20:40:08
   Partition=compute AllocNode:Sid=nia-login01:215470
   ReqNodeList=(null) ExcNodeList=(null)
   NodeList=nia1847
   BatchHost=nia1847
   NumNodes=1 NumCPUs=80 NumTasks=1 CPUs/Task=40 ReqB:S:C:T=0:0:*:*
   TRES=cpu=80,mem=175G,node=1,billing=40
   Socks/Node=* NtasksPerN:B:S:C=1:0:*:* CoreSpec=*
   MinCPUsNode=40 MinMemoryNode=175G MinTmpDiskNode=0
   Features=[skylake|cascade] DelayBoot=00:00:00
   OverSubscribe=NO Contiguous=0 Licenses=(null) Network=(null)
   Command=/gpfs/fs0/scratch/m/mlafond/pasr1602/library/single.sh
   WorkDir=/gpfs/fs0/scratch/m/mlafond/pasr1602/library
   StdErr=/gpfs/fs0/scratch/m/mlafond/pasr1602/library/report/only_threading-4887298.out
   StdIn=/dev/null
   StdOut=/gpfs/fs0/scratch/m/mlafond/pasr1602/library/report/only_threading-4887298.out
   Power=
   MailUser=pasr1602@usherbrooke.ca MailType=BEGIN,END,FAIL,REQUEUE

sacct -j 4887298
       JobID    JobName    Account    Elapsed  MaxVMSize     MaxRSS  SystemCPU    UserCPU ExitCode 
------------ ---------- ---------- ---------- ---------- ---------- ---------- ---------- -------- 
4887298      only_thre+ def-mlafo+   01:01:05                        13:16.612 1-16:15:11      0:0 
4887298.bat+      batch def-mlafo+   01:01:05    457340K      9176K  00:00.761  00:02.515      0:0 
4887298.ext+     extern def-mlafo+   01:01:05    138360K       876K   00:00:00   00:00:00      0:0 
4887298.0         a.out def-mlafo+   01:00:55   2800712K    163076K  13:15.851 1-16:15:08      0:0 
