
Lmod is automatically replacing "intel/2020.1.217" with "gcc/10.2.0".


Inactive Modules:
  1) libfabric/1.10.1     2) openmpi/4.0.3     3) ucx/1.8.0

The following have been reloaded with a version change:
  1) gcccore/.9.3.0 => gcccore/.10.2.0


Activating Modules:
  1) libfabric/1.10.1     2) openmpi/4.0.5     3) ucx/1.9.0


Currently Loaded Modules:
  1) CCconfig                 5) gcccore/.10.2.0 (H)   9) libfabric/1.10.1
  2) gentoo/2020     (S)      6) gcc/10.2.0      (t)  10) openmpi/4.0.5    (m)
  3) imkl/2020.1.217 (math)   7) ucx/1.9.0
  4) StdEnv/2020     (S)      8) pmix/3.1.5

  Where:
   H:     Hidden Module
   S:     Module is Sticky, requires --force to unload or purge
   m:     MPI implementations / Implémentations MPI
   math:  Mathematical libraries / Bibliothèques mathématiques
   t:     Tools for development / Outils de développement

 

Current working directory: /lustre03/project/6054778/pasr1602/git/library
Starting run at: Mon Mar 22 14:30:58 EDT 2021
argc: 7, threads: 40, prob : 70, filename: input/p_hat1000_2 
Process 3 of 5 is on blg9235.int.ets1.calculquebec.ca
rank 3 synchronised, num nodes = 4 
VC = 984......process 3, thread 2, Mon Mar 22 14:31:10 2021
rank 3 updated refValueGlobalAbsolute to 984 || 984 
rank 3, buffer size to be sent : 4016 
VC = 983......process 3, thread 3, Mon Mar 22 14:31:10 2021
rank 3 updated refValueGlobalAbsolute to 983 || 983 
rank 3, buffer size to be sent : 4012 
VC = 980.....process 3, thread 19, Mon Mar 22 14:31:10 2021
rank 3 updated refValueGlobalAbsolute to 980 || 980 
rank 3, buffer size to be sent : 4000 
VC = 977.....process 3, thread 34, Mon Mar 22 14:31:10 2021
rank 3 updated refValueGlobalAbsolute to 977 || 977 
rank 3, buffer size to be sent : 3988 
VC = 971.....process 3, thread 38, Mon Mar 22 14:31:10 2021
rank 3 updated refValueGlobalAbsolute to 971 || 971 
rank 3, buffer size to be sent : 3964 
VC = 968.....process 3, thread 39, Mon Mar 22 14:31:10 2021
rank 3 updated refValueGlobalAbsolute to 968 || 968 
rank 3, buffer size to be sent : 3952 
*********************************Deadlock reached!!
*********************************Deadlock reached!!
*********************************Deadlock reached!!
*********************************Deadlock reached!!
*********************************Deadlock reached!!
VC = 967.....process 3, thread 39, Mon Mar 22 14:31:10 2021
rank 3 updated refValueGlobalAbsolute to 967 || 967 
rank 3, buffer size to be sent : 3948 
*********************************Deadlock reached!!
*********************************Deadlock reached!!
*********************************Deadlock reached!!
*********************************Deadlock reached!!
*********************************Deadlock reached!!
*********************************Deadlock reached!!
*********************************Deadlock reached!!
*********************************Deadlock reached!!
*********************************Deadlock reached!!
*********************************Deadlock reached!!
*********************************Deadlock reached!!
*********************************Deadlock reached!!
*********************************Deadlock reached!!
*********************************Deadlock reached!!
*********************************Deadlock reached!!
*********************************Deadlock reached!!
*********************************Deadlock reached!!
*********************************Deadlock reached!!
*********************************Deadlock reached!!
*********************************Deadlock reached!!
*********************************Deadlock reached!!
*********************************Deadlock reached!!
*********************************Deadlock reached!!
*********************************Deadlock reached!!
*********************************Deadlock reached!!
*********************************Deadlock reached!!
*********************************Deadlock reached!!
*********************************Deadlock reached!!
*********************************Deadlock reached!!
*********************************Deadlock reached!!
*********************************Deadlock reached!!
*********************************Deadlock reached!!
*********************************Deadlock reached!!
*********************************Deadlock reached!!
*********************************Deadlock reached!!
*********************************Deadlock reached!!
*********************************Deadlock reached!!
*********************************Deadlock reached!!
*********************************Deadlock reached!!
*********************************Deadlock reached!!
*********************************Deadlock reached!!
*********************************Deadlock reached!!
*********************************Deadlock reached!!
*********************************Deadlock reached!!
*********************************Deadlock reached!!
*********************************Deadlock reached!!
*********************************Deadlock reached!!
*********************************Deadlock reached!!
*********************************Deadlock reached!!
*********************************Deadlock reached!!
argc: 7, threads: 40, prob : 70, filename: input/p_hat1000_2 
Process 1 of 5 is on blg9233.int.ets1.calculquebec.ca
rank 1 synchronised, num nodes = 4 
VC = 987......process 1, thread 1, Mon Mar 22 14:31:09 2021
rank 1 updated refValueGlobalAbsolute to 987 || 987 
rank 1, buffer size to be sent : 4028 
*********************************Deadlock reached!!
*********************************Deadlock reached!!
*********************************Deadlock reached!!
*********************************Deadlock reached!!
*********************************Deadlock reached!!
*********************************Deadlock reached!!
*********************************Deadlock reached!!
*********************************Deadlock reached!!
*********************************Deadlock reached!!
*********************************Deadlock reached!!
*********************************Deadlock reached!!
*********************************Deadlock reached!!
*********************************Deadlock reached!!
*********************************Deadlock reached!!
*********************************Deadlock reached!!
*********************************Deadlock reached!!
*********************************Deadlock reached!!
*********************************Deadlock reached!!
*********************************Deadlock reached!!
*********************************Deadlock reached!!
*********************************Deadlock reached!!
*********************************Deadlock reached!!
*********************************Deadlock reached!!
*********************************Deadlock reached!!
*********************************Deadlock reached!!
*********************************Deadlock reached!!
*********************************Deadlock reached!!
*********************************Deadlock reached!!
*********************************Deadlock reached!!
*********************************Deadlock reached!!
*********************************Deadlock reached!!
*********************************Deadlock reached!!
*********************************Deadlock reached!!
*********************************Deadlock reached!!
*********************************Deadlock reached!!
*********************************Deadlock reached!!
*********************************Deadlock reached!!
*********************************Deadlock reached!!
*********************************Deadlock reached!!
*********************************Deadlock reached!!
*********************************Deadlock reached!!
*********************************Deadlock reached!!
*********************************Deadlock reached!!
*********************************Deadlock reached!!
*********************************Deadlock reached!!
*********************************Deadlock reached!!
*********************************Deadlock reached!!
*********************************Deadlock reached!!
*********************************Deadlock reached!!
*********************************Deadlock reached!!
*********************************Deadlock reached!!
*********************************Deadlock reached!!
*********************************Deadlock reached!!
*********************************Deadlock reached!!
*********************************Deadlock reached!!
*********************************Deadlock reached!!
*********************************Deadlock reached!!
*********************************Deadlock reached!!
*********************************Deadlock reached!!
*********************************Deadlock reached!!
*********************************Deadlock reached!!
*********************************Deadlock reached!!
*********************************Deadlock reached!!
*********************************Deadlock reached!!
*********************************Deadlock reached!!
*********************************Deadlock reached!!
*********************************Deadlock reached!!
*********************************Deadlock reached!!
*********************************Deadlock reached!!
*********************************Deadlock reached!!
*********************************Deadlock reached!!
*********************************Deadlock reached!!
argc: 7, threads: 40, prob : 70, filename: input/p_hat1000_2 
Process 2 of 5 is on blg9234.int.ets1.calculquebec.ca
rank 2 synchronised, num nodes = 4 
*********************************Deadlock reached!!
*********************************Deadlock reached!!
*********************************Deadlock reached!!
*********************************Deadlock reached!!
*********************************Deadlock reached!!
*********************************Deadlock reached!!
*********************************Deadlock reached!!
*********************************Deadlock reached!!
*********************************Deadlock reached!!
*********************************Deadlock reached!!
*********************************Deadlock reached!!
*********************************Deadlock reached!!
*********************************Deadlock reached!!
*********************************Deadlock reached!!
*********************************Deadlock reached!!
*********************************Deadlock reached!!
*********************************Deadlock reached!!
*********************************Deadlock reached!!
*********************************Deadlock reached!!
*********************************Deadlock reached!!
*********************************Deadlock reached!!
VC = 965......process 2, thread 4, Mon Mar 22 14:31:10 2021
rank 2 updated refValueGlobalAbsolute to 965 || 965 
rank 2, buffer size to be sent : 3940 
VC = 962......process 2, thread 0, Mon Mar 22 14:31:11 2021
rank 2 updated refValueGlobalAbsolute to 962 || 962 
rank 2, buffer size to be sent : 3928 
*********************************Deadlock reached!!
*********************************Deadlock reached!!
*********************************Deadlock reached!!
VC = 961.....process 2, thread 33, Mon Mar 22 14:31:12 2021
rank 2 updated refValueGlobalAbsolute to 961 || 961 
rank 2, buffer size to be sent : 3924 
*********************************Deadlock reached!!
*********************************Deadlock reached!!
*********************************Deadlock reached!!
*********************************Deadlock reached!!
*********************************Deadlock reached!!
*********************************Deadlock reached!!
*********************************Deadlock reached!!
*********************************Deadlock reached!!
*********************************Deadlock reached!!
*********************************Deadlock reached!!
*********************************Deadlock reached!!
*********************************Deadlock reached!!
*********************************Deadlock reached!!
*********************************Deadlock reached!!
*********************************Deadlock reached!!
*********************************Deadlock reached!!
*********************************Deadlock reached!!
*********************************Deadlock reached!!
*********************************Deadlock reached!!
*********************************Deadlock reached!!
*********************************Deadlock reached!!
*********************************Deadlock reached!!
*********************************Deadlock reached!!
*********************************Deadlock reached!!
*********************************Deadlock reached!!
*********************************Deadlock reached!!
*********************************Deadlock reached!!
*********************************Deadlock reached!!
*********************************Deadlock reached!!
*********************************Deadlock reached!!
*********************************Deadlock reached!!
*********************************Deadlock reached!!
*********************************Deadlock reached!!
*********************************Deadlock reached!!
*********************************Deadlock reached!!
*********************************Deadlock reached!!
VC = 949.....process 2, thread 36, Mon Mar 22 14:31:25 2021
rank 2 updated refValueGlobalAbsolute to 949 || 949 
rank 2, buffer size to be sent : 3876 
*********************************Deadlock reached!!
*********************************Deadlock reached!!
*********************************Deadlock reached!!
VC = 948.....process 2, thread 36, Mon Mar 22 14:31:36 2021
argc: 7, threads: 40, prob : 70, filename: input/p_hat1000_2 
Process 4 of 5 is on blg9236.int.ets1.calculquebec.ca
rank 4 synchronised, num nodes = 4 
VC = 986......process 4, thread 3, Mon Mar 22 14:31:09 2021
rank 4 updated refValueGlobalAbsolute to 986 || 986 
rank 4, buffer size to be sent : 4024 
*********************************Deadlock reached!!
*********************************Deadlock reached!!
*********************************Deadlock reached!!
*********************************Deadlock reached!!
*********************************Deadlock reached!!
*********************************Deadlock reached!!
*********************************Deadlock reached!!
*********************************Deadlock reached!!
*********************************Deadlock reached!!
*********************************Deadlock reached!!
*********************************Deadlock reached!!
*********************************Deadlock reached!!
*********************************Deadlock reached!!
*********************************Deadlock reached!!
*********************************Deadlock reached!!
*********************************Deadlock reached!!
*********************************Deadlock reached!!
*********************************Deadlock reached!!
*********************************Deadlock reached!!
*********************************Deadlock reached!!
*********************************Deadlock reached!!
*********************************Deadlock reached!!
*********************************Deadlock reached!!
*********************************Deadlock reached!!
*********************************Deadlock reached!!
*********************************Deadlock reached!!
*********************************Deadlock reached!!
*********************************Deadlock reached!!
*********************************Deadlock reached!!
*********************************Deadlock reached!!
*********************************Deadlock reached!!
*********************************Deadlock reached!!
*********************************Deadlock reached!!
*********************************Deadlock reached!!
*********************************Deadlock reached!!
*********************************Deadlock reached!!
*********************************Deadlock reached!!
*********************************Deadlock reached!!
*********************************Deadlock reached!!
*********************************Deadlock reached!!
*********************************Deadlock reached!!
*********************************Deadlock reached!!
*********************************Deadlock reached!!
*********************************Deadlock reached!!
*********************************Deadlock reached!!
*********************************Deadlock reached!!
*********************************Deadlock reached!!
*********************************Deadlock reached!!
*********************************Deadlock reached!!
*********************************Deadlock reached!!
*********************************Deadlock reached!!
*********************************Deadlock reached!!
*********************************Deadlock reached!!
*********************************Deadlock reached!!
*********************************Deadlock reached!!
*********************************Deadlock reached!!
*********************************Deadlock reached!!
*********************************Deadlock reached!!
*********************************Deadlock reached!!
*********************************Deadlock reached!!
*********************************Deadlock reached!!
*********************************Deadlock reached!!
*********************************Deadlock reached!!
*********************************Deadlock reached!!
*********************************Deadlock reached!!
*********************************Deadlock reached!!
*********************************Deadlock reached!!
*********************************Deadlock reached!!
*********************************Deadlock reached!!
*********************************Deadlock reached!!
*********************************Deadlock reached!!
*********************************Deadlock reached!!
*********************************Deadlock reached!!
*********************************Deadlock reached!!
*********************************Deadlock reached!!
*********************************Deadlock reached!!
*********************************Deadlock reached!!
*********************************Deadlock reached!!
*********************************Deadlock reached!!
*********************************Deadlock reached!!
*********************************Deadlock reached!!
*********************************Deadlock reached!!
*********************************Deadlock reached!!
*********************************Deadlock reached!!
*********************************Deadlock reached!!
*********************************Deadlock reached!!
*********************************Deadlock reached!!
*********************************Deadlock reached!!
*********************************Deadlock reached!!
*********************************Deadlock reached!!
*********************************Deadlock reached!!
*********************************Deadlock reached!!
*********************************Deadlock reached!!
*********************************Deadlock reached!!
*********************************Deadlock reached!!
*********************************Deadlock reached!!
*********************************Deadlock reached!!
*********************************Deadlock reached!!
*********************************Deadlock reached!!
*********************************Deadlock reached!!
*********************************Deadlock reached!!
*********************************Deadlock reached!!
*********************************Deadlock reached!!
*********************************Deadlock reached!!
*********************************Deadlock reached!!
*********************************Deadlock reached!!
*********************************Deadlock reached!!
*********************************Deadlock reached!!
*********************************Deadlock reached!!
*********************************Deadlock reached!!
*********************************Deadlock reached!!
*********************************Deadlock reached!!
*********************************Deadlock reached!!
*********************************Deadlock reached!!
*********************************Deadlock reached!!
*********************************Deadlock reached!!
*********************************Deadlock reached!!
*********************************Deadlock reached!!
*********************************Deadlock reached!!
*********************************Deadlock reached!!
*********************************Deadlock reached!!
*********************************Deadlock reached!!
*********************************Deadlock reached!!
*********************************Deadlock reached!!
*********************************Deadlock reached!!
*********************************Deadlock reached!!
*********************************Deadlock reached!!
*********************************Deadlock reached!!
*********************************Deadlock reached!!
*********************************Deadlock reached!!
*********************************Deadlock reached!!
*********************************Deadlock reached!!
*********************************Deadlock reached!!
*********************************Deadlock reached!!
*********************************Deadlock reached!!
*********************************Deadlock reached!!
*********************************Deadlock reached!!
*********************************Deadlock reached!!
*********************************Deadlock reached!!
*********************************Deadlock reached!!
*********************************Deadlock reached!!
*********************************Deadlock reached!!
*********************************Deadlock reached!!
*********************************Deadlock reached!!
*********************************Deadlock reached!!
*********************************Deadlock reached!!
*********************************Deadlock reached!!
*********************************Deadlock reached!!
*********************************Deadlock reached!!
*********************************Deadlock reached!!
*********************************Deadlock reached!!
*********************************Deadlock reached!!
*********************************Deadlock reached!!
*********************************Deadlock reached!!
*********************************Deadlock reached!!
*********************************Deadlock reached!!
*********************************Deadlock reached!!
*********************************Deadlock reached!!
*********************************Deadlock reached!!
*********************************Deadlock reached!!
*********************************Deadlock reached!!
*********************************Deadlock reached!!
*********************************Deadlock reached!!
*********************************Deadlock reached!!
*********************************Deadlock reached!!
*********************************Deadlock reached!!
*********************************Deadlock reached!!
*********************************Deadlock reached!!
*********************************Deadlock reached!!
*********************************Deadlock reached!!
*********************************Deadlock reached!!
*********************************Deadlock reached!!
*********************************Deadlock reached!!
*********************************Deadlock reached!!
*********************************Deadlock reached!!
*********************************Deadlock reached!!
*********************************Deadlock reached!!
*********************************Deadlock reached!!
*********************************Deadlock reached!!
*********************************Deadlock reached!!
*********************************Deadlock reached!!
*********************************Deadlock reached!!
*********************************Deadlock reached!!
*********************************Deadlock reached!!
*********************************Deadlock reached!!
*********************************Deadlock reached!!
*********************************Deadlock reached!!
*********************************Deadlock reached!!
*********************************Deadlock reached!!
*********************************Deadlock reached!!
*********************************Deadlock reached!!
*********************************Deadlock reached!!
*********************************Deadlock reached!!
*********************************Deadlock reached!!
*********************************Deadlock reached!!
*********************************Deadlock reached!!
*********************************Deadlock reached!!
*********************************Deadlock reached!!
*********************************Deadlock reached!!
*********************************Deadlock reached!!
*********************************Deadlock reached!!
*********************************Deadlock reached!!
*********************************Deadlock reached!!
*********************************Deadlock reached!!
*********************************Deadlock reached!!
*********************************Deadlock reached!!
*********************************Deadlock reached!!
*********************************Deadlock reached!!
*********************************Deadlock reached!!
*********************************Deadlock reached!!
*********************************Deadlock reached!!
*********************************Deadlock reached!!
*********************************Deadlock reached!!
*********************************Deadlock reached!!
*********************************Deadlock reached!!
*********************************Deadlock reached!!
*********************************Deadlock reached!!
*********************************Deadlock reached!!
*********************************Deadlock reached!!
*********************************Deadlock reached!!
*********************************Deadlock reached!!
*********************************Deadlock reached!!
*********************************Deadlock reached!!
*********************************Deadlock reached!!
*********************************Deadlock reached!!
*********************************Deadlock reached!!
*********************************Deadlock reached!!
*********************************Deadlock reached!!
*********************************Deadlock reached!!
*********************************Deadlock reached!!
*********************************Deadlock reached!!
*********************************Deadlock reached!!
*********************************Deadlock reached!!
*********************************Deadlock reached!!
*********************************Deadlock reached!!
*********************************Deadlock reached!!
*********************************Deadlock reached!!
*********************************Deadlock reached!!
*********************************Deadlock reached!!
*********************************Deadlock reached!!
*********************************Deadlock reached!!
*********************************Deadlock reached!!
*********************************Deadlock reached!!
*********************************Deadlock reached!!
*********************************Deadlock reached!!
*********************************Deadlock reached!!
*********************************Deadlock reached!!
*********************************Deadlock reached!!
*********************************Deadlock reached!!
*********************************Deadlock reached!!
*********************************Deadlock reached!!
*********************************Deadlock reached!!
*********************************Deadlock reached!!
*********************************Deadlock reached!!
*********************************Deadlock reached!!
*********************************Deadlock reached!!
*********************************Deadlock reached!!
*********************************Deadlock reached!!
*********************************Deadlock reached!!
*********************************Deadlock reached!!
*********************************Deadlock reached!!
*********************************Deadlock reached!!
*********************************Deadlock reached!!
*********************************Deadlock reached!!
*********************************Deadlock reached!!
*********************************Deadlock reached!!
*********************************Deadlock reached!!
*********************************Deadlock reached!!
*********************************Deadlock reached!!
*********************************Deadlock reached!!
*********************************Deadlock reached!!
*********************************Deadlock reached!!
*********************************Deadlock reached!!
*********************************Deadlock reached!!
*********************************Deadlock reached!!
*********************************Deadlock reached!!
*********************************Deadlock reached!!
*********************************Deadlock reached!!
*********************************Deadlock reached!!
*********************************Deadlock reached!!
*********************************Deadlock reached!!
*********************************Deadlock reached!!
*********************************Deadlock reached!!
*********************************Deadlock reached!!
*********************************Deadlock reached!!
*********************************Deadlock reached!!
*********************************Deadlock reached!!
*********************************Deadlock reached!!
*********************************Deadlock reached!!
*********************************Deadlock reached!!
*********************************Deadlock reached!!
*********************************Deadlock reached!!
*********************************Deadlock reached!!
*********************************Deadlock reached!!
*********************************Deadlock reached!!
*********************************Deadlock reached!!
*********************************Deadlock reached!!
*********************************Deadlock reached!!
*********************************Deadlock reached!!
*********************************Deadlock reached!!
*********************************Deadlock reached!!
*********************************Deadlock reached!!
*********************************Deadlock reached!!
*********************************Deadlock reached!!
*********************************Deadlock reached!!
*********************************Deadlock reached!!
*********************************Deadlock reached!!
*********************************Deadlock reached!!
*********************************Deadlock reached!!
