
Lmod is automatically replacing "intel/2020.1.217" with "gcc/10.2.0".


Inactive Modules:
  1) libfabric/1.10.1     2) openmpi/4.0.3     3) ucx/1.8.0

The following have been reloaded with a version change:
  1) gcccore/.9.3.0 => gcccore/.10.2.0


Activating Modules:
  1) libfabric/1.10.1     2) openmpi/4.0.5     3) ucx/1.9.0


Currently Loaded Modules:
  1) CCconfig                 5) gcccore/.10.2.0 (H)   9) libfabric/1.10.1
  2) gentoo/2020     (S)      6) gcc/10.2.0      (t)  10) openmpi/4.0.5    (m)
  3) imkl/2020.1.217 (math)   7) ucx/1.9.0
  4) StdEnv/2020     (S)      8) pmix/3.1.5

  Where:
   H:     Hidden Module
   S:     Module is Sticky, requires --force to unload or purge
   m:     MPI implementations / Implémentations MPI
   math:  Mathematical libraries / Bibliothèques mathématiques
   t:     Tools for development / Outils de développement

 

Current working directory: /lustre03/project/6054778/pasr1602/git/library
Starting run at: Fri Mar 26 05:30:59 EDT 2021
argc: 7, threads: 40, prob : 71, filename: input/p_hat1000_2 
Process 0 of 21 is on blg6113.int.ets1.calculquebec.ca
Seed sent 
[blg6113:63459:0:63459] ib_mlx5_log.c:136  Remote access on mlx5_0:1/IB (synd 0x13 vend 0x88 hw_synd 0/0)
[blg6113:63459:0:63459] ib_mlx5_log.c:136  RC QP 0x3ba3 wqe[1288]: CSWAP s-- [rva 0x2476150 rkey 0x227f13] [cmp 0 swap 4294967296] [va 0x2b2409322ef8 len 8 lkey 0x1c2dc]
==== backtrace (tid:  63459) ====
 0 0x000000000001f0be ucs_debug_print_backtrace()  /tmp/ebuser/avx512/UCX/1.9.0/GCCcore-10.2.0/ucx-1.9.0/src/ucs/debug/debug.c:656
 1 0x000000000001fd00 uct_ib_mlx5_completion_with_err()  /tmp/ebuser/avx512/UCX/1.9.0/GCCcore-10.2.0/ucx-1.9.0/src/uct/ib/mlx5/ib_mlx5_log.c:136
 2 0x000000000002f21a uct_rc_mlx5_iface_handle_failure()  /tmp/ebuser/avx512/UCX/1.9.0/GCCcore-10.2.0/ucx-1.9.0/src/uct/ib/rc/accel/rc_mlx5_iface.c:233
 3 0x00000000000309e2 uct_ib_mlx5_poll_cq()  /tmp/ebuser/avx512/UCX/1.9.0/GCCcore-10.2.0/ucx-1.9.0/src/uct/ib/mlx5/ib_mlx5.inl:81
 4 0x00000000000309e2 uct_rc_mlx5_iface_progress()  /tmp/ebuser/avx512/UCX/1.9.0/GCCcore-10.2.0/ucx-1.9.0/src/uct/ib/rc/accel/rc_mlx5_iface.c:149
 5 0x000000000002256a ucs_callbackq_dispatch()  /tmp/ebuser/avx512/UCX/1.9.0/GCCcore-10.2.0/ucx-1.9.0/src/ucs/datastruct/callbackq.h:211
 6 0x000000000002256a uct_worker_progress()  /tmp/ebuser/avx512/UCX/1.9.0/GCCcore-10.2.0/ucx-1.9.0/src/uct/api/uct.h:2346
 7 0x000000000002256a ucp_worker_progress()  /tmp/ebuser/avx512/UCX/1.9.0/GCCcore-10.2.0/ucx-1.9.0/src/ucp/core/ucp_worker.c:2040
 8 0x000000000000c624 ompi_osc_ucx_lock()  ???:0
 9 0x00000000000ba869 MPI_Win_lock()  ???:0
10 0x000000000041ff8d main_void_MPI()  ???:0
11 0x0000000000410435 main()  ???:0
12 0x0000000000023e1b __libc_start_main()  /cvmfs/soft.computecanada.ca/gentoo/2020/usr/src/debug/sys-libs/glibc-2.30-r8/glibc-2.30/csu/../csu/libc-start.c:308
13 0x000000000041086a _start()  ???:0
=================================
[blg6113:63459] *** Process received signal ***
[blg6113:63459] Signal: Aborted (6)
[blg6113:63459] Signal code:  (-6)
[blg6113:63459] [ 0] /cvmfs/soft.computecanada.ca/gentoo/2020/lib64/libpthread.so.0(+0x130f0)[0x2b24058590f0]
[blg6113:63459] [ 1] /cvmfs/soft.computecanada.ca/gentoo/2020/lib64/libc.so.6(gsignal+0x141)[0x2b2405ee8901]
[blg6113:63459] [ 2] /cvmfs/soft.computecanada.ca/gentoo/2020/lib64/libc.so.6(abort+0x127)[0x2b2405ed256b]
[blg6113:63459] [ 3] /cvmfs/soft.computecanada.ca/easybuild/software/2020/avx512/Core/ucx/1.9.0/lib/libucs.so.0(+0x1d615)[0x2b2408f37615]
[blg6113:63459] [ 4] /cvmfs/soft.computecanada.ca/easybuild/software/2020/avx512/Core/ucx/1.9.0/lib/libucs.so.0(+0x20f43)[0x2b2408f3af43]
[blg6113:63459] [ 5] /cvmfs/soft.computecanada.ca/easybuild/software/2020/avx512/Core/ucx/1.9.0/lib/libucs.so.0(ucs_log_dispatch+0xd1)[0x2b2408f3b071]
[blg6113:63459] [ 6] /cvmfs/soft.computecanada.ca/easybuild/software/2020/avx512/Core/ucx/1.9.0/lib/ucx/libuct_ib.so.0(uct_ib_mlx5_completion_with_err+0x5c0)[0x2b240938ad00]
[blg6113:63459] [ 7] /cvmfs/soft.computecanada.ca/easybuild/software/2020/avx512/Core/ucx/1.9.0/lib/ucx/libuct_ib.so.0(+0x2f21a)[0x2b240939a21a]
[blg6113:63459] [ 8] /cvmfs/soft.computecanada.ca/easybuild/software/2020/avx512/Core/ucx/1.9.0/lib/ucx/libuct_ib.so.0(uct_rc_mlx5_iface_progress+0x4b2)[0x2b240939b9e2]
[blg6113:63459] [ 9] /cvmfs/soft.computecanada.ca/easybuild/software/2020/avx512/Core/ucx/1.9.0/lib/libucp.so.0(ucp_worker_progress+0x5a)[0x2b2408eab56a]
[blg6113:63459] [10] /cvmfs/soft.computecanada.ca/easybuild/software/2020/avx512/Compiler/gcc10/openmpi/4.0.5/lib/openmpi/mca_osc_ucx.so(ompi_osc_ucx_lock+0x434)[0x2b240945b624]
[blg6113:63459] [11] /cvmfs/soft.computecanada.ca/easybuild/software/2020/avx512/Compiler/gcc10/openmpi/4.0.5/lib/libmpi.so.40(MPI_Win_lock+0xd9)[0x2b240593f869]
[blg6113:63459] [12] /lustre03/project/6054778/pasr1602/git/library/./a.out[0x41ff8d]
[blg6113:63459] [13] /lustre03/project/6054778/pasr1602/git/library/./a.out[0x410435]
[blg6113:63459] [14] /cvmfs/soft.computecanada.ca/gentoo/2020/lib64/libc.so.6(__libc_start_main+0xeb)[0x2b2405ed3e1b]
[blg6113:63459] [15] /lustre03/project/6054778/pasr1602/git/library/./a.out[0x41086a]
[blg6113:63459] *** End of error message ***
srun: error: blg9128: task 11: Segmentation fault (core dumped)
srun: error: blg6113: task 0: Aborted (core dumped)
argc: 7, threads: 40, prob : 71, filename: input/p_hat1000_2 
Process 14 of 21 is on blg9142.int.ets1.calculquebec.ca
rank 14 synchronised, num nodes = 20 
VC = 976....process 14, thread 39, Fri Mar 26 05:31:05 2021
rank 14 updated refValueGlobalAbsolute to 976 || 976 
rank 14, buffer size to be sent : 3984 
[blg9142:252730:0:252730] ib_mlx5_log.c:136  Transport retry count exceeded on mlx5_0:1/IB (synd 0x15 vend 0x81 hw_synd 0/0)
[blg9142:252730:0:252730] ib_mlx5_log.c:136  RC QP 0x217cb wqe[1811]: SEND --e [va 0x2ae825bf7480 len 30 lkey 0x21906b]
==== backtrace (tid: 252730) ====
 0 0x000000000001f0be ucs_debug_print_backtrace()  /tmp/ebuser/avx512/UCX/1.9.0/GCCcore-10.2.0/ucx-1.9.0/src/ucs/debug/debug.c:656
 1 0x000000000001fd00 uct_ib_mlx5_completion_with_err()  /tmp/ebuser/avx512/UCX/1.9.0/GCCcore-10.2.0/ucx-1.9.0/src/uct/ib/mlx5/ib_mlx5_log.c:136
 2 0x000000000002f21a uct_rc_mlx5_iface_handle_failure()  /tmp/ebuser/avx512/UCX/1.9.0/GCCcore-10.2.0/ucx-1.9.0/src/uct/ib/rc/accel/rc_mlx5_iface.c:233
 3 0x00000000000309e2 uct_ib_mlx5_poll_cq()  /tmp/ebuser/avx512/UCX/1.9.0/GCCcore-10.2.0/ucx-1.9.0/src/uct/ib/mlx5/ib_mlx5.inl:81
 4 0x00000000000309e2 uct_rc_mlx5_iface_progress()  /tmp/ebuser/avx512/UCX/1.9.0/GCCcore-10.2.0/ucx-1.9.0/src/uct/ib/rc/accel/rc_mlx5_iface.c:149
 5 0x000000000002256a ucs_callbackq_dispatch()  /tmp/ebuser/avx512/UCX/1.9.0/GCCcore-10.2.0/ucx-1.9.0/src/ucs/datastruct/callbackq.h:211
 6 0x000000000002256a uct_worker_progress()  /tmp/ebuser/avx512/UCX/1.9.0/GCCcore-10.2.0/ucx-1.9.0/src/uct/api/uct.h:2346
 7 0x000000000002256a ucp_worker_progress()  /tmp/ebuser/avx512/UCX/1.9.0/GCCcore-10.2.0/ucx-1.9.0/src/ucp/core/ucp_worker.c:2040
 8 0x0000000000005a63 mca_pml_ucx_send()  ???:0
 9 0x00000000000b1688 MPI_Ssend()  ???:0
10 0x000000000041d203 _ZN7library13BranchHandler11receiveSeedIvRSt5_BindIFM11VC_void_MPIFviiR5GraphPvEPS3_St12_PlaceholderILi1EESA_ILi2EESA_ILi3EESA_ILi4EEEERN15user_serializerMUlDpOT_E_ERN17user_deserializerMUlRNSt7__cxx1118basic_stringstreamIcSt11char_traitsIcESaIcEEEDpRSI_E_ENS_12ResultHolderIvJiS4_EEEEEvOT0_OT1_OT2_RT3_.isra.0()  main_void_MPI.cpp:0
11 0x000000000041f506 main_void_MPI()  ???:0
12 0x0000000000410435 main()  ???:0
13 0x0000000000023e1b __libc_start_main()  /cvmfs/soft.computecanada.ca/gentoo/2020/usr/src/debug/sys-libs/glibc-2.30-r8/glibc-2.30/csu/../csu/libc-start.c:308
14 0x000000000041086a _start()  ???:0
=================================
[blg9142:252730] *** Process received signal ***
[blg9142:252730] Signal: Aborted (6)
[blg9142:252730] Signal code:  (-6)
[blg9142:252730] [ 0] /cvmfs/soft.computecanada.ca/gentoo/2020/lib64/libpthread.so.0(+0x130f0)[0x2ae8165b50f0]
[blg9142:252730] [ 1] /cvmfs/soft.computecanada.ca/gentoo/2020/lib64/libc.so.6(gsignal+0x141)[0x2ae816c44901]
[blg9142:252730] [ 2] /cvmfs/soft.computecanada.ca/gentoo/2020/lib64/libc.so.6(abort+0x127)[0x2ae816c2e56b]
[blg9142:252730] [ 3] /cvmfs/soft.computecanada.ca/easybuild/software/2020/avx512/Core/ucx/1.9.0/lib/libucs.so.0(+0x1d615)[0x2ae819c93615]
[blg9142:252730] [ 4] /cvmfs/soft.computecanada.ca/easybuild/software/2020/avx512/Core/ucx/1.9.0/lib/libucs.so.0(+0x20f43)[0x2ae819c96f43]
[blg9142:252730] [ 5] /cvmfs/soft.computecanada.ca/easybuild/software/2020/avx512/Core/ucx/1.9.0/lib/libucs.so.0(ucs_log_dispatch+0xd1)[0x2ae819c97071]
[blg9142:252730] [ 6] /cvmfs/soft.computecanada.ca/easybuild/software/2020/avx512/Core/ucx/1.9.0/lib/ucx/libuct_ib.so.0(uct_ib_mlx5_completion_with_err+0x5c0)[0x2ae81a0e6d00]
[blg9142:252730] [ 7] /cvmfs/soft.computecanada.ca/easybuild/software/2020/avx512/Core/ucx/1.9.0/lib/ucx/libuct_ib.so.0(+0x2f21a)[0x2ae81a0f621a]
[blg9142:252730] [ 8] /cvmfs/soft.computecanada.ca/easybuild/software/2020/avx512/Core/ucx/1.9.0/lib/ucx/libuct_ib.so.0(uct_rc_mlx5_iface_progress+0x4b2)[0x2ae81a0f79e2]
[blg9142:252730] [ 9] /cvmfs/soft.computecanada.ca/easybuild/software/2020/avx512/Core/ucx/1.9.0/lib/libucp.so.0(ucp_worker_progress+0x5a)[0x2ae819c0756a]
[blg9142:252730] [10] /cvmfs/soft.computecanada.ca/easybuild/software/2020/avx512/Compiler/gcc10/openmpi/4.0.5/lib/openmpi/mca_pml_ucx.so(mca_pml_ucx_send+0x293)[0x2ae81657ba63]
[blg9142:252730] [11] /cvmfs/soft.computecanada.ca/easybuild/software/2020/avx512/Compiler/gcc10/openmpi/4.0.5/lib/libmpi.so.40(PMPI_Ssend+0x118)[0x2ae816692688]
[blg9142:252730] [12] /lustre03/project/6054778/pasr1602/git/library/./a.out[0x41d203]
[blg9142:252730] [13] /lustre03/project/6054778/pasr1602/git/library/./a.out[0x41f506]
[blg9142:252730] [14] /lustre03/project/6054778/pasr1602/git/library/./a.out[0x410435]
[blg9142:252730] [15] /cvmfs/soft.computecanada.ca/gentoo/2020/lib64/libc.so.6(__libc_start_main+0xeb)[0x2ae816c2fe1b]
[blg9142:252730] [16] /lustre03/project/6054778/pasr1602/git/library/./a.out[0x41086a]
[blg9142:252730] *** End of error message ***
srun: error: blg9142: task 14: Aborted (core dumped)
slurmstepd: error: *** JOB 17322487 ON blg6113 CANCELLED AT 2021-03-26T11:31:13 DUE TO TIME LIMIT ***
