
Lmod is automatically replacing "intel/2020.1.217" with "gcc/10.2.0".


Inactive Modules:
  1) libfabric/1.10.1     2) openmpi/4.0.3     3) ucx/1.8.0

The following have been reloaded with a version change:
  1) gcccore/.9.3.0 => gcccore/.10.2.0


Activating Modules:
  1) libfabric/1.10.1     2) openmpi/4.0.5     3) ucx/1.9.0


Currently Loaded Modules:
  1) CCconfig                 5) gcccore/.10.2.0 (H)   9) libfabric/1.10.1
  2) gentoo/2020     (S)      6) gcc/10.2.0      (t)  10) openmpi/4.0.5    (m)
  3) imkl/2020.1.217 (math)   7) ucx/1.9.0
  4) StdEnv/2020     (S)      8) pmix/3.1.5

  Where:
   H:     Hidden Module
   S:     Module is Sticky, requires --force to unload or purge
   m:     MPI implementations / Implémentations MPI
   math:  Mathematical libraries / Bibliothèques mathématiques
   t:     Tools for development / Outils de développement

 

Current working directory: /project/6054778/pasr1602/library
Starting run at: Mon Mar 22 16:57:43 EDT 2021
srun: error: gra748: task 3: Segmentation fault (core dumped)
srun: Terminating job step 46193126.0
slurmstepd: error: *** STEP 46193126.0 ON gra282 CANCELLED AT 2021-03-22T16:59:02 ***
srun: error: gra508: task 1: Segmentation fault (core dumped)
srun: error: gra282: task 0: Segmentation fault (core dumped)
srun: error: gra1107: task 4: Segmentation fault (core dumped)
srun: error: gra698: task 2: Segmentation fault (core dumped)
Finishing run at: Mon Mar 22 16:59:07 EDT 2021
