
Lmod is automatically replacing "intel/2020.1.217" with "gcc/10.2.0".


Inactive Modules:
  1) libfabric/1.10.1     2) openmpi/4.0.3     3) ucx/1.8.0

The following have been reloaded with a version change:
  1) gcccore/.9.3.0 => gcccore/.10.2.0


Activating Modules:
  1) libfabric/1.10.1     2) openmpi/4.0.5     3) ucx/1.9.0


Currently Loaded Modules:
  1) CCconfig                 5) gcccore/.10.2.0 (H)   9) libfabric/1.10.1
  2) gentoo/2020     (S)      6) gcc/10.2.0      (t)  10) openmpi/4.0.5    (m)
  3) imkl/2020.1.217 (math)   7) ucx/1.9.0
  4) StdEnv/2020     (S)      8) pmix/3.1.5

  Where:
   H:     Hidden Module
   S:     Module is Sticky, requires --force to unload or purge
   m:     MPI implementations / Implémentations MPI
   math:  Mathematical libraries / Bibliothèques mathématiques
   t:     Tools for development / Outils de développement

 

Current working directory: /lustre03/project/6054778/pasr1602/git/library_cpy
Starting run at: Fri Mar 26 04:56:19 EDT 2021
argc: 7, threads: 40, prob : 70, filename: input/p_hat1000_2 
!-------------------------run # 1 -------------------------!
VC = 987....process -1, thread 10, Fri Mar 26 04:56:21 2021
VC = 986.....process -1, thread 9, Fri Mar 26 04:56:21 2021
VC = 985....process -1, thread 17, Fri Mar 26 04:56:21 2021
VC = 984.....process -1, thread 4, Fri Mar 26 04:56:21 2021
VC = 983....process -1, thread 23, Fri Mar 26 04:56:21 2021
VC = 980.....process -1, thread 8, Fri Mar 26 04:56:21 2021
VC = 977....process -1, thread 10, Fri Mar 26 04:56:21 2021
VC = 976....process -1, thread 20, Fri Mar 26 04:56:21 2021
VC = 973....process -1, thread 27, Fri Mar 26 04:56:21 2021
VC = 971....process -1, thread 38, Fri Mar 26 04:56:21 2021
VC = 970....process -1, thread 18, Fri Mar 26 04:56:22 2021
VC = 969....process -1, thread 27, Fri Mar 26 04:56:22 2021
VC = 965.....process -1, thread 4, Fri Mar 26 04:56:22 2021
VC = 964.....process -1, thread 4, Fri Mar 26 04:56:22 2021
VC = 962.....process -1, thread 3, Fri Mar 26 04:56:22 2021
VC = 961....process -1, thread 27, Fri Mar 26 04:56:28 2021
VC = 949.....process -1, thread 0, Fri Mar 26 04:56:35 2021
VC = 948.....process -1, thread 0, Fri Mar 26 04:56:43 2021
VC = 947.....process -1, thread 0, Fri Mar 26 05:04:17 2021
VC = 946....process -1, thread 12, Fri Mar 26 13:15:32 2021
DONE!
refGlobal : 946 
!-------------------Minimum vertex cover-------------------!
1   2   3   4   5   7   8   9   10   11   12   13   14   15   
16   17   18   19   20   21   22   23   24   25   26   27   
28   29   30   31   32   33   34   35   36   37   38   39   
40   41   43   44   45   46   47   48   49   50   51   52   
53   54   57   59   60   61   62   63   65   66   67   68   
69   70   71   72   73   74   75   76   77   78   80   81   
82   83   84   85   86   87   88   89   90   91   92   93   
94   95   96   97   98   99   100   101   102   103   104   
105   106   107   108   109   110   111   112   113   114   
115   116   117   118   119   120   122   123   124   125   
126   127   128   129   130   131   132   133   134   135   
136   137   138   139   140   141   142   143   144   145   
146   147   148   149   150   151   152   153   154   155   
156   157   158   159   160   161   162   163   164   165   
166   167   169   170   171   172   173   174   175   176   
177   178   179   180   181   182   184   186   187   188   
189   190   192   193   194   195   196   197   199   200   
201   202   203   204   205   206   207   208   209   210   
211   212   213   214   215   216   217   218   219   220   
221   222   223   224   225   226   227   228   230   231   
232   233   234   235   236   238   239   240   241   242   
243   244   245   246   247   248   249   250   251   252   
253   254   255   256   257   258   259   260   261   262   
263   264   265   266   267   268   269   270   271   272   
273   274   275   276   277   278   279   280   281   282   
283   284   285   286   287   288   289   290   291   292   
293   294   295   296   297   298   299   300   302   303   
304   305   306   307   308   309   311   312   313   314   
315   318   319   320   321   322   323   324   325   326   
327   329   330   331   332   333   334   335   336   337   
338   339   340   341   342   343   344   346   347   349   
350   351   352   354   355   356   357   358   359   360   
361   362   363   364   365   366   367   368   369   370   
371   372   373   374   375   376   377   378   379   380   
382   383   384   385   386   388   389   390   391   392   
393   394   395   396   397   400   401   402   403   404   
405   406   407   408   409   410   411   412   413   414   
415   416   417   419   420   421   422   423   424   425   
426   427   428   429   430   431   432   434   435   436   
437   438   439   440   441   442   443   444   445   446   
447   448   449   450   451   452   453   454   455   456   
457   458   459   461   462   463   464   465   466   467   
468   469   471   472   473   474   475   476   478   479   
480   481   482   483   485   486   487   488   489   490   
491   492   493   494   495   497   498   499   500   501   
502   503   504   505   506   507   508   509   510   511   
512   513   514   515   516   517   518   519   520   521   
522   523   524   525   526   527   528   529   530   531   
532   533   534   535   536   537   538   539   540   541   
542   543   544   545   546   547   548   549   550   552   
553   554   555   557   558   559   560   561   562   563   
564   565   566   567   568   569   570   571   572   573   
574   575   576   577   578   579   580   581   582   583   
584   585   586   587   588   589   590   591   592   593   
594   595   596   598   599   600   601   602   603   604   
605   606   607   608   609   610   611   612   613   614   
615   616   617   618   619   620   621   622   623   624   
625   626   627   628   630   631   632   633   634   635   
636   637   638   639   640   641   642   643   644   645   
646   647   648   649   650   651   652   653   654   656   
657   658   659   660   661   662   663   664   665   666   
667   669   670   671   672   673   674   675   676   677   
678   679   680   681   682   683   684   685   686   687   
688   689   690   691   692   693   694   695   696   697   
698   699   700   701   702   704   705   706   707   708   
709   710   711   712   713   715   716   717   718   719   
720   721   722   723   724   725   726   727   728   729   
730   731   732   733   734   735   736   737   738   739   
740   741   742   743   744   745   746   747   748   749   
750   751   752   753   754   755   756   757   759   760   
761   762   763   764   766   767   769   771   772   773   
774   775   776   777   778   779   780   781   782   783   
784   785   786   787   788   789   790   791   792   793   
794   795   796   797   798   799   800   801   802   803   
804   805   806   807   808   809   810   811   812   813   
814   815   816   817   818   819   820   821   822   823   
824   825   826   827   828   829   830   831   832   833   
834   835   836   837   839   840   841   842   843   844   
845   846   847   848   849   850   851   852   853   854   
855   856   857   858   859   860   861   862   863   864   
866   867   868   869   870   871   872   873   874   875   
876   877   878   879   880   881   882   883   884   885   
886   888   889   890   891   892   893   894   895   896   
897   898   899   900   901   902   903   904   905   906   
907   908   909   910   911   912   914   915   916   917   
919   920   921   922   923   924   925   926   927   928   
929   930   931   932   933   934   935   938   939   940   
941   942   943   944   945   946   947   948   949   950   
951   952   953   954   955   956   957   958   959   960   
961   962   963   964   965   966   967   968   969   970   
971   972   973   974   975   976   977   978   979   980   
981   982   983   984   986   987   988   989   990   991   
992   993   994   995   996   997   998   999   1000        
------------------------------------------------------------

path                                       input/p_hat1000_2
Initial graph size after preprocessing:                 1000
Size:                                                    946
Found at depth:                                          803
Elapsed time:                                      32406.6 s
Number of leaves:                                         20
Maximum depth reached:                                   896
Idle time:                  0.000000               0.000000%
Pool idle time:              4.59346              0.0141744%
Successful requests:                                   35417
!----------------------------------------------------------!



Finishing run at: Fri Mar 26 13:56:31 EDT 2021
