
Lmod is automatically replacing "intel/2020.1.217" with "gcc/10.2.0".


Inactive Modules:
  1) libfabric/1.10.1     2) openmpi/4.0.3     3) ucx/1.8.0

The following have been reloaded with a version change:
  1) gcccore/.9.3.0 => gcccore/.10.2.0


Activating Modules:
  1) libfabric/1.10.1     2) openmpi/4.0.5     3) ucx/1.9.0


Currently Loaded Modules:
  1) CCEnv           (S)      5) StdEnv/2020     (S)   9) pmix/3.1.5
  2) CCconfig                 6) gcccore/.10.2.0 (H)  10) libfabric/1.10.1
  3) gentoo/2020     (S)      7) gcc/10.2.0      (t)  11) openmpi/4.0.5    (m)
  4) imkl/2020.1.217 (math)   8) ucx/1.9.0

  Where:
   H:     Hidden Module
   S:     Module is Sticky, requires --force to unload or purge
   m:     MPI implementations / Implémentations MPI
   math:  Mathematical libraries / Bibliothèques mathématiques
   t:     Tools for development / Outils de développement

 

Current working directory: /gpfs/fs0/scratch/m/mlafond/pasr1602/library
Starting run at: Mon Mar  8 20:54:27 EST 2021
srun: Job step aborted: Waiting up to 62 seconds for job step to finish.
slurmstepd: error: *** STEP 4969817.0 ON nia0609 CANCELLED AT 2021-03-08T21:54:21 DUE TO TIME LIMIT ***
slurmstepd: error: *** JOB 4969817 ON nia0609 CANCELLED AT 2021-03-08T21:54:21 DUE TO TIME LIMIT ***

scontrol show jobid 4969817
JobId=4969817 JobName=p_hat1000-2-1_40_threads
   UserId=pasr1602(3102120) GroupId=mlafond(6054778) MCS_label=N/A
   Priority=2295087 Nice=0 Account=def-mlafond QOS=normal
   JobState=COMPLETING Reason=TimeLimit Dependency=(null)
   Requeue=0 Restarts=0 BatchFlag=1 Reboot=0 ExitCode=0:15
   RunTime=01:00:09 TimeLimit=01:00:00 TimeMin=N/A
   SubmitTime=2021-03-08T20:54:00 EligibleTime=2021-03-08T20:54:00
   AccrueTime=2021-03-08T20:54:00
   StartTime=2021-03-08T20:54:12 EndTime=2021-03-08T21:54:21 Deadline=N/A
   SuspendTime=None SecsPreSuspend=0 LastSchedEval=2021-03-08T20:54:12
   Partition=compute AllocNode:Sid=nia-login05:165427
   ReqNodeList=(null) ExcNodeList=(null)
   NodeList=nia0609
   BatchHost=nia0609
   NumNodes=1 NumCPUs=80 NumTasks=1 CPUs/Task=40 ReqB:S:C:T=0:0:*:*
   TRES=cpu=80,mem=175G,node=1,billing=40
   Socks/Node=* NtasksPerN:B:S:C=1:0:*:* CoreSpec=*
   MinCPUsNode=40 MinMemoryNode=175G MinTmpDiskNode=0
   Features=[skylake|cascade] DelayBoot=00:00:00
   OverSubscribe=NO Contiguous=0 Licenses=(null) Network=(null)
   Command=/gpfs/fs0/scratch/m/mlafond/pasr1602/library/single.sh
   WorkDir=/gpfs/fs0/scratch/m/mlafond/pasr1602/library
   StdErr=/gpfs/fs0/scratch/m/mlafond/pasr1602/library/report/p_hat1000-2-1_40_threads-4969817.out
   StdIn=/dev/null
   StdOut=/gpfs/fs0/scratch/m/mlafond/pasr1602/library/report/p_hat1000-2-1_40_threads-4969817.out
   Power=
   MailUser=pasr1602@usherbrooke.ca MailType=BEGIN,END,FAIL,REQUEUE

sacct -j 4969817
       JobID    JobName    Account    Elapsed  MaxVMSize     MaxRSS  SystemCPU    UserCPU ExitCode 
------------ ---------- ---------- ---------- ---------- ---------- ---------- ---------- -------- 
4969817      p_hat1000+ def-mlafo+   01:00:09                        11:36.504 1-15:22:08      0:0 
4969817.bat+      batch def-mlafo+   01:00:11    457296K      9196K  00:01.210  00:03.549     0:15 
4969817.ext+     extern def-mlafo+   01:00:09    138360K       880K   00:00:00   00:00:00      0:0 
4969817.0         a.out def-mlafo+   00:59:56   3875372K   2549432K  11:35.294 1-15:22:05     0:15 
