
Lmod is automatically replacing "intel/2020.1.217" with "gcc/10.2.0".


Inactive Modules:
  1) libfabric/1.10.1     2) openmpi/4.0.3     3) ucx/1.8.0

The following have been reloaded with a version change:
  1) gcccore/.9.3.0 => gcccore/.10.2.0


Activating Modules:
  1) libfabric/1.10.1     2) openmpi/4.0.5     3) ucx/1.9.0


Currently Loaded Modules:
  1) CCEnv           (S)      5) StdEnv/2020     (S)   9) pmix/3.1.5
  2) CCconfig                 6) gcccore/.10.2.0 (H)  10) libfabric/1.10.1
  3) gentoo/2020     (S)      7) gcc/10.2.0      (t)  11) openmpi/4.0.5    (m)
  4) imkl/2020.1.217 (math)   8) ucx/1.9.0

  Where:
   H:     Hidden Module
   S:     Module is Sticky, requires --force to unload or purge
   m:     MPI implementations / Implémentations MPI
   math:  Mathematical libraries / Bibliothèques mathématiques
   t:     Tools for development / Outils de développement

 

Current working directory: /gpfs/fs0/scratch/m/mlafond/pasr1602/library
Starting run at: Tue Mar 23 16:31:40 EDT 2021
argc: 7, threads: 40, prob : 90, filename: input/p_hat1000_2 
Process 0 of 20 is on nia0051.scinet.local
Seed sent 
Termination achieved: nodes 19, busy 0 
solution NOT received from rank 1
solution received from 2, Bytes : 3864, refVal 946 
solution received from 3, Bytes : 4016, refVal 984 
solution NOT received from rank 4
solution received from 5, Bytes : 3992, refVal 978 
solution NOT received from rank 6
solution NOT received from rank 7
solution received from 8, Bytes : 3964, refVal 971 
solution NOT received from rank 9
solution NOT received from rank 10
solution NOT received from rank 11
solution received from 12, Bytes : 3948, refVal 967 
solution NOT received from rank 13
solution received from 14, Bytes : 3960, refVal 970 
solution received from 15, Bytes : 3928, refVal 962 
solution received from 16, Bytes : 3868, refVal 947 
solution NOT received from rank 17
solution NOT received from rank 18
solution NOT received from rank 19

 
 
*****************************************************
Elapsed time : 4962.837 
Total number of requests : 19664681 
Number of approved requests : 2341855 
Number of failed requests : 17322826 
*****************************************************

 
 
Stream retrieved, size : 3864 
Cover size : 946 

Global pool idle time: 28683.030469 seconds


argc: 7, threads: 40, prob : 90, filename: input/p_hat1000_2 
Process 18 of 20 is on nia0517.scinet.local
rank 18 synchronised, num nodes = 19 
Exit tag received on process 18 
argc: 7, threads: 40, prob : 90, filename: input/p_hat1000_2 
Process 17 of 20 is on nia0515.scinet.local
rank 17 synchronised, num nodes = 19 
Exit tag received on process 17 
argc: 7, threads: 40, prob : 90, filename: input/p_hat1000_2 
Process 19 of 20 is on nia0764.scinet.local
rank 19 synchronised, num nodes = 19 
Exit tag received on process 19 
argc: 7, threads: 40, prob : 90, filename: input/p_hat1000_2 
Process 15 of 20 is on nia0470.scinet.local
rank 15 synchronised, num nodes = 19 
VC = 982.....process 15, thread 0, Tue Mar 23 16:31:50 2021
rank 15 updated refValueGlobalAbsolute to 982 || 982 
rank 15, buffer size to be sent : 4008 
VC = 977....process 15, thread 38, Tue Mar 23 16:31:50 2021
rank 15 updated refValueGlobalAbsolute to 977 || 977 
rank 15, buffer size to be sent : 3988 
VC = 962....process 15, thread 22, Tue Mar 23 16:31:51 2021
rank 15 updated refValueGlobalAbsolute to 962 || 962 
rank 15, buffer size to be sent : 3928 
Exit tag received on process 15 
argc: 7, threads: 40, prob : 90, filename: input/p_hat1000_2 
Process 16 of 20 is on nia0486.scinet.local
rank 16 synchronised, num nodes = 19 
VC = 961....process 16, thread 33, Tue Mar 23 16:31:52 2021
rank 16 updated refValueGlobalAbsolute to 961 || 961 
rank 16, buffer size to be sent : 3924 
VC = 949.....process 16, thread 2, Tue Mar 23 16:32:07 2021
rank 16 updated refValueGlobalAbsolute to 949 || 949 
rank 16, buffer size to be sent : 3876 
VC = 948.....process 16, thread 2, Tue Mar 23 16:32:19 2021
rank 16 updated refValueGlobalAbsolute to 948 || 948 
rank 16, buffer size to be sent : 3872 
VC = 947.....process 16, thread 2, Tue Mar 23 16:42:36 2021
rank 16 updated refValueGlobalAbsolute to 947 || 947 
rank 16, buffer size to be sent : 3868 
Exit tag received on process 16 
argc: 7, threads: 40, prob : 90, filename: input/p_hat1000_2 
Process 13 of 20 is on nia0401.scinet.local
rank 13 synchronised, num nodes = 19 
Exit tag received on process 13 
argc: 7, threads: 40, prob : 90, filename: input/p_hat1000_2 
Process 14 of 20 is on nia0424.scinet.local
rank 14 synchronised, num nodes = 19 
VC = 970....process 14, thread 10, Tue Mar 23 16:31:50 2021
rank 14 updated refValueGlobalAbsolute to 970 || 970 
rank 14, buffer size to be sent : 3960 
Exit tag received on process 14 
argc: 7, threads: 40, prob : 90, filename: input/p_hat1000_2 
Process 12 of 20 is on nia0385.scinet.local
rank 12 synchronised, num nodes = 19 
VC = 968....process 12, thread 12, Tue Mar 23 16:31:51 2021
rank 12 updated refValueGlobalAbsolute to 968 || 968 
rank 12, buffer size to be sent : 3952 
VC = 967....process 12, thread 12, Tue Mar 23 16:31:51 2021
rank 12 updated refValueGlobalAbsolute to 967 || 967 
rank 12, buffer size to be sent : 3948 
Exit tag received on process 12 
argc: 7, threads: 40, prob : 90, filename: input/p_hat1000_2 
Process 11 of 20 is on nia0340.scinet.local
rank 11 synchronised, num nodes = 19 
Exit tag received on process 11 
argc: 7, threads: 40, prob : 90, filename: input/p_hat1000_2 
Process 10 of 20 is on nia0278.scinet.local
rank 10 synchronised, num nodes = 19 
Exit tag received on process 10 
argc: 7, threads: 40, prob : 90, filename: input/p_hat1000_2 
Process 9 of 20 is on nia0271.scinet.local
rank 9 synchronised, num nodes = 19 
Exit tag received on process 9 
argc: 7, threads: 40, prob : 90, filename: input/p_hat1000_2 
Process 8 of 20 is on nia0263.scinet.local
rank 8 synchronised, num nodes = 19 
VC = 980......process 8, thread 0, Tue Mar 23 16:31:50 2021
rank 8 updated refValueGlobalAbsolute to 980 || 980 
rank 8, buffer size to be sent : 4000 
VC = 979......process 8, thread 2, Tue Mar 23 16:31:50 2021
rank 8 updated refValueGlobalAbsolute to 979 || 979 
rank 8, buffer size to be sent : 3996 
VC = 976.....process 8, thread 25, Tue Mar 23 16:31:50 2021
rank 8 updated refValueGlobalAbsolute to 976 || 976 
rank 8, buffer size to be sent : 3984 
VC = 971.....process 8, thread 39, Tue Mar 23 16:31:50 2021
rank 8 updated refValueGlobalAbsolute to 971 || 971 
rank 8, buffer size to be sent : 3964 
Exit tag received on process 8 
argc: 7, threads: 40, prob : 90, filename: input/p_hat1000_2 
Process 7 of 20 is on nia0258.scinet.local
rank 7 synchronised, num nodes = 19 
Exit tag received on process 7 
argc: 7, threads: 40, prob : 90, filename: input/p_hat1000_2 
Process 5 of 20 is on nia0155.scinet.local
rank 5 synchronised, num nodes = 19 
VC = 978......process 5, thread 3, Tue Mar 23 16:31:50 2021
rank 5 updated refValueGlobalAbsolute to 978 || 978 
rank 5, buffer size to be sent : 3992 
Exit tag received on process 5 
argc: 7, threads: 40, prob : 90, filename: input/p_hat1000_2 
Process 6 of 20 is on nia0214.scinet.local
rank 6 synchronised, num nodes = 19 
Exit tag received on process 6 
argc: 7, threads: 40, prob : 90, filename: input/p_hat1000_2 
Process 3 of 20 is on nia0116.scinet.local
rank 3 synchronised, num nodes = 19 
VC = 984......process 3, thread 0, Tue Mar 23 16:31:50 2021
rank 3 updated refValueGlobalAbsolute to 984 || 984 
rank 3, buffer size to be sent : 4016 
Exit tag received on process 3 
argc: 7, threads: 40, prob : 90, filename: input/p_hat1000_2 
Process 1 of 20 is on nia0053.scinet.local
rank 1 synchronised, num nodes = 18 
Exit tag received on process 1 
argc: 7, threads: 40, prob : 90, filename: input/p_hat1000_2 
Process 2 of 20 is on nia0106.scinet.local
rank 2 synchronised, num nodes = 19 
VC = 965.....process 2, thread 36, Tue Mar 23 16:31:51 2021
rank 2 updated refValueGlobalAbsolute to 965 || 965 
rank 2, buffer size to be sent : 3940 
VC = 964.....process 2, thread 36, Tue Mar 23 16:31:51 2021
rank 2 updated refValueGlobalAbsolute to 964 || 964 
rank 2, buffer size to be sent : 3936 
VC = 946.....process 2, thread 21, Tue Mar 23 17:46:23 2021
rank 2 updated refValueGlobalAbsolute to 946 || 946 
rank 2, buffer size to be sent : 3864 
Exit tag received on process 2 
argc: 7, threads: 40, prob : 90, filename: input/p_hat1000_2 
Process 4 of 20 is on nia0149.scinet.local
rank 4 synchronised, num nodes = 19 
Exit tag received on process 4 
Finishing run at: Tue Mar 23 17:54:36 EDT 2021

scontrol show jobid 5037403
JobId=5037403 JobName=p_hat1000_2_20nodes
   UserId=pasr1602(3102120) GroupId=mlafond(6054778) MCS_label=N/A
   Priority=2029483 Nice=0 Account=def-mlafond QOS=normal
   JobState=COMPLETING Reason=None Dependency=(null)
   Requeue=0 Restarts=0 BatchFlag=1 Reboot=0 ExitCode=0:0
   RunTime=01:23:16 TimeLimit=03:00:00 TimeMin=N/A
   SubmitTime=2021-03-23T16:20:28 EligibleTime=2021-03-23T16:20:28
   AccrueTime=2021-03-23T16:20:28
   StartTime=2021-03-23T16:31:20 EndTime=2021-03-23T17:54:36 Deadline=N/A
   SuspendTime=None SecsPreSuspend=0 LastSchedEval=2021-03-23T16:31:20
   Partition=compute AllocNode:Sid=nia-login07:209551
   ReqNodeList=(null) ExcNodeList=(null)
   NodeList=nia[0051,0106,0116,0149,0155,0214,0258,0263,0271,0278,0340,0385,0401,0424,0470,0486,0515,0517,0764]
   BatchHost=nia0051
   NumNodes=19 NumCPUs=1600 NumTasks=20 CPUs/Task=40 ReqB:S:C:T=0:0:*:*
   TRES=cpu=1600,mem=3500000M,node=20,billing=800
   Socks/Node=* NtasksPerN:B:S:C=1:0:*:* CoreSpec=*
   MinCPUsNode=40 MinMemoryNode=175000M MinTmpDiskNode=0
   Features=[skylake|cascade] DelayBoot=00:00:00
   OverSubscribe=NO Contiguous=0 Licenses=(null) Network=(null)
   Command=/gpfs/fs0/scratch/m/mlafond/pasr1602/library/job.sh
   WorkDir=/gpfs/fs0/scratch/m/mlafond/pasr1602/library
   StdErr=/gpfs/fs0/scratch/m/mlafond/pasr1602/library/report/p_hat1000_2_20nodes-5037403.out
   StdIn=/dev/null
   StdOut=/gpfs/fs0/scratch/m/mlafond/pasr1602/library/report/p_hat1000_2_20nodes-5037403.out
   Power=
   MailUser=pasr1602@usherbrooke.ca MailType=BEGIN,END,FAIL,REQUEUE

sacct -j 5037403
       JobID    JobName    Account    Elapsed  MaxVMSize     MaxRSS  SystemCPU    UserCPU ExitCode 
------------ ---------- ---------- ---------- ---------- ---------- ---------- ---------- -------- 
5037403      p_hat1000+ def-mlafo+   01:23:16                         15:54:03 20-15:41:+      0:0 
5037403.bat+      batch def-mlafo+   01:23:16   1723044K     10168K  00:01.323  00:03.738      0:0 
5037403.ext+     extern def-mlafo+   01:23:16    138360K      1072K  00:00.004  00:00.012      0:0 
5037403.0         a.out def-mlafo+   01:22:55  13620084K  11095372K   15:54:02 20-15:41:+      0:0 

kernel messages produced during job executions:
[Mar23 16:32] mlx5_core 0000:06:00.0: mlx5_core_get_rsc:63:(pid 0): Async event for bogus resource 0x388d8
[  +0.011666] mlx5_core 0000:06:00.0: mlx5_core_get_rsc:63:(pid 0): Async event for bogus resource 0x388d9
[  +0.011943] mlx5_core 0000:06:00.0: mlx5_core_get_rsc:63:(pid 0): Async event for bogus resource 0x388da
[  +0.011517] mlx5_core 0000:06:00.0: mlx5_core_get_rsc:63:(pid 0): Async event for bogus resource 0x388db
[  +0.011497] mlx5_core 0000:06:00.0: mlx5_core_get_rsc:63:(pid 0): Async event for bogus resource 0x388dc
[  +0.011491] mlx5_core 0000:06:00.0: mlx5_core_get_rsc:63:(pid 0): Async event for bogus resource 0x388dd
[  +0.011491] mlx5_core 0000:06:00.0: mlx5_core_get_rsc:63:(pid 0): Async event for bogus resource 0x388de
[  +0.011474] mlx5_core 0000:06:00.0: mlx5_core_get_rsc:63:(pid 0): Async event for bogus resource 0x388df
[  +0.011464] mlx5_core 0000:06:00.0: mlx5_core_get_rsc:63:(pid 0): Async event for bogus resource 0x388e0
[  +0.011455] mlx5_core 0000:06:00.0: mlx5_core_get_rsc:63:(pid 0): Async event for bogus resource 0x388e1
[  +0.011445] mlx5_core 0000:06:00.0: mlx5_core_get_rsc:63:(pid 0): Async event for bogus resource 0x388e2
[  +0.011431] mlx5_core 0000:06:00.0: mlx5_core_get_rsc:63:(pid 0): Async event for bogus resource 0x388e3
[  +0.011433] mlx5_core 0000:06:00.0: mlx5_core_get_rsc:63:(pid 0): Async event for bogus resource 0x388e4
[  +0.011414] mlx5_core 0000:06:00.0: mlx5_core_get_rsc:63:(pid 0): Async event for bogus resource 0x388e5
[  +0.011395] mlx5_core 0000:06:00.0: mlx5_core_get_rsc:63:(pid 0): Async event for bogus resource 0x388e6
[  +0.011368] mlx5_core 0000:06:00.0: mlx5_core_get_rsc:63:(pid 0): Async event for bogus resource 0x388e7
[  +0.011342] mlx5_core 0000:06:00.0: mlx5_core_get_rsc:63:(pid 0): Async event for bogus resource 0x388e8
[  +0.011319] mlx5_core 0000:06:00.0: mlx5_core_get_rsc:63:(pid 0): Async event for bogus resource 0x388e9
[  +0.011297] mlx5_core 0000:06:00.0: mlx5_core_get_rsc:63:(pid 0): Async event for bogus resource 0x388ea
[  +0.011278] mlx5_core 0000:06:00.0: mlx5_core_get_rsc:63:(pid 0): Async event for bogus resource 0x388eb
[  +0.047670] mlx5_core 0000:06:00.0: mlx5_core_get_rsc:63:(pid 0): Async event for bogus resource 0x388c4
[  +0.011258] mlx5_core 0000:06:00.0: mlx5_core_get_rsc:63:(pid 0): Async event for bogus resource 0x388c5
[  +0.011438] mlx5_core 0000:06:00.0: mlx5_core_get_rsc:63:(pid 0): Async event for bogus resource 0x388c6
[  +0.011190] mlx5_core 0000:06:00.0: mlx5_core_get_rsc:63:(pid 0): Async event for bogus resource 0x388c7
[  +0.011167] mlx5_core 0000:06:00.0: mlx5_core_get_rsc:63:(pid 0): Async event for bogus resource 0x388c8
[  +0.011152] mlx5_core 0000:06:00.0: mlx5_core_get_rsc:63:(pid 0): Async event for bogus resource 0x388c9
[  +0.011143] mlx5_core 0000:06:00.0: mlx5_core_get_rsc:63:(pid 0): Async event for bogus resource 0x388ca
[  +0.011133] mlx5_core 0000:06:00.0: mlx5_core_get_rsc:63:(pid 0): Async event for bogus resource 0x388cb
[  +0.011113] mlx5_core 0000:06:00.0: mlx5_core_get_rsc:63:(pid 0): Async event for bogus resource 0x388cc
[  +0.011125] mlx5_core 0000:06:00.0: mlx5_core_get_rsc:63:(pid 0): Async event for bogus resource 0x388ec
[  +0.011090] mlx5_core 0000:06:00.0: mlx5_core_get_rsc:63:(pid 0): Async event for bogus resource 0x388ed
[  +0.011079] mlx5_core 0000:06:00.0: mlx5_core_get_rsc:63:(pid 0): Async event for bogus resource 0x388ee
[  +0.011078] mlx5_core 0000:06:00.0: mlx5_core_get_rsc:63:(pid 0): Async event for bogus resource 0x388ef
[  +0.011063] mlx5_core 0000:06:00.0: mlx5_core_get_rsc:63:(pid 0): Async event for bogus resource 0x388f0
[  +0.011044] mlx5_core 0000:06:00.0: mlx5_core_get_rsc:63:(pid 0): Async event for bogus resource 0x388f1
[  +0.011033] mlx5_core 0000:06:00.0: mlx5_core_get_rsc:63:(pid 0): Async event for bogus resource 0x388f2
[  +0.011026] mlx5_core 0000:06:00.0: mlx5_core_get_rsc:63:(pid 0): Async event for bogus resource 0x388f3
[  +0.011014] mlx5_core 0000:06:00.0: mlx5_core_get_rsc:63:(pid 0): Async event for bogus resource 0x388f4
[  +0.011012] mlx5_core 0000:06:00.0: mlx5_core_get_rsc:63:(pid 0): Async event for bogus resource 0x388f5
[  +0.010988] mlx5_core 0000:06:00.0: mlx5_core_get_rsc:63:(pid 0): Async event for bogus resource 0x388f6
