
Lmod is automatically replacing "intel/2020.1.217" with "gcc/10.2.0".


Inactive Modules:
  1) libfabric/1.10.1     2) openmpi/4.0.3     3) ucx/1.8.0

The following have been reloaded with a version change:
  1) gcccore/.9.3.0 => gcccore/.10.2.0


Activating Modules:
  1) libfabric/1.10.1     2) openmpi/4.0.5     3) ucx/1.9.0


Currently Loaded Modules:
  1) CCconfig                 5) gcccore/.10.2.0 (H)   9) libfabric/1.10.1
  2) gentoo/2020     (S)      6) gcc/10.2.0      (t)  10) openmpi/4.0.5    (m)
  3) imkl/2020.1.217 (math)   7) ucx/1.9.0
  4) StdEnv/2020     (S)      8) pmix/3.1.5

  Where:
   H:     Hidden Module
   S:     Module is Sticky, requires --force to unload or purge
   m:     MPI implementations / Implémentations MPI
   math:  Mathematical libraries / Bibliothèques mathématiques
   t:     Tools for development / Outils de développement

 

Current working directory: /lustre03/project/6054778/pasr1602/git/library
Starting run at: Wed Mar 24 02:06:14 EDT 2021
argc: 7, threads: 40, prob : 71, filename: input/p_hat1000_2 
Process 0 of 11 is on blg9124.int.ets1.calculquebec.ca
Seed sent 
Termination achieved: nodes 10, busy 0 
solution received from 1, Bytes : 3864, refVal 946 
solution received from 2, Bytes : 3868, refVal 947 
solution received from 3, Bytes : 3984, refVal 976 
solution NOT received from rank 4
solution received from 5, Bytes : 3948, refVal 967 
solution NOT received from rank 6
solution received from 7, Bytes : 3928, refVal 962 
solution received from 8, Bytes : 4024, refVal 986 
solution NOT received from rank 9
solution received from 10, Bytes : 3936, refVal 964 

 
 
*****************************************************
Elapsed time : 4341.634 
Total number of requests : 407378 
Number of approved requests : 94424 
Number of failed requests : 312954 
*****************************************************

 
 
Stream retrieved, size : 3864 
Cover size : 946 

Global pool idle time: 2348.180600 seconds


argc: 7, threads: 40, prob : 71, filename: input/p_hat1000_2 
Process 8 of 11 is on blg9147.int.ets1.calculquebec.ca
rank 8 synchronised, num nodes = 10 
VC = 986......process 8, thread 0, Wed Mar 24 02:06:19 2021
rank 8 updated refValueGlobalAbsolute to 986 || 986 
rank 8, buffer size to be sent : 4024 
Exit tag received on process 8 
argc: 7, threads: 40, prob : 71, filename: input/p_hat1000_2 
Process 5 of 11 is on blg9144.int.ets1.calculquebec.ca
rank 5 synchronised, num nodes = 10 
VC = 980......process 5, thread 7, Wed Mar 24 02:06:19 2021
rank 5 updated refValueGlobalAbsolute to 980 || 980 
rank 5, buffer size to be sent : 4000 
VC = 978.....process 5, thread 10, Wed Mar 24 02:06:19 2021
rank 5 updated refValueGlobalAbsolute to 978 || 978 
rank 5, buffer size to be sent : 3992 
VC = 971.....process 5, thread 35, Wed Mar 24 02:06:19 2021
rank 5 updated refValueGlobalAbsolute to 971 || 971 
rank 5, buffer size to be sent : 3964 
VC = 968......process 5, thread 0, Wed Mar 24 02:06:19 2021
rank 5 updated refValueGlobalAbsolute to 968 || 968 
rank 5, buffer size to be sent : 3952 
VC = 967......process 5, thread 0, Wed Mar 24 02:06:19 2021
rank 5 updated refValueGlobalAbsolute to 967 || 967 
rank 5, buffer size to be sent : 3948 
Exit tag received on process 5 
argc: 7, threads: 40, prob : 71, filename: input/p_hat1000_2 
Process 9 of 11 is on blg9148.int.ets1.calculquebec.ca
rank 9 synchronised, num nodes = 10 
Exit tag received on process 9 
argc: 7, threads: 40, prob : 71, filename: input/p_hat1000_2 
Process 10 of 11 is on blg9149.int.ets1.calculquebec.ca
rank 10 synchronised, num nodes = 10 
VC = 965....process 10, thread 11, Wed Mar 24 02:06:20 2021
rank 10 updated refValueGlobalAbsolute to 965 || 965 
rank 10, buffer size to be sent : 3940 
VC = 964....process 10, thread 11, Wed Mar 24 02:06:20 2021
rank 10 updated refValueGlobalAbsolute to 964 || 964 
rank 10, buffer size to be sent : 3936 
Exit tag received on process 10 
argc: 7, threads: 40, prob : 71, filename: input/p_hat1000_2 
Process 4 of 11 is on blg9140.int.ets1.calculquebec.ca
rank 4 synchronised, num nodes = 10 
Exit tag received on process 4 
argc: 7, threads: 40, prob : 71, filename: input/p_hat1000_2 
Process 6 of 11 is on blg9145.int.ets1.calculquebec.ca
rank 6 synchronised, num nodes = 10 
Exit tag received on process 6 
argc: 7, threads: 40, prob : 71, filename: input/p_hat1000_2 
Process 3 of 11 is on blg9137.int.ets1.calculquebec.ca
rank 3 synchronised, num nodes = 10 
VC = 984......process 3, thread 1, Wed Mar 24 02:06:19 2021
rank 3 updated refValueGlobalAbsolute to 984 || 984 
rank 3, buffer size to be sent : 4016 
VC = 977.....process 3, thread 36, Wed Mar 24 02:06:19 2021
rank 3 updated refValueGlobalAbsolute to 977 || 977 
rank 3, buffer size to be sent : 3988 
VC = 976.....process 3, thread 36, Wed Mar 24 02:06:19 2021
rank 3 updated refValueGlobalAbsolute to 976 || 976 
rank 3, buffer size to be sent : 3984 
Exit tag received on process 3 
argc: 7, threads: 40, prob : 71, filename: input/p_hat1000_2 
Process 7 of 11 is on blg9146.int.ets1.calculquebec.ca
rank 7 synchronised, num nodes = 10 
VC = 987......process 7, thread 0, Wed Mar 24 02:06:19 2021
rank 7 updated refValueGlobalAbsolute to 987 || 987 
rank 7, buffer size to be sent : 4028 
VC = 962.....process 7, thread 26, Wed Mar 24 02:06:20 2021
rank 7 updated refValueGlobalAbsolute to 962 || 962 
rank 7, buffer size to be sent : 3928 
Exit tag received on process 7 
argc: 7, threads: 40, prob : 71, filename: input/p_hat1000_2 
Process 1 of 11 is on blg9134.int.ets1.calculquebec.ca
rank 1 synchronised, num nodes = 10 
VC = 946.....process 1, thread 34, Wed Mar 24 03:12:51 2021
rank 1 updated refValueGlobalAbsolute to 946 || 946 
rank 1, buffer size to be sent : 3864 
Exit tag received on process 1 
argc: 7, threads: 40, prob : 71, filename: input/p_hat1000_2 
Process 2 of 11 is on blg9136.int.ets1.calculquebec.ca
rank 2 synchronised, num nodes = 10 
VC = 961......process 2, thread 0, Wed Mar 24 02:06:21 2021
rank 2 updated refValueGlobalAbsolute to 961 || 961 
rank 2, buffer size to be sent : 3924 
VC = 949.....process 2, thread 34, Wed Mar 24 02:06:35 2021
rank 2 updated refValueGlobalAbsolute to 949 || 949 
rank 2, buffer size to be sent : 3876 
VC = 948.....process 2, thread 34, Wed Mar 24 02:06:48 2021
rank 2 updated refValueGlobalAbsolute to 948 || 948 
rank 2, buffer size to be sent : 3872 
VC = 947.....process 2, thread 34, Wed Mar 24 02:15:18 2021
rank 2 updated refValueGlobalAbsolute to 947 || 947 
rank 2, buffer size to be sent : 3868 
Exit tag received on process 2 
Finishing run at: Wed Mar 24 03:18:47 EDT 2021
