
Lmod is automatically replacing "intel/2020.1.217" with "gcc/10.2.0".


Inactive Modules:
  1) libfabric/1.10.1     2) openmpi/4.0.3     3) ucx/1.8.0

The following have been reloaded with a version change:
  1) gcccore/.9.3.0 => gcccore/.10.2.0


Activating Modules:
  1) libfabric/1.10.1     2) openmpi/4.0.5     3) ucx/1.9.0

gcc (GCC) 10.2.0
Copyright (C) 2020 Free Software Foundation, Inc.
This is free software; see the source for copying conditions.  There is NO
warranty; not even for MERCHANTABILITY or FITNESS FOR A PARTICULAR PURPOSE.

Current working directory: /gpfs/fs0/scratch/m/mlafond/pasr1602/library
Starting run at: Tue Mar 23 08:19:53 EDT 2021
srun: Job step aborted: Waiting up to 62 seconds for job step to finish.
slurmstepd: error: *** STEP 5034551.0 ON nia0117 CANCELLED AT 2021-03-23T14:19:52 DUE TO TIME LIMIT ***
slurmstepd: error: *** JOB 5034551 ON nia0117 CANCELLED AT 2021-03-23T14:19:52 DUE TO TIME LIMIT ***

scontrol show jobid 5034551
JobId=5034551 JobName=p_hat1000_2_80_threads
   UserId=pasr1602(3102120) GroupId=mlafond(6054778) MCS_label=N/A
   Priority=2153355 Nice=0 Account=def-mlafond QOS=normal
   JobState=COMPLETING Reason=TimeLimit Dependency=(null)
   Requeue=0 Restarts=0 BatchFlag=1 Reboot=0 ExitCode=0:15
   RunTime=06:00:20 TimeLimit=06:00:00 TimeMin=N/A
   SubmitTime=2021-03-23T08:19:32 EligibleTime=2021-03-23T08:19:32
   AccrueTime=2021-03-23T08:19:32
   StartTime=2021-03-23T08:19:32 EndTime=2021-03-23T14:19:52 Deadline=N/A
   SuspendTime=None SecsPreSuspend=0 LastSchedEval=2021-03-23T08:19:32
   Partition=compute AllocNode:Sid=nia-login07:449982
   ReqNodeList=(null) ExcNodeList=(null)
   NodeList=nia0117
   BatchHost=nia0117
   NumNodes=1 NumCPUs=80 NumTasks=1 CPUs/Task=80 ReqB:S:C:T=0:0:*:*
   TRES=cpu=80,mem=175000M,node=1,billing=40
   Socks/Node=* NtasksPerN:B:S:C=1:0:*:* CoreSpec=*
   MinCPUsNode=80 MinMemoryNode=175000M MinTmpDiskNode=0
   Features=[skylake|cascade] DelayBoot=00:00:00
   OverSubscribe=NO Contiguous=0 Licenses=(null) Network=(null)
   Command=/gpfs/fs0/scratch/m/mlafond/pasr1602/library/single.sh
   WorkDir=/gpfs/fs0/scratch/m/mlafond/pasr1602/library
   StdErr=/gpfs/fs0/scratch/m/mlafond/pasr1602/library/report/p_hat1000_2_80_threads-5034551.out
   StdIn=/dev/null
   StdOut=/gpfs/fs0/scratch/m/mlafond/pasr1602/library/report/p_hat1000_2_80_threads-5034551.out
   Power=
   MailUser=pasr1602@usherbrooke.ca MailType=BEGIN,END,FAIL,REQUEUE

sacct -j 5034551
       JobID    JobName    Account    Elapsed  MaxVMSize     MaxRSS  SystemCPU    UserCPU ExitCode 
------------ ---------- ---------- ---------- ---------- ---------- ---------- ---------- -------- 
5034551      p_hat1000+ def-mlafo+   06:00:20                         01:04:10 19-15:43:+      0:0 
5034551.bat+      batch def-mlafo+   06:00:21    457296K      9188K  00:01.294  00:03.501     0:15 
5034551.ext+     extern def-mlafo+   06:00:20    138360K       876K   00:00:00   00:00:00      0:0 
5034551.0         a.out def-mlafo+   06:00:02  21324260K  16782832K   01:04:08 19-15:43:+     0:15 
