
Lmod is automatically replacing "intel/2020.1.217" with "gcc/10.2.0".


Inactive Modules:
  1) libfabric/1.10.1     2) openmpi/4.0.3     3) ucx/1.8.0

The following have been reloaded with a version change:
  1) gcccore/.9.3.0 => gcccore/.10.2.0


Activating Modules:
  1) libfabric/1.10.1     2) openmpi/4.0.5     3) ucx/1.9.0


Currently Loaded Modules:
  1) CCEnv           (S)      5) StdEnv/2020     (S)   9) pmix/3.1.5
  2) CCconfig                 6) gcccore/.10.2.0 (H)  10) libfabric/1.10.1
  3) gentoo/2020     (S)      7) gcc/10.2.0      (t)  11) openmpi/4.0.5    (m)
  4) imkl/2020.1.217 (math)   8) ucx/1.9.0

  Where:
   H:     Hidden Module
   S:     Module is Sticky, requires --force to unload or purge
   m:     MPI implementations / Implémentations MPI
   math:  Mathematical libraries / Bibliothèques mathématiques
   t:     Tools for development / Outils de développement

 

Current working directory: /gpfs/fs0/scratch/m/mlafond/pasr1602/library
Starting run at: Tue Mar  2 18:56:28 EST 2021
argc: 3, threads: 40, filename: input/edges22k.txt 
The threading support level corresponds to that demanded.
Process 0 of 20 is on nia0071.scinet.local
About to start, 0 / 20!! 
scheduler() launched!! 
buffer sucessfully sent! 
*** Busy nodes: 1 ***
 Scheduler started!! 
BusyNodes = 0 achieved 
Center received a best result from 1, Bytes : 1808, refVal 432 
Center received a best result from 5, Bytes : 1692, refVal 403 
Center received a best result from 7, Bytes : 1784, refVal 426 
Center received a best result from 12, Bytes : 1768, refVal 422 
Center received a best result from 13, Bytes : 1780, refVal 425 
Center received a best result from 14, Bytes : 1804, refVal 431 
Center received a best result from 17, Bytes : 1732, refVal 413 
process 0 waiting at barrier 
process 0 passed barrier 

 
 
*****************************************************
Elapsed time : 780.643 
Total number of requests : 1595671 
Number of approved requests : 111953 
Number of failed requests : 1483718 
argc: 3, threads: 40, filename: input/edges22k.txt 
The threading support level corresponds to that demanded.
Process 18 of 20 is on nia1385.scinet.local
About to start, 18 / 20!! 
rank 18 about to send best result to center 
rank 18 did not catch a best result 
Exit tag received on process 18 
process 18 waiting at barrier 
process 18 passed barrier 
rank 18, before deallocate 
rank 18, after deallocate 
rank 18, after MPI_Finalize() 
argc: 3, threads: 40, filename: input/edges22k.txt 
The threading support level corresponds to that demanded.
Process 19 of 20 is on nia1439.scinet.local
About to start, 19 / 20!! 
rank 19 about to send best result to center 
rank 19 did not catch a best result 
Exit tag received on process 19 
process 19 waiting at barrier 
process 19 passed barrier 
rank 19, before deallocate 
rank 19, after deallocate 
rank 19, after MPI_Finalize() 
*****************************************************

 
 
Stream retrieved, size : 1692 
Cover size : 403 

Global pool idle time: 1450.831949 seconds


rank 0, before deallocate 
rank 0, after deallocate 
rank 0, after MPI_Finalize() 
argc: 3, threads: 40, filename: input/edges22k.txt 
The threading support level corresponds to that demanded.
Process 17 of 20 is on nia1271.scinet.local
About to start, 17 / 20!! 
MVC found so far has 421 elements...................thread 1
rank 17 updated refValueGlobalAbsolute to 421 || 421 
rank 17, cover size : 421 
rank 17, buffer size to be sent : 1764 
MVC found so far has 419 elements...................thread 7
rank 17 updated refValueGlobalAbsolute to 419 || 419 
rank 17, cover size : 419 
rank 17, buffer size to be sent : 1756 
MVC found so far has 418 elements...................thread 7
rank 17 updated refValueGlobalAbsolute to 418 || 418 
rank 17, cover size : 418 
rank 17, buffer size to be sent : 1752 
MVC found so far has 414 elements...................thread 5
rank 17 updated refValueGlobalAbsolute to 414 || 414 
rank 17, cover size : 414 
rank 17, buffer size to be sent : 1736 
MVC found so far has 413 elements...................thread 5
argc: 3, threads: 40, filename: input/edges22k.txt 
The threading support level corresponds to that demanded.
Process 16 of 20 is on nia1067.scinet.local
About to start, 16 / 20!! 
rank 16 about to send best result to center 
rank 16 did not catch a best result 
Exit tag received on process 16 
process 16 waiting at barrier 
process 16 passed barrier 
rank 16, before deallocate 
rank 16, after deallocate 
rank 16, after MPI_Finalize() 
argc: 3, threads: 40, filename: input/edges22k.txt 
The threading support level corresponds to that demanded.
Process 15 of 20 is on nia0954.scinet.local
About to start, 15 / 20!! 
rank 15 about to send best result to center 
rank 15 did not catch a best result 
Exit tag received on process 15 
process 15 waiting at barrier 
process 15 passed barrier 
rank 15, before deallocate 
rank 15, after deallocate 
rank 15, after MPI_Finalize() 
argc: 3, threads: 40, filename: input/edges22k.txt 
The threading support level corresponds to that demanded.
Process 14 of 20 is on nia0861.scinet.local
About to start, 14 / 20!! 
MVC found so far has 431 elements...................thread 0
rank 14 updated refValueGlobalAbsolute to 431 || 431 
rank 14, cover size : 431 
rank 14, buffer size to be sent : 1804 
rank 14 about to send best result to center 
rank 14 put signal in inbox to retrieve a best result 
rank 14 sent best result, Bytes : 1804, refVal : 431
Exit tag received on process 14 
process 14 waiting at barrier 
process 14 passed barrier 
rank 14, before deallocate 
rank 14, after deallocate 
rank 14, after MPI_Finalize() 
argc: 3, threads: 40, filename: input/edges22k.txt 
The threading support level corresponds to that demanded.
Process 6 of 20 is on nia0147.scinet.local
About to start, 6 / 20!! 
rank 6 about to send best result to center 
rank 6 did not catch a best result 
Exit tag received on process 6 
process 6 waiting at barrier 
process 6 passed barrier 
rank 6, before deallocate 
rank 6, after deallocate 
rank 6, after MPI_Finalize() 
rank 17 updated refValueGlobalAbsolute to 413 || 413 
rank 17, cover size : 413 
rank 17, buffer size to be sent : 1732 
rank 17 about to send best result to center 
rank 17 put signal in inbox to retrieve a best result 
rank 17 sent best result, Bytes : 1732, refVal : 413
Exit tag received on process 17 
process 17 waiting at barrier 
process 17 passed barrier 
rank 17, before deallocate 
rank 17, after deallocate 
rank 17, after MPI_Finalize() 
argc: 3, threads: 40, filename: input/edges22k.txt 
The threading support level corresponds to that demanded.
Process 10 of 20 is on nia0250.scinet.local
About to start, 10 / 20!! 
rank 10 about to send best result to center 
rank 10 did not catch a best result 
Exit tag received on process 10 
process 10 waiting at barrier 
process 10 passed barrier 
rank 10, before deallocate 
rank 10, after deallocate 
rank 10, after MPI_Finalize() 
argc: 3, threads: 40, filename: input/edges22k.txt 
The threading support level corresponds to that demanded.
Process 11 of 20 is on nia0397.scinet.local
About to start, 11 / 20!! 
rank 11 about to send best result to center 
rank 11 did not catch a best result 
Exit tag received on process 11 
process 11 waiting at barrier 
process 11 passed barrier 
rank 11, before deallocate 
rank 11, after deallocate 
rank 11, after MPI_Finalize() 
argc: 3, threads: 40, filename: input/edges22k.txt 
The threading support level corresponds to that demanded.
Process 9 of 20 is on nia0199.scinet.local
About to start, 9 / 20!! 
rank 9 about to send best result to center 
rank 9 did not catch a best result 
Exit tag received on process 9 
process 9 waiting at barrier 
process 9 passed barrier 
rank 9, before deallocate 
rank 9, after deallocate 
rank 9, after MPI_Finalize() 
argc: 3, threads: 40, filename: input/edges22k.txt 
The threading support level corresponds to that demanded.
Process 13 of 20 is on nia0840.scinet.local
About to start, 13 / 20!! 
MVC found so far has 428 elements...................thread 0
rank 13 updated refValueGlobalAbsolute to 428 || 428 
rank 13, cover size : 428 
rank 13, buffer size to be sent : 1792 
MVC found so far has 425 elements..................thread 23
rank 13 updated refValueGlobalAbsolute to 425 || 425 
rank 13, cover size : 425 
rank 13, buffer size to be sent : 1780 
rank 13 about to send best result to center 
rank 13 put signal in inbox to retrieve a best result 
rank 13 sent best result, Bytes : 1780, refVal : 425
Exit tag received on process 13 
process 13 waiting at barrier 
process 13 passed barrier 
rank 13, before deallocate 
rank 13, after deallocate 
rank 13, after MPI_Finalize() 
argc: 3, threads: 40, filename: input/edges22k.txt 
The threading support level corresponds to that demanded.
Process 7 of 20 is on nia0165.scinet.local
About to start, 7 / 20!! 
MVC found so far has 426 elements...................thread 1
rank 7 updated refValueGlobalAbsolute to 426 || 428 
rank 7, cover size : 426 
rank 7, buffer size to be sent : 1784 
rank 7 about to send best result to center 
rank 7 put signal in inbox to retrieve a best result 
rank 7 sent best result, Bytes : 1784, refVal : 426
Exit tag received on process 7 
process 7 waiting at barrier 
process 7 passed barrier 
rank 7, before deallocate 
rank 7, after deallocate 
rank 7, after MPI_Finalize() 
argc: 3, threads: 40, filename: input/edges22k.txt 
The threading support level corresponds to that demanded.
Process 12 of 20 is on nia0674.scinet.local
About to start, 12 / 20!! 
MVC found so far has 424 elements..................thread 20
rank 12 updated refValueGlobalAbsolute to 424 || 424 
rank 12, cover size : 424 
rank 12, buffer size to be sent : 1776 
MVC found so far has 422 elements...................thread 5
rank 12 updated refValueGlobalAbsolute to 422 || 422 
rank 12, cover size : 422 
rank 12, buffer size to be sent : 1768 
rank 12 about to send best result to center 
rank 12 put signal in inbox to retrieve a best result 
rank 12 sent best result, Bytes : 1768, refVal : 422
Exit tag received on process 12 
process 12 waiting at barrier 
process 12 passed barrier 
rank 12, before deallocate 
rank 12, after deallocate 
rank 12, after MPI_Finalize() 
argc: 3, threads: 40, filename: input/edges22k.txt 
The threading support level corresponds to that demanded.
Process 3 of 20 is on nia0115.scinet.local
About to start, 3 / 20!! 
rank 3 about to send best result to center 
rank 3 did not catch a best result 
Exit tag received on process 3 
process 3 waiting at barrier 
process 3 passed barrier 
rank 3, before deallocate 
rank 3, after deallocate 
rank 3, after MPI_Finalize() 
argc: 3, threads: 40, filename: input/edges22k.txt 
The threading support level corresponds to that demanded.
Process 5 of 20 is on nia0145.scinet.local
About to start, 5 / 20!! 
MVC found so far has 420 elements..................thread 35
rank 5 updated refValueGlobalAbsolute to 420 || 420 
rank 5, cover size : 420 
rank 5, buffer size to be sent : 1760 
MVC found so far has 417 elements..................thread 37
rank 5 updated refValueGlobalAbsolute to 417 || 417 
rank 5, cover size : 417 
rank 5, buffer size to be sent : 1748 
MVC found so far has 416 elements..................thread 37
rank 5 updated refValueGlobalAbsolute to 416 || 416 
rank 5, cover size : 416 
rank 5, buffer size to be sent : 1744 
MVC found so far has 412 elements..................thread 25
rank 5 updated refValueGlobalAbsolute to 412 || 412 
rank 5, cover size : 412 
rank 5, buffer size to be sent : 1728 
MVC found so far has 411 elements..................thread 25
rank 5 updated refValueGlobalAbsolute to 411 || 411 
argc: 3, threads: 40, filename: input/edges22k.txt 
The threading support level corresponds to that demanded.
Process 4 of 20 is on nia0136.scinet.local
About to start, 4 / 20!! 
rank 4 about to send best result to center 
rank 4 did not catch a best result 
Exit tag received on process 4 
process 4 waiting at barrier 
process 4 passed barrier 
rank 4, before deallocate 
rank 4, after deallocate 
rank 4, after MPI_Finalize() 
argc: 3, threads: 40, filename: input/edges22k.txt 
The threading support level corresponds to that demanded.
Process 2 of 20 is on nia0082.scinet.local
About to start, 2 / 20!! 
rank 2 about to send best result to center 
rank 2 did not catch a best result 
Exit tag received on process 2 
process 2 waiting at barrier 
process 2 passed barrier 
rank 2, before deallocate 
rank 2, after deallocate 
rank 2, after MPI_Finalize() 
rank 5, cover size : 411 
rank 5, buffer size to be sent : 1724 
MVC found so far has 404 elements...................thread 1
rank 5 updated refValueGlobalAbsolute to 404 || 404 
rank 5, cover size : 404 
rank 5, buffer size to be sent : 1696 
MVC found so far has 403 elements...................thread 1
rank 5 updated refValueGlobalAbsolute to 403 || 403 
rank 5, cover size : 403 
rank 5, buffer size to be sent : 1692 
rank 5 about to send best result to center 
rank 5 put signal in inbox to retrieve a best result 
rank 5 sent best result, Bytes : 1692, refVal : 403
Exit tag received on process 5 
process 5 waiting at barrier 
process 5 passed barrier 
rank 5, before deallocate 
rank 5, after deallocate 
rank 5, after MPI_Finalize() 
argc: 3, threads: 40, filename: input/edges22k.txt 
The threading support level corresponds to that demanded.
Process 1 of 20 is on nia0080.scinet.local
About to start, 1 / 20!! 
MVC found so far has 432 elements...................thread 1
rank 1 updated refValueGlobalAbsolute to 432 || 432 
rank 1, cover size : 432 
rank 1, buffer size to be sent : 1808 
rank 1 about to send best result to center 
rank 1 put signal in inbox to retrieve a best result 
rank 1 sent best result, Bytes : 1808, refVal : 432
Exit tag received on process 1 
process 1 waiting at barrier 
process 1 passed barrier 
rank 1, before deallocate 
rank 1, after deallocate 
rank 1, after MPI_Finalize() 
argc: 3, threads: 40, filename: input/edges22k.txt 
The threading support level corresponds to that demanded.
Process 8 of 20 is on nia0185.scinet.local
About to start, 8 / 20!! 
rank 8 about to send best result to center 
rank 8 did not catch a best result 
Exit tag received on process 8 
process 8 waiting at barrier 
process 8 passed barrier 
rank 8, before deallocate 
rank 8, after deallocate 
rank 8, after MPI_Finalize() 
Finishing run at: Tue Mar  2 19:09:37 EST 2021

scontrol show jobid 4925317
JobId=4925317 JobName=void_MPI_DLB
   UserId=pasr1602(3102120) GroupId=mlafond(6054778) MCS_label=N/A
   Priority=2200462 Nice=0 Account=def-mlafond QOS=normal
   JobState=COMPLETING Reason=None Dependency=(null)
   Requeue=0 Restarts=0 BatchFlag=1 Reboot=0 ExitCode=0:0
   RunTime=00:13:23 TimeLimit=02:00:00 TimeMin=N/A
   SubmitTime=2021-03-02T18:55:47 EligibleTime=2021-03-02T18:55:47
   AccrueTime=2021-03-02T18:55:47
   StartTime=2021-03-02T18:56:14 EndTime=2021-03-02T19:09:37 Deadline=N/A
   SuspendTime=None SecsPreSuspend=0 LastSchedEval=2021-03-02T18:56:14
   Partition=compute AllocNode:Sid=nia-login01:159731
   ReqNodeList=(null) ExcNodeList=(null)
   NodeList=nia[0071,0080,0082,0115,0136,0145,0147,0165,0185,0199,0250,0397,0674,0840,0861,0954,1067,1271,1385,1439]
   BatchHost=nia0071
   NumNodes=20 NumCPUs=1600 NumTasks=20 CPUs/Task=40 ReqB:S:C:T=0:0:*:*
   TRES=cpu=1600,mem=3500G,node=20,billing=800
   Socks/Node=* NtasksPerN:B:S:C=1:0:*:* CoreSpec=*
   MinCPUsNode=40 MinMemoryNode=175G MinTmpDiskNode=0
   Features=[skylake|cascade] DelayBoot=00:00:00
   OverSubscribe=NO Contiguous=0 Licenses=(null) Network=(null)
   Command=/gpfs/fs0/scratch/m/mlafond/pasr1602/library/job.sh
   WorkDir=/gpfs/fs0/scratch/m/mlafond/pasr1602/library
   StdErr=/gpfs/fs0/scratch/m/mlafond/pasr1602/library/report/void_MPI_DLB-4925317.out
   StdIn=/dev/null
   StdOut=/gpfs/fs0/scratch/m/mlafond/pasr1602/library/report/void_MPI_DLB-4925317.out
   Power=
   MailUser=pasr1602@usherbrooke.ca MailType=BEGIN,END,FAIL,REQUEUE

sacct -j 4925317
       JobID    JobName    Account    Elapsed  MaxVMSize     MaxRSS  SystemCPU    UserCPU ExitCode 
------------ ---------- ---------- ---------- ---------- ---------- ---------- ---------- -------- 
4925317      void_MPI_+ def-mlafo+   00:13:23                         01:33:05 6-03:04:35      0:0 
4925317.bat+      batch def-mlafo+   00:13:23   1723044K     10176K  00:01.331  00:03.670      0:0 
4925317.ext+     extern def-mlafo+   00:13:23    138360K       884K  00:00.007  00:00.008      0:0 
4925317.0         a.out def-mlafo+   00:13:09   3310972K   1242856K   01:33:03 6-03:04:31      0:0 

kernel messages produced during job executions:
[Mar 2 18:45] fuse init (API version 7.22)
[Mar 2 18:58] mlx5_core 0000:06:00.0: mlx5_core_get_rsc:63:(pid 315853): Async event for bogus resource 0xf1a
[  +0.011499] mlx5_core 0000:06:00.0: mlx5_core_get_rsc:63:(pid 315853): Async event for bogus resource 0xf1b
[  +0.011456] mlx5_core 0000:06:00.0: mlx5_core_get_rsc:63:(pid 315853): Async event for bogus resource 0xf1c
[  +0.011419] mlx5_core 0000:06:00.0: mlx5_core_get_rsc:63:(pid 315853): Async event for bogus resource 0xf1d
[  +0.011410] mlx5_core 0000:06:00.0: mlx5_core_get_rsc:63:(pid 315853): Async event for bogus resource 0xf1e
[  +0.011412] mlx5_core 0000:06:00.0: mlx5_core_get_rsc:63:(pid 315853): Async event for bogus resource 0xf1f
[  +0.011401] mlx5_core 0000:06:00.0: mlx5_core_get_rsc:63:(pid 315853): Async event for bogus resource 0xf21
[  +0.011398] mlx5_core 0000:06:00.0: mlx5_core_get_rsc:63:(pid 315853): Async event for bogus resource 0xf22
[  +0.011396] mlx5_core 0000:06:00.0: mlx5_core_get_rsc:63:(pid 315853): Async event for bogus resource 0xf23
[  +0.011398] mlx5_core 0000:06:00.0: mlx5_core_get_rsc:63:(pid 315853): Async event for bogus resource 0xf24
[  +0.011398] mlx5_core 0000:06:00.0: mlx5_core_get_rsc:63:(pid 315853): Async event for bogus resource 0xf25
[  +0.011394] mlx5_core 0000:06:00.0: mlx5_core_get_rsc:63:(pid 315853): Async event for bogus resource 0xf26
[  +0.011386] mlx5_core 0000:06:00.0: mlx5_core_get_rsc:63:(pid 315853): Async event for bogus resource 0xf27
[  +0.011388] mlx5_core 0000:06:00.0: mlx5_core_get_rsc:63:(pid 315853): Async event for bogus resource 0xf28
[  +0.011385] mlx5_core 0000:06:00.0: mlx5_core_get_rsc:63:(pid 315853): Async event for bogus resource 0xf29
[  +0.011381] mlx5_core 0000:06:00.0: mlx5_core_get_rsc:63:(pid 315853): Async event for bogus resource 0xf2a
[  +0.011374] mlx5_core 0000:06:00.0: mlx5_core_get_rsc:63:(pid 315853): Async event for bogus resource 0xf2b
[  +0.011368] mlx5_core 0000:06:00.0: mlx5_core_get_rsc:63:(pid 315853): Async event for bogus resource 0xf2c
[  +0.011363] mlx5_core 0000:06:00.0: mlx5_core_get_rsc:63:(pid 315853): Async event for bogus resource 0xf2d
[  +0.271190] mlx5_core 0000:06:00.0: mlx5_core_get_rsc:63:(pid 0): Async event for bogus resource 0xf06
[  +0.010863] mlx5_core 0000:06:00.0: mlx5_core_get_rsc:63:(pid 0): Async event for bogus resource 0xf07
[  +0.010851] mlx5_core 0000:06:00.0: mlx5_core_get_rsc:63:(pid 0): Async event for bogus resource 0xf08
[  +0.010849] mlx5_core 0000:06:00.0: mlx5_core_get_rsc:63:(pid 0): Async event for bogus resource 0xf09
[  +0.010850] mlx5_core 0000:06:00.0: mlx5_core_get_rsc:63:(pid 0): Async event for bogus resource 0xf0a
[  +0.010847] mlx5_core 0000:06:00.0: mlx5_core_get_rsc:63:(pid 0): Async event for bogus resource 0xf0b
[  +0.010851] mlx5_core 0000:06:00.0: mlx5_core_get_rsc:63:(pid 0): Async event for bogus resource 0xf0c
[  +0.010848] mlx5_core 0000:06:00.0: mlx5_core_get_rsc:63:(pid 0): Async event for bogus resource 0xf0d
[  +0.010852] mlx5_core 0000:06:00.0: mlx5_core_get_rsc:63:(pid 0): Async event for bogus resource 0xf0e
[  +0.010838] mlx5_core 0000:06:00.0: mlx5_core_get_rsc:63:(pid 0): Async event for bogus resource 0xf2e
[  +0.010837] mlx5_core 0000:06:00.0: mlx5_core_get_rsc:63:(pid 0): Async event for bogus resource 0xf2f
[  +0.010826] mlx5_core 0000:06:00.0: mlx5_core_get_rsc:63:(pid 0): Async event for bogus resource 0xf30
[  +0.010806] mlx5_core 0000:06:00.0: mlx5_core_get_rsc:63:(pid 0): Async event for bogus resource 0xf31
[  +0.010790] mlx5_core 0000:06:00.0: mlx5_core_get_rsc:63:(pid 0): Async event for bogus resource 0xf32
[  +0.010781] mlx5_core 0000:06:00.0: mlx5_core_get_rsc:63:(pid 0): Async event for bogus resource 0xf33
[  +0.010773] mlx5_core 0000:06:00.0: mlx5_core_get_rsc:63:(pid 0): Async event for bogus resource 0xf34
[  +0.010761] mlx5_core 0000:06:00.0: mlx5_core_get_rsc:63:(pid 0): Async event for bogus resource 0xf35
[  +0.010757] mlx5_core 0000:06:00.0: mlx5_core_get_rsc:63:(pid 0): Async event for bogus resource 0xf36
[  +0.010729] mlx5_core 0000:06:00.0: mlx5_core_get_rsc:63:(pid 0): Async event for bogus resource 0xf37
[  +0.010716] mlx5_core 0000:06:00.0: mlx5_core_get_rsc:63:(pid 0): Async event for bogus resource 0xf38
